#
# A fatal error has been detected by the Java Runtime Environment:
#
#  EXCEPTION_ACCESS_VIOLATION (0xc0000005) at pc=0x000000000b15cd07, pid=14320, tid=1212
#
# JRE version: Java(TM) SE Runtime Environment (7.0_79-b15) (build 1.7.0_79-b15)
# Java VM: Java HotSpot(TM) 64-Bit Server VM (24.79-b02 mixed mode windows-amd64 compressed oops)
# Problematic frame:
# C  [ASProxy64.dll+0x2cd07]
#
# Failed to write core dump. Minidumps are not enabled by default on client versions of Windows
#
# If you would like to submit a bug report, please visit:
#   http://bugreport.java.com/bugreport/crash.jsp
# The crash happened outside the Java Virtual Machine in native code.
# See problematic frame for where to report the bug.
#

---------------  T H R E A D  ---------------

Current thread (0x000000000b005800):  JavaThread "Daemon worker" [_thread_in_native, id=1212, stack(0x000000000d1e0000,0x000000000d2e0000)]

siginfo: ExceptionCode=0xc0000005, writing address 0x000000000000007f

Registers:
RAX=0x0000000000000000, RBX=0x00000000002c0ae0, RCX=0x00000000002c0a44, RDX=0x000000000d2d4e98
RSP=0x000000000d2d4ea0, RBP=0x0000000000000000, RSI=0x000000000c592ee8, RDI=0x0000000000000000
R8 =0x000000000b19eb38, R9 =0x0000000000000000, R10=0x0000000000000000, R11=0x0000000000000064
R12=0x000000000c592f58, R13=0x000000000d2d50b8, R14=0x000000000dca05b0, R15=0x0000000000000004
RIP=0x000000000b15cd07, EFLAGS=0x0000000000010246

Top of Stack: (sp=0x000000000d2d4ea0)
0x000000000d2d4ea0:   0000000000000000 000000000d2d00e8
0x000000000d2d4eb0:   fffffffffffffffe 000000000dca05a0
0x000000000d2d4ec0:   000000000b0059e8 000000000b15dbf2
0x000000000d2d4ed0:   000000000b19eac0 00000000002c0ae0
0x000000000d2d4ee0:   000000000b306ac0 000000000b306ac0
0x000000000d2d4ef0:   000000000dca05b0 0000000000000000
0x000000000d2d4f00:   fffffffffffffffe 0000000000000000
0x000000000d2d4f10:   000000000b005800 000000000b15db42
0x000000000d2d4f20:   00000000002c0ae0 00000000002c0ae0
0x000000000d2d4f30:   000000000b0059e8 0000000064b08d94
0x000000000d2d4f40:   0000000000000000 000000000c592ee8
0x000000000d2d4f50:   0000000000000004 000000000c5cae50
0x000000000d2d4f60:   000000000b0059e8 0000000064eb3766
0x000000000d2d4f70:   00000000002c0ae0 000000000b0059e8
0x000000000d2d4f80:   000000000c5cae50 000000000c592ee8
0x000000000d2d4f90:   0000000000000001 00000000002c0ae0 

Instructions: (pc=0x000000000b15cd07)
0x000000000b15cce7:   00 00 00 00 fb 44 d3 54 ff 7f 00 00 53 48 83 ec
0x000000000b15ccf7:   20 48 8b d9 48 89 7c 24 ff 25 00 00 00 00 b1 44
0x000000000b15cd07:   d3 54 ff 7f 00 00 89 04 24 8b 44 24 04 0f af 04
0x000000000b15cd17:   24 83 c0 02 89 04 24 8b 44 24 04 0f af 04 24 83 


Register to memory mapping:

RAX=0x0000000000000000 is an unknown value
RBX=0x00000000002c0ae0 is an unknown value
RCX=0x00000000002c0a44 is an unknown value
RDX=0x000000000d2d4e98 is pointing into the stack for thread: 0x000000000b005800
RSP=0x000000000d2d4ea0 is pointing into the stack for thread: 0x000000000b005800
RBP=0x0000000000000000 is an unknown value
RSI=0x000000000c592ee8 is an unknown value
RDI=0x0000000000000000 is an unknown value
R8 =0x000000000b19eb38 is an unknown value
R9 =0x0000000000000000 is an unknown value
R10=0x0000000000000000 is an unknown value
R11=0x0000000000000064 is an unknown value
R12=0x000000000c592f58 is an unknown value
R13=0x000000000d2d50b8 is pointing into the stack for thread: 0x000000000b005800
R14=0x000000000dca05b0 is an unknown value
R15=0x0000000000000004 is an unknown value


Stack: [0x000000000d1e0000,0x000000000d2e0000],  sp=0x000000000d2d4ea0,  free space=979k
Native frames: (J=compiled Java code, j=interpreted, Vv=VM code, C=native code)
C  [ASProxy64.dll+0x2cd07]

[error occurred during error reporting (printing native stack), id 0xc0000005]

Java frames: (J=compiled Java code, j=interpreted, Vv=VM code)
j  java.net.Inet6AddressImpl.lookupAllHostAddr(Ljava/lang/String;)[Ljava/net/InetAddress;+0
j  java.net.InetAddress$1.lookupAllHostAddr(Ljava/lang/String;)[Ljava/net/InetAddress;+4
j  java.net.InetAddress.getAddressesFromNameService(Ljava/lang/String;Ljava/net/InetAddress;)[Ljava/net/InetAddress;+51
j  java.net.InetAddress.getLocalHost()Ljava/net/InetAddress;+90
j  javax.crypto.JarVerifier.getSystemEntropy()[B+86
j  javax.crypto.JarVerifier.testSignatures(Ljava/security/cert/X509Certificate;Ljava/security/cert/CertificateFactory;)V+3
j  javax.crypto.JarVerifier.access$400(Ljava/security/cert/X509Certificate;Ljava/security/cert/CertificateFactory;)V+2
j  javax.crypto.JarVerifier$1.run()Ljava/lang/Void;+71
j  javax.crypto.JarVerifier$1.run()Ljava/lang/Object;+1
v  ~StubRoutines::call_stub
j  java.security.AccessController.doPrivileged(Ljava/security/PrivilegedExceptionAction;)Ljava/lang/Object;+0
j  javax.crypto.JarVerifier.<clinit>()V+7
v  ~StubRoutines::call_stub
j  javax.crypto.JceSecurity.loadPolicies(Ljava/io/File;Ljavax/crypto/CryptoPermissions;Ljavax/crypto/CryptoPermissions;)V+146
j  javax.crypto.JceSecurity.setupJurisdictionPolicies()V+130
j  javax.crypto.JceSecurity.access$000()V+0
j  javax.crypto.JceSecurity$1.run()Ljava/lang/Object;+0
v  ~StubRoutines::call_stub
j  java.security.AccessController.doPrivileged(Ljava/security/PrivilegedExceptionAction;)Ljava/lang/Object;+0
j  javax.crypto.JceSecurity.<clinit>()V+49
v  ~StubRoutines::call_stub
j  javax.crypto.KeyAgreement.getInstance(Ljava/lang/String;)Ljavax/crypto/KeyAgreement;+37
j  sun.security.ssl.JsseJce.getKeyAgreement(Ljava/lang/String;)Ljavax/crypto/KeyAgreement;+7
j  sun.security.ssl.JsseJce.isEcAvailable()Z+20
j  sun.security.ssl.CipherSuite$KeyExchange.isAvailable()Z+28
j  sun.security.ssl.CipherSuite.isAvailable()Z+11
j  sun.security.ssl.SSLContextImpl.getApplicableCipherSuiteList(Lsun/security/ssl/ProtocolList;Z)Lsun/security/ssl/CipherSuiteList;+105
j  sun.security.ssl.SSLContextImpl.getDefaultCipherSuiteList(Z)Lsun/security/ssl/CipherSuiteList;+55
j  sun.security.ssl.SSLSocketImpl.init(Lsun/security/ssl/SSLContextImpl;Z)V+88
j  sun.security.ssl.SSLSocketImpl.<init>(Lsun/security/ssl/SSLContextImpl;)V+77
j  sun.security.ssl.SSLSocketFactoryImpl.createSocket()Ljava/net/Socket;+8
j  org.apache.http.conn.ssl.SSLSocketFactory.createSocket(Lorg/apache/http/params/HttpParams;)Ljava/net/Socket;+4
j  org.apache.http.impl.conn.DefaultClientConnectionOperator.openConnection(Lorg/apache/http/conn/OperatedClientConnection;Lorg/apache/http/HttpHost;Ljava/net/InetAddress;Lorg/apache/http/protocol/HttpContext;Lorg/apache/http/params/HttpParams;)V+142
j  org.apache.http.impl.conn.ManagedClientConnectionImpl.open(Lorg/apache/http/conn/routing/HttpRoute;Lorg/apache/http/protocol/HttpContext;Lorg/apache/http/params/HttpParams;)V+133
j  org.apache.http.impl.client.DefaultRequestDirector.tryConnect(Lorg/apache/http/impl/client/RoutedRequest;Lorg/apache/http/protocol/HttpContext;)V+49
j  org.apache.http.impl.client.DefaultRequestDirector.execute(Lorg/apache/http/HttpHost;Lorg/apache/http/HttpRequest;Lorg/apache/http/protocol/HttpContext;)Lorg/apache/http/HttpResponse;+367
j  org.apache.http.impl.client.AbstractHttpClient.execute(Lorg/apache/http/HttpHost;Lorg/apache/http/HttpRequest;Lorg/apache/http/protocol/HttpContext;)Lorg/apache/http/HttpResponse;+344
j  org.apache.http.impl.client.DecompressingHttpClient.execute(Lorg/apache/http/HttpHost;Lorg/apache/http/HttpRequest;Lorg/apache/http/protocol/HttpContext;)Lorg/apache/http/HttpResponse;+65
j  org.apache.http.impl.client.DecompressingHttpClient.execute(Lorg/apache/http/client/methods/HttpUriRequest;Lorg/apache/http/protocol/HttpContext;)Lorg/apache/http/HttpResponse;+8
j  org.gradle.internal.resource.transport.http.HttpClientHelper.performHttpRequest(Lorg/apache/http/client/methods/HttpRequestBase;)Lorg/apache/http/HttpResponse;+37
j  org.gradle.internal.resource.transport.http.HttpClientHelper.executeGetOrHead(Lorg/apache/http/client/methods/HttpRequestBase;)Lorg/apache/http/HttpResponse;+2
j  org.gradle.internal.resource.transport.http.HttpClientHelper.performRequest(Lorg/apache/http/client/methods/HttpRequestBase;)Lorg/apache/http/HttpResponse;+7
j  org.gradle.internal.resource.transport.http.HttpClientHelper.performRawGet(Ljava/lang/String;)Lorg/apache/http/HttpResponse;+9
j  org.gradle.internal.resource.transport.http.HttpClientHelper.performGet(Ljava/lang/String;)Lorg/apache/http/HttpResponse;+6
j  org.gradle.internal.resource.transport.http.HttpResourceAccessor.getResource(Ljava/net/URI;)Lorg/gradle/internal/resource/transport/http/HttpResponseResource;+25
j  org.gradle.internal.resource.transport.http.HttpResourceAccessor.getResource(Ljava/net/URI;)Lorg/gradle/internal/resource/ExternalResource;+2
j  org.gradle.internal.resource.transfer.ProgressLoggingExternalResourceAccessor.getResource(Ljava/net/URI;)Lorg/gradle/internal/resource/ExternalResource;+5
j  org.gradle.internal.resource.transfer.DefaultCacheAwareExternalResourceAccessor.getResource(Ljava/net/URI;Lorg/gradle/internal/resource/transfer/CacheAwareExternalResourceAccessor$ResourceFileStore;Lorg/gradle/internal/resource/local/LocallyAvailableResourceCandidates;)Lorg/gradle/internal/resource/LocallyAvailableExternalResource;+52
j  org.gradle.api.internal.artifacts.repositories.resolver.DefaultExternalResourceArtifactResolver.downloadStaticResource(Ljava/util/List;Lorg/gradle/internal/component/external/model/ModuleComponentArtifactMetaData;Lorg/gradle/internal/resolve/result/ResourceAwareResolveResult;)Lorg/gradle/internal/resource/LocallyAvailableExternalResource;+92
j  org.gradle.api.internal.artifacts.repositories.resolver.DefaultExternalResourceArtifactResolver.resolveMetaDataArtifact(Lorg/gradle/internal/component/external/model/ModuleComponentArtifactMetaData;Lorg/gradle/internal/resolve/result/ResourceAwareResolveResult;)Lorg/gradle/internal/resource/LocallyAvailableExternalResource;+7
j  org.gradle.api.internal.artifacts.repositories.resolver.ExternalResourceResolver.parseMetaDataFromArtifact(Lorg/gradle/api/artifacts/component/ModuleComponentIdentifier;Lorg/gradle/api/internal/artifacts/repositories/resolver/ExternalResourceArtifactResolver;Lorg/gradle/internal/resolve/result/ResourceAwareResolveResult;)Lorg/gradle/internal/component/external/model/MutableModuleComponentResolveMetaData;+11
j  org.gradle.api.internal.artifacts.repositories.resolver.ExternalResourceResolver.resolveStaticDependency(Lorg/gradle/internal/component/model/DependencyMetaData;Lorg/gradle/api/artifacts/component/ModuleComponentIdentifier;Lorg/gradle/internal/resolve/result/BuildableModuleComponentMetaDataResolveResult;Lorg/gradle/api/internal/artifacts/repositories/resolver/ExternalResourceArtifactResolver;)V+5
j  org.gradle.api.internal.artifacts.repositories.resolver.MavenResolver.doResolveComponentMetaData(Lorg/gradle/internal/component/model/DependencyMetaData;Lorg/gradle/api/artifacts/component/ModuleComponentIdentifier;Lorg/gradle/internal/resolve/result/BuildableModuleComponentMetaDataResolveResult;)V+39
j  org.gradle.api.internal.artifacts.repositories.resolver.ExternalResourceResolver$RemoteRepositoryAccess.resolveComponentMetaData(Lorg/gradle/internal/component/model/DependencyMetaData;Lorg/gradle/api/artifacts/component/ModuleComponentIdentifier;Lorg/gradle/internal/resolve/result/BuildableModuleComponentMetaDataResolveResult;)V+7
j  org.gradle.api.internal.artifacts.ivyservice.ivyresolve.CacheLockReleasingModuleComponentsRepository$LockReleasingRepositoryAccess$2.run()V+19
j  org.gradle.internal.Factories$1.create()Ljava/lang/Object;+4
j  org.gradle.cache.internal.DefaultCacheAccess.longRunningOperation(Ljava/lang/String;Lorg/gradle/internal/Factory;)Ljava/lang/Object;+7
j  org.gradle.cache.internal.DefaultCacheAccess.longRunningOperation(Ljava/lang/String;Ljava/lang/Runnable;)V+6
j  org.gradle.cache.internal.DefaultPersistentDirectoryStore.longRunningOperation(Ljava/lang/String;Ljava/lang/Runnable;)V+6
j  org.gradle.cache.internal.DefaultCacheFactory$ReferenceTrackingCache.longRunningOperation(Ljava/lang/String;Ljava/lang/Runnable;)V+9
j  org.gradle.api.internal.artifacts.ivyservice.DefaultCacheLockingManager.longRunningOperation(Ljava/lang/String;Ljava/lang/Runnable;)V+6
j  org.gradle.api.internal.artifacts.ivyservice.ivyresolve.CacheLockReleasingModuleComponentsRepository$LockReleasingRepositoryAccess.resolveComponentMetaData(Lorg/gradle/internal/component/model/DependencyMetaData;Lorg/gradle/api/artifacts/component/ModuleComponentIdentifier;Lorg/gradle/internal/resolve/result/BuildableModuleComponentMetaDataResolveResult;)V+35
j  org.gradle.api.internal.artifacts.ivyservice.ivyresolve.CachingModuleComponentRepository$ResolveAndCacheRepositoryAccess.resolveComponentMetaData(Lorg/gradle/internal/component/model/DependencyMetaData;Lorg/gradle/api/artifacts/component/ModuleComponentIdentifier;Lorg/gradle/internal/resolve/result/BuildableModuleComponentMetaDataResolveResult;)V+24
j  org.gradle.api.internal.artifacts.ivyservice.ivyresolve.BaseModuleComponentRepositoryAccess.resolveComponentMetaData(Lorg/gradle/internal/component/model/DependencyMetaData;Lorg/gradle/api/artifacts/component/ModuleComponentIdentifier;Lorg/gradle/internal/resolve/result/BuildableModuleComponentMetaDataResolveResult;)V+7
j  org.gradle.api.internal.artifacts.ivyservice.ivyresolve.memcache.InMemoryCachedModuleComponentRepository$CachedAccess.resolveComponentMetaData(Lorg/gradle/internal/component/model/DependencyMetaData;Lorg/gradle/api/artifacts/component/ModuleComponentIdentifier;Lorg/gradle/internal/resolve/result/BuildableModuleComponentMetaDataResolveResult;)V+16
j  org.gradle.api.internal.artifacts.ivyservice.ivyresolve.ComponentMetaDataResolveState.process(Lorg/gradle/internal/component/model/DependencyMetaData;Lorg/gradle/api/artifacts/component/ModuleComponentIdentifier;Lorg/gradle/api/internal/artifacts/ivyservice/ivyresolve/ModuleComponentRepositoryAccess;Lorg/gradle/internal/resolve/result/BuildableModuleComponentMetaDataResolveResult;)V+5
j  org.gradle.api.internal.artifacts.ivyservice.ivyresolve.ComponentMetaDataResolveState.resolve()Lorg/gradle/internal/resolve/result/BuildableModuleComponentMetaDataResolveResult;+104
j  org.gradle.api.internal.artifacts.ivyservice.ivyresolve.RepositoryChainDependencyResolver.findBestMatch(Ljava/util/LinkedList;Ljava/util/Collection;Ljava/util/Collection;)Lorg/gradle/api/internal/artifacts/ivyservice/ivyresolve/RepositoryChainModuleResolution;+21
j  org.gradle.api.internal.artifacts.ivyservice.ivyresolve.RepositoryChainDependencyResolver.findBestMatch(Ljava/util/List;Ljava/util/Collection;)Lorg/gradle/api/internal/artifacts/ivyservice/ivyresolve/RepositoryChainModuleResolution;+28
j  org.gradle.api.internal.artifacts.ivyservice.ivyresolve.RepositoryChainDependencyResolver.resolve(Lorg/gradle/internal/component/model/DependencyMetaData;Lorg/gradle/internal/resolve/result/BuildableComponentResolveResult;)V+159
j  org.gradle.api.internal.artifacts.ivyservice.ivyresolve.RepositoryChainAdapter.resolve(Lorg/gradle/internal/component/model/DependencyMetaData;Lorg/gradle/api/artifacts/component/ComponentIdentifier;Lorg/gradle/internal/resolve/result/BuildableComponentResolveResult;)V+64
j  org.gradle.api.internal.artifacts.ivyservice.clientmodule.ClientModuleResolver.resolve(Lorg/gradle/internal/component/model/DependencyMetaData;Lorg/gradle/api/artifacts/component/ComponentIdentifier;Lorg/gradle/internal/resolve/result/BuildableComponentResolveResult;)V+7
j  org.gradle.api.internal.artifacts.ivyservice.resolveengine.graph.DependencyGraphBuilder$ModuleVersionResolveState.resolve()V+89
j  org.gradle.api.internal.artifacts.ivyservice.resolveengine.graph.DependencyGraphBuilder$ModuleVersionResolveState.getMetaData()Lorg/gradle/internal/component/model/ComponentResolveMetaData;+8
j  org.gradle.api.internal.artifacts.ivyservice.resolveengine.graph.DependencyGraphBuilder$DependencyEdge.calculateTargetConfigurations()V+13
j  org.gradle.api.internal.artifacts.ivyservice.resolveengine.graph.DependencyGraphBuilder$DependencyEdge.attachToTargetConfigurations()V+15
j  org.gradle.api.internal.artifacts.ivyservice.resolveengine.graph.DependencyGraphBuilder.traverseGraph(Lorg/gradle/api/internal/artifacts/ivyservice/resolveengine/graph/DependencyGraphBuilder$ResolveState;Lorg/gradle/api/internal/artifacts/ivyservice/resolveengine/graph/conflicts/ConflictHandler;)V+229
j  org.gradle.api.internal.artifacts.ivyservice.resolveengine.graph.DependencyGraphBuilder.resolveDependencyGraph(Lorg/gradle/api/internal/artifacts/configurations/ConfigurationInternal;Lorg/gradle/api/internal/artifacts/ivyservice/resolveengine/graph/DependencyGraphVisitor;)V+94
j  org.gradle.api.internal.artifacts.ivyservice.resolveengine.graph.DependencyGraphBuilder.resolve(Lorg/gradle/api/internal/artifacts/configurations/ConfigurationInternal;Lorg/gradle/api/internal/artifacts/ivyservice/resolveengine/result/ResolutionResultBuilder;Lorg/gradle/api/internal/artifacts/ivyservice/resolveengine/oldresult/ResolvedConfigurationBuilder;)V+51
j  org.gradle.api.internal.artifacts.ivyservice.resolveengine.DefaultDependencyResolver$1.execute(Lorg/apache/ivy/Ivy;)V+314
j  org.gradle.api.internal.artifacts.ivyservice.resolveengine.DefaultDependencyResolver$1.execute(Ljava/lang/Object;)V+5
j  org.gradle.internal.Transformers$4.transform(Ljava/lang/Object;)Ljava/lang/Object;+5
j  org.gradle.api.internal.artifacts.ivyservice.DefaultIvyContextManager.withIvy(Lorg/gradle/api/Transformer;)Ljava/lang/Object;+96
j  org.gradle.api.internal.artifacts.ivyservice.DefaultIvyContextManager.withIvy(Lorg/gradle/api/Action;)V+5
j  org.gradle.api.internal.artifacts.ivyservice.resolveengine.DefaultDependencyResolver.resolve(Lorg/gradle/api/internal/artifacts/configurations/ConfigurationInternal;Ljava/util/List;Lorg/gradle/api/internal/artifacts/GlobalDependencyResolutionRules;Lorg/gradle/api/internal/artifacts/ResolverResults;)V+28
j  org.gradle.api.internal.artifacts.ivyservice.CacheLockingArtifactDependencyResolver$1.run()V+23
j  org.gradle.internal.Factories$1.create()Ljava/lang/Object;+4
j  org.gradle.cache.internal.DefaultCacheAccess.useCache(Ljava/lang/String;Lorg/gradle/internal/Factory;)Ljava/lang/Object;+45
j  org.gradle.cache.internal.DefaultCacheAccess.useCache(Ljava/lang/String;Ljava/lang/Runnable;)V+6
j  org.gradle.cache.internal.DefaultPersistentDirectoryStore.useCache(Ljava/lang/String;Ljava/lang/Runnable;)V+6
j  org.gradle.cache.internal.DefaultCacheFactory$ReferenceTrackingCache.useCache(Ljava/lang/String;Ljava/lang/Runnable;)V+9
j  org.gradle.api.internal.artifacts.ivyservice.DefaultCacheLockingManager.useCache(Ljava/lang/String;Ljava/lang/Runnable;)V+6
j  org.gradle.api.internal.artifacts.ivyservice.CacheLockingArtifactDependencyResolver.resolve(Lorg/gradle/api/internal/artifacts/configurations/ConfigurationInternal;Ljava/util/List;Lorg/gradle/api/internal/artifacts/GlobalDependencyResolutionRules;Lorg/gradle/api/internal/artifacts/ResolverResults;)V+30
j  org.gradle.api.internal.artifacts.ivyservice.SelfResolvingDependencyResolver.resolve(Lorg/gradle/api/internal/artifacts/configurations/ConfigurationInternal;Ljava/util/List;Lorg/gradle/api/internal/artifacts/GlobalDependencyResolutionRules;Lorg/gradle/api/internal/artifacts/ResolverResults;)V+9
j  org.gradle.api.internal.artifacts.ivyservice.ShortcircuitEmptyConfigsArtifactDependencyResolver.resolve(Lorg/gradle/api/internal/artifacts/configurations/ConfigurationInternal;Ljava/util/List;Lorg/gradle/api/internal/artifacts/GlobalDependencyResolutionRules;Lorg/gradle/api/internal/artifacts/ResolverResults;)V+88
j  org.gradle.api.internal.artifacts.ivyservice.ErrorHandlingArtifactDependencyResolver.resolve(Lorg/gradle/api/internal/artifacts/configurations/ConfigurationInternal;Ljava/util/List;Lorg/gradle/api/internal/artifacts/GlobalDependencyResolutionRules;Lorg/gradle/api/internal/artifacts/ResolverResults;)V+9
j  org.gradle.api.internal.artifacts.ivyservice.DefaultConfigurationResolver.resolve(Lorg/gradle/api/internal/artifacts/configurations/ConfigurationInternal;)Lorg/gradle/api/internal/artifacts/ResolverResults;+33
j  org.gradle.api.internal.artifacts.configurations.DefaultConfiguration.resolveNow()V+40
j  org.gradle.api.internal.artifacts.configurations.DefaultConfiguration.getResolvedConfiguration()Lorg/gradle/api/artifacts/ResolvedConfiguration;+1
j  org.gradle.api.internal.artifacts.configurations.DefaultConfiguration_Decorated.getResolvedConfiguration()Lorg/gradle/api/artifacts/ResolvedConfiguration;+7
j  com.android.build.gradle.internal.DependencyManager.collectArtifacts(Lorg/gradle/api/artifacts/Configuration;Ljava/util/Map;)V+14
j  com.android.build.gradle.internal.DependencyManager.resolveDependencyForConfig(Lcom/android/build/gradle/internal/dependency/VariantDependencies;Lcom/android/build/gradle/internal/dependency/VariantDependencies;Lcom/google/common/collect/Multimap;)V+39
j  com.android.build.gradle.internal.DependencyManager.resolveDependencies(Lcom/android/build/gradle/internal/dependency/VariantDependencies;Lcom/android/build/gradle/internal/dependency/VariantDependencies;)V+8
j  com.android.build.gradle.internal.TaskManager.resolveDependencies(Lcom/android/build/gradle/internal/dependency/VariantDependencies;Lcom/android/build/gradle/internal/dependency/VariantDependencies;)V+6
j  com.android.build.gradle.internal.VariantManager$8.call()Ljava/lang/Void;+12
j  com.android.build.gradle.internal.VariantManager$8.call()Ljava/lang/Object;+1
j  com.android.builder.profile.ThreadRecorder$1.record(Lcom/android/builder/profile/ExecutionType;Lcom/android/builder/profile/Recorder$Block;[Lcom/android/builder/profile/Recorder$Property;)Ljava/lang/Object;+1
j  com.android.builder.profile.Recorder$record.call(Ljava/lang/Object;[Ljava/lang/Object;)Ljava/lang/Object;+31
j  org.codehaus.groovy.runtime.callsite.CallSiteArray.defaultCall(Lorg/codehaus/groovy/runtime/callsite/CallSite;Ljava/lang/Object;[Ljava/lang/Object;)Ljava/lang/Object;+8
j  org.codehaus.groovy.runtime.callsite.AbstractCallSite.call(Ljava/lang/Object;[Ljava/lang/Object;)Ljava/lang/Object;+3
j  org.codehaus.groovy.runtime.callsite.AbstractCallSite.call(Ljava/lang/Object;Ljava/lang/Object;Ljava/lang/Object;Ljava/lang/Object;)Ljava/lang/Object;+9
j  com.android.build.gradle.internal.profile.SpanRecorders.record(Lorg/gradle/api/Project;Lcom/android/builder/profile/ExecutionType;Lcom/android/builder/profile/Recorder$Block;[Lcom/android/builder/profile/Recorder$Property;)Ljava/lang/Object;+158
j  com.android.build.gradle.internal.VariantManager.createVariantData(Lcom/android/builder/model/BuildType;Ljava/util/List;)Lcom/android/build/gradle/internal/variant/BaseVariantData;+653
j  com.android.build.gradle.internal.VariantManager.createVariantDataForProductFlavors(Ljava/util/List;)V+180
j  com.android.build.gradle.internal.VariantManager.populateVariantDataList()V+23
j  com.android.build.gradle.internal.VariantManager.createAndroidTasks()V+43
j  com.android.build.gradle.BasePlugin$_createAndroidTasks_closure15.doCall(Ljava/lang/Object;)Ljava/lang/Object;+11
j  com.android.build.gradle.BasePlugin$_createAndroidTasks_closure15.doCall()Ljava/lang/Object;+2
v  ~StubRoutines::call_stub
j  sun.reflect.NativeMethodAccessorImpl.invoke0(Ljava/lang/reflect/Method;Ljava/lang/Object;[Ljava/lang/Object;)Ljava/lang/Object;+0
j  sun.reflect.NativeMethodAccessorImpl.invoke(Ljava/lang/Object;[Ljava/lang/Object;)Ljava/lang/Object;+87
j  sun.reflect.DelegatingMethodAccessorImpl.invoke(Ljava/lang/Object;[Ljava/lang/Object;)Ljava/lang/Object;+6
j  java.lang.reflect.Method.invoke(Ljava/lang/Object;[Ljava/lang/Object;)Ljava/lang/Object;+57
j  org.codehaus.groovy.reflection.CachedMethod.invoke(Ljava/lang/Object;[Ljava/lang/Object;)Ljava/lang/Object;+6
j  groovy.lang.MetaMethod.doMethodInvoke(Ljava/lang/Object;[Ljava/lang/Object;)Ljava/lang/Object;+9
j  org.codehaus.groovy.runtime.metaclass.ClosureMetaClass.invokeMethod(Ljava/lang/Class;Ljava/lang/Object;Ljava/lang/String;[Ljava/lang/Object;ZZ)Ljava/lang/Object;+241
j  groovy.lang.MetaClassImpl.invokeMethod(Ljava/lang/Object;Ljava/lang/String;[Ljava/lang/Object;)Ljava/lang/Object;+10
j  org.codehaus.groovy.runtime.callsite.PogoMetaClassSite.call(Ljava/lang/Object;[Ljava/lang/Object;)Ljava/lang/Object;+18
j  org.codehaus.groovy.runtime.callsite.CallSiteArray.defaultCall(Lorg/codehaus/groovy/runtime/callsite/CallSite;Ljava/lang/Object;[Ljava/lang/Object;)Ljava/lang/Object;+8
j  org.codehaus.groovy.runtime.callsite.PogoMetaClassSite.call(Ljava/lang/Object;[Ljava/lang/Object;)Ljava/lang/Object;+91
j  org.codehaus.groovy.runtime.callsite.AbstractCallSite.call(Ljava/lang/Object;)Ljava/lang/Object;+5
j  com.android.build.gradle.internal.profile.SpanRecorders$2.call()Ljava/lang/Object;+15
j  com.android.builder.profile.ThreadRecorder$1.record(Lcom/android/builder/profile/ExecutionType;Lcom/android/builder/profile/Recorder$Block;[Lcom/android/builder/profile/Recorder$Property;)Ljava/lang/Object;+1
v  ~StubRoutines::call_stub
j  sun.reflect.NativeMethodAccessorImpl.invoke0(Ljava/lang/reflect/Method;Ljava/lang/Object;[Ljava/lang/Object;)Ljava/lang/Object;+0
j  sun.reflect.NativeMethodAccessorImpl.invoke(Ljava/lang/Object;[Ljava/lang/Object;)Ljava/lang/Object;+87
j  sun.reflect.DelegatingMethodAccessorImpl.invoke(Ljava/lang/Object;[Ljava/lang/Object;)Ljava/lang/Object;+6
j  java.lang.reflect.Method.invoke(Ljava/lang/Object;[Ljava/lang/Object;)Ljava/lang/Object;+57
j  org.codehaus.groovy.runtime.callsite.PojoMetaMethodSite$PojoCachedMethodSite.invoke(Ljava/lang/Object;[Ljava/lang/Object;)Ljava/lang/Object;+19
j  org.codehaus.groovy.runtime.callsite.PojoMetaMethodSite.call(Ljava/lang/Object;[Ljava/lang/Object;)Ljava/lang/Object;+12
j  org.codehaus.groovy.runtime.callsite.AbstractCallSite.call(Ljava/lang/Object;Ljava/lang/Object;Ljava/lang/Object;Ljava/lang/Object;)Ljava/lang/Object;+9
j  com.android.build.gradle.internal.profile.SpanRecorders.record(Lorg/gradle/api/Project;Lcom/android/builder/profile/ExecutionType;Lgroovy/lang/Closure;)Ljava/lang/Object;+69
j  com.android.build.gradle.BasePlugin.createAndroidTasks(Z)V+276
j  com.android.build.gradle.BasePlugin$_createTasks_closure13_closure17.doCall(Ljava/lang/Object;)Ljava/lang/Object;+17
j  com.android.build.gradle.BasePlugin$_createTasks_closure13_closure17.doCall()Ljava/lang/Object;+2
v  ~StubRoutines::call_stub
j  sun.reflect.NativeMethodAccessorImpl.invoke0(Ljava/lang/reflect/Method;Ljava/lang/Object;[Ljava/lang/Object;)Ljava/lang/Object;+0
j  sun.reflect.NativeMethodAccessorImpl.invoke(Ljava/lang/Object;[Ljava/lang/Object;)Ljava/lang/Object;+87
j  sun.reflect.DelegatingMethodAccessorImpl.invoke(Ljava/lang/Object;[Ljava/lang/Object;)Ljava/lang/Object;+6
j  java.lang.reflect.Method.invoke(Ljava/lang/Object;[Ljava/lang/Object;)Ljava/lang/Object;+57
j  org.codehaus.groovy.reflection.CachedMethod.invoke(Ljava/lang/Object;[Ljava/lang/Object;)Ljava/lang/Object;+6
j  groovy.lang.MetaMethod.doMethodInvoke(Ljava/lang/Object;[Ljava/lang/Object;)Ljava/lang/Object;+9
j  org.codehaus.groovy.runtime.metaclass.ClosureMetaClass.invokeMethod(Ljava/lang/Class;Ljava/lang/Object;Ljava/lang/String;[Ljava/lang/Object;ZZ)Ljava/lang/Object;+241
j  groovy.lang.MetaClassImpl.invokeMethod(Ljava/lang/Object;Ljava/lang/String;[Ljava/lang/Object;)Ljava/lang/Object;+10
j  org.codehaus.groovy.runtime.callsite.PogoMetaClassSite.call(Ljava/lang/Object;[Ljava/lang/Object;)Ljava/lang/Object;+18
j  org.codehaus.groovy.runtime.callsite.CallSiteArray.defaultCall(Lorg/codehaus/groovy/runtime/callsite/CallSite;Ljava/lang/Object;[Ljava/lang/Object;)Ljava/lang/Object;+8
j  org.codehaus.groovy.runtime.callsite.PogoMetaClassSite.call(Ljava/lang/Object;[Ljava/lang/Object;)Ljava/lang/Object;+91
j  org.codehaus.groovy.runtime.callsite.AbstractCallSite.call(Ljava/lang/Object;)Ljava/lang/Object;+5
j  com.android.build.gradle.internal.profile.SpanRecorders$2.call()Ljava/lang/Object;+15
j  com.android.builder.profile.ThreadRecorder$1.record(Lcom/android/builder/profile/ExecutionType;Lcom/android/builder/profile/Recorder$Block;[Lcom/android/builder/profile/Recorder$Property;)Ljava/lang/Object;+1
v  ~StubRoutines::call_stub
j  sun.reflect.NativeMethodAccessorImpl.invoke0(Ljava/lang/reflect/Method;Ljava/lang/Object;[Ljava/lang/Object;)Ljava/lang/Object;+0
j  sun.reflect.NativeMethodAccessorImpl.invoke(Ljava/lang/Object;[Ljava/lang/Object;)Ljava/lang/Object;+87
j  sun.reflect.DelegatingMethodAccessorImpl.invoke(Ljava/lang/Object;[Ljava/lang/Object;)Ljava/lang/Object;+6
j  java.lang.reflect.Method.invoke(Ljava/lang/Object;[Ljava/lang/Object;)Ljava/lang/Object;+57
j  org.codehaus.groovy.runtime.callsite.PojoMetaMethodSite$PojoCachedMethodSite.invoke(Ljava/lang/Object;[Ljava/lang/Object;)Ljava/lang/Object;+19
j  org.codehaus.groovy.runtime.callsite.PojoMetaMethodSite.call(Ljava/lang/Object;[Ljava/lang/Object;)Ljava/lang/Object;+12
j  org.codehaus.groovy.runtime.callsite.AbstractCallSite.call(Ljava/lang/Object;Ljava/lang/Object;Ljava/lang/Object;Ljava/lang/Object;)Ljava/lang/Object;+9
j  com.android.build.gradle.internal.profile.SpanRecorders.record(Lorg/gradle/api/Project;Lcom/android/builder/profile/ExecutionType;Lgroovy/lang/Closure;)Ljava/lang/Object;+69
j  com.android.build.gradle.BasePlugin$_createTasks_closure13.doCall(Ljava/lang/Object;)Ljava/lang/Object;+48
v  ~StubRoutines::call_stub
j  sun.reflect.NativeMethodAccessorImpl.invoke0(Ljava/lang/reflect/Method;Ljava/lang/Object;[Ljava/lang/Object;)Ljava/lang/Object;+0
j  sun.reflect.NativeMethodAccessorImpl.invoke(Ljava/lang/Object;[Ljava/lang/Object;)Ljava/lang/Object;+87
j  sun.reflect.DelegatingMethodAccessorImpl.invoke(Ljava/lang/Object;[Ljava/lang/Object;)Ljava/lang/Object;+6
j  java.lang.reflect.Method.invoke(Ljava/lang/Object;[Ljava/lang/Object;)Ljava/lang/Object;+57
j  org.codehaus.groovy.reflection.CachedMethod.invoke(Ljava/lang/Object;[Ljava/lang/Object;)Ljava/lang/Object;+6
j  groovy.lang.MetaMethod.doMethodInvoke(Ljava/lang/Object;[Ljava/lang/Object;)Ljava/lang/Object;+9
j  org.codehaus.groovy.runtime.metaclass.ClosureMetaClass.invokeMethod(Ljava/lang/Class;Ljava/lang/Object;Ljava/lang/String;[Ljava/lang/Object;ZZ)Ljava/lang/Object;+241
j  groovy.lang.MetaClassImpl.invokeMethod(Ljava/lang/Object;Ljava/lang/String;[Ljava/lang/Object;)Ljava/lang/Object;+10
j  groovy.lang.Closure.call([Ljava/lang/Object;)Ljava/lang/Object;+8
j  org.gradle.listener.ClosureBackedMethodInvocationDispatch.dispatch(Lorg/gradle/messaging/dispatch/MethodInvocation;)V+62
j  org.gradle.listener.ClosureBackedMethodInvocationDispatch.dispatch(Ljava/lang/Object;)V+5
j  org.gradle.listener.BroadcastDispatch.dispatch(Lorg/gradle/messaging/dispatch/MethodInvocation;)V+51
j  org.gradle.listener.BroadcastDispatch.dispatch(Ljava/lang/Object;)V+5
j  org.gradle.messaging.dispatch.ProxyDispatchAdapter$DispatchingInvocationHandler.invoke(Ljava/lang/Object;Ljava/lang/reflect/Method;[Ljava/lang/Object;)Ljava/lang/Object;+172
j  com.sun.proxy.$Proxy13.afterEvaluate(Lorg/gradle/api/Project;Lorg/gradle/api/ProjectState;)V+20
j  org.gradle.configuration.project.LifecycleProjectEvaluator.notifyAfterEvaluate(Lorg/gradle/api/ProjectEvaluationListener;Lorg/gradle/api/internal/project/ProjectInternal;Lorg/gradle/api/internal/project/ProjectStateInternal;)V+3
j  org.gradle.configuration.project.LifecycleProjectEvaluator.evaluate(Lorg/gradle/api/internal/project/ProjectInternal;Lorg/gradle/api/internal/project/ProjectStateInternal;)V+72
j  org.gradle.api.internal.project.AbstractProject.evaluate()Lorg/gradle/api/internal/project/AbstractProject;+9
j  org.gradle.api.internal.project.AbstractProject.evaluate()Lorg/gradle/api/Project;+1
j  org.gradle.execution.TaskPathProjectEvaluator.configureHierarchy(Lorg/gradle/api/internal/project/ProjectInternal;)V+82
j  org.gradle.configuration.DefaultBuildConfigurer.configure(Lorg/gradle/api/internal/GradleInternal;)V+50
j  org.gradle.initialization.DefaultGradleLauncher.doBuildStages(Lorg/gradle/initialization/DefaultGradleLauncher$Stage;)V+85
j  org.gradle.initialization.DefaultGradleLauncher.doBuild(Lorg/gradle/initialization/DefaultGradleLauncher$Stage;)Lorg/gradle/BuildResult;+27
j  org.gradle.initialization.DefaultGradleLauncher.getBuildAnalysis()Lorg/gradle/BuildResult;+4
j  org.gradle.launcher.exec.InProcessBuildActionExecuter$DefaultBuildController.configure()Lorg/gradle/api/internal/GradleInternal;+5
j  org.gradle.tooling.internal.provider.ClientProvidedBuildAction.run(Lorg/gradle/initialization/BuildController;)Lorg/gradle/tooling/internal/provider/BuildActionResult;+39
j  org.gradle.tooling.internal.provider.ClientProvidedBuildAction.run(Lorg/gradle/initialization/BuildController;)Ljava/lang/Object;+2
j  org.gradle.tooling.internal.provider.ConfiguringBuildAction.run(Lorg/gradle/initialization/BuildController;)Ljava/lang/Object;+15
j  org.gradle.launcher.exec.InProcessBuildActionExecuter.execute(Lorg/gradle/initialization/BuildAction;Lorg/gradle/initialization/BuildCancellationToken;Lorg/gradle/launcher/exec/BuildActionParameters;)Ljava/lang/Object;+19
j  org.gradle.launcher.exec.InProcessBuildActionExecuter.execute(Lorg/gradle/initialization/BuildAction;Lorg/gradle/initialization/BuildCancellationToken;Ljava/lang/Object;)Ljava/lang/Object;+7
j  org.gradle.launcher.daemon.server.exec.ExecuteBuild.doBuild(Lorg/gradle/launcher/daemon/server/exec/DaemonCommandExecution;Lorg/gradle/launcher/daemon/protocol/Build;)V+47
j  org.gradle.launcher.daemon.server.exec.BuildCommandOnly.execute(Lorg/gradle/launcher/daemon/server/exec/DaemonCommandExecution;)V+49
j  org.gradle.launcher.daemon.server.exec.DaemonCommandExecution.proceed()Z+28
j  org.gradle.launcher.daemon.server.exec.WatchForDisconnection.execute(Lorg/gradle/launcher/daemon/server/exec/DaemonCommandExecution;)V+19
j  org.gradle.launcher.daemon.server.exec.DaemonCommandExecution.proceed()Z+28
j  org.gradle.launcher.daemon.server.exec.ResetDeprecationLogger.execute(Lorg/gradle/launcher/daemon/server/exec/DaemonCommandExecution;)V+4
j  org.gradle.launcher.daemon.server.exec.DaemonCommandExecution.proceed()Z+28
j  org.gradle.launcher.daemon.server.exec.StartStopIfBuildAndStop.execute(Lorg/gradle/launcher/daemon/server/exec/DaemonCommandExecution;)V+34
j  org.gradle.launcher.daemon.server.exec.DaemonCommandExecution.proceed()Z+28
j  org.gradle.launcher.daemon.server.exec.ForwardClientInput$2.call()Ljava/lang/Void;+4
j  org.gradle.launcher.daemon.server.exec.ForwardClientInput$2.call()Ljava/lang/Object;+1
j  org.gradle.util.Swapper.swap(Ljava/lang/Object;Ljava/util/concurrent/Callable;)Ljava/lang/Object;+21
j  org.gradle.launcher.daemon.server.exec.ForwardClientInput.execute(Lorg/gradle/launcher/daemon/server/exec/DaemonCommandExecution;)V+63
j  org.gradle.launcher.daemon.server.exec.DaemonCommandExecution.proceed()Z+28
j  org.gradle.launcher.daemon.server.exec.LogToClient.doBuild(Lorg/gradle/launcher/daemon/server/exec/DaemonCommandExecution;Lorg/gradle/launcher/daemon/protocol/Build;)V+92
j  org.gradle.launcher.daemon.server.exec.BuildCommandOnly.execute(Lorg/gradle/launcher/daemon/server/exec/DaemonCommandExecution;)V+49
j  org.gradle.launcher.daemon.server.exec.DaemonCommandExecution.proceed()Z+28
j  org.gradle.launcher.daemon.server.exec.EstablishBuildEnvironment.doBuild(Lorg/gradle/launcher/daemon/server/exec/DaemonCommandExecution;Lorg/gradle/launcher/daemon/protocol/Build;)V+237
j  org.gradle.launcher.daemon.server.exec.BuildCommandOnly.execute(Lorg/gradle/launcher/daemon/server/exec/DaemonCommandExecution;)V+49
j  org.gradle.launcher.daemon.server.exec.DaemonCommandExecution.proceed()Z+28
j  org.gradle.launcher.daemon.server.exec.DaemonHygieneAction.execute(Lorg/gradle/launcher/daemon/server/exec/DaemonCommandExecution;)V+1
j  org.gradle.launcher.daemon.server.exec.DaemonCommandExecution.proceed()Z+28
j  org.gradle.launcher.daemon.server.exec.StartBuildOrRespondWithBusy$1.run()V+44
j  org.gradle.launcher.daemon.server.DaemonStateCoordinator$1.run()V+4
j  org.gradle.internal.concurrent.DefaultExecutorFactory$StoppableExecutorImpl$1.run()V+18
j  java.util.concurrent.ThreadPoolExecutor.runWorker(Ljava/util/concurrent/ThreadPoolExecutor$Worker;)V+95
j  java.util.concurrent.ThreadPoolExecutor$Worker.run()V+5
j  java.lang.Thread.run()V+11
v  ~StubRoutines::call_stub

---------------  P R O C E S S  ---------------

Java Threads: ( => current thread )
  0x000000000c01c800 JavaThread "File lock request listener" [_thread_in_native, id=4332, stack(0x000000000d3e0000,0x000000000d4e0000)]
  0x000000000b006000 JavaThread "Stdin handler" [_thread_blocked, id=11020, stack(0x000000000d2e0000,0x000000000d3e0000)]
=>0x000000000b005800 JavaThread "Daemon worker" [_thread_in_native, id=1212, stack(0x000000000d1e0000,0x000000000d2e0000)]
  0x000000000b004800 JavaThread "Cancel handler" [_thread_blocked, id=10676, stack(0x000000000d0e0000,0x000000000d1e0000)]
  0x000000000b127800 JavaThread "Handler for socket connection from /127.0.0.1:53775 to /127.0.0.1:53776" [_thread_in_native, id=14296, stack(0x000000000cfe0000,0x000000000d0e0000)]
  0x000000000aff0800 JavaThread "Daemon" [_thread_blocked, id=8740, stack(0x000000000cee0000,0x000000000cfe0000)]
  0x000000000af3c000 JavaThread "Incoming local TCP Connector on port 53775" [_thread_in_native, id=1624, stack(0x000000000cde0000,0x000000000cee0000)]
  0x0000000008bd3000 JavaThread "Service Thread" daemon [_thread_blocked, id=9616, stack(0x000000000a330000,0x000000000a430000)]
  0x0000000008bd0800 JavaThread "C2 CompilerThread1" daemon [_thread_in_native, id=12160, stack(0x000000000a230000,0x000000000a330000)]
  0x0000000008bce800 JavaThread "C2 CompilerThread0" daemon [_thread_in_native, id=7448, stack(0x000000000a130000,0x000000000a230000)]
  0x0000000008bcd800 JavaThread "Attach Listener" daemon [_thread_blocked, id=4052, stack(0x000000000a030000,0x000000000a130000)]
  0x0000000008bcb000 JavaThread "Signal Dispatcher" daemon [_thread_blocked, id=13172, stack(0x0000000009f30000,0x000000000a030000)]
  0x0000000008b7f800 JavaThread "Finalizer" daemon [_thread_blocked, id=7524, stack(0x0000000009e30000,0x0000000009f30000)]
  0x0000000008b75000 JavaThread "Reference Handler" daemon [_thread_blocked, id=10992, stack(0x0000000009d30000,0x0000000009e30000)]
  0x0000000002640800 JavaThread "main" [_thread_blocked, id=3032, stack(0x00000000024d0000,0x00000000025d0000)]

Other Threads:
  0x0000000008b71000 VMThread [stack: 0x0000000009c30000,0x0000000009d30000] [id=12336]
  0x0000000008bf9000 WatcherThread [stack: 0x000000000a430000,0x000000000a530000] [id=32]

VM state:not at safepoint (normal execution)

VM Mutex/Monitor currently owned by a thread: None

Heap
 PSYoungGen      total 223744K, used 63312K [0x00000000eaa80000, 0x0000000100000000, 0x0000000100000000)
  eden space 211456K, 24% used [0x00000000eaa80000,0x00000000edc54f70,0x00000000f7900000)
  from space 12288K, 99% used [0x00000000f7900000,0x00000000f84ff2d0,0x00000000f8500000)
  to   space 16896K, 0% used [0x00000000fef80000,0x00000000fef80000,0x0000000100000000)
 ParOldGen       total 86016K, used 22652K [0x00000000c0000000, 0x00000000c5400000, 0x00000000eaa80000)
  object space 86016K, 26% used [0x00000000c0000000,0x00000000c161f1e8,0x00000000c5400000)
 PSPermGen       total 39424K, used 39306K [0x00000000b0000000, 0x00000000b2680000, 0x00000000c0000000)
  object space 39424K, 99% used [0x00000000b0000000,0x00000000b2662848,0x00000000b2680000)

Card table byte_map: [0x0000000005740000,0x00000000059d0000] byte_map_base: 0x00000000051c0000

Polling page: 0x00000000006a0000

Code Cache  [0x0000000002740000, 0x0000000002aa0000, 0x0000000005740000)
 total_blobs=1265 nmethods=644 adapters=573 free_code_cache=45916Kb largest_free_block=46847616

Compilation events (10 events):
Event: 13.246 Thread 0x0000000008bd0800 nmethod 669 0x0000000002a7fb10 code [0x0000000002a80440, 0x0000000002a87d08]
Event: 13.248 Thread 0x0000000008bd0800  680             java.lang.Class::checkInitted (19 bytes)
Event: 13.249 Thread 0x0000000008bd0800 nmethod 680 0x000000000293c690 code [0x000000000293c7e0, 0x000000000293c8a8]
Event: 13.250 Thread 0x0000000008bd0800  681             java.lang.Class::reflectionData (49 bytes)
Event: 13.257 Thread 0x0000000008bd0800 nmethod 681 0x000000000293bdd0 code [0x000000000293bf60, 0x000000000293c3f8]
Event: 13.258 Thread 0x0000000008bd0800  682             java.util.HashMap$KeyIterator::<init> (6 bytes)
Event: 13.260 Thread 0x0000000008bd0800 nmethod 682 0x0000000002a4c910 code [0x0000000002a4ca40, 0x0000000002a4cb38]
Event: 13.260 Thread 0x0000000008bd0800  683             java.util.HashMap$KeyIterator::<init> (11 bytes)
Event: 13.263 Thread 0x0000000008bd0800 nmethod 683 0x0000000002a4c5d0 code [0x0000000002a4c700, 0x0000000002a4c7f8]
Event: 13.263 Thread 0x0000000008bd0800  684             org.codehaus.groovy.runtime.metaclass.MetaMethodIndex::copyNonPrivateNonNewMetaMethods (24 bytes)

GC Heap History (10 events):
Event: 6.235 GC heap before
{Heap before GC invocations=7 (full 0):
 PSYoungGen      total 76800K, used 71904K [0x00000000eaa80000, 0x00000000eff80000, 0x0000000100000000)
  eden space 66560K, 100% used [0x00000000eaa80000,0x00000000eeb80000,0x00000000eeb80000)
  from space 10240K, 52% used [0x00000000ef580000,0x00000000efab8110,0x00000000eff80000)
  to   space 10240K, 0% used [0x00000000eeb80000,0x00000000eeb80000,0x00000000ef580000)
 ParOldGen       total 86016K, used 9568K [0x00000000c0000000, 0x00000000c5400000, 0x00000000eaa80000)
  object space 86016K, 11% used [0x00000000c0000000,0x00000000c0958258,0x00000000c5400000)
 PSPermGen       total 21504K, used 21462K [0x00000000b0000000, 0x00000000b1500000, 0x00000000c0000000)
  object space 21504K, 99% used [0x00000000b0000000,0x00000000b14f5a78,0x00000000b1500000)
Event: 6.247 GC heap after
Heap after GC invocations=7 (full 0):
 PSYoungGen      total 76800K, used 2628K [0x00000000eaa80000, 0x00000000f4180000, 0x0000000100000000)
  eden space 66560K, 0% used [0x00000000eaa80000,0x00000000eaa80000,0x00000000eeb80000)
  from space 10240K, 25% used [0x00000000eeb80000,0x00000000eee110e0,0x00000000ef580000)
  to   space 10752K, 0% used [0x00000000f3700000,0x00000000f3700000,0x00000000f4180000)
 ParOldGen       total 86016K, used 12742K [0x00000000c0000000, 0x00000000c5400000, 0x00000000eaa80000)
  object space 86016K, 14% used [0x00000000c0000000,0x00000000c0c71a78,0x00000000c5400000)
 PSPermGen       total 21504K, used 21462K [0x00000000b0000000, 0x00000000b1500000, 0x00000000c0000000)
  object space 21504K, 99% used [0x00000000b0000000,0x00000000b14f5a78,0x00000000b1500000)
}
Event: 6.533 GC heap before
{Heap before GC invocations=8 (full 0):
 PSYoungGen      total 76800K, used 69188K [0x00000000eaa80000, 0x00000000f4180000, 0x0000000100000000)
  eden space 66560K, 100% used [0x00000000eaa80000,0x00000000eeb80000,0x00000000eeb80000)
  from space 10240K, 25% used [0x00000000eeb80000,0x00000000eee110e0,0x00000000ef580000)
  to   space 10752K, 0% used [0x00000000f3700000,0x00000000f3700000,0x00000000f4180000)
 ParOldGen       total 86016K, used 12742K [0x00000000c0000000, 0x00000000c5400000, 0x00000000eaa80000)
  object space 86016K, 14% used [0x00000000c0000000,0x00000000c0c71a78,0x00000000c5400000)
 PSPermGen       total 21504K, used 21472K [0x00000000b0000000, 0x00000000b1500000, 0x00000000c0000000)
  object space 21504K, 99% used [0x00000000b0000000,0x00000000b14f8130,0x00000000b1500000)
Event: 6.537 GC heap after
Heap after GC invocations=8 (full 0):
 PSYoungGen      total 143360K, used 1056K [0x00000000eaa80000, 0x00000000f4280000, 0x0000000100000000)
  eden space 132608K, 0% used [0x00000000eaa80000,0x00000000eaa80000,0x00000000f2c00000)
  from space 10752K, 9% used [0x00000000f3700000,0x00000000f3808000,0x00000000f4180000)
  to   space 11264K, 0% used [0x00000000f2c00000,0x00000000f2c00000,0x00000000f3700000)
 ParOldGen       total 86016K, used 14520K [0x00000000c0000000, 0x00000000c5400000, 0x00000000eaa80000)
  object space 86016K, 16% used [0x00000000c0000000,0x00000000c0e2e388,0x00000000c5400000)
 PSPermGen       total 21504K, used 21472K [0x00000000b0000000, 0x00000000b1500000, 0x00000000c0000000)
  object space 21504K, 99% used [0x00000000b0000000,0x00000000b14f8130,0x00000000b1500000)
}
Event: 7.579 GC heap before
{Heap before GC invocations=9 (full 0):
 PSYoungGen      total 143360K, used 133664K [0x00000000eaa80000, 0x00000000f4280000, 0x0000000100000000)
  eden space 132608K, 100% used [0x00000000eaa80000,0x00000000f2c00000,0x00000000f2c00000)
  from space 10752K, 9% used [0x00000000f3700000,0x00000000f3808000,0x00000000f4180000)
  to   space 11264K, 0% used [0x00000000f2c00000,0x00000000f2c00000,0x00000000f3700000)
 ParOldGen       total 86016K, used 14520K [0x00000000c0000000, 0x00000000c5400000, 0x00000000eaa80000)
  object space 86016K, 16% used [0x00000000c0000000,0x00000000c0e2e388,0x00000000c5400000)
 PSPermGen       total 24064K, used 23784K [0x00000000b0000000, 0x00000000b1780000, 0x00000000c0000000)
  object space 24064K, 98% used [0x00000000b0000000,0x00000000b173a100,0x00000000b1780000)
Event: 7.589 GC heap after
Heap after GC invocations=9 (full 0):
 PSYoungGen      total 143872K, used 7255K [0x00000000eaa80000, 0x00000000f9000000, 0x0000000100000000)
  eden space 132608K, 0% used [0x00000000eaa80000,0x00000000eaa80000,0x00000000f2c00000)
  from space 11264K, 64% used [0x00000000f2c00000,0x00000000f3315df8,0x00000000f3700000)
  to   space 11264K, 0% used [0x00000000f8500000,0x00000000f8500000,0x00000000f9000000)
 ParOldGen       total 86016K, used 14832K [0x00000000c0000000, 0x00000000c5400000, 0x00000000eaa80000)
  object space 86016K, 17% used [0x00000000c0000000,0x00000000c0e7c388,0x00000000c5400000)
 PSPermGen       total 24064K, used 23784K [0x00000000b0000000, 0x00000000b1780000, 0x00000000c0000000)
  object space 24064K, 98% used [0x00000000b0000000,0x00000000b173a100,0x00000000b1780000)
}
Event: 9.769 GC heap before
{Heap before GC invocations=10 (full 0):
 PSYoungGen      total 143872K, used 139863K [0x00000000eaa80000, 0x00000000f9000000, 0x0000000100000000)
  eden space 132608K, 100% used [0x00000000eaa80000,0x00000000f2c00000,0x00000000f2c00000)
  from space 11264K, 64% used [0x00000000f2c00000,0x00000000f3315df8,0x00000000f3700000)
  to   space 11264K, 0% used [0x00000000f8500000,0x00000000f8500000,0x00000000f9000000)
 ParOldGen       total 86016K, used 14832K [0x00000000c0000000, 0x00000000c5400000, 0x00000000eaa80000)
  object space 86016K, 17% used [0x00000000c0000000,0x00000000c0e7c388,0x00000000c5400000)
 PSPermGen       total 28160K, used 28137K [0x00000000b0000000, 0x00000000b1b80000, 0x00000000c0000000)
  object space 28160K, 99% used [0x00000000b0000000,0x00000000b1b7a5e8,0x00000000b1b80000)
Event: 9.782 GC heap after
Heap after GC invocations=10 (full 0):
 PSYoungGen      total 222720K, used 10268K [0x00000000eaa80000, 0x00000000f9200000, 0x0000000100000000)
  eden space 211456K, 0% used [0x00000000eaa80000,0x00000000eaa80000,0x00000000f7900000)
  from space 11264K, 91% used [0x00000000f8500000,0x00000000f8f07308,0x00000000f9000000)
  to   space 12288K, 0% used [0x00000000f7900000,0x00000000f7900000,0x00000000f8500000)
 ParOldGen       total 86016K, used 15488K [0x00000000c0000000, 0x00000000c5400000, 0x00000000eaa80000)
  object space 86016K, 18% used [0x00000000c0000000,0x00000000c0f20398,0x00000000c5400000)
 PSPermGen       total 28160K, used 28137K [0x00000000b0000000, 0x00000000b1b80000, 0x00000000c0000000)
  object space 28160K, 99% used [0x00000000b0000000,0x00000000b1b7a5e8,0x00000000b1b80000)
}
Event: 11.817 GC heap before
{Heap before GC invocations=11 (full 0):
 PSYoungGen      total 222720K, used 221724K [0x00000000eaa80000, 0x00000000f9200000, 0x0000000100000000)
  eden space 211456K, 100% used [0x00000000eaa80000,0x00000000f7900000,0x00000000f7900000)
  from space 11264K, 91% used [0x00000000f8500000,0x00000000f8f07308,0x00000000f9000000)
  to   space 12288K, 0% used [0x00000000f7900000,0x00000000f7900000,0x00000000f8500000)
 ParOldGen       total 86016K, used 15488K [0x00000000c0000000, 0x00000000c5400000, 0x00000000eaa80000)
  object space 86016K, 18% used [0x00000000c0000000,0x00000000c0f20398,0x00000000c5400000)
 PSPermGen       total 35328K, used 35240K [0x00000000b0000000, 0x00000000b2280000, 0x00000000c0000000)
  object space 35328K, 99% used [0x00000000b0000000,0x00000000b226a2b8,0x00000000b2280000)
Event: 11.864 GC heap after
Heap after GC invocations=11 (full 0):
 PSYoungGen      total 223744K, used 12284K [0x00000000eaa80000, 0x0000000100000000, 0x0000000100000000)
  eden space 211456K, 0% used [0x00000000eaa80000,0x00000000eaa80000,0x00000000f7900000)
  from space 12288K, 99% used [0x00000000f7900000,0x00000000f84ff2d0,0x00000000f8500000)
  to   space 16896K, 0% used [0x00000000fef80000,0x00000000fef80000,0x0000000100000000)
 ParOldGen       total 86016K, used 22652K [0x00000000c0000000, 0x00000000c5400000, 0x00000000eaa80000)
  object space 86016K, 26% used [0x00000000c0000000,0x00000000c161f1e8,0x00000000c5400000)
 PSPermGen       total 35328K, used 35240K [0x00000000b0000000, 0x00000000b2280000, 0x00000000c0000000)
  object space 35328K, 99% used [0x00000000b0000000,0x00000000b226a2b8,0x00000000b2280000)
}

Deoptimization events (10 events):
Event: 12.305 Thread 0x000000000b005800 Uncommon trap: reason=bimorphic action=maybe_recompile pc=0x0000000002971154 method=java.util.regex.Pattern$5.isSatisfiedBy(I)Z @ 16
Event: 12.305 Thread 0x000000000b005800 Uncommon trap: reason=bimorphic action=maybe_recompile pc=0x0000000002971154 method=java.util.regex.Pattern$5.isSatisfiedBy(I)Z @ 16
Event: 12.305 Thread 0x000000000b005800 Uncommon trap: reason=bimorphic action=maybe_recompile pc=0x0000000002971154 method=java.util.regex.Pattern$5.isSatisfiedBy(I)Z @ 16
Event: 12.305 Thread 0x000000000b005800 Uncommon trap: reason=bimorphic action=maybe_recompile pc=0x0000000002971154 method=java.util.regex.Pattern$5.isSatisfiedBy(I)Z @ 16
Event: 12.488 Thread 0x000000000b005800 Uncommon trap: reason=unloaded action=reinterpret pc=0x0000000002a3340c method=groovy.lang.MetaClassImpl.checkIfStdMethod(Lgroovy/lang/MetaMethod;)V @ 171
Event: 12.491 Thread 0x000000000b005800 Uncommon trap: reason=unloaded action=reinterpret pc=0x0000000002a32070 method=groovy.lang.MetaClassImpl.checkIfStdMethod(Lgroovy/lang/MetaMethod;)V @ 171
Event: 12.575 Thread 0x000000000b005800 Uncommon trap: reason=unreached action=reinterpret pc=0x0000000002a0dbac method=org.apache.ivy.core.IvyPatternHelper.substituteTokens(Ljava/lang/String;Ljava/util/Map;)Ljava/lang/String; @ 438
Event: 13.234 Thread 0x000000000b005800 Uncommon trap: reason=unreached action=reinterpret pc=0x0000000002976030 method=java.lang.Integer.parseInt(Ljava/lang/String;I)I @ 1
Event: 13.249 Thread 0x000000000b005800 Uncommon trap: reason=unreached action=reinterpret pc=0x00000000029bc990 method=java.lang.ClassLoader.getResource(Ljava/lang/String;)Ljava/net/URL; @ 25
Event: 13.249 Thread 0x000000000b005800 Uncommon trap: reason=unreached action=reinterpret pc=0x00000000029bc990 method=java.lang.ClassLoader.getResource(Ljava/lang/String;)Ljava/net/URL; @ 25

Internal exceptions (10 events):
Event: 13.227 Thread 0x000000000b005800 Threw 0x00000000ed98a3e0 at C:\re\jdk7u79\2331\hotspot\src\share\vm\prims\jvm.cpp:1304
Event: 13.227 Thread 0x000000000b005800 Threw 0x00000000ed98b6a8 at C:\re\jdk7u79\2331\hotspot\src\share\vm\prims\jvm.cpp:1304
Event: 13.227 Thread 0x000000000b005800 Threw 0x00000000ed9914f8 at C:\re\jdk7u79\2331\hotspot\src\share\vm\prims\jvm.cpp:1304
Event: 13.228 Thread 0x000000000b005800 Threw 0x00000000ed99ae60 at C:\re\jdk7u79\2331\hotspot\src\share\vm\prims\jvm.cpp:1304
Event: 13.228 Thread 0x000000000b005800 Threw 0x00000000ed99c070 at C:\re\jdk7u79\2331\hotspot\src\share\vm\prims\jvm.cpp:1304
Event: 13.229 Thread 0x000000000b005800 Threw 0x00000000ed9a10d0 at C:\re\jdk7u79\2331\hotspot\src\share\vm\prims\jvm.cpp:1304
Event: 13.231 Thread 0x000000000b005800 Threw 0x00000000ed9aad68 at C:\re\jdk7u79\2331\hotspot\src\share\vm\prims\jvm.cpp:1304
Event: 13.231 Thread 0x000000000b005800 Threw 0x00000000ed9ac048 at C:\re\jdk7u79\2331\hotspot\src\share\vm\prims\jvm.cpp:1304
Event: 13.231 Thread 0x000000000b005800 Threw 0x00000000ed9b2028 at C:\re\jdk7u79\2331\hotspot\src\share\vm\prims\jvm.cpp:1304
Event: 13.234 Thread 0x000000000b005800 Implicit null exception at 0x0000000002975b2f to 0x000000000297601d

Events (10 events):
Event: 13.285 loading class 0x000000000c967450
Event: 13.285 loading class 0x000000000c967450 done
Event: 13.285 loading class 0x000000000c969a30
Event: 13.286 loading class 0x000000000c969a30 done
Event: 13.291 loading class 0x000000000e924d30
Event: 13.293 loading class 0x000000000e924d30 done
Event: 13.293 loading class 0x000000000d6c0c70
Event: 13.294 loading class 0x000000000d6c0c70 done
Event: 13.294 loading class 0x000000000d6c0c00
Event: 13.294 loading class 0x000000000d6c0c00 done


Dynamic libraries:
0x00007ff6d7920000 - 0x00007ff6d7953000 	C:\Program Files\Java\jdk1.7.0_79\bin\java.exe
0x00007fff55720000 - 0x00007fff558e1000 	C:\WINDOWS\SYSTEM32\ntdll.dll
0x00007fff554e0000 - 0x00007fff5558d000 	C:\WINDOWS\system32\KERNEL32.DLL
0x00007fff529e0000 - 0x00007fff52bbd000 	C:\WINDOWS\system32\KERNELBASE.dll
0x00007fff533f0000 - 0x00007fff53496000 	C:\WINDOWS\system32\ADVAPI32.dll
0x00007fff53350000 - 0x00007fff533ed000 	C:\WINDOWS\system32\msvcrt.dll
0x00007fff54cc0000 - 0x00007fff54d1b000 	C:\WINDOWS\system32\sechost.dll
0x00007fff55050000 - 0x00007fff55176000 	C:\WINDOWS\system32\RPCRT4.dll
0x00007fff55330000 - 0x00007fff5547e000 	C:\WINDOWS\system32\USER32.dll
0x00007fff54ec0000 - 0x00007fff55046000 	C:\WINDOWS\system32\GDI32.dll
0x00007fff43d20000 - 0x00007fff43f94000 	C:\WINDOWS\WinSxS\amd64_microsoft.windows.common-controls_6595b64144ccf1df_6.0.10240.16384_none_f41f7b285750ef43\COMCTL32.dll
0x00007fff556e0000 - 0x00007fff55716000 	C:\WINDOWS\system32\IMM32.DLL
0x00007fff53620000 - 0x00007fff5377c000 	C:\WINDOWS\system32\MSCTF.dll
0x0000000180000000 - 0x00000001800e7000 	C:\Program Files (x86)\MacType\MacType64.dll
0x00007fff3de40000 - 0x00007fff3de61000 	C:\Program Files (x86)\MacType\EasyHK64.dll
0x00007fff53530000 - 0x00007fff53538000 	C:\WINDOWS\system32\PSAPI.DLL
0x0000000064aa0000 - 0x0000000064b72000 	C:\Program Files\Java\jdk1.7.0_79\jre\bin\msvcr100.dll
0x0000000064fd0000 - 0x00000000657a5000 	C:\Program Files\Java\jdk1.7.0_79\jre\bin\server\jvm.dll
0x00007fff48620000 - 0x00007fff48643000 	C:\WINDOWS\SYSTEM32\WINMM.dll
0x00007fff4f220000 - 0x00007fff4f229000 	C:\WINDOWS\SYSTEM32\WSOCK32.dll
0x00007fff54d20000 - 0x00007fff54d89000 	C:\WINDOWS\system32\WS2_32.dll
0x00007fff53520000 - 0x00007fff53528000 	C:\WINDOWS\system32\NSI.dll
0x00007fff48460000 - 0x00007fff4848c000 	C:\WINDOWS\SYSTEM32\WINMMBASE.dll
0x00007fff521f0000 - 0x00007fff52234000 	C:\WINDOWS\system32\cfgmgr32.dll
0x00007fff51e50000 - 0x00007fff51e77000 	C:\WINDOWS\SYSTEM32\DEVOBJ.dll
0x0000000065b10000 - 0x0000000065b1f000 	C:\Program Files\Java\jdk1.7.0_79\jre\bin\verify.dll
0x0000000065ae0000 - 0x0000000065b08000 	C:\Program Files\Java\jdk1.7.0_79\jre\bin\java.dll
0x0000000064ed0000 - 0x0000000064ee5000 	C:\Program Files\Java\jdk1.7.0_79\jre\bin\zip.dll
0x0000000064eb0000 - 0x0000000064eca000 	C:\Program Files\Java\jdk1.7.0_79\jre\bin\net.dll
0x000000000b130000 - 0x000000000b1a8000 	C:\windows\system32\ASProxy64.dll
0x00007fff55590000 - 0x00007fff556d1000 	C:\WINDOWS\system32\ole32.dll
0x00007fff52f00000 - 0x00007fff5317c000 	C:\WINDOWS\system32\combase.dll
0x00007fff516b0000 - 0x00007fff5170d000 	C:\WINDOWS\SYSTEM32\MSWSOCK.dll
0x00007fff505f0000 - 0x00007fff50628000 	C:\WINDOWS\SYSTEM32\IPHLPAPI.DLL
0x000000000b1b0000 - 0x000000000b26e000 	C:\WINDOWS\system32\OLEAUT32.dll
0x00007fff505e0000 - 0x00007fff505eb000 	C:\WINDOWS\SYSTEM32\WINNSI.DLL
0x00007fff50750000 - 0x00007fff5075a000 	C:\WINDOWS\SYSTEM32\VERSION.dll
0x00007fff51a60000 - 0x00007fff51a8c000 	C:\WINDOWS\SYSTEM32\SspiCli.dll
0x00007fff521e0000 - 0x00007fff521ef000 	C:\WINDOWS\system32\kernel.appcore.dll
0x00007fff51f70000 - 0x00007fff51fdb000 	C:\WINDOWS\SYSTEM32\bcryptPrimitives.dll
0x00007fff50c20000 - 0x00007fff50cb6000 	C:\WINDOWS\system32\uxtheme.dll
0x00007fff451c0000 - 0x00007fff45262000 	C:\Program Files\Common Files\microsoft shared\ink\tiptsf.dll
0x00007fff52df0000 - 0x00007fff52e95000 	C:\WINDOWS\system32\clbcatq.dll
0x00007fff51710000 - 0x00007fff51727000 	C:\WINDOWS\SYSTEM32\cryptsp.dll
0x00007fff52080000 - 0x00007fff520a8000 	C:\WINDOWS\SYSTEM32\bcrypt.dll
0x00007fff51360000 - 0x00007fff51393000 	C:\WINDOWS\system32\rsaenh.dll
0x00007fff51880000 - 0x00007fff5188b000 	C:\WINDOWS\SYSTEM32\CRYPTBASE.dll
0x00007fff51fe0000 - 0x00007fff52078000 	C:\WINDOWS\SYSTEM32\sxs.dll
0x0000000064e90000 - 0x0000000064ea1000 	C:\Program Files\Java\jdk1.7.0_79\jre\bin\nio.dll
0x00007fff51450000 - 0x00007fff5146f000 	C:\WINDOWS\SYSTEM32\USERENV.dll
0x00007fff521c0000 - 0x00007fff521d3000 	C:\WINDOWS\system32\profapi.dll
0x00007fff4d530000 - 0x00007fff4d546000 	C:\WINDOWS\SYSTEM32\dhcpcsvc6.DLL
0x00007fff4d4b0000 - 0x00007fff4d4ca000 	C:\WINDOWS\SYSTEM32\dhcpcsvc.DLL
0x00007fff441c0000 - 0x00007fff441d2000 	C:\Users\David\AppData\Local\Temp\native-platform1985956410193174008dir\native-platform.dll
0x00007fff52ea0000 - 0x00007fff52ef1000 	C:\WINDOWS\system32\SHLWAPI.dll
0x0000000064bc0000 - 0x0000000064be4000 	C:\Program Files\Java\jdk1.7.0_79\jre\bin\sunec.dll
0x0000000064bb0000 - 0x0000000064bbb000 	C:\Program Files\Java\jdk1.7.0_79\jre\bin\sunmscapi.dll
0x00007fff52c20000 - 0x00007fff52de1000 	C:\WINDOWS\system32\CRYPT32.dll
0x00007fff521a0000 - 0x00007fff521b1000 	C:\WINDOWS\system32\MSASN1.dll
0x00007fff40050000 - 0x00007fff40065000 	C:\WINDOWS\system32\napinsp.dll
0x00007fff40030000 - 0x00007fff4004a000 	C:\WINDOWS\system32\pnrpnsp.dll
0x00007fff4d300000 - 0x00007fff4d318000 	C:\WINDOWS\system32\NLAapi.dll
0x00007fff514b0000 - 0x00007fff51558000 	C:\WINDOWS\SYSTEM32\DNSAPI.dll
0x00007fff40070000 - 0x00007fff4007d000 	C:\WINDOWS\System32\winrnr.dll
0x00007fff4d290000 - 0x00007fff4d2a5000 	C:\WINDOWS\system32\wshbth.dll
0x00007fff49ad0000 - 0x00007fff49ada000 	C:\Windows\System32\rasadhlp.dll
0x00007fff4c5e0000 - 0x00007fff4c648000 	C:\WINDOWS\System32\fwpuclnt.dll
0x00007fff51cc0000 - 0x00007fff51e4a000 	C:\WINDOWS\SYSTEM32\dbghelp.dll

VM Arguments:
jvm_args: -XX:MaxPermSize=256m -XX:+HeapDumpOnOutOfMemoryError -Xmx1024m -Dfile.encoding=GBK -Duser.country=CN -Duser.language=zh -Duser.variant 
java_command: org.gradle.launcher.daemon.bootstrap.GradleDaemon 2.2.1 C:\Users\David\.gradle\daemon 10800000 3066545e-61af-400d-ab49-d045db5dafa5 -XX:MaxPermSize=256m -XX:+HeapDumpOnOutOfMemoryError -Xmx1024m -Dfile.encoding=GBK -Duser.country=CN -Duser.language=zh -Duser.variant
Launcher Type: SUN_STANDARD

Environment Variables:
CLASSPATH=.;C:\Program Files (x86)\QuickTime\QTSystem\QTJava.zip
PATH=C:\Program Files (x86)\MacType\;C:\WINDOWS\system32;C:\WINDOWS;C:\WINDOWS\System32\Wbem;C:\WINDOWS\System32\WindowsPowerShell\v1.0\;C:\Program Files\nodejs\;C:\Program Files (x86)\Microsoft SQL Server\100\Tools\Binn\;C:\Program Files\Microsoft SQL Server\100\Tools\Binn\;C:\Program Files\Microsoft SQL Server\100\DTS\Binn\;C:\Program Files (x86)\QuickTime\QTSystem\;C:\Users\David\AppData\Roaming\npm;C:\Program Files\nodejs;C:\Users\David\AppData\Local\.meteor\;C:\Program Files (x86)\MacType
USERNAME=David
OS=Windows_NT
PROCESSOR_IDENTIFIER=Intel64 Family 6 Model 69 Stepping 1, GenuineIntel



---------------  S Y S T E M  ---------------

OS: Windows 8.1 , 64 bit Build 9600 

CPU:total 4 (2 cores per cpu, 2 threads per core) family 6 model 69 stepping 1, cmov, cx8, fxsr, mmx, sse, sse2, sse3, ssse3, sse4.1, sse4.2, popcnt, avx, avx2, aes, erms, ht, tsc, tscinvbit

Memory: 4k page, physical 8291400k(3201904k free), swap 15893576k(8683084k free)

vm_info: Java HotSpot(TM) 64-Bit Server VM (24.79-b02) for windows-amd64 JRE (1.7.0_79-b15), built on Apr 10 2015 12:36:16 by "java_re" with unknown MS VC++:1600

time: Thu Jul 30 14:44:00 2015
elapsed time: 13 seconds

