#
# A fatal error has been detected by the Java Runtime Environment:
#
#  EXCEPTION_ACCESS_VIOLATION (0xc0000005) at pc=0x000000000b95cd07, pid=1916, tid=6876
#
# JRE version: Java(TM) SE Runtime Environment (7.0_79-b15) (build 1.7.0_79-b15)
# Java VM: Java HotSpot(TM) 64-Bit Server VM (24.79-b02 mixed mode windows-amd64 compressed oops)
# Problematic frame:
# C  [ASProxy64.dll+0x2cd07]
#
# Failed to write core dump. Minidumps are not enabled by default on client versions of Windows
#
# If you would like to submit a bug report, please visit:
#   http://bugreport.java.com/bugreport/crash.jsp
# The crash happened outside the Java Virtual Machine in native code.
# See problematic frame for where to report the bug.
#

---------------  T H R E A D  ---------------

Current thread (0x000000000b7e7800):  JavaThread "Daemon worker" [_thread_in_native, id=6876, stack(0x000000000dbf0000,0x000000000dcf0000)]

siginfo: ExceptionCode=0xc0000005, writing address 0x000000000000007f

Registers:
RAX=0x0000000000000000, RBX=0x0000000000bbe8e0, RCX=0x0000000000bbe844, RDX=0x000000000dce4a28
RSP=0x000000000dce4a30, RBP=0x0000000000000000, RSI=0x000000000b8d5f98, RDI=0x0000000000000000
R8 =0x000000000b99eb38, R9 =0x0000000000000000, R10=0x0000000000000000, R11=0x0000000000000064
R12=0x000000000b8d6008, R13=0x000000000dce4c48, R14=0x000000000e74ee30, R15=0x0000000000000004
RIP=0x000000000b95cd07, EFLAGS=0x0000000000010246

Top of Stack: (sp=0x000000000dce4a30)
0x000000000dce4a30:   0000000000000000 000000000dce0078
0x000000000dce4a40:   fffffffffffffffe 000000000e74ee20
0x000000000dce4a50:   000000000b7e79e8 000000000b95dbf2
0x000000000dce4a60:   000000000b99eac0 0000000000bbe8e0
0x000000000dce4a70:   000000000bbe6e80 000000000bbe6e80
0x000000000dce4a80:   000000000e74ee30 0000000000000000
0x000000000dce4a90:   fffffffffffffffe 0000000000000000
0x000000000dce4aa0:   000000000b7e7800 000000000b95db42
0x000000000dce4ab0:   0000000000bbe8e0 0000000000bbe8e0
0x000000000dce4ac0:   000000000b7e79e8 0000000064b08d94
0x000000000dce4ad0:   0000000000000000 000000000b8d5f98
0x000000000dce4ae0:   0000000000000004 000000000f356f40
0x000000000dce4af0:   000000000b7e79e8 0000000064eb3766
0x000000000dce4b00:   0000000000bbe8e0 000000000b7e79e8
0x000000000dce4b10:   000000000f356f40 000000000b8d5f98
0x000000000dce4b20:   0000000000000001 0000000000bbe8e0 

Instructions: (pc=0x000000000b95cd07)
0x000000000b95cce7:   00 00 00 00 fb 44 d3 54 ff 7f 00 00 53 48 83 ec
0x000000000b95ccf7:   20 48 8b d9 48 89 7c 24 ff 25 00 00 00 00 b1 44
0x000000000b95cd07:   d3 54 ff 7f 00 00 89 04 24 8b 44 24 04 0f af 04
0x000000000b95cd17:   24 83 c0 02 89 04 24 8b 44 24 04 0f af 04 24 83 


Register to memory mapping:

RAX=0x0000000000000000 is an unknown value
RBX=0x0000000000bbe8e0 is an unknown value
RCX=0x0000000000bbe844 is an unknown value
RDX=0x000000000dce4a28 is pointing into the stack for thread: 0x000000000b7e7800
RSP=0x000000000dce4a30 is pointing into the stack for thread: 0x000000000b7e7800
RBP=0x0000000000000000 is an unknown value
RSI=0x000000000b8d5f98 is an unknown value
RDI=0x0000000000000000 is an unknown value
R8 =0x000000000b99eb38 is an unknown value
R9 =0x0000000000000000 is an unknown value
R10=0x0000000000000000 is an unknown value
R11=0x0000000000000064 is an unknown value
R12=0x000000000b8d6008 is an unknown value
R13=0x000000000dce4c48 is pointing into the stack for thread: 0x000000000b7e7800
R14=0x000000000e74ee30 is an unknown value
R15=0x0000000000000004 is an unknown value


Stack: [0x000000000dbf0000,0x000000000dcf0000],  sp=0x000000000dce4a30,  free space=978k
Native frames: (J=compiled Java code, j=interpreted, Vv=VM code, C=native code)
C  [ASProxy64.dll+0x2cd07]

[error occurred during error reporting (printing native stack), id 0xc0000005]

Java frames: (J=compiled Java code, j=interpreted, Vv=VM code)
j  java.net.Inet6AddressImpl.lookupAllHostAddr(Ljava/lang/String;)[Ljava/net/InetAddress;+0
j  java.net.InetAddress$1.lookupAllHostAddr(Ljava/lang/String;)[Ljava/net/InetAddress;+4
j  java.net.InetAddress.getAddressesFromNameService(Ljava/lang/String;Ljava/net/InetAddress;)[Ljava/net/InetAddress;+51
j  java.net.InetAddress.getLocalHost()Ljava/net/InetAddress;+90
j  javax.crypto.JarVerifier.getSystemEntropy()[B+86
j  javax.crypto.JarVerifier.testSignatures(Ljava/security/cert/X509Certificate;Ljava/security/cert/CertificateFactory;)V+3
j  javax.crypto.JarVerifier.access$400(Ljava/security/cert/X509Certificate;Ljava/security/cert/CertificateFactory;)V+2
j  javax.crypto.JarVerifier$1.run()Ljava/lang/Void;+71
j  javax.crypto.JarVerifier$1.run()Ljava/lang/Object;+1
v  ~StubRoutines::call_stub
j  java.security.AccessController.doPrivileged(Ljava/security/PrivilegedExceptionAction;)Ljava/lang/Object;+0
j  javax.crypto.JarVerifier.<clinit>()V+7
v  ~StubRoutines::call_stub
j  javax.crypto.JceSecurity.loadPolicies(Ljava/io/File;Ljavax/crypto/CryptoPermissions;Ljavax/crypto/CryptoPermissions;)V+146
j  javax.crypto.JceSecurity.setupJurisdictionPolicies()V+130
j  javax.crypto.JceSecurity.access$000()V+0
j  javax.crypto.JceSecurity$1.run()Ljava/lang/Object;+0
v  ~StubRoutines::call_stub
j  java.security.AccessController.doPrivileged(Ljava/security/PrivilegedExceptionAction;)Ljava/lang/Object;+0
j  javax.crypto.JceSecurity.<clinit>()V+49
v  ~StubRoutines::call_stub
j  javax.crypto.KeyAgreement.getInstance(Ljava/lang/String;)Ljavax/crypto/KeyAgreement;+37
j  sun.security.ssl.JsseJce.getKeyAgreement(Ljava/lang/String;)Ljavax/crypto/KeyAgreement;+7
j  sun.security.ssl.JsseJce.isEcAvailable()Z+20
j  sun.security.ssl.CipherSuite$KeyExchange.isAvailable()Z+28
j  sun.security.ssl.CipherSuite.isAvailable()Z+11
j  sun.security.ssl.SSLContextImpl.getApplicableCipherSuiteList(Lsun/security/ssl/ProtocolList;Z)Lsun/security/ssl/CipherSuiteList;+105
j  sun.security.ssl.SSLContextImpl.getDefaultCipherSuiteList(Z)Lsun/security/ssl/CipherSuiteList;+55
j  sun.security.ssl.SSLSocketImpl.init(Lsun/security/ssl/SSLContextImpl;Z)V+88
j  sun.security.ssl.SSLSocketImpl.<init>(Lsun/security/ssl/SSLContextImpl;)V+77
j  sun.security.ssl.SSLSocketFactoryImpl.createSocket()Ljava/net/Socket;+8
j  org.apache.http.conn.ssl.SSLSocketFactory.createSocket(Lorg/apache/http/params/HttpParams;)Ljava/net/Socket;+4
j  org.apache.http.impl.conn.DefaultClientConnectionOperator.openConnection(Lorg/apache/http/conn/OperatedClientConnection;Lorg/apache/http/HttpHost;Ljava/net/InetAddress;Lorg/apache/http/protocol/HttpContext;Lorg/apache/http/params/HttpParams;)V+142
j  org.apache.http.impl.conn.ManagedClientConnectionImpl.open(Lorg/apache/http/conn/routing/HttpRoute;Lorg/apache/http/protocol/HttpContext;Lorg/apache/http/params/HttpParams;)V+133
j  org.apache.http.impl.client.DefaultRequestDirector.tryConnect(Lorg/apache/http/impl/client/RoutedRequest;Lorg/apache/http/protocol/HttpContext;)V+49
j  org.apache.http.impl.client.DefaultRequestDirector.execute(Lorg/apache/http/HttpHost;Lorg/apache/http/HttpRequest;Lorg/apache/http/protocol/HttpContext;)Lorg/apache/http/HttpResponse;+367
j  org.apache.http.impl.client.AbstractHttpClient.execute(Lorg/apache/http/HttpHost;Lorg/apache/http/HttpRequest;Lorg/apache/http/protocol/HttpContext;)Lorg/apache/http/HttpResponse;+344
j  org.apache.http.impl.client.DecompressingHttpClient.execute(Lorg/apache/http/HttpHost;Lorg/apache/http/HttpRequest;Lorg/apache/http/protocol/HttpContext;)Lorg/apache/http/HttpResponse;+65
j  org.apache.http.impl.client.DecompressingHttpClient.execute(Lorg/apache/http/client/methods/HttpUriRequest;Lorg/apache/http/protocol/HttpContext;)Lorg/apache/http/HttpResponse;+8
j  org.gradle.internal.resource.transport.http.HttpClientHelper.performHttpRequest(Lorg/apache/http/client/methods/HttpRequestBase;)Lorg/apache/http/HttpResponse;+37
j  org.gradle.internal.resource.transport.http.HttpClientHelper.executeGetOrHead(Lorg/apache/http/client/methods/HttpRequestBase;)Lorg/apache/http/HttpResponse;+2
j  org.gradle.internal.resource.transport.http.HttpClientHelper.performRequest(Lorg/apache/http/client/methods/HttpRequestBase;)Lorg/apache/http/HttpResponse;+7
j  org.gradle.internal.resource.transport.http.HttpClientHelper.performRawGet(Ljava/lang/String;)Lorg/apache/http/HttpResponse;+9
j  org.gradle.internal.resource.transport.http.HttpClientHelper.performGet(Ljava/lang/String;)Lorg/apache/http/HttpResponse;+6
j  org.gradle.internal.resource.transport.http.HttpResourceAccessor.getResource(Ljava/net/URI;)Lorg/gradle/internal/resource/transport/http/HttpResponseResource;+25
j  org.gradle.internal.resource.transport.http.HttpResourceAccessor.getResource(Ljava/net/URI;)Lorg/gradle/internal/resource/ExternalResource;+2
j  org.gradle.internal.resource.transfer.ProgressLoggingExternalResourceAccessor.getResource(Ljava/net/URI;)Lorg/gradle/internal/resource/ExternalResource;+5
j  org.gradle.internal.resource.transfer.DefaultCacheAwareExternalResourceAccessor.getResource(Ljava/net/URI;Lorg/gradle/internal/resource/transfer/CacheAwareExternalResourceAccessor$ResourceFileStore;Lorg/gradle/internal/resource/local/LocallyAvailableResourceCandidates;)Lorg/gradle/internal/resource/LocallyAvailableExternalResource;+52
j  org.gradle.api.internal.artifacts.repositories.resolver.DefaultExternalResourceArtifactResolver.downloadStaticResource(Ljava/util/List;Lorg/gradle/internal/component/external/model/ModuleComponentArtifactMetaData;Lorg/gradle/internal/resolve/result/ResourceAwareResolveResult;)Lorg/gradle/internal/resource/LocallyAvailableExternalResource;+92
j  org.gradle.api.internal.artifacts.repositories.resolver.DefaultExternalResourceArtifactResolver.resolveMetaDataArtifact(Lorg/gradle/internal/component/external/model/ModuleComponentArtifactMetaData;Lorg/gradle/internal/resolve/result/ResourceAwareResolveResult;)Lorg/gradle/internal/resource/LocallyAvailableExternalResource;+7
j  org.gradle.api.internal.artifacts.repositories.resolver.ExternalResourceResolver.parseMetaDataFromArtifact(Lorg/gradle/api/artifacts/component/ModuleComponentIdentifier;Lorg/gradle/api/internal/artifacts/repositories/resolver/ExternalResourceArtifactResolver;Lorg/gradle/internal/resolve/result/ResourceAwareResolveResult;)Lorg/gradle/internal/component/external/model/MutableModuleComponentResolveMetaData;+11
j  org.gradle.api.internal.artifacts.repositories.resolver.ExternalResourceResolver.resolveStaticDependency(Lorg/gradle/internal/component/model/DependencyMetaData;Lorg/gradle/api/artifacts/component/ModuleComponentIdentifier;Lorg/gradle/internal/resolve/result/BuildableModuleComponentMetaDataResolveResult;Lorg/gradle/api/internal/artifacts/repositories/resolver/ExternalResourceArtifactResolver;)V+5
j  org.gradle.api.internal.artifacts.repositories.resolver.MavenResolver.doResolveComponentMetaData(Lorg/gradle/internal/component/model/DependencyMetaData;Lorg/gradle/api/artifacts/component/ModuleComponentIdentifier;Lorg/gradle/internal/resolve/result/BuildableModuleComponentMetaDataResolveResult;)V+39
j  org.gradle.api.internal.artifacts.repositories.resolver.ExternalResourceResolver$RemoteRepositoryAccess.resolveComponentMetaData(Lorg/gradle/internal/component/model/DependencyMetaData;Lorg/gradle/api/artifacts/component/ModuleComponentIdentifier;Lorg/gradle/internal/resolve/result/BuildableModuleComponentMetaDataResolveResult;)V+7
j  org.gradle.api.internal.artifacts.ivyservice.ivyresolve.CacheLockReleasingModuleComponentsRepository$LockReleasingRepositoryAccess$2.run()V+19
j  org.gradle.internal.Factories$1.create()Ljava/lang/Object;+4
j  org.gradle.cache.internal.DefaultCacheAccess.longRunningOperation(Ljava/lang/String;Lorg/gradle/internal/Factory;)Ljava/lang/Object;+7
j  org.gradle.cache.internal.DefaultCacheAccess.longRunningOperation(Ljava/lang/String;Ljava/lang/Runnable;)V+6
j  org.gradle.cache.internal.DefaultPersistentDirectoryStore.longRunningOperation(Ljava/lang/String;Ljava/lang/Runnable;)V+6
j  org.gradle.cache.internal.DefaultCacheFactory$ReferenceTrackingCache.longRunningOperation(Ljava/lang/String;Ljava/lang/Runnable;)V+9
j  org.gradle.api.internal.artifacts.ivyservice.DefaultCacheLockingManager.longRunningOperation(Ljava/lang/String;Ljava/lang/Runnable;)V+6
j  org.gradle.api.internal.artifacts.ivyservice.ivyresolve.CacheLockReleasingModuleComponentsRepository$LockReleasingRepositoryAccess.resolveComponentMetaData(Lorg/gradle/internal/component/model/DependencyMetaData;Lorg/gradle/api/artifacts/component/ModuleComponentIdentifier;Lorg/gradle/internal/resolve/result/BuildableModuleComponentMetaDataResolveResult;)V+35
j  org.gradle.api.internal.artifacts.ivyservice.ivyresolve.CachingModuleComponentRepository$ResolveAndCacheRepositoryAccess.resolveComponentMetaData(Lorg/gradle/internal/component/model/DependencyMetaData;Lorg/gradle/api/artifacts/component/ModuleComponentIdentifier;Lorg/gradle/internal/resolve/result/BuildableModuleComponentMetaDataResolveResult;)V+24
j  org.gradle.api.internal.artifacts.ivyservice.ivyresolve.BaseModuleComponentRepositoryAccess.resolveComponentMetaData(Lorg/gradle/internal/component/model/DependencyMetaData;Lorg/gradle/api/artifacts/component/ModuleComponentIdentifier;Lorg/gradle/internal/resolve/result/BuildableModuleComponentMetaDataResolveResult;)V+7
j  org.gradle.api.internal.artifacts.ivyservice.ivyresolve.memcache.InMemoryCachedModuleComponentRepository$CachedAccess.resolveComponentMetaData(Lorg/gradle/internal/component/model/DependencyMetaData;Lorg/gradle/api/artifacts/component/ModuleComponentIdentifier;Lorg/gradle/internal/resolve/result/BuildableModuleComponentMetaDataResolveResult;)V+16
j  org.gradle.api.internal.artifacts.ivyservice.ivyresolve.ComponentMetaDataResolveState.process(Lorg/gradle/internal/component/model/DependencyMetaData;Lorg/gradle/api/artifacts/component/ModuleComponentIdentifier;Lorg/gradle/api/internal/artifacts/ivyservice/ivyresolve/ModuleComponentRepositoryAccess;Lorg/gradle/internal/resolve/result/BuildableModuleComponentMetaDataResolveResult;)V+5
j  org.gradle.api.internal.artifacts.ivyservice.ivyresolve.ComponentMetaDataResolveState.resolve()Lorg/gradle/internal/resolve/result/BuildableModuleComponentMetaDataResolveResult;+104
j  org.gradle.api.internal.artifacts.ivyservice.ivyresolve.RepositoryChainDependencyResolver.findBestMatch(Ljava/util/LinkedList;Ljava/util/Collection;Ljava/util/Collection;)Lorg/gradle/api/internal/artifacts/ivyservice/ivyresolve/RepositoryChainModuleResolution;+21
j  org.gradle.api.internal.artifacts.ivyservice.ivyresolve.RepositoryChainDependencyResolver.findBestMatch(Ljava/util/List;Ljava/util/Collection;)Lorg/gradle/api/internal/artifacts/ivyservice/ivyresolve/RepositoryChainModuleResolution;+28
j  org.gradle.api.internal.artifacts.ivyservice.ivyresolve.RepositoryChainDependencyResolver.resolve(Lorg/gradle/internal/component/model/DependencyMetaData;Lorg/gradle/internal/resolve/result/BuildableComponentResolveResult;)V+159
j  org.gradle.api.internal.artifacts.ivyservice.ivyresolve.RepositoryChainAdapter.resolve(Lorg/gradle/internal/component/model/DependencyMetaData;Lorg/gradle/api/artifacts/component/ComponentIdentifier;Lorg/gradle/internal/resolve/result/BuildableComponentResolveResult;)V+64
j  org.gradle.api.internal.artifacts.ivyservice.clientmodule.ClientModuleResolver.resolve(Lorg/gradle/internal/component/model/DependencyMetaData;Lorg/gradle/api/artifacts/component/ComponentIdentifier;Lorg/gradle/internal/resolve/result/BuildableComponentResolveResult;)V+7
j  org.gradle.api.internal.artifacts.ivyservice.resolveengine.graph.DependencyGraphBuilder$ModuleVersionResolveState.resolve()V+89
j  org.gradle.api.internal.artifacts.ivyservice.resolveengine.graph.DependencyGraphBuilder$ModuleVersionResolveState.getMetaData()Lorg/gradle/internal/component/model/ComponentResolveMetaData;+8
j  org.gradle.api.internal.artifacts.ivyservice.resolveengine.graph.DependencyGraphBuilder$DependencyEdge.calculateTargetConfigurations()V+13
j  org.gradle.api.internal.artifacts.ivyservice.resolveengine.graph.DependencyGraphBuilder$DependencyEdge.attachToTargetConfigurations()V+15
j  org.gradle.api.internal.artifacts.ivyservice.resolveengine.graph.DependencyGraphBuilder.traverseGraph(Lorg/gradle/api/internal/artifacts/ivyservice/resolveengine/graph/DependencyGraphBuilder$ResolveState;Lorg/gradle/api/internal/artifacts/ivyservice/resolveengine/graph/conflicts/ConflictHandler;)V+229
j  org.gradle.api.internal.artifacts.ivyservice.resolveengine.graph.DependencyGraphBuilder.resolveDependencyGraph(Lorg/gradle/api/internal/artifacts/configurations/ConfigurationInternal;Lorg/gradle/api/internal/artifacts/ivyservice/resolveengine/graph/DependencyGraphVisitor;)V+94
j  org.gradle.api.internal.artifacts.ivyservice.resolveengine.graph.DependencyGraphBuilder.resolve(Lorg/gradle/api/internal/artifacts/configurations/ConfigurationInternal;Lorg/gradle/api/internal/artifacts/ivyservice/resolveengine/result/ResolutionResultBuilder;Lorg/gradle/api/internal/artifacts/ivyservice/resolveengine/oldresult/ResolvedConfigurationBuilder;)V+51
j  org.gradle.api.internal.artifacts.ivyservice.resolveengine.DefaultDependencyResolver$1.execute(Lorg/apache/ivy/Ivy;)V+314
j  org.gradle.api.internal.artifacts.ivyservice.resolveengine.DefaultDependencyResolver$1.execute(Ljava/lang/Object;)V+5
j  org.gradle.internal.Transformers$4.transform(Ljava/lang/Object;)Ljava/lang/Object;+5
j  org.gradle.api.internal.artifacts.ivyservice.DefaultIvyContextManager.withIvy(Lorg/gradle/api/Transformer;)Ljava/lang/Object;+96
j  org.gradle.api.internal.artifacts.ivyservice.DefaultIvyContextManager.withIvy(Lorg/gradle/api/Action;)V+5
j  org.gradle.api.internal.artifacts.ivyservice.resolveengine.DefaultDependencyResolver.resolve(Lorg/gradle/api/internal/artifacts/configurations/ConfigurationInternal;Ljava/util/List;Lorg/gradle/api/internal/artifacts/GlobalDependencyResolutionRules;Lorg/gradle/api/internal/artifacts/ResolverResults;)V+28
j  org.gradle.api.internal.artifacts.ivyservice.CacheLockingArtifactDependencyResolver$1.run()V+23
j  org.gradle.internal.Factories$1.create()Ljava/lang/Object;+4
j  org.gradle.cache.internal.DefaultCacheAccess.useCache(Ljava/lang/String;Lorg/gradle/internal/Factory;)Ljava/lang/Object;+45
j  org.gradle.cache.internal.DefaultCacheAccess.useCache(Ljava/lang/String;Ljava/lang/Runnable;)V+6
j  org.gradle.cache.internal.DefaultPersistentDirectoryStore.useCache(Ljava/lang/String;Ljava/lang/Runnable;)V+6
j  org.gradle.cache.internal.DefaultCacheFactory$ReferenceTrackingCache.useCache(Ljava/lang/String;Ljava/lang/Runnable;)V+9
j  org.gradle.api.internal.artifacts.ivyservice.DefaultCacheLockingManager.useCache(Ljava/lang/String;Ljava/lang/Runnable;)V+6
j  org.gradle.api.internal.artifacts.ivyservice.CacheLockingArtifactDependencyResolver.resolve(Lorg/gradle/api/internal/artifacts/configurations/ConfigurationInternal;Ljava/util/List;Lorg/gradle/api/internal/artifacts/GlobalDependencyResolutionRules;Lorg/gradle/api/internal/artifacts/ResolverResults;)V+30
j  org.gradle.api.internal.artifacts.ivyservice.SelfResolvingDependencyResolver.resolve(Lorg/gradle/api/internal/artifacts/configurations/ConfigurationInternal;Ljava/util/List;Lorg/gradle/api/internal/artifacts/GlobalDependencyResolutionRules;Lorg/gradle/api/internal/artifacts/ResolverResults;)V+9
j  org.gradle.api.internal.artifacts.ivyservice.ShortcircuitEmptyConfigsArtifactDependencyResolver.resolve(Lorg/gradle/api/internal/artifacts/configurations/ConfigurationInternal;Ljava/util/List;Lorg/gradle/api/internal/artifacts/GlobalDependencyResolutionRules;Lorg/gradle/api/internal/artifacts/ResolverResults;)V+88
j  org.gradle.api.internal.artifacts.ivyservice.ErrorHandlingArtifactDependencyResolver.resolve(Lorg/gradle/api/internal/artifacts/configurations/ConfigurationInternal;Ljava/util/List;Lorg/gradle/api/internal/artifacts/GlobalDependencyResolutionRules;Lorg/gradle/api/internal/artifacts/ResolverResults;)V+9
j  org.gradle.api.internal.artifacts.ivyservice.DefaultConfigurationResolver.resolve(Lorg/gradle/api/internal/artifacts/configurations/ConfigurationInternal;)Lorg/gradle/api/internal/artifacts/ResolverResults;+33
j  org.gradle.api.internal.artifacts.configurations.DefaultConfiguration.resolveNow()V+40
j  org.gradle.api.internal.artifacts.configurations.DefaultConfiguration.getResolvedConfiguration()Lorg/gradle/api/artifacts/ResolvedConfiguration;+1
j  org.gradle.api.internal.artifacts.configurations.DefaultConfiguration_Decorated.getResolvedConfiguration()Lorg/gradle/api/artifacts/ResolvedConfiguration;+7
j  com.android.build.gradle.internal.DependencyManager.collectArtifacts(Lorg/gradle/api/artifacts/Configuration;Ljava/util/Map;)V+14
j  com.android.build.gradle.internal.DependencyManager.resolveDependencyForConfig(Lcom/android/build/gradle/internal/dependency/VariantDependencies;Lcom/android/build/gradle/internal/dependency/VariantDependencies;Lcom/google/common/collect/Multimap;)V+39
j  com.android.build.gradle.internal.DependencyManager.resolveDependencies(Lcom/android/build/gradle/internal/dependency/VariantDependencies;Lcom/android/build/gradle/internal/dependency/VariantDependencies;)V+8
j  com.android.build.gradle.internal.TaskManager.resolveDependencies(Lcom/android/build/gradle/internal/dependency/VariantDependencies;Lcom/android/build/gradle/internal/dependency/VariantDependencies;)V+6
j  com.android.build.gradle.internal.VariantManager$8.call()Ljava/lang/Void;+12
j  com.android.build.gradle.internal.VariantManager$8.call()Ljava/lang/Object;+1
j  com.android.builder.profile.ThreadRecorder$1.record(Lcom/android/builder/profile/ExecutionType;Lcom/android/builder/profile/Recorder$Block;[Lcom/android/builder/profile/Recorder$Property;)Ljava/lang/Object;+1
j  com.android.builder.profile.Recorder$record.call(Ljava/lang/Object;[Ljava/lang/Object;)Ljava/lang/Object;+31
j  org.codehaus.groovy.runtime.callsite.CallSiteArray.defaultCall(Lorg/codehaus/groovy/runtime/callsite/CallSite;Ljava/lang/Object;[Ljava/lang/Object;)Ljava/lang/Object;+8
j  org.codehaus.groovy.runtime.callsite.AbstractCallSite.call(Ljava/lang/Object;[Ljava/lang/Object;)Ljava/lang/Object;+3
j  org.codehaus.groovy.runtime.callsite.AbstractCallSite.call(Ljava/lang/Object;Ljava/lang/Object;Ljava/lang/Object;Ljava/lang/Object;)Ljava/lang/Object;+9
j  com.android.build.gradle.internal.profile.SpanRecorders.record(Lorg/gradle/api/Project;Lcom/android/builder/profile/ExecutionType;Lcom/android/builder/profile/Recorder$Block;[Lcom/android/builder/profile/Recorder$Property;)Ljava/lang/Object;+158
j  com.android.build.gradle.internal.VariantManager.createVariantData(Lcom/android/builder/model/BuildType;Ljava/util/List;)Lcom/android/build/gradle/internal/variant/BaseVariantData;+653
j  com.android.build.gradle.internal.VariantManager.createVariantDataForProductFlavors(Ljava/util/List;)V+180
j  com.android.build.gradle.internal.VariantManager.populateVariantDataList()V+23
j  com.android.build.gradle.internal.VariantManager.createAndroidTasks()V+43
j  com.android.build.gradle.BasePlugin$_createAndroidTasks_closure15.doCall(Ljava/lang/Object;)Ljava/lang/Object;+11
j  com.android.build.gradle.BasePlugin$_createAndroidTasks_closure15.doCall()Ljava/lang/Object;+2
v  ~StubRoutines::call_stub
j  sun.reflect.NativeMethodAccessorImpl.invoke0(Ljava/lang/reflect/Method;Ljava/lang/Object;[Ljava/lang/Object;)Ljava/lang/Object;+0
j  sun.reflect.NativeMethodAccessorImpl.invoke(Ljava/lang/Object;[Ljava/lang/Object;)Ljava/lang/Object;+87
j  sun.reflect.DelegatingMethodAccessorImpl.invoke(Ljava/lang/Object;[Ljava/lang/Object;)Ljava/lang/Object;+6
j  java.lang.reflect.Method.invoke(Ljava/lang/Object;[Ljava/lang/Object;)Ljava/lang/Object;+57
j  org.codehaus.groovy.reflection.CachedMethod.invoke(Ljava/lang/Object;[Ljava/lang/Object;)Ljava/lang/Object;+6
j  groovy.lang.MetaMethod.doMethodInvoke(Ljava/lang/Object;[Ljava/lang/Object;)Ljava/lang/Object;+9
j  org.codehaus.groovy.runtime.metaclass.ClosureMetaClass.invokeMethod(Ljava/lang/Class;Ljava/lang/Object;Ljava/lang/String;[Ljava/lang/Object;ZZ)Ljava/lang/Object;+241
j  groovy.lang.MetaClassImpl.invokeMethod(Ljava/lang/Object;Ljava/lang/String;[Ljava/lang/Object;)Ljava/lang/Object;+10
j  org.codehaus.groovy.runtime.callsite.PogoMetaClassSite.call(Ljava/lang/Object;[Ljava/lang/Object;)Ljava/lang/Object;+18
j  org.codehaus.groovy.runtime.callsite.CallSiteArray.defaultCall(Lorg/codehaus/groovy/runtime/callsite/CallSite;Ljava/lang/Object;[Ljava/lang/Object;)Ljava/lang/Object;+8
j  org.codehaus.groovy.runtime.callsite.PogoMetaClassSite.call(Ljava/lang/Object;[Ljava/lang/Object;)Ljava/lang/Object;+91
j  org.codehaus.groovy.runtime.callsite.AbstractCallSite.call(Ljava/lang/Object;)Ljava/lang/Object;+5
j  com.android.build.gradle.internal.profile.SpanRecorders$2.call()Ljava/lang/Object;+15
j  com.android.builder.profile.ThreadRecorder$1.record(Lcom/android/builder/profile/ExecutionType;Lcom/android/builder/profile/Recorder$Block;[Lcom/android/builder/profile/Recorder$Property;)Ljava/lang/Object;+1
v  ~StubRoutines::call_stub
j  sun.reflect.NativeMethodAccessorImpl.invoke0(Ljava/lang/reflect/Method;Ljava/lang/Object;[Ljava/lang/Object;)Ljava/lang/Object;+0
j  sun.reflect.NativeMethodAccessorImpl.invoke(Ljava/lang/Object;[Ljava/lang/Object;)Ljava/lang/Object;+87
j  sun.reflect.DelegatingMethodAccessorImpl.invoke(Ljava/lang/Object;[Ljava/lang/Object;)Ljava/lang/Object;+6
j  java.lang.reflect.Method.invoke(Ljava/lang/Object;[Ljava/lang/Object;)Ljava/lang/Object;+57
j  org.codehaus.groovy.runtime.callsite.PojoMetaMethodSite$PojoCachedMethodSite.invoke(Ljava/lang/Object;[Ljava/lang/Object;)Ljava/lang/Object;+19
j  org.codehaus.groovy.runtime.callsite.PojoMetaMethodSite.call(Ljava/lang/Object;[Ljava/lang/Object;)Ljava/lang/Object;+12
j  org.codehaus.groovy.runtime.callsite.AbstractCallSite.call(Ljava/lang/Object;Ljava/lang/Object;Ljava/lang/Object;Ljava/lang/Object;)Ljava/lang/Object;+9
j  com.android.build.gradle.internal.profile.SpanRecorders.record(Lorg/gradle/api/Project;Lcom/android/builder/profile/ExecutionType;Lgroovy/lang/Closure;)Ljava/lang/Object;+69
j  com.android.build.gradle.BasePlugin.createAndroidTasks(Z)V+276
j  com.android.build.gradle.BasePlugin$_createTasks_closure13_closure17.doCall(Ljava/lang/Object;)Ljava/lang/Object;+17
j  com.android.build.gradle.BasePlugin$_createTasks_closure13_closure17.doCall()Ljava/lang/Object;+2
v  ~StubRoutines::call_stub
j  sun.reflect.NativeMethodAccessorImpl.invoke0(Ljava/lang/reflect/Method;Ljava/lang/Object;[Ljava/lang/Object;)Ljava/lang/Object;+0
j  sun.reflect.NativeMethodAccessorImpl.invoke(Ljava/lang/Object;[Ljava/lang/Object;)Ljava/lang/Object;+87
j  sun.reflect.DelegatingMethodAccessorImpl.invoke(Ljava/lang/Object;[Ljava/lang/Object;)Ljava/lang/Object;+6
j  java.lang.reflect.Method.invoke(Ljava/lang/Object;[Ljava/lang/Object;)Ljava/lang/Object;+57
j  org.codehaus.groovy.reflection.CachedMethod.invoke(Ljava/lang/Object;[Ljava/lang/Object;)Ljava/lang/Object;+6
j  groovy.lang.MetaMethod.doMethodInvoke(Ljava/lang/Object;[Ljava/lang/Object;)Ljava/lang/Object;+9
j  org.codehaus.groovy.runtime.metaclass.ClosureMetaClass.invokeMethod(Ljava/lang/Class;Ljava/lang/Object;Ljava/lang/String;[Ljava/lang/Object;ZZ)Ljava/lang/Object;+241
j  groovy.lang.MetaClassImpl.invokeMethod(Ljava/lang/Object;Ljava/lang/String;[Ljava/lang/Object;)Ljava/lang/Object;+10
j  org.codehaus.groovy.runtime.callsite.PogoMetaClassSite.call(Ljava/lang/Object;[Ljava/lang/Object;)Ljava/lang/Object;+18
j  org.codehaus.groovy.runtime.callsite.CallSiteArray.defaultCall(Lorg/codehaus/groovy/runtime/callsite/CallSite;Ljava/lang/Object;[Ljava/lang/Object;)Ljava/lang/Object;+8
j  org.codehaus.groovy.runtime.callsite.PogoMetaClassSite.call(Ljava/lang/Object;[Ljava/lang/Object;)Ljava/lang/Object;+91
j  org.codehaus.groovy.runtime.callsite.AbstractCallSite.call(Ljava/lang/Object;)Ljava/lang/Object;+5
j  com.android.build.gradle.internal.profile.SpanRecorders$2.call()Ljava/lang/Object;+15
j  com.android.builder.profile.ThreadRecorder$1.record(Lcom/android/builder/profile/ExecutionType;Lcom/android/builder/profile/Recorder$Block;[Lcom/android/builder/profile/Recorder$Property;)Ljava/lang/Object;+1
v  ~StubRoutines::call_stub
j  sun.reflect.NativeMethodAccessorImpl.invoke0(Ljava/lang/reflect/Method;Ljava/lang/Object;[Ljava/lang/Object;)Ljava/lang/Object;+0
j  sun.reflect.NativeMethodAccessorImpl.invoke(Ljava/lang/Object;[Ljava/lang/Object;)Ljava/lang/Object;+87
j  sun.reflect.DelegatingMethodAccessorImpl.invoke(Ljava/lang/Object;[Ljava/lang/Object;)Ljava/lang/Object;+6
j  java.lang.reflect.Method.invoke(Ljava/lang/Object;[Ljava/lang/Object;)Ljava/lang/Object;+57
j  org.codehaus.groovy.runtime.callsite.PojoMetaMethodSite$PojoCachedMethodSite.invoke(Ljava/lang/Object;[Ljava/lang/Object;)Ljava/lang/Object;+19
j  org.codehaus.groovy.runtime.callsite.PojoMetaMethodSite.call(Ljava/lang/Object;[Ljava/lang/Object;)Ljava/lang/Object;+12
j  org.codehaus.groovy.runtime.callsite.AbstractCallSite.call(Ljava/lang/Object;Ljava/lang/Object;Ljava/lang/Object;Ljava/lang/Object;)Ljava/lang/Object;+9
j  com.android.build.gradle.internal.profile.SpanRecorders.record(Lorg/gradle/api/Project;Lcom/android/builder/profile/ExecutionType;Lgroovy/lang/Closure;)Ljava/lang/Object;+69
j  com.android.build.gradle.BasePlugin$_createTasks_closure13.doCall(Ljava/lang/Object;)Ljava/lang/Object;+48
v  ~StubRoutines::call_stub
j  sun.reflect.NativeMethodAccessorImpl.invoke0(Ljava/lang/reflect/Method;Ljava/lang/Object;[Ljava/lang/Object;)Ljava/lang/Object;+0
j  sun.reflect.NativeMethodAccessorImpl.invoke(Ljava/lang/Object;[Ljava/lang/Object;)Ljava/lang/Object;+87
j  sun.reflect.DelegatingMethodAccessorImpl.invoke(Ljava/lang/Object;[Ljava/lang/Object;)Ljava/lang/Object;+6
j  java.lang.reflect.Method.invoke(Ljava/lang/Object;[Ljava/lang/Object;)Ljava/lang/Object;+57
j  org.codehaus.groovy.reflection.CachedMethod.invoke(Ljava/lang/Object;[Ljava/lang/Object;)Ljava/lang/Object;+6
j  groovy.lang.MetaMethod.doMethodInvoke(Ljava/lang/Object;[Ljava/lang/Object;)Ljava/lang/Object;+9
j  org.codehaus.groovy.runtime.metaclass.ClosureMetaClass.invokeMethod(Ljava/lang/Class;Ljava/lang/Object;Ljava/lang/String;[Ljava/lang/Object;ZZ)Ljava/lang/Object;+241
j  groovy.lang.MetaClassImpl.invokeMethod(Ljava/lang/Object;Ljava/lang/String;[Ljava/lang/Object;)Ljava/lang/Object;+10
j  groovy.lang.Closure.call([Ljava/lang/Object;)Ljava/lang/Object;+8
j  org.gradle.listener.ClosureBackedMethodInvocationDispatch.dispatch(Lorg/gradle/messaging/dispatch/MethodInvocation;)V+62
j  org.gradle.listener.ClosureBackedMethodInvocationDispatch.dispatch(Ljava/lang/Object;)V+5
j  org.gradle.listener.BroadcastDispatch.dispatch(Lorg/gradle/messaging/dispatch/MethodInvocation;)V+51
j  org.gradle.listener.BroadcastDispatch.dispatch(Ljava/lang/Object;)V+5
j  org.gradle.messaging.dispatch.ProxyDispatchAdapter$DispatchingInvocationHandler.invoke(Ljava/lang/Object;Ljava/lang/reflect/Method;[Ljava/lang/Object;)Ljava/lang/Object;+172
j  com.sun.proxy.$Proxy12.afterEvaluate(Lorg/gradle/api/Project;Lorg/gradle/api/ProjectState;)V+20
j  org.gradle.configuration.project.LifecycleProjectEvaluator.notifyAfterEvaluate(Lorg/gradle/api/ProjectEvaluationListener;Lorg/gradle/api/internal/project/ProjectInternal;Lorg/gradle/api/internal/project/ProjectStateInternal;)V+3
j  org.gradle.configuration.project.LifecycleProjectEvaluator.evaluate(Lorg/gradle/api/internal/project/ProjectInternal;Lorg/gradle/api/internal/project/ProjectStateInternal;)V+72
j  org.gradle.api.internal.project.AbstractProject.evaluate()Lorg/gradle/api/internal/project/AbstractProject;+9
j  org.gradle.api.internal.project.AbstractProject.evaluate()Lorg/gradle/api/Project;+1
j  org.gradle.execution.TaskPathProjectEvaluator.configureHierarchy(Lorg/gradle/api/internal/project/ProjectInternal;)V+82
j  org.gradle.configuration.DefaultBuildConfigurer.configure(Lorg/gradle/api/internal/GradleInternal;)V+50
j  org.gradle.initialization.DefaultGradleLauncher.doBuildStages(Lorg/gradle/initialization/DefaultGradleLauncher$Stage;)V+85
j  org.gradle.initialization.DefaultGradleLauncher.doBuild(Lorg/gradle/initialization/DefaultGradleLauncher$Stage;)Lorg/gradle/BuildResult;+27
j  org.gradle.initialization.DefaultGradleLauncher.getBuildAnalysis()Lorg/gradle/BuildResult;+4
j  org.gradle.launcher.exec.InProcessBuildActionExecuter$DefaultBuildController.configure()Lorg/gradle/api/internal/GradleInternal;+5
j  org.gradle.tooling.internal.provider.ClientProvidedBuildAction.run(Lorg/gradle/initialization/BuildController;)Lorg/gradle/tooling/internal/provider/BuildActionResult;+39
j  org.gradle.tooling.internal.provider.ClientProvidedBuildAction.run(Lorg/gradle/initialization/BuildController;)Ljava/lang/Object;+2
j  org.gradle.tooling.internal.provider.ConfiguringBuildAction.run(Lorg/gradle/initialization/BuildController;)Ljava/lang/Object;+15
j  org.gradle.launcher.exec.InProcessBuildActionExecuter.execute(Lorg/gradle/initialization/BuildAction;Lorg/gradle/initialization/BuildCancellationToken;Lorg/gradle/launcher/exec/BuildActionParameters;)Ljava/lang/Object;+19
j  org.gradle.launcher.exec.InProcessBuildActionExecuter.execute(Lorg/gradle/initialization/BuildAction;Lorg/gradle/initialization/BuildCancellationToken;Ljava/lang/Object;)Ljava/lang/Object;+7
j  org.gradle.launcher.daemon.server.exec.ExecuteBuild.doBuild(Lorg/gradle/launcher/daemon/server/exec/DaemonCommandExecution;Lorg/gradle/launcher/daemon/protocol/Build;)V+47
j  org.gradle.launcher.daemon.server.exec.BuildCommandOnly.execute(Lorg/gradle/launcher/daemon/server/exec/DaemonCommandExecution;)V+49
j  org.gradle.launcher.daemon.server.exec.DaemonCommandExecution.proceed()Z+28
j  org.gradle.launcher.daemon.server.exec.WatchForDisconnection.execute(Lorg/gradle/launcher/daemon/server/exec/DaemonCommandExecution;)V+19
j  org.gradle.launcher.daemon.server.exec.DaemonCommandExecution.proceed()Z+28
j  org.gradle.launcher.daemon.server.exec.ResetDeprecationLogger.execute(Lorg/gradle/launcher/daemon/server/exec/DaemonCommandExecution;)V+4
j  org.gradle.launcher.daemon.server.exec.DaemonCommandExecution.proceed()Z+28
j  org.gradle.launcher.daemon.server.exec.StartStopIfBuildAndStop.execute(Lorg/gradle/launcher/daemon/server/exec/DaemonCommandExecution;)V+34
j  org.gradle.launcher.daemon.server.exec.DaemonCommandExecution.proceed()Z+28
j  org.gradle.launcher.daemon.server.exec.ForwardClientInput$2.call()Ljava/lang/Void;+4
j  org.gradle.launcher.daemon.server.exec.ForwardClientInput$2.call()Ljava/lang/Object;+1
j  org.gradle.util.Swapper.swap(Ljava/lang/Object;Ljava/util/concurrent/Callable;)Ljava/lang/Object;+21
j  org.gradle.launcher.daemon.server.exec.ForwardClientInput.execute(Lorg/gradle/launcher/daemon/server/exec/DaemonCommandExecution;)V+63
j  org.gradle.launcher.daemon.server.exec.DaemonCommandExecution.proceed()Z+28
j  org.gradle.launcher.daemon.server.exec.LogToClient.doBuild(Lorg/gradle/launcher/daemon/server/exec/DaemonCommandExecution;Lorg/gradle/launcher/daemon/protocol/Build;)V+92
j  org.gradle.launcher.daemon.server.exec.BuildCommandOnly.execute(Lorg/gradle/launcher/daemon/server/exec/DaemonCommandExecution;)V+49
j  org.gradle.launcher.daemon.server.exec.DaemonCommandExecution.proceed()Z+28
j  org.gradle.launcher.daemon.server.exec.EstablishBuildEnvironment.doBuild(Lorg/gradle/launcher/daemon/server/exec/DaemonCommandExecution;Lorg/gradle/launcher/daemon/protocol/Build;)V+237
j  org.gradle.launcher.daemon.server.exec.BuildCommandOnly.execute(Lorg/gradle/launcher/daemon/server/exec/DaemonCommandExecution;)V+49
j  org.gradle.launcher.daemon.server.exec.DaemonCommandExecution.proceed()Z+28
j  org.gradle.launcher.daemon.server.exec.DaemonHygieneAction.execute(Lorg/gradle/launcher/daemon/server/exec/DaemonCommandExecution;)V+1
j  org.gradle.launcher.daemon.server.exec.DaemonCommandExecution.proceed()Z+28
j  org.gradle.launcher.daemon.server.exec.StartBuildOrRespondWithBusy$1.run()V+44
j  org.gradle.launcher.daemon.server.DaemonStateCoordinator$1.run()V+4
j  org.gradle.internal.concurrent.DefaultExecutorFactory$StoppableExecutorImpl$1.run()V+18
j  java.util.concurrent.ThreadPoolExecutor.runWorker(Ljava/util/concurrent/ThreadPoolExecutor$Worker;)V+95
j  java.util.concurrent.ThreadPoolExecutor$Worker.run()V+5
j  java.lang.Thread.run()V+11
v  ~StubRoutines::call_stub

---------------  P R O C E S S  ---------------

Java Threads: ( => current thread )
  0x000000000b524800 JavaThread "File lock request listener" [_thread_in_native, id=13208, stack(0x000000000ddf0000,0x000000000def0000)]
  0x000000000b8dd800 JavaThread "Stdin handler" [_thread_blocked, id=11324, stack(0x000000000dcf0000,0x000000000ddf0000)]
=>0x000000000b7e7800 JavaThread "Daemon worker" [_thread_in_native, id=6876, stack(0x000000000dbf0000,0x000000000dcf0000)]
  0x000000000b7e6800 JavaThread "Cancel handler" [_thread_blocked, id=12044, stack(0x000000000daf0000,0x000000000dbf0000)]
  0x000000000b717000 JavaThread "Handler for socket connection from /127.0.0.1:60663 to /127.0.0.1:60664" [_thread_in_native, id=4152, stack(0x000000000d9f0000,0x000000000daf0000)]
  0x000000000b716800 JavaThread "Daemon" [_thread_blocked, id=11292, stack(0x000000000d8f0000,0x000000000d9f0000)]
  0x000000000b76c000 JavaThread "Incoming local TCP Connector on port 60663" [_thread_in_native, id=8516, stack(0x000000000d7f0000,0x000000000d8f0000)]
  0x00000000093bf000 JavaThread "Service Thread" daemon [_thread_blocked, id=2464, stack(0x000000000ab30000,0x000000000ac30000)]
  0x00000000093b8800 JavaThread "C2 CompilerThread1" daemon [_thread_in_native, id=12876, stack(0x000000000aa30000,0x000000000ab30000)]
  0x00000000093ae800 JavaThread "C2 CompilerThread0" daemon [_thread_in_native, id=10692, stack(0x000000000a930000,0x000000000aa30000)]
  0x00000000093ad800 JavaThread "Attach Listener" daemon [_thread_blocked, id=5664, stack(0x000000000a830000,0x000000000a930000)]
  0x00000000093aa800 JavaThread "Signal Dispatcher" daemon [_thread_blocked, id=13260, stack(0x000000000a730000,0x000000000a830000)]
  0x000000000935e800 JavaThread "Finalizer" daemon [_thread_blocked, id=13888, stack(0x000000000a630000,0x000000000a730000)]
  0x0000000009355000 JavaThread "Reference Handler" daemon [_thread_blocked, id=12276, stack(0x000000000a530000,0x000000000a630000)]
  0x0000000002dc0800 JavaThread "main" [_thread_blocked, id=11480, stack(0x00000000028e0000,0x00000000029e0000)]

Other Threads:
  0x0000000009351000 VMThread [stack: 0x000000000a430000,0x000000000a530000] [id=1772]
  0x00000000093c9800 WatcherThread [stack: 0x000000000ac30000,0x000000000ad30000] [id=9272]

VM state:not at safepoint (normal execution)

VM Mutex/Monitor currently owned by a thread: None

Heap
 PSYoungGen      total 219136K, used 73798K [0x00000000eaa80000, 0x00000000f9900000, 0x0000000100000000)
  eden space 207872K, 30% used [0x00000000eaa80000,0x00000000ee798930,0x00000000f7580000)
  from space 11264K, 99% used [0x00000000f8500000,0x00000000f8ff9040,0x00000000f9000000)
  to   space 15872K, 0% used [0x00000000f7580000,0x00000000f7580000,0x00000000f8500000)
 ParOldGen       total 86016K, used 22895K [0x00000000c0000000, 0x00000000c5400000, 0x00000000eaa80000)
  object space 86016K, 26% used [0x00000000c0000000,0x00000000c165bd10,0x00000000c5400000)
 PSPermGen       total 39424K, used 39217K [0x00000000b0000000, 0x00000000b2680000, 0x00000000c0000000)
  object space 39424K, 99% used [0x00000000b0000000,0x00000000b264c6a0,0x00000000b2680000)

Card table byte_map: [0x0000000005fa0000,0x0000000006230000] byte_map_base: 0x0000000005a20000

Polling page: 0x0000000000ed0000

Code Cache  [0x0000000002fa0000, 0x00000000032d0000, 0x0000000005fa0000)
 total_blobs=1203 nmethods=583 adapters=572 free_code_cache=46022Kb largest_free_block=47036288

Compilation events (10 events):
Event: 12.944 Thread 0x00000000093b8800 nmethod 605 0x000000000328af10 code [0x000000000328b080, 0x000000000328b328]
Event: 12.944 Thread 0x00000000093b8800  606             groovy.lang.MetaClassImpl$1MOPIter::methodNameAction (482 bytes)
Event: 13.080 Thread 0x00000000093b8800 nmethod 606 0x000000000329efd0 code [0x000000000329f440, 0x00000000032a2b28]
Event: 13.080 Thread 0x00000000093b8800  607             com.sun.beans.TypeResolver::resolve (37 bytes)
Event: 13.357 Thread 0x00000000093ae800 nmethod 595 0x00000000032ae6d0 code [0x00000000032af280, 0x00000000032b7120]
Event: 13.359 Thread 0x00000000093ae800  608             java.lang.ref.WeakReference::<init> (6 bytes)
Event: 13.359 Thread 0x00000000093ae800 nmethod 608 0x0000000003029690 code [0x00000000030297c0, 0x0000000003029838]
Event: 13.359 Thread 0x00000000093ae800  609             java.util.concurrent.ConcurrentHashMap::get (141 bytes)
Event: 13.364 Thread 0x00000000093ae800 nmethod 609 0x0000000003074890 code [0x0000000003074a00, 0x0000000003074c48]
Event: 13.364 Thread 0x00000000093ae800  610             java.lang.Class::privateGetPublicMethods (247 bytes)

GC Heap History (10 events):
Event: 8.692 GC heap before
{Heap before GC invocations=6 (full 0):
 PSYoungGen      total 38400K, used 38396K [0x00000000eaa80000, 0x00000000eff80000, 0x0000000100000000)
  eden space 33280K, 100% used [0x00000000eaa80000,0x00000000ecb00000,0x00000000ecb00000)
  from space 5120K, 99% used [0x00000000ecb00000,0x00000000ecfff110,0x00000000ed000000)
  to   space 10240K, 0% used [0x00000000ef580000,0x00000000ef580000,0x00000000eff80000)
 ParOldGen       total 86016K, used 9369K [0x00000000c0000000, 0x00000000c5400000, 0x00000000eaa80000)
  object space 86016K, 10% used [0x00000000c0000000,0x00000000c0926520,0x00000000c5400000)
 PSPermGen       total 21504K, used 21436K [0x00000000b0000000, 0x00000000b1500000, 0x00000000c0000000)
  object space 21504K, 99% used [0x00000000b0000000,0x00000000b14ef038,0x00000000b1500000)
Event: 8.702 GC heap after
Heap after GC invocations=6 (full 0):
 PSYoungGen      total 76800K, used 5376K [0x00000000eaa80000, 0x00000000eff80000, 0x0000000100000000)
  eden space 66560K, 0% used [0x00000000eaa80000,0x00000000eaa80000,0x00000000eeb80000)
  from space 10240K, 52% used [0x00000000ef580000,0x00000000efac0110,0x00000000eff80000)
  to   space 10240K, 0% used [0x00000000eeb80000,0x00000000eeb80000,0x00000000ef580000)
 ParOldGen       total 86016K, used 9369K [0x00000000c0000000, 0x00000000c5400000, 0x00000000eaa80000)
  object space 86016K, 10% used [0x00000000c0000000,0x00000000c0926520,0x00000000c5400000)
 PSPermGen       total 21504K, used 21436K [0x00000000b0000000, 0x00000000b1500000, 0x00000000c0000000)
  object space 21504K, 99% used [0x00000000b0000000,0x00000000b14ef038,0x00000000b1500000)
}
Event: 9.020 GC heap before
{Heap before GC invocations=7 (full 0):
 PSYoungGen      total 76800K, used 71936K [0x00000000eaa80000, 0x00000000eff80000, 0x0000000100000000)
  eden space 66560K, 100% used [0x00000000eaa80000,0x00000000eeb80000,0x00000000eeb80000)
  from space 10240K, 52% used [0x00000000ef580000,0x00000000efac0110,0x00000000eff80000)
  to   space 10240K, 0% used [0x00000000eeb80000,0x00000000eeb80000,0x00000000ef580000)
 ParOldGen       total 86016K, used 9369K [0x00000000c0000000, 0x00000000c5400000, 0x00000000eaa80000)
  object space 86016K, 10% used [0x00000000c0000000,0x00000000c0926520,0x00000000c5400000)
 PSPermGen       total 21504K, used 21460K [0x00000000b0000000, 0x00000000b1500000, 0x00000000c0000000)
  object space 21504K, 99% used [0x00000000b0000000,0x00000000b14f5050,0x00000000b1500000)
Event: 9.032 GC heap after
Heap after GC invocations=7 (full 0):
 PSYoungGen      total 76800K, used 2744K [0x00000000eaa80000, 0x00000000f4180000, 0x0000000100000000)
  eden space 66560K, 0% used [0x00000000eaa80000,0x00000000eaa80000,0x00000000eeb80000)
  from space 10240K, 26% used [0x00000000eeb80000,0x00000000eee2e0f0,0x00000000ef580000)
  to   space 10752K, 0% used [0x00000000f3700000,0x00000000f3700000,0x00000000f4180000)
 ParOldGen       total 86016K, used 12449K [0x00000000c0000000, 0x00000000c5400000, 0x00000000eaa80000)
  object space 86016K, 14% used [0x00000000c0000000,0x00000000c0c286f8,0x00000000c5400000)
 PSPermGen       total 21504K, used 21460K [0x00000000b0000000, 0x00000000b1500000, 0x00000000c0000000)
  object space 21504K, 99% used [0x00000000b0000000,0x00000000b14f5050,0x00000000b1500000)
}
Event: 9.395 GC heap before
{Heap before GC invocations=8 (full 0):
 PSYoungGen      total 76800K, used 69304K [0x00000000eaa80000, 0x00000000f4180000, 0x0000000100000000)
  eden space 66560K, 100% used [0x00000000eaa80000,0x00000000eeb80000,0x00000000eeb80000)
  from space 10240K, 26% used [0x00000000eeb80000,0x00000000eee2e0f0,0x00000000ef580000)
  to   space 10752K, 0% used [0x00000000f3700000,0x00000000f3700000,0x00000000f4180000)
 ParOldGen       total 86016K, used 12449K [0x00000000c0000000, 0x00000000c5400000, 0x00000000eaa80000)
  object space 86016K, 14% used [0x00000000c0000000,0x00000000c0c286f8,0x00000000c5400000)
 PSPermGen       total 21504K, used 21469K [0x00000000b0000000, 0x00000000b1500000, 0x00000000c0000000)
  object space 21504K, 99% used [0x00000000b0000000,0x00000000b14f7588,0x00000000b1500000)
Event: 9.400 GC heap after
Heap after GC invocations=8 (full 0):
 PSYoungGen      total 143360K, used 1056K [0x00000000eaa80000, 0x00000000f4280000, 0x0000000100000000)
  eden space 132608K, 0% used [0x00000000eaa80000,0x00000000eaa80000,0x00000000f2c00000)
  from space 10752K, 9% used [0x00000000f3700000,0x00000000f3808000,0x00000000f4180000)
  to   space 11264K, 0% used [0x00000000f2c00000,0x00000000f2c00000,0x00000000f3700000)
 ParOldGen       total 86016K, used 14372K [0x00000000c0000000, 0x00000000c5400000, 0x00000000eaa80000)
  object space 86016K, 16% used [0x00000000c0000000,0x00000000c0e09308,0x00000000c5400000)
 PSPermGen       total 21504K, used 21469K [0x00000000b0000000, 0x00000000b1500000, 0x00000000c0000000)
  object space 21504K, 99% used [0x00000000b0000000,0x00000000b14f7588,0x00000000b1500000)
}
Event: 10.505 GC heap before
{Heap before GC invocations=9 (full 0):
 PSYoungGen      total 143360K, used 133664K [0x00000000eaa80000, 0x00000000f4280000, 0x0000000100000000)
  eden space 132608K, 100% used [0x00000000eaa80000,0x00000000f2c00000,0x00000000f2c00000)
  from space 10752K, 9% used [0x00000000f3700000,0x00000000f3808000,0x00000000f4180000)
  to   space 11264K, 0% used [0x00000000f2c00000,0x00000000f2c00000,0x00000000f3700000)
 ParOldGen       total 86016K, used 14372K [0x00000000c0000000, 0x00000000c5400000, 0x00000000eaa80000)
  object space 86016K, 16% used [0x00000000c0000000,0x00000000c0e09308,0x00000000c5400000)
 PSPermGen       total 24064K, used 23784K [0x00000000b0000000, 0x00000000b1780000, 0x00000000c0000000)
  object space 24064K, 98% used [0x00000000b0000000,0x00000000b173a178,0x00000000b1780000)
Event: 10.515 GC heap after
Heap after GC invocations=9 (full 0):
 PSYoungGen      total 143872K, used 7149K [0x00000000eaa80000, 0x00000000f9000000, 0x0000000100000000)
  eden space 132608K, 0% used [0x00000000eaa80000,0x00000000eaa80000,0x00000000f2c00000)
  from space 11264K, 63% used [0x00000000f2c00000,0x00000000f32fb478,0x00000000f3700000)
  to   space 11264K, 0% used [0x00000000f8500000,0x00000000f8500000,0x00000000f9000000)
 ParOldGen       total 86016K, used 14684K [0x00000000c0000000, 0x00000000c5400000, 0x00000000eaa80000)
  object space 86016K, 17% used [0x00000000c0000000,0x00000000c0e57308,0x00000000c5400000)
 PSPermGen       total 24064K, used 23784K [0x00000000b0000000, 0x00000000b1780000, 0x00000000c0000000)
  object space 24064K, 98% used [0x00000000b0000000,0x00000000b173a178,0x00000000b1780000)
}
Event: 12.883 GC heap before
{Heap before GC invocations=10 (full 0):
 PSYoungGen      total 143872K, used 139757K [0x00000000eaa80000, 0x00000000f9000000, 0x0000000100000000)
  eden space 132608K, 100% used [0x00000000eaa80000,0x00000000f2c00000,0x00000000f2c00000)
  from space 11264K, 63% used [0x00000000f2c00000,0x00000000f32fb478,0x00000000f3700000)
  to   space 11264K, 0% used [0x00000000f8500000,0x00000000f8500000,0x00000000f9000000)
 ParOldGen       total 86016K, used 14684K [0x00000000c0000000, 0x00000000c5400000, 0x00000000eaa80000)
  object space 86016K, 17% used [0x00000000c0000000,0x00000000c0e57308,0x00000000c5400000)
 PSPermGen       total 33280K, used 33035K [0x00000000b0000000, 0x00000000b2080000, 0x00000000c0000000)
  object space 33280K, 99% used [0x00000000b0000000,0x00000000b2042ec0,0x00000000b2080000)
Event: 12.912 GC heap after
Heap after GC invocations=10 (full 0):
 PSYoungGen      total 219136K, used 11236K [0x00000000eaa80000, 0x00000000f9900000, 0x0000000100000000)
  eden space 207872K, 0% used [0x00000000eaa80000,0x00000000eaa80000,0x00000000f7580000)
  from space 11264K, 99% used [0x00000000f8500000,0x00000000f8ff9040,0x00000000f9000000)
  to   space 15872K, 0% used [0x00000000f7580000,0x00000000f7580000,0x00000000f8500000)
 ParOldGen       total 86016K, used 22895K [0x00000000c0000000, 0x00000000c5400000, 0x00000000eaa80000)
  object space 86016K, 26% used [0x00000000c0000000,0x00000000c165bd10,0x00000000c5400000)
 PSPermGen       total 33280K, used 33035K [0x00000000b0000000, 0x00000000b2080000, 0x00000000c0000000)
  object space 33280K, 99% used [0x00000000b0000000,0x00000000b2042ec0,0x00000000b2080000)
}

Deoptimization events (10 events):
Event: 13.778 Thread 0x000000000b7e7800 Uncommon trap: reason=class_check action=maybe_recompile pc=0x000000000305ce5c method=java.util.regex.Matcher.search(I)Z @ 86
Event: 13.778 Thread 0x000000000b7e7800 Uncommon trap: reason=class_check action=maybe_recompile pc=0x000000000305ce5c method=java.util.regex.Matcher.search(I)Z @ 86
Event: 13.789 Thread 0x000000000b7e7800 Uncommon trap: reason=bimorphic action=maybe_recompile pc=0x00000000031b06d4 method=java.util.regex.Pattern$5.isSatisfiedBy(I)Z @ 16
Event: 13.789 Thread 0x000000000b7e7800 Uncommon trap: reason=bimorphic action=maybe_recompile pc=0x00000000031b06d4 method=java.util.regex.Pattern$5.isSatisfiedBy(I)Z @ 16
Event: 13.789 Thread 0x000000000b7e7800 Uncommon trap: reason=bimorphic action=maybe_recompile pc=0x00000000031b06d4 method=java.util.regex.Pattern$5.isSatisfiedBy(I)Z @ 16
Event: 13.789 Thread 0x000000000b7e7800 Uncommon trap: reason=bimorphic action=maybe_recompile pc=0x00000000031b06d4 method=java.util.regex.Pattern$5.isSatisfiedBy(I)Z @ 16
Event: 13.789 Thread 0x000000000b7e7800 Uncommon trap: reason=bimorphic action=maybe_recompile pc=0x00000000031b06d4 method=java.util.regex.Pattern$5.isSatisfiedBy(I)Z @ 16
Event: 14.206 Thread 0x000000000b7e7800 Uncommon trap: reason=unloaded action=reinterpret pc=0x000000000329310c method=groovy.lang.MetaClassImpl.checkIfStdMethod(Lgroovy/lang/MetaMethod;)V @ 171
Event: 14.319 Thread 0x000000000b7e7800 Uncommon trap: reason=unreached action=reinterpret pc=0x000000000326d928 method=org.apache.ivy.core.IvyPatternHelper.substituteTokens(Ljava/lang/String;Ljava/util/Map;)Ljava/lang/String; @ 438
Event: 14.641 Thread 0x000000000b7e7800 Uncommon trap: reason=unreached action=reinterpret pc=0x00000000031ccb70 method=java.lang.Integer.parseInt(Ljava/lang/String;I)I @ 1

Internal exceptions (10 events):
Event: 14.635 Thread 0x000000000b7e7800 Threw 0x00000000ee436148 at C:\re\jdk7u79\2331\hotspot\src\share\vm\prims\jvm.cpp:1304
Event: 14.635 Thread 0x000000000b7e7800 Threw 0x00000000ee437410 at C:\re\jdk7u79\2331\hotspot\src\share\vm\prims\jvm.cpp:1304
Event: 14.635 Thread 0x000000000b7e7800 Threw 0x00000000ee43d260 at C:\re\jdk7u79\2331\hotspot\src\share\vm\prims\jvm.cpp:1304
Event: 14.636 Thread 0x000000000b7e7800 Threw 0x00000000ee446bc8 at C:\re\jdk7u79\2331\hotspot\src\share\vm\prims\jvm.cpp:1304
Event: 14.636 Thread 0x000000000b7e7800 Threw 0x00000000ee447dd8 at C:\re\jdk7u79\2331\hotspot\src\share\vm\prims\jvm.cpp:1304
Event: 14.636 Thread 0x000000000b7e7800 Threw 0x00000000ee44ce38 at C:\re\jdk7u79\2331\hotspot\src\share\vm\prims\jvm.cpp:1304
Event: 14.638 Thread 0x000000000b7e7800 Threw 0x00000000ee456ad0 at C:\re\jdk7u79\2331\hotspot\src\share\vm\prims\jvm.cpp:1304
Event: 14.638 Thread 0x000000000b7e7800 Threw 0x00000000ee457db0 at C:\re\jdk7u79\2331\hotspot\src\share\vm\prims\jvm.cpp:1304
Event: 14.638 Thread 0x000000000b7e7800 Threw 0x00000000ee45dd90 at C:\re\jdk7u79\2331\hotspot\src\share\vm\prims\jvm.cpp:1304
Event: 14.641 Thread 0x000000000b7e7800 Implicit null exception at 0x00000000031cc66f to 0x00000000031ccb5d

Events (10 events):
Event: 14.700 loading class 0x000000000ef01420
Event: 14.701 loading class 0x000000000ef01420 done
Event: 14.701 loading class 0x000000000ef03a00
Event: 14.701 loading class 0x000000000ef03a00 done
Event: 14.704 loading class 0x000000000e52ce50
Event: 14.704 loading class 0x000000000e52ce50 done
Event: 14.704 loading class 0x000000000d4c2f20
Event: 14.704 loading class 0x000000000d4c2f20 done
Event: 14.705 loading class 0x000000000d4c2eb0
Event: 14.705 loading class 0x000000000d4c2eb0 done


Dynamic libraries:
0x00007ff6d7920000 - 0x00007ff6d7953000 	C:\Program Files\Java\jdk1.7.0_79\bin\java.exe
0x00007fff55720000 - 0x00007fff558e1000 	C:\WINDOWS\SYSTEM32\ntdll.dll
0x00007fff554e0000 - 0x00007fff5558d000 	C:\WINDOWS\system32\KERNEL32.DLL
0x00007fff529e0000 - 0x00007fff52bbd000 	C:\WINDOWS\system32\KERNELBASE.dll
0x00007fff533f0000 - 0x00007fff53496000 	C:\WINDOWS\system32\ADVAPI32.dll
0x00007fff53350000 - 0x00007fff533ed000 	C:\WINDOWS\system32\msvcrt.dll
0x00007fff54cc0000 - 0x00007fff54d1b000 	C:\WINDOWS\system32\sechost.dll
0x00007fff55050000 - 0x00007fff55176000 	C:\WINDOWS\system32\RPCRT4.dll
0x00007fff55330000 - 0x00007fff5547e000 	C:\WINDOWS\system32\USER32.dll
0x00007fff54ec0000 - 0x00007fff55046000 	C:\WINDOWS\system32\GDI32.dll
0x00007fff43d20000 - 0x00007fff43f94000 	C:\WINDOWS\WinSxS\amd64_microsoft.windows.common-controls_6595b64144ccf1df_6.0.10240.16384_none_f41f7b285750ef43\COMCTL32.dll
0x00007fff556e0000 - 0x00007fff55716000 	C:\WINDOWS\system32\IMM32.DLL
0x00007fff53620000 - 0x00007fff5377c000 	C:\WINDOWS\system32\MSCTF.dll
0x0000000180000000 - 0x00000001800e7000 	C:\Program Files (x86)\MacType\MacType64.dll
0x00007fff3de40000 - 0x00007fff3de61000 	C:\Program Files (x86)\MacType\EasyHK64.dll
0x00007fff53530000 - 0x00007fff53538000 	C:\WINDOWS\system32\PSAPI.DLL
0x0000000064aa0000 - 0x0000000064b72000 	C:\Program Files\Java\jdk1.7.0_79\jre\bin\msvcr100.dll
0x0000000064fd0000 - 0x00000000657a5000 	C:\Program Files\Java\jdk1.7.0_79\jre\bin\server\jvm.dll
0x00007fff4f220000 - 0x00007fff4f229000 	C:\WINDOWS\SYSTEM32\WSOCK32.dll
0x00007fff54d20000 - 0x00007fff54d89000 	C:\WINDOWS\system32\WS2_32.dll
0x00007fff53520000 - 0x00007fff53528000 	C:\WINDOWS\system32\NSI.dll
0x00007fff48620000 - 0x00007fff48643000 	C:\WINDOWS\SYSTEM32\WINMM.dll
0x00007fff48460000 - 0x00007fff4848c000 	C:\WINDOWS\SYSTEM32\WINMMBASE.dll
0x00007fff521f0000 - 0x00007fff52234000 	C:\WINDOWS\system32\cfgmgr32.dll
0x00007fff51e50000 - 0x00007fff51e77000 	C:\WINDOWS\SYSTEM32\DEVOBJ.dll
0x0000000065b10000 - 0x0000000065b1f000 	C:\Program Files\Java\jdk1.7.0_79\jre\bin\verify.dll
0x0000000065ae0000 - 0x0000000065b08000 	C:\Program Files\Java\jdk1.7.0_79\jre\bin\java.dll
0x0000000064ed0000 - 0x0000000064ee5000 	C:\Program Files\Java\jdk1.7.0_79\jre\bin\zip.dll
0x0000000064eb0000 - 0x0000000064eca000 	C:\Program Files\Java\jdk1.7.0_79\jre\bin\net.dll
0x000000000b930000 - 0x000000000b9a8000 	C:\windows\system32\ASProxy64.dll
0x00007fff55590000 - 0x00007fff556d1000 	C:\WINDOWS\system32\ole32.dll
0x00007fff52f00000 - 0x00007fff5317c000 	C:\WINDOWS\system32\combase.dll
0x000000000b9b0000 - 0x000000000ba6e000 	C:\WINDOWS\system32\OLEAUT32.dll
0x00007fff516b0000 - 0x00007fff5170d000 	C:\WINDOWS\SYSTEM32\MSWSOCK.dll
0x00007fff505f0000 - 0x00007fff50628000 	C:\WINDOWS\SYSTEM32\IPHLPAPI.DLL
0x00007fff50750000 - 0x00007fff5075a000 	C:\WINDOWS\SYSTEM32\VERSION.dll
0x00007fff505e0000 - 0x00007fff505eb000 	C:\WINDOWS\SYSTEM32\WINNSI.DLL
0x00007fff51a60000 - 0x00007fff51a8c000 	C:\WINDOWS\SYSTEM32\SspiCli.dll
0x00007fff521e0000 - 0x00007fff521ef000 	C:\WINDOWS\system32\kernel.appcore.dll
0x00007fff51f70000 - 0x00007fff51fdb000 	C:\WINDOWS\SYSTEM32\bcryptPrimitives.dll
0x00007fff50c20000 - 0x00007fff50cb6000 	C:\WINDOWS\system32\uxtheme.dll
0x00007fff451c0000 - 0x00007fff45262000 	C:\Program Files\Common Files\microsoft shared\ink\tiptsf.dll
0x00007fff52df0000 - 0x00007fff52e95000 	C:\WINDOWS\system32\clbcatq.dll
0x00007fff51710000 - 0x00007fff51727000 	C:\WINDOWS\SYSTEM32\cryptsp.dll
0x00007fff52080000 - 0x00007fff520a8000 	C:\WINDOWS\SYSTEM32\bcrypt.dll
0x00007fff51360000 - 0x00007fff51393000 	C:\WINDOWS\system32\rsaenh.dll
0x00007fff51880000 - 0x00007fff5188b000 	C:\WINDOWS\SYSTEM32\CRYPTBASE.dll
0x00007fff51fe0000 - 0x00007fff52078000 	C:\WINDOWS\SYSTEM32\sxs.dll
0x0000000064e90000 - 0x0000000064ea1000 	C:\Program Files\Java\jdk1.7.0_79\jre\bin\nio.dll
0x00007fff51450000 - 0x00007fff5146f000 	C:\WINDOWS\SYSTEM32\USERENV.dll
0x00007fff521c0000 - 0x00007fff521d3000 	C:\WINDOWS\system32\profapi.dll
0x00007fff4d530000 - 0x00007fff4d546000 	C:\WINDOWS\SYSTEM32\dhcpcsvc6.DLL
0x00007fff4d4b0000 - 0x00007fff4d4ca000 	C:\WINDOWS\SYSTEM32\dhcpcsvc.DLL
0x00007fff44ba0000 - 0x00007fff44bb2000 	C:\Users\David\AppData\Local\Temp\native-platform1429665062487115104dir\native-platform.dll
0x00007fff52ea0000 - 0x00007fff52ef1000 	C:\WINDOWS\system32\SHLWAPI.dll
0x0000000064bc0000 - 0x0000000064be4000 	C:\Program Files\Java\jdk1.7.0_79\jre\bin\sunec.dll
0x0000000064bb0000 - 0x0000000064bbb000 	C:\Program Files\Java\jdk1.7.0_79\jre\bin\sunmscapi.dll
0x00007fff52c20000 - 0x00007fff52de1000 	C:\WINDOWS\system32\CRYPT32.dll
0x00007fff521a0000 - 0x00007fff521b1000 	C:\WINDOWS\system32\MSASN1.dll
0x00007fff40050000 - 0x00007fff40065000 	C:\WINDOWS\system32\napinsp.dll
0x00007fff40030000 - 0x00007fff4004a000 	C:\WINDOWS\system32\pnrpnsp.dll
0x00007fff4d300000 - 0x00007fff4d318000 	C:\WINDOWS\system32\NLAapi.dll
0x00007fff514b0000 - 0x00007fff51558000 	C:\WINDOWS\SYSTEM32\DNSAPI.dll
0x00007fff40070000 - 0x00007fff4007d000 	C:\WINDOWS\System32\winrnr.dll
0x00007fff4d290000 - 0x00007fff4d2a5000 	C:\WINDOWS\system32\wshbth.dll
0x00007fff49ad0000 - 0x00007fff49ada000 	C:\Windows\System32\rasadhlp.dll
0x00007fff4c5e0000 - 0x00007fff4c648000 	C:\WINDOWS\System32\fwpuclnt.dll
0x00007fff51cc0000 - 0x00007fff51e4a000 	C:\WINDOWS\SYSTEM32\dbghelp.dll

VM Arguments:
jvm_args: -XX:MaxPermSize=256m -XX:+HeapDumpOnOutOfMemoryError -Xmx1024m -Dfile.encoding=GBK -Duser.country=CN -Duser.language=zh -Duser.variant 
java_command: org.gradle.launcher.daemon.bootstrap.GradleDaemon 2.2.1 C:\Users\David\.gradle\daemon 10800000 5da1bc51-2eb4-4446-a605-0751e7f7830a -XX:MaxPermSize=256m -XX:+HeapDumpOnOutOfMemoryError -Xmx1024m -Dfile.encoding=GBK -Duser.country=CN -Duser.language=zh -Duser.variant
Launcher Type: SUN_STANDARD

Environment Variables:
CLASSPATH=.;C:\Program Files (x86)\QuickTime\QTSystem\QTJava.zip
PATH=C:\Program Files (x86)\MacType\;C:\WINDOWS\system32;C:\WINDOWS;C:\WINDOWS\System32\Wbem;C:\WINDOWS\System32\WindowsPowerShell\v1.0\;C:\Program Files\nodejs\;C:\Program Files (x86)\Microsoft SQL Server\100\Tools\Binn\;C:\Program Files\Microsoft SQL Server\100\Tools\Binn\;C:\Program Files\Microsoft SQL Server\100\DTS\Binn\;C:\Program Files (x86)\QuickTime\QTSystem\;C:\Users\David\AppData\Roaming\npm;C:\Program Files\nodejs;C:\Users\David\AppData\Local\.meteor\;C:\Program Files (x86)\MacType
USERNAME=David
OS=Windows_NT
PROCESSOR_IDENTIFIER=Intel64 Family 6 Model 69 Stepping 1, GenuineIntel



---------------  S Y S T E M  ---------------

OS: Windows 8.1 , 64 bit Build 9600 

CPU:total 4 (2 cores per cpu, 2 threads per core) family 6 model 69 stepping 1, cmov, cx8, fxsr, mmx, sse, sse2, sse3, ssse3, sse4.1, sse4.2, popcnt, avx, avx2, aes, erms, ht, tsc, tscinvbit

Memory: 4k page, physical 8291400k(2702868k free), swap 15893576k(7200188k free)

vm_info: Java HotSpot(TM) 64-Bit Server VM (24.79-b02) for windows-amd64 JRE (1.7.0_79-b15), built on Apr 10 2015 12:36:16 by "java_re" with unknown MS VC++:1600

time: Thu Jul 30 16:06:37 2015
elapsed time: 14 seconds

