#
# A fatal error has been detected by the Java Runtime Environment:
#
#  EXCEPTION_ACCESS_VIOLATION (0xc0000005) at pc=0x000000000b87cd0b, pid=11944, tid=15632
#
# JRE version: Java(TM) SE Runtime Environment (7.0_79-b15) (build 1.7.0_79-b15)
# Java VM: Java HotSpot(TM) 64-Bit Server VM (24.79-b02 mixed mode windows-amd64 compressed oops)
# Problematic frame:
# C  [ASProxy64.dll+0x2cd0b]
#
# Failed to write core dump. Minidumps are not enabled by default on client versions of Windows
#
# If you would like to submit a bug report, please visit:
#   http://bugreport.java.com/bugreport/crash.jsp
# The crash happened outside the Java Virtual Machine in native code.
# See problematic frame for where to report the bug.
#

---------------  T H R E A D  ---------------

Current thread (0x000000000ace1800):  JavaThread "Daemon worker Thread 4" [_thread_in_native, id=15632, stack(0x000000000c5c0000,0x000000000c6c0000)]

siginfo: ExceptionCode=0xc0000005, writing address 0x0000000000000000

Registers:
RAX=0x0000000000000000, RBX=0x0000000000a5b7a0, RCX=0x0000000000a5b744, RDX=0x000000000c6b7fa8
RSP=0x000000000c6b7fb0, RBP=0x0000000000000000, RSI=0x000000000b415228, RDI=0x0000000000000000
R8 =0x000000000b8beb38, R9 =0x0000000000000000, R10=0x0000000000000000, R11=0x0000000000000064
R12=0x0000000000000002, R13=0x000000000c6b81c0, R14=0x000000000cd45af0, R15=0x0000000000000002
RIP=0x000000000b87cd0b, EFLAGS=0x0000000000010246

Top of Stack: (sp=0x000000000c6b7fb0)
0x000000000c6b7fb0:   0000000000000000 000000000c6b00f8
0x000000000c6b7fc0:   fffffffffffffffe 000000000cd45ae0
0x000000000c6b7fd0:   000000000ace19e8 000000000b87dbf2
0x000000000c6b7fe0:   000000000b8beac0 0000000000a5b7a0
0x000000000c6b7ff0:   000000000b966ca0 000000000b966ca0
0x000000000c6b8000:   000000000cd45af0 000000000c6b00c0
0x000000000c6b8010:   fffffffffffffffe 0000000000000000
0x000000000c6b8020:   000000000ace1800 000000000b87db42
0x000000000c6b8030:   0000000000a5b7a0 0000000000a5b7a0
0x000000000c6b8040:   000000000ace19e8 0000000062438d94
0x000000000c6b8050:   0000000000000000 000000000b415228
0x000000000c6b8060:   0000000000000002 000000000eb68e10
0x000000000c6b8070:   000000000ace19e8 0000000061b73766
0x000000000c6b8080:   0000000000a5b7a0 000000000ace19e8
0x000000000c6b8090:   000000000eb68e10 000000000b415228
0x000000000c6b80a0:   0000000000000002 0000000000a5b7a0 

Instructions: (pc=0x000000000b87cd0b)
0x000000000b87cceb:   fb 44 79 02 00 00 00 00 53 48 83 ec 20 48 8b d9
0x000000000b87ccfb:   48 89 7c 24 ff 25 00 00 00 00 b1 44 79 02 00 00
0x000000000b87cd0b:   00 00 89 04 24 8b 44 24 04 0f af 04 24 83 c0 02
0x000000000b87cd1b:   89 04 24 8b 44 24 04 0f af 04 24 83 c0 03 89 04 


Register to memory mapping:

RAX=0x0000000000000000 is an unknown value
RBX=0x0000000000a5b7a0 is an unknown value
RCX=0x0000000000a5b744 is an unknown value
RDX=0x000000000c6b7fa8 is pointing into the stack for thread: 0x000000000ace1800
RSP=0x000000000c6b7fb0 is pointing into the stack for thread: 0x000000000ace1800
RBP=0x0000000000000000 is an unknown value
RSI=0x000000000b415228 is an unknown value
RDI=0x0000000000000000 is an unknown value
R8 =0x000000000b8beb38 is an unknown value
R9 =0x0000000000000000 is an unknown value
R10=0x0000000000000000 is an unknown value
R11=0x0000000000000064 is an unknown value
R12=0x0000000000000002 is an unknown value
R13=0x000000000c6b81c0 is pointing into the stack for thread: 0x000000000ace1800
R14=0x000000000cd45af0 is an unknown value
R15=0x0000000000000002 is an unknown value


Stack: [0x000000000c5c0000,0x000000000c6c0000],  sp=0x000000000c6b7fb0,  free space=991k
Native frames: (J=compiled Java code, j=interpreted, Vv=VM code, C=native code)
C  [ASProxy64.dll+0x2cd0b]

[error occurred during error reporting (printing native stack), id 0xc0000005]

Java frames: (J=compiled Java code, j=interpreted, Vv=VM code)
j  java.net.Inet6AddressImpl.lookupAllHostAddr(Ljava/lang/String;)[Ljava/net/InetAddress;+0
j  java.net.InetAddress$1.lookupAllHostAddr(Ljava/lang/String;)[Ljava/net/InetAddress;+4
j  java.net.InetAddress.getAddressesFromNameService(Ljava/lang/String;Ljava/net/InetAddress;)[Ljava/net/InetAddress;+51
j  java.net.InetAddress.getAllByName0(Ljava/lang/String;Ljava/net/InetAddress;Z)[Ljava/net/InetAddress;+29
j  java.net.InetAddress.getAllByName(Ljava/lang/String;Ljava/net/InetAddress;)[Ljava/net/InetAddress;+383
j  java.net.InetAddress.getAllByName(Ljava/lang/String;)[Ljava/net/InetAddress;+2
j  org.apache.http.impl.conn.SystemDefaultDnsResolver.resolve(Ljava/lang/String;)[Ljava/net/InetAddress;+1
j  org.apache.http.impl.conn.DefaultClientConnectionOperator.resolveHostname(Ljava/lang/String;)[Ljava/net/InetAddress;+5
j  org.apache.http.impl.conn.DefaultClientConnectionOperator.openConnection(Lorg/apache/http/conn/OperatedClientConnection;Lorg/apache/http/HttpHost;Ljava/net/InetAddress;Lorg/apache/http/protocol/HttpContext;Lorg/apache/http/params/HttpParams;)V+87
j  org.apache.http.impl.conn.ManagedClientConnectionImpl.open(Lorg/apache/http/conn/routing/HttpRoute;Lorg/apache/http/protocol/HttpContext;Lorg/apache/http/params/HttpParams;)V+133
j  org.apache.http.impl.client.DefaultRequestDirector.tryConnect(Lorg/apache/http/impl/client/RoutedRequest;Lorg/apache/http/protocol/HttpContext;)V+49
j  org.apache.http.impl.client.DefaultRequestDirector.execute(Lorg/apache/http/HttpHost;Lorg/apache/http/HttpRequest;Lorg/apache/http/protocol/HttpContext;)Lorg/apache/http/HttpResponse;+367
j  org.apache.http.impl.client.AbstractHttpClient.execute(Lorg/apache/http/HttpHost;Lorg/apache/http/HttpRequest;Lorg/apache/http/protocol/HttpContext;)Lorg/apache/http/HttpResponse;+344
j  org.apache.http.impl.client.DecompressingHttpClient.execute(Lorg/apache/http/HttpHost;Lorg/apache/http/HttpRequest;Lorg/apache/http/protocol/HttpContext;)Lorg/apache/http/HttpResponse;+65
j  org.apache.http.impl.client.DecompressingHttpClient.execute(Lorg/apache/http/client/methods/HttpUriRequest;Lorg/apache/http/protocol/HttpContext;)Lorg/apache/http/HttpResponse;+8
j  org.gradle.internal.resource.transport.http.HttpClientHelper.performHttpRequest(Lorg/apache/http/client/methods/HttpRequestBase;)Lorg/apache/http/HttpResponse;+37
j  org.gradle.internal.resource.transport.http.HttpClientHelper.executeGetOrHead(Lorg/apache/http/client/methods/HttpRequestBase;)Lorg/apache/http/HttpResponse;+2
j  org.gradle.internal.resource.transport.http.HttpClientHelper.performRequest(Lorg/apache/http/client/methods/HttpRequestBase;)Lorg/apache/http/HttpResponse;+7
j  org.gradle.internal.resource.transport.http.HttpClientHelper.performRawGet(Ljava/lang/String;)Lorg/apache/http/HttpResponse;+9
j  org.gradle.internal.resource.transport.http.HttpClientHelper.performGet(Ljava/lang/String;)Lorg/apache/http/HttpResponse;+6
j  org.gradle.internal.resource.transport.http.HttpResourceAccessor.openResource(Ljava/net/URI;)Lorg/gradle/internal/resource/transport/http/HttpResponseResource;+25
j  org.gradle.internal.resource.transport.http.HttpResourceAccessor.openResource(Ljava/net/URI;)Lorg/gradle/internal/resource/transfer/ExternalResourceReadResponse;+2
j  org.gradle.internal.resource.transfer.DefaultExternalResourceConnector.openResource(Ljava/net/URI;)Lorg/gradle/internal/resource/transfer/ExternalResourceReadResponse;+5
j  org.gradle.internal.resource.transfer.ProgressLoggingExternalResourceAccessor.openResource(Ljava/net/URI;)Lorg/gradle/internal/resource/transfer/ExternalResourceReadResponse;+5
j  org.gradle.internal.resource.transport.DefaultExternalResourceRepository.getResource(Ljava/net/URI;)Lorg/gradle/internal/resource/ExternalResource;+5
j  org.gradle.internal.resource.transfer.DefaultCacheAwareExternalResourceAccessor.getResource(Ljava/net/URI;Lorg/gradle/internal/resource/transfer/CacheAwareExternalResourceAccessor$ResourceFileStore;Lorg/gradle/internal/resource/local/LocallyAvailableResourceCandidates;)Lorg/gradle/internal/resource/local/LocallyAvailableExternalResource;+57
j  org.gradle.api.internal.artifacts.repositories.resolver.DefaultExternalResourceArtifactResolver.downloadStaticResource(Ljava/util/List;Lorg/gradle/internal/component/external/model/ModuleComponentArtifactMetaData;Lorg/gradle/internal/resolve/result/ResourceAwareResolveResult;)Lorg/gradle/internal/resource/local/LocallyAvailableExternalResource;+92
j  org.gradle.api.internal.artifacts.repositories.resolver.DefaultExternalResourceArtifactResolver.resolveMetaDataArtifact(Lorg/gradle/internal/component/external/model/ModuleComponentArtifactMetaData;Lorg/gradle/internal/resolve/result/ResourceAwareResolveResult;)Lorg/gradle/internal/resource/local/LocallyAvailableExternalResource;+7
j  org.gradle.api.internal.artifacts.repositories.resolver.ExternalResourceResolver.parseMetaDataFromArtifact(Lorg/gradle/api/artifacts/component/ModuleComponentIdentifier;Lorg/gradle/api/internal/artifacts/repositories/resolver/ExternalResourceArtifactResolver;Lorg/gradle/internal/resolve/result/ResourceAwareResolveResult;)Lorg/gradle/internal/component/external/model/MutableModuleComponentResolveMetaData;+11
j  org.gradle.api.internal.artifacts.repositories.resolver.ExternalResourceResolver.resolveStaticDependency(Lorg/gradle/internal/component/model/DependencyMetaData;Lorg/gradle/api/artifacts/component/ModuleComponentIdentifier;Lorg/gradle/internal/resolve/result/BuildableModuleComponentMetaDataResolveResult;Lorg/gradle/api/internal/artifacts/repositories/resolver/ExternalResourceArtifactResolver;)V+5
j  org.gradle.api.internal.artifacts.repositories.resolver.MavenResolver.doResolveComponentMetaData(Lorg/gradle/internal/component/model/DependencyMetaData;Lorg/gradle/api/artifacts/component/ModuleComponentIdentifier;Lorg/gradle/internal/resolve/result/BuildableModuleComponentMetaDataResolveResult;)V+84
j  org.gradle.api.internal.artifacts.repositories.resolver.ExternalResourceResolver$RemoteRepositoryAccess.resolveComponentMetaData(Lorg/gradle/internal/component/model/DependencyMetaData;Lorg/gradle/api/artifacts/component/ModuleComponentIdentifier;Lorg/gradle/internal/resolve/result/BuildableModuleComponentMetaDataResolveResult;)V+7
j  org.gradle.api.internal.artifacts.ivyservice.ivyresolve.CacheLockReleasingModuleComponentsRepository$LockReleasingRepositoryAccess$2.run()V+19
j  org.gradle.internal.Factories$1.create()Ljava/lang/Object;+4
j  org.gradle.cache.internal.DefaultCacheAccess.longRunningOperation(Ljava/lang/String;Lorg/gradle/internal/Factory;)Ljava/lang/Object;+7
j  org.gradle.cache.internal.DefaultCacheAccess.longRunningOperation(Ljava/lang/String;Ljava/lang/Runnable;)V+6
j  org.gradle.cache.internal.DefaultPersistentDirectoryStore.longRunningOperation(Ljava/lang/String;Ljava/lang/Runnable;)V+6
j  org.gradle.cache.internal.DefaultCacheFactory$ReferenceTrackingCache.longRunningOperation(Ljava/lang/String;Ljava/lang/Runnable;)V+9
j  org.gradle.api.internal.artifacts.ivyservice.DefaultCacheLockingManager.longRunningOperation(Ljava/lang/String;Ljava/lang/Runnable;)V+6
j  org.gradle.api.internal.artifacts.ivyservice.ivyresolve.CacheLockReleasingModuleComponentsRepository$LockReleasingRepositoryAccess.resolveComponentMetaData(Lorg/gradle/internal/component/model/DependencyMetaData;Lorg/gradle/api/artifacts/component/ModuleComponentIdentifier;Lorg/gradle/internal/resolve/result/BuildableModuleComponentMetaDataResolveResult;)V+35
j  org.gradle.api.internal.artifacts.ivyservice.ivyresolve.CachingModuleComponentRepository$ResolveAndCacheRepositoryAccess.resolveComponentMetaData(Lorg/gradle/internal/component/model/DependencyMetaData;Lorg/gradle/api/artifacts/component/ModuleComponentIdentifier;Lorg/gradle/internal/resolve/result/BuildableModuleComponentMetaDataResolveResult;)V+24
j  org.gradle.api.internal.artifacts.ivyservice.ivyresolve.BaseModuleComponentRepositoryAccess.resolveComponentMetaData(Lorg/gradle/internal/component/model/DependencyMetaData;Lorg/gradle/api/artifacts/component/ModuleComponentIdentifier;Lorg/gradle/internal/resolve/result/BuildableModuleComponentMetaDataResolveResult;)V+7
j  org.gradle.api.internal.artifacts.ivyservice.ivyresolve.memcache.InMemoryCachedModuleComponentRepository$CachedAccess.resolveComponentMetaData(Lorg/gradle/internal/component/model/DependencyMetaData;Lorg/gradle/api/artifacts/component/ModuleComponentIdentifier;Lorg/gradle/internal/resolve/result/BuildableModuleComponentMetaDataResolveResult;)V+16
j  org.gradle.api.internal.artifacts.ivyservice.ivyresolve.ErrorHandlingModuleComponentRepository$ErrorHandlingModuleComponentRepositoryAccess.resolveComponentMetaData(Lorg/gradle/internal/component/model/DependencyMetaData;Lorg/gradle/api/artifacts/component/ModuleComponentIdentifier;Lorg/gradle/internal/resolve/result/BuildableModuleComponentMetaDataResolveResult;)V+7
j  org.gradle.api.internal.artifacts.ivyservice.ivyresolve.ComponentMetaDataResolveState.process(Lorg/gradle/api/internal/artifacts/ivyservice/ivyresolve/ModuleComponentRepositoryAccess;)V+13
j  org.gradle.api.internal.artifacts.ivyservice.ivyresolve.ComponentMetaDataResolveState.resolve()Lorg/gradle/internal/resolve/result/BuildableModuleComponentMetaDataResolveResult;+77
j  org.gradle.api.internal.artifacts.ivyservice.ivyresolve.RepositoryChainDependencyResolver.findBestMatch(Ljava/util/LinkedList;Ljava/util/Collection;Ljava/util/Collection;)Lorg/gradle/api/internal/artifacts/ivyservice/ivyresolve/RepositoryChainModuleResolution;+21
j  org.gradle.api.internal.artifacts.ivyservice.ivyresolve.RepositoryChainDependencyResolver.findBestMatch(Ljava/util/List;Ljava/util/Collection;)Lorg/gradle/api/internal/artifacts/ivyservice/ivyresolve/RepositoryChainModuleResolution;+28
j  org.gradle.api.internal.artifacts.ivyservice.ivyresolve.RepositoryChainDependencyResolver.resolve(Lorg/gradle/internal/component/model/DependencyMetaData;Lorg/gradle/internal/resolve/result/BuildableComponentResolveResult;)V+159
j  org.gradle.api.internal.artifacts.ivyservice.ivyresolve.RepositoryChainAdapter.resolve(Lorg/gradle/internal/component/model/DependencyMetaData;Lorg/gradle/api/artifacts/component/ComponentIdentifier;Lorg/gradle/internal/resolve/result/BuildableComponentResolveResult;)V+64
j  org.gradle.api.internal.artifacts.ivyservice.clientmodule.ClientModuleResolver.resolve(Lorg/gradle/internal/component/model/DependencyMetaData;Lorg/gradle/api/artifacts/component/ComponentIdentifier;Lorg/gradle/internal/resolve/result/BuildableComponentResolveResult;)V+7
j  org.gradle.api.internal.artifacts.ivyservice.resolveengine.graph.DependencyGraphBuilder$ModuleVersionResolveState.resolve()V+89
j  org.gradle.api.internal.artifacts.ivyservice.resolveengine.graph.DependencyGraphBuilder$ModuleVersionResolveState.getMetaData()Lorg/gradle/internal/component/model/ComponentResolveMetaData;+8
j  org.gradle.api.internal.artifacts.ivyservice.resolveengine.graph.DependencyGraphBuilder$DependencyEdge.calculateTargetConfigurations()V+13
j  org.gradle.api.internal.artifacts.ivyservice.resolveengine.graph.DependencyGraphBuilder$DependencyEdge.attachToTargetConfigurations()V+15
j  org.gradle.api.internal.artifacts.ivyservice.resolveengine.graph.DependencyGraphBuilder.traverseGraph(Lorg/gradle/api/internal/artifacts/ivyservice/resolveengine/graph/DependencyGraphBuilder$ResolveState;Lorg/gradle/api/internal/artifacts/ivyservice/resolveengine/graph/conflicts/ConflictHandler;)V+229
j  org.gradle.api.internal.artifacts.ivyservice.resolveengine.graph.DependencyGraphBuilder.resolveDependencyGraph(Lorg/gradle/api/internal/artifacts/configurations/ConfigurationInternal;Lorg/gradle/api/internal/artifacts/ivyservice/resolveengine/graph/DependencyGraphVisitor;)V+94
j  org.gradle.api.internal.artifacts.ivyservice.resolveengine.graph.DependencyGraphBuilder.resolve(Lorg/gradle/api/internal/artifacts/configurations/ConfigurationInternal;Lorg/gradle/api/internal/artifacts/ivyservice/resolveengine/result/ResolutionResultBuilder;Lorg/gradle/api/internal/artifacts/ivyservice/resolveengine/oldresult/ResolvedConfigurationBuilder;Lorg/gradle/api/internal/artifacts/ivyservice/resolveengine/projectresult/ResolvedProjectConfigurationResultBuilder;)V+67
j  org.gradle.api.internal.artifacts.ivyservice.resolveengine.DefaultDependencyResolver$1.execute(Lorg/apache/ivy/Ivy;)V+325
j  org.gradle.api.internal.artifacts.ivyservice.resolveengine.DefaultDependencyResolver$1.execute(Ljava/lang/Object;)V+5
j  org.gradle.internal.Transformers$4.transform(Ljava/lang/Object;)Ljava/lang/Object;+5
j  org.gradle.api.internal.artifacts.ivyservice.DefaultIvyContextManager.withIvy(Lorg/gradle/api/Transformer;)Ljava/lang/Object;+96
j  org.gradle.api.internal.artifacts.ivyservice.DefaultIvyContextManager.withIvy(Lorg/gradle/api/Action;)V+5
j  org.gradle.api.internal.artifacts.ivyservice.resolveengine.DefaultDependencyResolver.resolve(Lorg/gradle/api/internal/artifacts/configurations/ConfigurationInternal;Ljava/util/List;Lorg/gradle/api/internal/artifacts/GlobalDependencyResolutionRules;Lorg/gradle/api/internal/artifacts/ResolverResults;)V+28
j  org.gradle.api.internal.artifacts.ivyservice.CacheLockingArtifactDependencyResolver$1.run()V+23
j  org.gradle.internal.Factories$1.create()Ljava/lang/Object;+4
j  org.gradle.cache.internal.DefaultCacheAccess.useCache(Ljava/lang/String;Lorg/gradle/internal/Factory;)Ljava/lang/Object;+80
j  org.gradle.cache.internal.DefaultCacheAccess.useCache(Ljava/lang/String;Ljava/lang/Runnable;)V+6
j  org.gradle.cache.internal.DefaultPersistentDirectoryStore.useCache(Ljava/lang/String;Ljava/lang/Runnable;)V+6
j  org.gradle.cache.internal.DefaultCacheFactory$ReferenceTrackingCache.useCache(Ljava/lang/String;Ljava/lang/Runnable;)V+9
j  org.gradle.api.internal.artifacts.ivyservice.DefaultCacheLockingManager.useCache(Ljava/lang/String;Ljava/lang/Runnable;)V+6
j  org.gradle.api.internal.artifacts.ivyservice.CacheLockingArtifactDependencyResolver.resolve(Lorg/gradle/api/internal/artifacts/configurations/ConfigurationInternal;Ljava/util/List;Lorg/gradle/api/internal/artifacts/GlobalDependencyResolutionRules;Lorg/gradle/api/internal/artifacts/ResolverResults;)V+30
j  org.gradle.api.internal.artifacts.ivyservice.SelfResolvingDependencyResolver.resolve(Lorg/gradle/api/internal/artifacts/configurations/ConfigurationInternal;Ljava/util/List;Lorg/gradle/api/internal/artifacts/GlobalDependencyResolutionRules;Lorg/gradle/api/internal/artifacts/ResolverResults;)V+9
j  org.gradle.api.internal.artifacts.ivyservice.ShortcircuitEmptyConfigsArtifactDependencyResolver.resolve(Lorg/gradle/api/internal/artifacts/configurations/ConfigurationInternal;Ljava/util/List;Lorg/gradle/api/internal/artifacts/GlobalDependencyResolutionRules;Lorg/gradle/api/internal/artifacts/ResolverResults;)V+102
j  org.gradle.api.internal.artifacts.ivyservice.ErrorHandlingArtifactDependencyResolver.resolve(Lorg/gradle/api/internal/artifacts/configurations/ConfigurationInternal;Ljava/util/List;Lorg/gradle/api/internal/artifacts/GlobalDependencyResolutionRules;Lorg/gradle/api/internal/artifacts/ResolverResults;)V+9
j  org.gradle.api.internal.artifacts.ivyservice.DefaultConfigurationResolver.resolve(Lorg/gradle/api/internal/artifacts/configurations/ConfigurationInternal;)Lorg/gradle/api/internal/artifacts/ResolverResults;+33
j  org.gradle.api.internal.artifacts.configurations.DefaultConfiguration.resolveNow()V+40
j  org.gradle.api.internal.artifacts.configurations.DefaultConfiguration.getResolvedConfiguration()Lorg/gradle/api/artifacts/ResolvedConfiguration;+1
j  org.gradle.api.internal.artifacts.configurations.DefaultConfiguration_Decorated.getResolvedConfiguration()Lorg/gradle/api/artifacts/ResolvedConfiguration;+7
j  com.android.build.gradle.internal.DependencyManager.collectArtifacts(Lorg/gradle/api/artifacts/Configuration;Ljava/util/Map;)V+37
j  com.android.build.gradle.internal.DependencyManager.resolveDependencyForConfig(Lcom/android/build/gradle/internal/dependency/VariantDependencies;Lcom/android/build/gradle/internal/dependency/VariantDependencies;Lcom/google/common/collect/Multimap;)V+39
j  com.android.build.gradle.internal.DependencyManager.resolveDependencies(Lcom/android/build/gradle/internal/dependency/VariantDependencies;Lcom/android/build/gradle/internal/dependency/VariantDependencies;)V+8
j  com.android.build.gradle.internal.TaskManager.resolveDependencies(Lcom/android/build/gradle/internal/dependency/VariantDependencies;Lcom/android/build/gradle/internal/dependency/VariantDependencies;)V+6
j  com.android.build.gradle.internal.VariantManager$8.call()Ljava/lang/Void;+12
j  com.android.build.gradle.internal.VariantManager$8.call()Ljava/lang/Object;+1
j  com.android.builder.profile.ThreadRecorder$1.record(Lcom/android/builder/profile/ExecutionType;Lcom/android/builder/profile/Recorder$Block;[Lcom/android/builder/profile/Recorder$Property;)Ljava/lang/Object;+1
j  com.android.builder.profile.Recorder$record.call(Ljava/lang/Object;Ljava/lang/Object;Ljava/lang/Object;Ljava/lang/Object;)Ljava/lang/Object;+29
j  com.android.build.gradle.internal.profile.SpanRecorders.record(Lorg/gradle/api/Project;Lcom/android/builder/profile/ExecutionType;Lcom/android/builder/profile/Recorder$Block;[Lcom/android/builder/profile/Recorder$Property;)Ljava/lang/Object;+158
j  com.android.build.gradle.internal.VariantManager.createVariantData(Lcom/android/builder/model/BuildType;Ljava/util/List;)Lcom/android/build/gradle/internal/variant/BaseVariantData;+653
j  com.android.build.gradle.internal.VariantManager.createVariantDataForProductFlavors(Ljava/util/List;)V+180
j  com.android.build.gradle.internal.VariantManager.populateVariantDataList()V+23
j  com.android.build.gradle.internal.VariantManager.createAndroidTasks()V+43
j  com.android.build.gradle.BasePlugin$_createAndroidTasks_closure15.doCall(Ljava/lang/Object;)Ljava/lang/Object;+11
j  com.android.build.gradle.BasePlugin$_createAndroidTasks_closure15.doCall()Ljava/lang/Object;+2
v  ~StubRoutines::call_stub
j  sun.reflect.NativeMethodAccessorImpl.invoke0(Ljava/lang/reflect/Method;Ljava/lang/Object;[Ljava/lang/Object;)Ljava/lang/Object;+0
j  sun.reflect.NativeMethodAccessorImpl.invoke(Ljava/lang/Object;[Ljava/lang/Object;)Ljava/lang/Object;+87
J 1204 C2 java.lang.reflect.Method.invoke(Ljava/lang/Object;[Ljava/lang/Object;)Ljava/lang/Object; (63 bytes) @ 0x000000000331ff38 [0x000000000331fec0+0x78]
j  org.codehaus.groovy.reflection.CachedMethod.invoke(Ljava/lang/Object;[Ljava/lang/Object;)Ljava/lang/Object;+6
j  groovy.lang.MetaMethod.doMethodInvoke(Ljava/lang/Object;[Ljava/lang/Object;)Ljava/lang/Object;+9
j  org.codehaus.groovy.runtime.metaclass.ClosureMetaClass.invokeMethod(Ljava/lang/Class;Ljava/lang/Object;Ljava/lang/String;[Ljava/lang/Object;ZZ)Ljava/lang/Object;+241
j  groovy.lang.MetaClassImpl.invokeMethod(Ljava/lang/Object;Ljava/lang/String;[Ljava/lang/Object;)Ljava/lang/Object;+10
j  org.codehaus.groovy.runtime.callsite.PogoMetaClassSite.call(Ljava/lang/Object;[Ljava/lang/Object;)Ljava/lang/Object;+18
j  org.codehaus.groovy.runtime.callsite.CallSiteArray.defaultCall(Lorg/codehaus/groovy/runtime/callsite/CallSite;Ljava/lang/Object;[Ljava/lang/Object;)Ljava/lang/Object;+8
j  org.codehaus.groovy.runtime.callsite.PogoMetaClassSite.call(Ljava/lang/Object;[Ljava/lang/Object;)Ljava/lang/Object;+91
j  org.codehaus.groovy.runtime.callsite.AbstractCallSite.call(Ljava/lang/Object;)Ljava/lang/Object;+5
j  com.android.build.gradle.internal.profile.SpanRecorders$2.call()Ljava/lang/Object;+15
j  com.android.builder.profile.ThreadRecorder$1.record(Lcom/android/builder/profile/ExecutionType;Lcom/android/builder/profile/Recorder$Block;[Lcom/android/builder/profile/Recorder$Property;)Ljava/lang/Object;+1
j  sun.reflect.GeneratedMethodAccessor18.invoke(Ljava/lang/Object;[Ljava/lang/Object;)Ljava/lang/Object;+56
J 1204 C2 java.lang.reflect.Method.invoke(Ljava/lang/Object;[Ljava/lang/Object;)Ljava/lang/Object; (63 bytes) @ 0x000000000331ff38 [0x000000000331fec0+0x78]
j  org.codehaus.groovy.runtime.callsite.PojoMetaMethodSite$PojoCachedMethodSite.invoke(Ljava/lang/Object;[Ljava/lang/Object;)Ljava/lang/Object;+19
j  org.codehaus.groovy.runtime.callsite.PojoMetaMethodSite.call(Ljava/lang/Object;[Ljava/lang/Object;)Ljava/lang/Object;+12
j  org.codehaus.groovy.runtime.callsite.AbstractCallSite.call(Ljava/lang/Object;Ljava/lang/Object;Ljava/lang/Object;Ljava/lang/Object;)Ljava/lang/Object;+9
j  com.android.build.gradle.internal.profile.SpanRecorders.record(Lorg/gradle/api/Project;Lcom/android/builder/profile/ExecutionType;Lgroovy/lang/Closure;)Ljava/lang/Object;+69
j  com.android.build.gradle.BasePlugin.createAndroidTasks(Z)V+276
j  com.android.build.gradle.BasePlugin$_createTasks_closure13_closure17.doCall(Ljava/lang/Object;)Ljava/lang/Object;+17
j  com.android.build.gradle.BasePlugin$_createTasks_closure13_closure17.doCall()Ljava/lang/Object;+2
v  ~StubRoutines::call_stub
j  sun.reflect.NativeMethodAccessorImpl.invoke0(Ljava/lang/reflect/Method;Ljava/lang/Object;[Ljava/lang/Object;)Ljava/lang/Object;+0
j  sun.reflect.NativeMethodAccessorImpl.invoke(Ljava/lang/Object;[Ljava/lang/Object;)Ljava/lang/Object;+87
J 1204 C2 java.lang.reflect.Method.invoke(Ljava/lang/Object;[Ljava/lang/Object;)Ljava/lang/Object; (63 bytes) @ 0x000000000331ff38 [0x000000000331fec0+0x78]
j  org.codehaus.groovy.reflection.CachedMethod.invoke(Ljava/lang/Object;[Ljava/lang/Object;)Ljava/lang/Object;+6
j  groovy.lang.MetaMethod.doMethodInvoke(Ljava/lang/Object;[Ljava/lang/Object;)Ljava/lang/Object;+9
j  org.codehaus.groovy.runtime.metaclass.ClosureMetaClass.invokeMethod(Ljava/lang/Class;Ljava/lang/Object;Ljava/lang/String;[Ljava/lang/Object;ZZ)Ljava/lang/Object;+241
j  groovy.lang.MetaClassImpl.invokeMethod(Ljava/lang/Object;Ljava/lang/String;[Ljava/lang/Object;)Ljava/lang/Object;+10
j  org.codehaus.groovy.runtime.callsite.PogoMetaClassSite.call(Ljava/lang/Object;[Ljava/lang/Object;)Ljava/lang/Object;+18
j  org.codehaus.groovy.runtime.callsite.CallSiteArray.defaultCall(Lorg/codehaus/groovy/runtime/callsite/CallSite;Ljava/lang/Object;[Ljava/lang/Object;)Ljava/lang/Object;+8
j  org.codehaus.groovy.runtime.callsite.PogoMetaClassSite.call(Ljava/lang/Object;[Ljava/lang/Object;)Ljava/lang/Object;+91
j  org.codehaus.groovy.runtime.callsite.AbstractCallSite.call(Ljava/lang/Object;)Ljava/lang/Object;+5
j  com.android.build.gradle.internal.profile.SpanRecorders$2.call()Ljava/lang/Object;+15
j  com.android.builder.profile.ThreadRecorder$1.record(Lcom/android/builder/profile/ExecutionType;Lcom/android/builder/profile/Recorder$Block;[Lcom/android/builder/profile/Recorder$Property;)Ljava/lang/Object;+1
j  sun.reflect.GeneratedMethodAccessor18.invoke(Ljava/lang/Object;[Ljava/lang/Object;)Ljava/lang/Object;+56
J 1204 C2 java.lang.reflect.Method.invoke(Ljava/lang/Object;[Ljava/lang/Object;)Ljava/lang/Object; (63 bytes) @ 0x000000000331ff38 [0x000000000331fec0+0x78]
j  org.codehaus.groovy.runtime.callsite.PojoMetaMethodSite$PojoCachedMethodSite.invoke(Ljava/lang/Object;[Ljava/lang/Object;)Ljava/lang/Object;+19
j  org.codehaus.groovy.runtime.callsite.PojoMetaMethodSite.call(Ljava/lang/Object;[Ljava/lang/Object;)Ljava/lang/Object;+12
j  org.codehaus.groovy.runtime.callsite.AbstractCallSite.call(Ljava/lang/Object;Ljava/lang/Object;Ljava/lang/Object;Ljava/lang/Object;)Ljava/lang/Object;+9
j  com.android.build.gradle.internal.profile.SpanRecorders.record(Lorg/gradle/api/Project;Lcom/android/builder/profile/ExecutionType;Lgroovy/lang/Closure;)Ljava/lang/Object;+69
j  com.android.build.gradle.BasePlugin$_createTasks_closure13.doCall(Ljava/lang/Object;)Ljava/lang/Object;+48
v  ~StubRoutines::call_stub
j  sun.reflect.NativeMethodAccessorImpl.invoke0(Ljava/lang/reflect/Method;Ljava/lang/Object;[Ljava/lang/Object;)Ljava/lang/Object;+0
j  sun.reflect.NativeMethodAccessorImpl.invoke(Ljava/lang/Object;[Ljava/lang/Object;)Ljava/lang/Object;+87
J 1204 C2 java.lang.reflect.Method.invoke(Ljava/lang/Object;[Ljava/lang/Object;)Ljava/lang/Object; (63 bytes) @ 0x000000000331ff38 [0x000000000331fec0+0x78]
j  org.codehaus.groovy.reflection.CachedMethod.invoke(Ljava/lang/Object;[Ljava/lang/Object;)Ljava/lang/Object;+6
j  groovy.lang.MetaMethod.doMethodInvoke(Ljava/lang/Object;[Ljava/lang/Object;)Ljava/lang/Object;+9
j  org.codehaus.groovy.runtime.metaclass.ClosureMetaClass.invokeMethod(Ljava/lang/Class;Ljava/lang/Object;Ljava/lang/String;[Ljava/lang/Object;ZZ)Ljava/lang/Object;+241
j  groovy.lang.MetaClassImpl.invokeMethod(Ljava/lang/Object;Ljava/lang/String;[Ljava/lang/Object;)Ljava/lang/Object;+10
j  groovy.lang.Closure.call([Ljava/lang/Object;)Ljava/lang/Object;+8
j  org.gradle.listener.ClosureBackedMethodInvocationDispatch.dispatch(Lorg/gradle/messaging/dispatch/MethodInvocation;)V+62
j  org.gradle.listener.ClosureBackedMethodInvocationDispatch.dispatch(Ljava/lang/Object;)V+5
J 941 C2 org.gradle.internal.event.BroadcastDispatch.dispatch(Lorg/gradle/messaging/dispatch/MethodInvocation;)V (147 bytes) @ 0x0000000003253e88 [0x0000000003253c40+0x248]
j  org.gradle.internal.event.BroadcastDispatch.dispatch(Ljava/lang/Object;)V+5
j  org.gradle.messaging.dispatch.ProxyDispatchAdapter$DispatchingInvocationHandler.invoke(Ljava/lang/Object;Ljava/lang/reflect/Method;[Ljava/lang/Object;)Ljava/lang/Object;+172
j  com.sun.proxy.$Proxy11.afterEvaluate(Lorg/gradle/api/Project;Lorg/gradle/api/ProjectState;)V+20
j  org.gradle.configuration.project.LifecycleProjectEvaluator.notifyAfterEvaluate(Lorg/gradle/api/ProjectEvaluationListener;Lorg/gradle/api/internal/project/ProjectInternal;Lorg/gradle/api/internal/project/ProjectStateInternal;)V+3
j  org.gradle.configuration.project.LifecycleProjectEvaluator.evaluate(Lorg/gradle/api/internal/project/ProjectInternal;Lorg/gradle/api/internal/project/ProjectStateInternal;)V+72
j  org.gradle.api.internal.project.AbstractProject.evaluate()Lorg/gradle/api/internal/project/AbstractProject;+9
j  org.gradle.api.internal.project.AbstractProject.evaluate()Lorg/gradle/api/Project;+1
j  org.gradle.execution.TaskPathProjectEvaluator.configure(Lorg/gradle/api/internal/project/ProjectInternal;)V+21
j  org.gradle.execution.TaskSelector.getSelection(Ljava/lang/String;Lorg/gradle/api/internal/project/ProjectInternal;)Lorg/gradle/execution/TaskSelector$TaskSelection;+29
j  org.gradle.execution.TaskSelector.getSelection(Ljava/lang/String;Ljava/lang/String;)Lorg/gradle/execution/TaskSelector$TaskSelection;+35
j  org.gradle.execution.commandline.CommandLineTaskParser.parseTasks(Lorg/gradle/TaskExecutionRequest;)Ljava/util/List;+51
j  org.gradle.execution.TaskNameResolvingBuildConfigurationAction.configure(Lorg/gradle/execution/BuildExecutionContext;)V+62
j  org.gradle.execution.DefaultBuildExecuter.configure(I)V+36
j  org.gradle.execution.DefaultBuildExecuter.access$100(Lorg/gradle/execution/DefaultBuildExecuter;I)V+2
j  org.gradle.execution.DefaultBuildExecuter$1.proceed()V+10
j  org.gradle.execution.ExcludedTaskFilteringBuildConfigurationAction.configure(Lorg/gradle/execution/BuildExecutionContext;)V+102
j  org.gradle.execution.DefaultBuildExecuter.configure(I)V+36
j  org.gradle.execution.DefaultBuildExecuter.access$100(Lorg/gradle/execution/DefaultBuildExecuter;I)V+2
j  org.gradle.execution.DefaultBuildExecuter$1.proceed()V+10
j  org.gradle.execution.DefaultTasksBuildExecutionAction.configure(Lorg/gradle/execution/BuildExecutionContext;)V+58
j  org.gradle.execution.DefaultBuildExecuter.configure(I)V+36
j  org.gradle.execution.DefaultBuildExecuter.select(Lorg/gradle/api/internal/GradleInternal;)V+7
j  org.gradle.initialization.DefaultGradleLauncher.doBuildStages(Lorg/gradle/initialization/DefaultGradleLauncher$Stage;)V+147
j  org.gradle.initialization.DefaultGradleLauncher.doBuild(Lorg/gradle/initialization/DefaultGradleLauncher$Stage;)Lorg/gradle/BuildResult;+27
j  org.gradle.initialization.DefaultGradleLauncher.run()Lorg/gradle/BuildResult;+4
j  org.gradle.launcher.exec.InProcessBuildActionExecuter$DefaultBuildController.run()Lorg/gradle/api/internal/GradleInternal;+5
j  org.gradle.tooling.internal.provider.runner.BuildModelActionRunner.run(Lorg/gradle/internal/invocation/BuildAction;Lorg/gradle/internal/invocation/BuildController;)V+72
j  org.gradle.launcher.exec.ChainingBuildActionRunner.run(Lorg/gradle/internal/invocation/BuildAction;Lorg/gradle/internal/invocation/BuildController;)V+34
j  org.gradle.launcher.exec.InProcessBuildActionExecuter.execute(Lorg/gradle/internal/invocation/BuildAction;Lorg/gradle/initialization/BuildRequestContext;Lorg/gradle/launcher/exec/BuildActionParameters;)Ljava/lang/Object;+39
j  org.gradle.launcher.exec.InProcessBuildActionExecuter.execute(Lorg/gradle/internal/invocation/BuildAction;Lorg/gradle/initialization/BuildRequestContext;Ljava/lang/Object;)Ljava/lang/Object;+7
j  org.gradle.launcher.daemon.server.exec.ExecuteBuild.doBuild(Lorg/gradle/launcher/daemon/server/api/DaemonCommandExecution;Lorg/gradle/launcher/daemon/protocol/Build;)V+70
j  org.gradle.launcher.daemon.server.exec.BuildCommandOnly.execute(Lorg/gradle/launcher/daemon/server/api/DaemonCommandExecution;)V+49
j  org.gradle.launcher.daemon.server.api.DaemonCommandExecution.proceed()Z+28
j  org.gradle.launcher.daemon.server.exec.WatchForDisconnection.execute(Lorg/gradle/launcher/daemon/server/api/DaemonCommandExecution;)V+19
j  org.gradle.launcher.daemon.server.api.DaemonCommandExecution.proceed()Z+28
j  org.gradle.launcher.daemon.server.exec.ResetDeprecationLogger.execute(Lorg/gradle/launcher/daemon/server/api/DaemonCommandExecution;)V+4
j  org.gradle.launcher.daemon.server.api.DaemonCommandExecution.proceed()Z+28
j  org.gradle.launcher.daemon.server.exec.RequestStopIfSingleUsedDaemon.execute(Lorg/gradle/launcher/daemon/server/api/DaemonCommandExecution;)V+31
j  org.gradle.launcher.daemon.server.api.DaemonCommandExecution.proceed()Z+28
j  org.gradle.launcher.daemon.server.exec.ForwardClientInput$2.call()Ljava/lang/Void;+4
j  org.gradle.launcher.daemon.server.exec.ForwardClientInput$2.call()Ljava/lang/Object;+1
j  org.gradle.util.Swapper.swap(Ljava/lang/Object;Ljava/util/concurrent/Callable;)Ljava/lang/Object;+21
j  org.gradle.launcher.daemon.server.exec.ForwardClientInput.execute(Lorg/gradle/launcher/daemon/server/api/DaemonCommandExecution;)V+63
j  org.gradle.launcher.daemon.server.api.DaemonCommandExecution.proceed()Z+28
j  org.gradle.launcher.daemon.server.health.DaemonHealthTracker.execute(Lorg/gradle/launcher/daemon/server/api/DaemonCommandExecution;)V+35
j  org.gradle.launcher.daemon.server.api.DaemonCommandExecution.proceed()Z+28
j  org.gradle.launcher.daemon.server.exec.LogToClient.doBuild(Lorg/gradle/launcher/daemon/server/api/DaemonCommandExecution;Lorg/gradle/launcher/daemon/protocol/Build;)V+106
j  org.gradle.launcher.daemon.server.exec.BuildCommandOnly.execute(Lorg/gradle/launcher/daemon/server/api/DaemonCommandExecution;)V+49
j  org.gradle.launcher.daemon.server.api.DaemonCommandExecution.proceed()Z+28
j  org.gradle.launcher.daemon.server.exec.EstablishBuildEnvironment.doBuild(Lorg/gradle/launcher/daemon/server/api/DaemonCommandExecution;Lorg/gradle/launcher/daemon/protocol/Build;)V+243
j  org.gradle.launcher.daemon.server.exec.BuildCommandOnly.execute(Lorg/gradle/launcher/daemon/server/api/DaemonCommandExecution;)V+49
j  org.gradle.launcher.daemon.server.api.DaemonCommandExecution.proceed()Z+28
j  org.gradle.launcher.daemon.server.health.HintGCAfterBuild.execute(Lorg/gradle/launcher/daemon/server/api/DaemonCommandExecution;)V+1
j  org.gradle.launcher.daemon.server.api.DaemonCommandExecution.proceed()Z+28
j  org.gradle.launcher.daemon.server.exec.StartBuildOrRespondWithBusy$1.run()V+44
j  org.gradle.launcher.daemon.server.DaemonStateCoordinator$1.run()V+4
j  org.gradle.internal.concurrent.ExecutorPolicy$CatchAndRecordFailures.onExecute(Ljava/lang/Runnable;)V+1
j  org.gradle.internal.concurrent.StoppableExecutorImpl$1.run()V+25
j  java.util.concurrent.ThreadPoolExecutor.runWorker(Ljava/util/concurrent/ThreadPoolExecutor$Worker;)V+95
j  java.util.concurrent.ThreadPoolExecutor$Worker.run()V+5
j  java.lang.Thread.run()V+11
v  ~StubRoutines::call_stub

---------------  P R O C E S S  ---------------

Java Threads: ( => current thread )
  0x000000000ace3000 JavaThread "Stdin handler" [_thread_blocked, id=10088, stack(0x000000000d6d0000,0x000000000d7d0000)]
  0x000000000ace2800 JavaThread "Cancel handler" [_thread_blocked, id=10548, stack(0x0000000000d10000,0x0000000000e10000)]
  0x000000000acdf800 JavaThread "Handler for socket connection from /127.0.0.1:65283 to /127.0.0.1:55015" [_thread_in_native, id=15828, stack(0x0000000000bf0000,0x0000000000cf0000)]
=>0x000000000ace1800 JavaThread "Daemon worker Thread 4" [_thread_in_native, id=15632, stack(0x000000000c5c0000,0x000000000c6c0000)]
  0x000000000ace0000 JavaThread "Daemon Thread 4" [_thread_blocked, id=1876, stack(0x0000000000af0000,0x0000000000bf0000)]
  0x000000000cea7800 JavaThread "File lock request listener" [_thread_in_native, id=11088, stack(0x000000000dbb0000,0x000000000dcb0000)]
  0x000000000b3d3800 JavaThread "Incoming local TCP Connector on port 65283" [_thread_in_native, id=14024, stack(0x000000000c060000,0x000000000c160000)]
  0x00000000092ea800 JavaThread "Service Thread" daemon [_thread_blocked, id=15756, stack(0x000000000aa50000,0x000000000ab50000)]
  0x00000000092e0800 JavaThread "C2 CompilerThread1" daemon [_thread_blocked, id=972, stack(0x000000000a950000,0x000000000aa50000)]
  0x00000000092df000 JavaThread "C2 CompilerThread0" daemon [_thread_blocked, id=7092, stack(0x000000000a850000,0x000000000a950000)]
  0x00000000092de000 JavaThread "Attach Listener" daemon [_thread_blocked, id=16028, stack(0x000000000a750000,0x000000000a850000)]
  0x00000000092db000 JavaThread "Signal Dispatcher" daemon [_thread_blocked, id=17352, stack(0x000000000a650000,0x000000000a750000)]
  0x000000000928f000 JavaThread "Finalizer" daemon [_thread_blocked, id=4864, stack(0x000000000a550000,0x000000000a650000)]
  0x0000000009285800 JavaThread "Reference Handler" daemon [_thread_blocked, id=9784, stack(0x000000000a450000,0x000000000a550000)]
  0x0000000002d10800 JavaThread "main" [_thread_blocked, id=12008, stack(0x0000000002be0000,0x0000000002ce0000)]

Other Threads:
  0x0000000009281800 VMThread [stack: 0x000000000a350000,0x000000000a450000] [id=15456]
  0x0000000009305000 WatcherThread [stack: 0x000000000ab50000,0x000000000ac50000] [id=7296]

VM state:not at safepoint (normal execution)

VM Mutex/Monitor currently owned by a thread: None

Heap
 PSYoungGen      total 315392K, used 126859K [0x00000000eaa80000, 0x00000000ffc00000, 0x0000000100000000)
  eden space 288256K, 44% used [0x00000000eaa80000,0x00000000f2662d78,0x00000000fc400000)
  from space 27136K, 0% used [0x00000000fe180000,0x00000000fe180000,0x00000000ffc00000)
  to   space 28672K, 0% used [0x00000000fc400000,0x00000000fc400000,0x00000000fe000000)
 ParOldGen       total 86016K, used 50790K [0x00000000c0000000, 0x00000000c5400000, 0x00000000eaa80000)
  object space 86016K, 59% used [0x00000000c0000000,0x00000000c3199a08,0x00000000c5400000)
 PSPermGen       total 97280K, used 51209K [0x00000000b0000000, 0x00000000b5f00000, 0x00000000c0000000)
  object space 97280K, 52% used [0x00000000b0000000,0x00000000b3202670,0x00000000b5f00000)

Card table byte_map: [0x0000000005ed0000,0x0000000006160000] byte_map_base: 0x0000000005950000

Polling page: 0x0000000000ed0000

Code Cache  [0x0000000002e10000, 0x0000000003380000, 0x0000000005e10000)
 total_blobs=1851 nmethods=1190 adapters=612 free_code_cache=43719Kb largest_free_block=44676480

Compilation events (10 events):
Event: 853.102 Thread 0x00000000092df000 nmethod 1291 0x0000000003353010 code [0x0000000003353140, 0x00000000033531d8]
Event: 853.113 Thread 0x00000000092df000 1292             sun.reflect.generics.parser.SignatureParser::parseTypeSig (13 bytes)
Event: 853.116 Thread 0x00000000092df000 nmethod 1292 0x0000000003355250 code [0x00000000033554c0, 0x00000000033556b8]
Event: 853.116 Thread 0x00000000092df000 1293             java.util.Collections$EmptyIterator::hasNext (2 bytes)
Event: 853.117 Thread 0x00000000092df000 nmethod 1293 0x0000000003355050 code [0x0000000003355180, 0x00000000033551d8]
Event: 853.118 Thread 0x00000000092e0800 nmethod 1275 0x00000000033614d0 code [0x0000000003361f20, 0x0000000003368498]
Event: 853.122 Thread 0x00000000092df000 1294             org.gradle.internal.service.DefaultServiceRegistry$SingletonService::isFactory (128 bytes)
Event: 853.122 Thread 0x00000000092e0800 1295             org.gradle.internal.service.DefaultServiceRegistry$SingletonService::getFactory (20 bytes)
Event: 853.130 Thread 0x00000000092df000 nmethod 1294 0x000000000335ebd0 code [0x000000000335ed60, 0x000000000335f2d8]
Event: 853.131 Thread 0x00000000092e0800 nmethod 1295 0x00000000033605d0 code [0x0000000003360780, 0x0000000003360dd8]

GC Heap History (10 events):
Event: 549.490 GC heap before
{Heap before GC invocations=14 (full 3):
 PSYoungGen      total 267264K, used 6747K [0x00000000eaa80000, 0x00000000fe480000, 0x0000000100000000)
  eden space 260096K, 0% used [0x00000000eaa80000,0x00000000eaa80000,0x00000000fa880000)
  from space 7168K, 94% used [0x00000000fa880000,0x00000000faf16da0,0x00000000faf80000)
  to   space 30720K, 0% used [0x00000000fc680000,0x00000000fc680000,0x00000000fe480000)
 ParOldGen       total 86016K, used 38269K [0x00000000c0000000, 0x00000000c5400000, 0x00000000eaa80000)
  object space 86016K, 44% used [0x00000000c0000000,0x00000000c255f5b8,0x00000000c5400000)
 PSPermGen       total 100864K, used 47659K [0x00000000b0000000, 0x00000000b6280000, 0x00000000c0000000)
  object space 100864K, 47% used [0x00000000b0000000,0x00000000b2e8aec8,0x00000000b6280000)
Event: 549.949 GC heap after
Heap after GC invocations=14 (full 3):
 PSYoungGen      total 267264K, used 0K [0x00000000eaa80000, 0x00000000fe480000, 0x0000000100000000)
  eden space 260096K, 0% used [0x00000000eaa80000,0x00000000eaa80000,0x00000000fa880000)
  from space 7168K, 0% used [0x00000000fa880000,0x00000000fa880000,0x00000000faf80000)
  to   space 30720K, 0% used [0x00000000fc680000,0x00000000fc680000,0x00000000fe480000)
 ParOldGen       total 86016K, used 41720K [0x00000000c0000000, 0x00000000c5400000, 0x00000000eaa80000)
  object space 86016K, 48% used [0x00000000c0000000,0x00000000c28be360,0x00000000c5400000)
 PSPermGen       total 99328K, used 47624K [0x00000000b0000000, 0x00000000b6100000, 0x00000000c0000000)
  object space 99328K, 47% used [0x00000000b0000000,0x00000000b2e82060,0x00000000b6100000)
}
Event: 821.459 GC heap before
{Heap before GC invocations=15 (full 3):
 PSYoungGen      total 267264K, used 260096K [0x00000000eaa80000, 0x00000000fe480000, 0x0000000100000000)
  eden space 260096K, 100% used [0x00000000eaa80000,0x00000000fa880000,0x00000000fa880000)
  from space 7168K, 0% used [0x00000000fa880000,0x00000000fa880000,0x00000000faf80000)
  to   space 30720K, 0% used [0x00000000fc680000,0x00000000fc680000,0x00000000fe480000)
 ParOldGen       total 86016K, used 41720K [0x00000000c0000000, 0x00000000c5400000, 0x00000000eaa80000)
  object space 86016K, 48% used [0x00000000c0000000,0x00000000c28be360,0x00000000c5400000)
 PSPermGen       total 99328K, used 48256K [0x00000000b0000000, 0x00000000b6100000, 0x00000000c0000000)
  object space 99328K, 48% used [0x00000000b0000000,0x00000000b2f20000,0x00000000b6100000)
Event: 821.473 GC heap after
Heap after GC invocations=15 (full 3):
 PSYoungGen      total 290816K, used 3427K [0x00000000eaa80000, 0x0000000100000000, 0x0000000100000000)
  eden space 260096K, 0% used [0x00000000eaa80000,0x00000000eaa80000,0x00000000fa880000)
  from space 30720K, 11% used [0x00000000fc680000,0x00000000fc9d8cd0,0x00000000fe480000)
  to   space 30720K, 0% used [0x00000000fa880000,0x00000000fa880000,0x00000000fc680000)
 ParOldGen       total 86016K, used 41720K [0x00000000c0000000, 0x00000000c5400000, 0x00000000eaa80000)
  object space 86016K, 48% used [0x00000000c0000000,0x00000000c28be360,0x00000000c5400000)
 PSPermGen       total 99328K, used 48256K [0x00000000b0000000, 0x00000000b6100000, 0x00000000c0000000)
  object space 99328K, 48% used [0x00000000b0000000,0x00000000b2f20000,0x00000000b6100000)
}
Event: 822.741 GC heap before
{Heap before GC invocations=16 (full 3):
 PSYoungGen      total 290816K, used 263523K [0x00000000eaa80000, 0x0000000100000000, 0x0000000100000000)
  eden space 260096K, 100% used [0x00000000eaa80000,0x00000000fa880000,0x00000000fa880000)
  from space 30720K, 11% used [0x00000000fc680000,0x00000000fc9d8cd0,0x00000000fe480000)
  to   space 30720K, 0% used [0x00000000fa880000,0x00000000fa880000,0x00000000fc680000)
 ParOldGen       total 86016K, used 41720K [0x00000000c0000000, 0x00000000c5400000, 0x00000000eaa80000)
  object space 86016K, 48% used [0x00000000c0000000,0x00000000c28be360,0x00000000c5400000)
 PSPermGen       total 99328K, used 48371K [0x00000000b0000000, 0x00000000b6100000, 0x00000000c0000000)
  object space 99328K, 48% used [0x00000000b0000000,0x00000000b2f3cd10,0x00000000b6100000)
Event: 822.749 GC heap after
Heap after GC invocations=16 (full 3):
 PSYoungGen      total 290816K, used 2192K [0x00000000eaa80000, 0x00000000fff00000, 0x0000000100000000)
  eden space 260096K, 0% used [0x00000000eaa80000,0x00000000eaa80000,0x00000000fa880000)
  from space 30720K, 7% used [0x00000000fa880000,0x00000000faaa4010,0x00000000fc680000)
  to   space 30208K, 0% used [0x00000000fe180000,0x00000000fe180000,0x00000000fff00000)
 ParOldGen       total 86016K, used 44345K [0x00000000c0000000, 0x00000000c5400000, 0x00000000eaa80000)
  object space 86016K, 51% used [0x00000000c0000000,0x00000000c2b4e4c8,0x00000000c5400000)
 PSPermGen       total 99328K, used 48371K [0x00000000b0000000, 0x00000000b6100000, 0x00000000c0000000)
  object space 99328K, 48% used [0x00000000b0000000,0x00000000b2f3cd10,0x00000000b6100000)
}
Event: 829.354 GC heap before
{Heap before GC invocations=17 (full 3):
 PSYoungGen      total 290816K, used 109100K [0x00000000eaa80000, 0x00000000fff00000, 0x0000000100000000)
  eden space 260096K, 41% used [0x00000000eaa80000,0x00000000f12e73e8,0x00000000fa880000)
  from space 30720K, 7% used [0x00000000fa880000,0x00000000faaa4010,0x00000000fc680000)
  to   space 30208K, 0% used [0x00000000fe180000,0x00000000fe180000,0x00000000fff00000)
 ParOldGen       total 86016K, used 44345K [0x00000000c0000000, 0x00000000c5400000, 0x00000000eaa80000)
  object space 86016K, 51% used [0x00000000c0000000,0x00000000c2b4e4c8,0x00000000c5400000)
 PSPermGen       total 99328K, used 51021K [0x00000000b0000000, 0x00000000b6100000, 0x00000000c0000000)
  object space 99328K, 51% used [0x00000000b0000000,0x00000000b31d3620,0x00000000b6100000)
Event: 829.370 GC heap after
Heap after GC invocations=17 (full 3):
 PSYoungGen      total 315392K, used 9961K [0x00000000eaa80000, 0x00000000ffc00000, 0x0000000100000000)
  eden space 288256K, 0% used [0x00000000eaa80000,0x00000000eaa80000,0x00000000fc400000)
  from space 27136K, 36% used [0x00000000fe180000,0x00000000feb3a660,0x00000000ffc00000)
  to   space 28672K, 0% used [0x00000000fc400000,0x00000000fc400000,0x00000000fe000000)
 ParOldGen       total 86016K, used 46113K [0x00000000c0000000, 0x00000000c5400000, 0x00000000eaa80000)
  object space 86016K, 53% used [0x00000000c0000000,0x00000000c2d085e8,0x00000000c5400000)
 PSPermGen       total 99328K, used 51021K [0x00000000b0000000, 0x00000000b6100000, 0x00000000c0000000)
  object space 99328K, 51% used [0x00000000b0000000,0x00000000b31d3620,0x00000000b6100000)
}
Event: 829.370 GC heap before
{Heap before GC invocations=18 (full 4):
 PSYoungGen      total 315392K, used 9961K [0x00000000eaa80000, 0x00000000ffc00000, 0x0000000100000000)
  eden space 288256K, 0% used [0x00000000eaa80000,0x00000000eaa80000,0x00000000fc400000)
  from space 27136K, 36% used [0x00000000fe180000,0x00000000feb3a660,0x00000000ffc00000)
  to   space 28672K, 0% used [0x00000000fc400000,0x00000000fc400000,0x00000000fe000000)
 ParOldGen       total 86016K, used 46113K [0x00000000c0000000, 0x00000000c5400000, 0x00000000eaa80000)
  object space 86016K, 53% used [0x00000000c0000000,0x00000000c2d085e8,0x00000000c5400000)
 PSPermGen       total 99328K, used 51021K [0x00000000b0000000, 0x00000000b6100000, 0x00000000c0000000)
  object space 99328K, 51% used [0x00000000b0000000,0x00000000b31d3620,0x00000000b6100000)
Event: 830.065 GC heap after
Heap after GC invocations=18 (full 4):
 PSYoungGen      total 315392K, used 0K [0x00000000eaa80000, 0x00000000ffc00000, 0x0000000100000000)
  eden space 288256K, 0% used [0x00000000eaa80000,0x00000000eaa80000,0x00000000fc400000)
  from space 27136K, 0% used [0x00000000fe180000,0x00000000fe180000,0x00000000ffc00000)
  to   space 28672K, 0% used [0x00000000fc400000,0x00000000fc400000,0x00000000fe000000)
 ParOldGen       total 86016K, used 50790K [0x00000000c0000000, 0x00000000c5400000, 0x00000000eaa80000)
  object space 86016K, 59% used [0x00000000c0000000,0x00000000c3199a08,0x00000000c5400000)
 PSPermGen       total 97280K, used 50904K [0x00000000b0000000, 0x00000000b5f00000, 0x00000000c0000000)
  object space 97280K, 52% used [0x00000000b0000000,0x00000000b31b6230,0x00000000b5f00000)
}

Deoptimization events (10 events):
Event: 829.216 Thread 0x000000000ace1800 Uncommon trap: reason=bimorphic action=maybe_recompile pc=0x0000000003068d28 method=org.codehaus.groovy.runtime.metaclass.MetaMethodIndex.addMethodToList(Ljava/lang/Object;Lgroovy/lang/MetaMethod;)Ljava/lang/Object; @ 91
Event: 829.216 Thread 0x000000000ace1800 Uncommon trap: reason=unreached action=reinterpret pc=0x0000000003068bf8 method=org.codehaus.groovy.runtime.metaclass.MetaMethodIndex.isNonRealMethod(Lgroovy/lang/MetaMethod;)Z @ 4
Event: 829.217 Thread 0x000000000ace1800 Uncommon trap: reason=unreached action=reinterpret pc=0x000000000318d9b0 method=java.beans.Introspector.processPropertyDescriptors()V @ 524
Event: 829.224 Thread 0x000000000ace1800 Uncommon trap: reason=bimorphic action=maybe_recompile pc=0x000000000316ce60 method=java.util.AbstractList$Itr.next()Ljava/lang/Object; @ 14
Event: 829.224 Thread 0x000000000ace1800 Uncommon trap: reason=bimorphic action=maybe_recompile pc=0x000000000316ce60 method=java.util.AbstractList$Itr.next()Ljava/lang/Object; @ 14
Event: 829.273 Thread 0x000000000ace1800 Uncommon trap: reason=bimorphic action=maybe_recompile pc=0x000000000316ce60 method=java.util.AbstractList$Itr.next()Ljava/lang/Object; @ 14
Event: 829.273 Thread 0x000000000ace1800 Uncommon trap: reason=bimorphic action=maybe_recompile pc=0x000000000316ce60 method=java.util.AbstractList$Itr.next()Ljava/lang/Object; @ 14
Event: 831.084 Thread 0x000000000ace1800 Uncommon trap: reason=range_check action=make_not_entrant pc=0x00000000032c0600 method=java.lang.String.charAt(I)C @ 27
Event: 832.021 Thread 0x000000000ace1800 Uncommon trap: reason=null_check action=make_not_entrant pc=0x0000000003063644 method=java.lang.ThreadLocal$ThreadLocalMap.getEntryAfterMiss(Ljava/lang/ThreadLocal;ILjava/lang/ThreadLocal$ThreadLocalMap$Entry;)Ljava/lang/ThreadLocal$ThreadLocalMap$Entry; @@
Event: 833.097 Thread 0x000000000ace1800 Uncommon trap: reason=bimorphic action=maybe_recompile pc=0x00000000031f98ac method=org.gradle.logging.internal.AbstractLineChoppingStyledTextOutput.doAppend(Ljava/lang/String;)V @ 99

Internal exceptions (10 events):
Event: 852.737 Thread 0x000000000ace1800 Threw 0x00000000f00b0bf0 at C:\re\jdk7u79\2331\hotspot\src\share\vm\prims\jvm.cpp:1304
Event: 852.738 Thread 0x000000000ace1800 Threw 0x00000000f00b9030 at C:\re\jdk7u79\2331\hotspot\src\share\vm\prims\jvm.cpp:1304
Event: 852.739 Thread 0x000000000ace1800 Threw 0x00000000f00c4af0 at C:\re\jdk7u79\2331\hotspot\src\share\vm\prims\jvm.cpp:1304
Event: 852.740 Thread 0x000000000ace1800 Threw 0x00000000f00c94b8 at C:\re\jdk7u79\2331\hotspot\src\share\vm\prims\jvm.cpp:1304
Event: 852.740 Thread 0x000000000ace1800 Threw 0x00000000f00ca4c8 at C:\re\jdk7u79\2331\hotspot\src\share\vm\prims\jvm.cpp:1304
Event: 852.741 Thread 0x000000000ace1800 Threw 0x00000000f00d3400 at C:\re\jdk7u79\2331\hotspot\src\share\vm\prims\jvm.cpp:1304
Event: 852.741 Thread 0x000000000ace1800 Threw 0x00000000f00d80e0 at C:\re\jdk7u79\2331\hotspot\src\share\vm\prims\jvm.cpp:1304
Event: 852.743 Thread 0x000000000ace1800 Threw 0x00000000f00dd018 at C:\re\jdk7u79\2331\hotspot\src\share\vm\prims\jvm.cpp:1304
Event: 852.743 Thread 0x000000000ace1800 Threw 0x00000000f00de2a8 at C:\re\jdk7u79\2331\hotspot\src\share\vm\prims\jvm.cpp:1304
Event: 852.743 Thread 0x000000000ace1800 Threw 0x00000000f00e7cd0 at C:\re\jdk7u79\2331\hotspot\src\share\vm\prims\jvm.cpp:1304

Events (10 events):
Event: 852.737 loading class 0x000000000af6de00 done
Event: 852.739 loading class 0x000000000f93b830
Event: 852.739 loading class 0x000000000f93b830 done
Event: 852.740 loading class 0x000000000af6e700
Event: 852.740 loading class 0x000000000af6e700 done
Event: 852.741 loading class 0x000000000f99ca90
Event: 852.741 loading class 0x000000000f99ca90 done
Event: 852.743 loading class 0x000000000d4993d0
Event: 852.743 loading class 0x000000000d4993d0 done
Event: 852.876 Thread 0x00000000092df000 flushing nmethod 0x0000000003305950


Dynamic libraries:
0x00007ff60b550000 - 0x00007ff60b583000 	C:\Program Files\Java\jdk1.7.0_79\bin\java.exe
0x00007ffe34b10000 - 0x00007ffe34cd1000 	C:\WINDOWS\SYSTEM32\ntdll.dll
0x00007ffe327b0000 - 0x00007ffe3285d000 	C:\WINDOWS\system32\KERNEL32.DLL
0x00007ffe32000000 - 0x00007ffe321dd000 	C:\WINDOWS\system32\KERNELBASE.dll
0x00007ffe349b0000 - 0x00007ffe34a56000 	C:\WINDOWS\system32\ADVAPI32.dll
0x00007ffe32200000 - 0x00007ffe3229d000 	C:\WINDOWS\system32\msvcrt.dll
0x00007ffe347c0000 - 0x00007ffe3481b000 	C:\WINDOWS\system32\sechost.dll
0x00007ffe34880000 - 0x00007ffe349a6000 	C:\WINDOWS\system32\RPCRT4.dll
0x00007ffe34570000 - 0x00007ffe346be000 	C:\WINDOWS\system32\USER32.dll
0x00007ffe32360000 - 0x00007ffe324e6000 	C:\WINDOWS\system32\GDI32.dll
0x00007ffe214f0000 - 0x00007ffe21764000 	C:\WINDOWS\WinSxS\amd64_microsoft.windows.common-controls_6595b64144ccf1df_6.0.10240.16384_none_f41f7b285750ef43\COMCTL32.dll
0x00007ffe346c0000 - 0x00007ffe346f6000 	C:\WINDOWS\system32\IMM32.DLL
0x00007ffe32b60000 - 0x00007ffe32cbc000 	C:\WINDOWS\system32\MSCTF.dll
0x0000000180000000 - 0x00000001800e7000 	C:\Program Files (x86)\MacType\MacType64.dll
0x00007ffe1db00000 - 0x00007ffe1db21000 	C:\Program Files (x86)\MacType\EasyHK64.dll
0x00007ffe32570000 - 0x00007ffe32578000 	C:\WINDOWS\system32\PSAPI.DLL
0x00000000623d0000 - 0x00000000624a2000 	C:\Program Files\Java\jdk1.7.0_79\jre\bin\msvcr100.dll
0x0000000061bf0000 - 0x00000000623c5000 	C:\Program Files\Java\jdk1.7.0_79\jre\bin\server\jvm.dll
0x00007ffe22ee0000 - 0x00007ffe22ee9000 	C:\WINDOWS\SYSTEM32\WSOCK32.dll
0x0000000002780000 - 0x00000000027e9000 	C:\WINDOWS\system32\WS2_32.dll
0x0000000000ec0000 - 0x0000000000ec8000 	C:\WINDOWS\system32\NSI.dll
0x00007ffe2f5f0000 - 0x00007ffe2f613000 	C:\WINDOWS\SYSTEM32\WINMM.dll
0x00007ffe2f5a0000 - 0x00007ffe2f5cc000 	C:\WINDOWS\SYSTEM32\WINMMBASE.dll
0x00007ffe31640000 - 0x00007ffe31684000 	C:\WINDOWS\system32\cfgmgr32.dll
0x00007ffe2fe20000 - 0x00007ffe2fe47000 	C:\WINDOWS\SYSTEM32\DEVOBJ.dll
0x0000000061be0000 - 0x0000000061bef000 	C:\Program Files\Java\jdk1.7.0_79\jre\bin\verify.dll
0x0000000061bb0000 - 0x0000000061bd8000 	C:\Program Files\Java\jdk1.7.0_79\jre\bin\java.dll
0x0000000061b90000 - 0x0000000061ba5000 	C:\Program Files\Java\jdk1.7.0_79\jre\bin\zip.dll
0x0000000061b70000 - 0x0000000061b8a000 	C:\Program Files\Java\jdk1.7.0_79\jre\bin\net.dll
0x000000000b850000 - 0x000000000b8c8000 	C:\windows\system32\ASProxy64.dll
0x00007ffe32660000 - 0x00007ffe327a1000 	C:\WINDOWS\system32\ole32.dll
0x00007ffe32870000 - 0x00007ffe32aec000 	C:\WINDOWS\system32\combase.dll
0x00007ffe34700000 - 0x00007ffe347be000 	C:\WINDOWS\system32\OLEAUT32.dll
0x00007ffe30db0000 - 0x00007ffe30e0d000 	C:\WINDOWS\SYSTEM32\MSWSOCK.dll
0x00007ffe30300000 - 0x00007ffe30338000 	C:\WINDOWS\SYSTEM32\IPHLPAPI.DLL
0x00007ffe302e0000 - 0x00007ffe302ea000 	C:\WINDOWS\SYSTEM32\VERSION.dll
0x00007ffe302f0000 - 0x00007ffe302fb000 	C:\WINDOWS\SYSTEM32\WINNSI.DLL
0x00007ffe31160000 - 0x00007ffe3118c000 	C:\WINDOWS\SYSTEM32\SspiCli.dll
0x00007ffe315d0000 - 0x00007ffe315df000 	C:\WINDOWS\system32\kernel.appcore.dll
0x00007ffe31360000 - 0x00007ffe313cb000 	C:\WINDOWS\SYSTEM32\bcryptPrimitives.dll
0x00007ffe2fd80000 - 0x00007ffe2fe16000 	C:\WINDOWS\system32\uxtheme.dll
0x00007ffe20e50000 - 0x00007ffe20ef2000 	C:\Program Files\Common Files\microsoft shared\ink\tiptsf.dll
0x00007ffe34a60000 - 0x00007ffe34b05000 	C:\WINDOWS\system32\clbcatq.dll
0x00007ffe30e10000 - 0x00007ffe30e27000 	C:\WINDOWS\SYSTEM32\cryptsp.dll
0x00007ffe31470000 - 0x00007ffe31498000 	C:\WINDOWS\SYSTEM32\bcrypt.dll
0x00007ffe30a60000 - 0x00007ffe30a93000 	C:\WINDOWS\system32\rsaenh.dll
0x00007ffe30f80000 - 0x00007ffe30f8b000 	C:\WINDOWS\SYSTEM32\CRYPTBASE.dll
0x00007ffe313d0000 - 0x00007ffe31468000 	C:\WINDOWS\SYSTEM32\sxs.dll
0x0000000061b50000 - 0x0000000061b61000 	C:\Program Files\Java\jdk1.7.0_79\jre\bin\nio.dll
0x00007ffe1fcd0000 - 0x00007ffe1fce2000 	C:\Users\David\.gradle\native\19\windows-amd64\native-platform.dll
0x00007ffe34820000 - 0x00007ffe34871000 	C:\WINDOWS\system32\SHLWAPI.dll
0x00007ffe2aa50000 - 0x00007ffe2aa66000 	C:\WINDOWS\SYSTEM32\dhcpcsvc6.DLL
0x00007ffe2c0a0000 - 0x00007ffe2c0ba000 	C:\WINDOWS\SYSTEM32\dhcpcsvc.DLL
0x00007ffe30b90000 - 0x00007ffe30baf000 	C:\WINDOWS\SYSTEM32\USERENV.dll
0x00007ffe31540000 - 0x00007ffe31553000 	C:\WINDOWS\system32\profapi.dll
0x0000000061880000 - 0x00000000618a4000 	C:\Program Files\Java\jdk1.7.0_79\jre\bin\sunec.dll
0x0000000061870000 - 0x000000006187b000 	C:\Program Files\Java\jdk1.7.0_79\jre\bin\sunmscapi.dll
0x0000000010030000 - 0x00000000101f1000 	C:\WINDOWS\system32\CRYPT32.dll
0x00007ffe315b0000 - 0x00007ffe315c1000 	C:\WINDOWS\system32\MSASN1.dll
0x00007ffe30bb0000 - 0x00007ffe30c58000 	C:\WINDOWS\SYSTEM32\DNSAPI.dll
0x00007ffe23fc0000 - 0x00007ffe23fca000 	C:\Windows\System32\rasadhlp.dll
0x00007ffe2a670000 - 0x00007ffe2a6d8000 	C:\WINDOWS\System32\fwpuclnt.dll
0x00007ffe1db50000 - 0x00007ffe1db65000 	C:\WINDOWS\system32\napinsp.dll
0x00007ffe1db30000 - 0x00007ffe1db4a000 	C:\WINDOWS\system32\pnrpnsp.dll
0x00007ffe2ddd0000 - 0x00007ffe2dde8000 	C:\WINDOWS\system32\NLAapi.dll
0x00007ffe1ec40000 - 0x00007ffe1ec4d000 	C:\WINDOWS\System32\winrnr.dll
0x00007ffe2cd80000 - 0x00007ffe2cd95000 	C:\WINDOWS\system32\wshbth.dll
0x0000000061950000 - 0x000000006195b000 	C:\Program Files\Java\jdk1.7.0_79\jre\bin\management.dll
0x00007ffe2a6e0000 - 0x00007ffe2a86a000 	C:\WINDOWS\SYSTEM32\dbghelp.dll

VM Arguments:
jvm_args: -XX:MaxPermSize=256m -XX:+HeapDumpOnOutOfMemoryError -Xmx1024m -Dfile.encoding=GBK -Duser.country=CN -Duser.language=zh -Duser.variant 
java_command: org.gradle.launcher.daemon.bootstrap.GradleDaemon 2.4 C:\Users\David\.gradle C:\Users\David\.gradle\daemon 10800000 c8b1982d-c4e2-424d-bbdf-bf213e0afe7f -XX:MaxPermSize=256m -XX:+HeapDumpOnOutOfMemoryError -Xmx1024m -Dfile.encoding=GBK -Duser.country=CN -Duser.language=zh -Duser.variant
Launcher Type: SUN_STANDARD

Environment Variables:
JAVA_HOME=C:\Program Files\Java\jdk1.7.0_79
CLASSPATH=.;C:\Program Files (x86)\QuickTime\QTSystem\QTJava.zip
PATH=C:\Program Files (x86)\MacType\;C:\WINDOWS\system32;C:\WINDOWS;C:\WINDOWS\System32\Wbem;C:\WINDOWS\System32\WindowsPowerShell\v1.0\;C:\Program Files\nodejs\;C:\Program Files (x86)\Microsoft SQL Server\100\Tools\Binn\;C:\Program Files\Microsoft SQL Server\100\Tools\Binn\;C:\Program Files\Microsoft SQL Server\100\DTS\Binn\;C:\Program Files (x86)\QuickTime\QTSystem\;C:\Users\David\AppData\Roaming\npm;C:\Program Files\nodejs;C:\Users\David\AppData\Local\.meteor\;C:\Program Files\Java\jdk1.7.0_79\bin;C:\Program Files\Java\jdk1.7.0_79\jre\bin;;C:\Program Files (x86)\MacType
USERNAME=David
OS=Windows_NT
PROCESSOR_IDENTIFIER=Intel64 Family 6 Model 69 Stepping 1, GenuineIntel



---------------  S Y S T E M  ---------------

OS: Windows 8.1 , 64 bit Build 9600 

CPU:total 4 (2 cores per cpu, 2 threads per core) family 6 model 69 stepping 1, cmov, cx8, fxsr, mmx, sse, sse2, sse3, ssse3, sse4.1, sse4.2, popcnt, avx, avx2, aes, erms, ht, tsc, tscinvbit

Memory: 4k page, physical 8291400k(1683308k free), swap 15893576k(5827476k free)

vm_info: Java HotSpot(TM) 64-Bit Server VM (24.79-b02) for windows-amd64 JRE (1.7.0_79-b15), built on Apr 10 2015 12:36:16 by "java_re" with unknown MS VC++:1600

time: Sat Aug 15 10:27:53 2015
elapsed time: 853 seconds

