#
# A fatal error has been detected by the Java Runtime Environment:
#
#  EXCEPTION_ACCESS_VIOLATION (0xc0000005) at pc=0x000000000bfdcd09, pid=17124, tid=16300
#
# JRE version: Java(TM) SE Runtime Environment (7.0_79-b15) (build 1.7.0_79-b15)
# Java VM: Java HotSpot(TM) 64-Bit Server VM (24.79-b02 mixed mode windows-amd64 compressed oops)
# Problematic frame:
# C  [ASProxy64.dll+0x2cd09]
#
# Failed to write core dump. Minidumps are not enabled by default on client versions of Windows
#
# If you would like to submit a bug report, please visit:
#   http://bugreport.java.com/bugreport/crash.jsp
# The crash happened outside the Java Virtual Machine in native code.
# See problematic frame for where to report the bug.
#

---------------  T H R E A D  ---------------

Current thread (0x000000000f6a8000):  JavaThread "Daemon worker Thread 12" [_thread_in_native, id=16300, stack(0x000000000de50000,0x000000000df50000)]

siginfo: ExceptionCode=0xc0000005, writing address 0x0000000000000000

Registers:
RAX=0x0000000000000000, RBX=0x00000000011e9860, RCX=0x00000000011e9844, RDX=0x000000000df49268
RSP=0x000000000df49270, RBP=0x0000000000000000, RSI=0x000000000d4e4228, RDI=0x0000000000000000
R8 =0x000000000c01eb38, R9 =0x0000000000000000, R10=0x0000000000000000, R11=0x0000000000000064
R12=0x0000000000000002, R13=0x000000000df49480, R14=0x000000000daea5b0, R15=0x0000000000000002
RIP=0x000000000bfdcd09, EFLAGS=0x0000000000010246

Top of Stack: (sp=0x000000000df49270)
0x000000000df49270:   0000000000000000 000000000df400b8
0x000000000df49280:   fffffffffffffffe 000000000daea5a0
0x000000000df49290:   000000000f6a81e8 000000000bfddbf2
0x000000000df492a0:   000000000c01eac0 00000000011e9860
0x000000000df492b0:   000000000c106d30 000000000c106d30
0x000000000df492c0:   000000000daea5b0 000000000df40080
0x000000000df492d0:   fffffffffffffffe 0000000000000000
0x000000000df492e0:   000000000f6a8000 000000000bfddb42
0x000000000df492f0:   00000000011e9860 00000000011e9860
0x000000000df49300:   000000000f6a81e8 0000000062438d94
0x000000000df49310:   0000000000000000 000000000d4e4228
0x000000000df49320:   0000000000000002 000000000e95a990
0x000000000df49330:   000000000f6a81e8 0000000061b73766
0x000000000df49340:   00000000011e9860 000000000f6a81e8
0x000000000df49350:   000000000e95a990 000000000d4e4228
0x000000000df49360:   0000000000000002 00000000011e9860 

Instructions: (pc=0x000000000bfdcd09)
0x000000000bfdcce9:   00 00 fb 44 de 02 00 00 00 00 53 48 83 ec 20 48
0x000000000bfdccf9:   8b d9 48 89 7c 24 ff 25 00 00 00 00 b1 44 de 02
0x000000000bfdcd09:   00 00 00 00 89 04 24 8b 44 24 04 0f af 04 24 83
0x000000000bfdcd19:   c0 02 89 04 24 8b 44 24 04 0f af 04 24 83 c0 03 


Register to memory mapping:

RAX=0x0000000000000000 is an unknown value
RBX=0x00000000011e9860 is an unknown value
RCX=0x00000000011e9844 is an unknown value
RDX=0x000000000df49268 is pointing into the stack for thread: 0x000000000f6a8000
RSP=0x000000000df49270 is pointing into the stack for thread: 0x000000000f6a8000
RBP=0x0000000000000000 is an unknown value
RSI=0x000000000d4e4228 is an unknown value
RDI=0x0000000000000000 is an unknown value
R8 =0x000000000c01eb38 is an unknown value
R9 =0x0000000000000000 is an unknown value
R10=0x0000000000000000 is an unknown value
R11=0x0000000000000064 is an unknown value
R12=0x0000000000000002 is an unknown value
R13=0x000000000df49480 is pointing into the stack for thread: 0x000000000f6a8000
R14=0x000000000daea5b0 is an unknown value
R15=0x0000000000000002 is an unknown value


Stack: [0x000000000de50000,0x000000000df50000],  sp=0x000000000df49270,  free space=996k
Native frames: (J=compiled Java code, j=interpreted, Vv=VM code, C=native code)
C  [ASProxy64.dll+0x2cd09]

[error occurred during error reporting (printing native stack), id 0xc0000005]

Java frames: (J=compiled Java code, j=interpreted, Vv=VM code)
j  java.net.Inet6AddressImpl.lookupAllHostAddr(Ljava/lang/String;)[Ljava/net/InetAddress;+0
j  java.net.InetAddress$1.lookupAllHostAddr(Ljava/lang/String;)[Ljava/net/InetAddress;+4
j  java.net.InetAddress.getAddressesFromNameService(Ljava/lang/String;Ljava/net/InetAddress;)[Ljava/net/InetAddress;+51
j  java.net.InetAddress.getAllByName0(Ljava/lang/String;Ljava/net/InetAddress;Z)[Ljava/net/InetAddress;+29
j  java.net.InetAddress.getAllByName(Ljava/lang/String;Ljava/net/InetAddress;)[Ljava/net/InetAddress;+383
j  java.net.InetAddress.getAllByName(Ljava/lang/String;)[Ljava/net/InetAddress;+2
j  org.apache.http.impl.conn.SystemDefaultDnsResolver.resolve(Ljava/lang/String;)[Ljava/net/InetAddress;+1
j  org.apache.http.impl.conn.DefaultClientConnectionOperator.resolveHostname(Ljava/lang/String;)[Ljava/net/InetAddress;+5
j  org.apache.http.impl.conn.DefaultClientConnectionOperator.openConnection(Lorg/apache/http/conn/OperatedClientConnection;Lorg/apache/http/HttpHost;Ljava/net/InetAddress;Lorg/apache/http/protocol/HttpContext;Lorg/apache/http/params/HttpParams;)V+87
j  org.apache.http.impl.conn.ManagedClientConnectionImpl.open(Lorg/apache/http/conn/routing/HttpRoute;Lorg/apache/http/protocol/HttpContext;Lorg/apache/http/params/HttpParams;)V+133
j  org.apache.http.impl.client.DefaultRequestDirector.tryConnect(Lorg/apache/http/impl/client/RoutedRequest;Lorg/apache/http/protocol/HttpContext;)V+49
j  org.apache.http.impl.client.DefaultRequestDirector.execute(Lorg/apache/http/HttpHost;Lorg/apache/http/HttpRequest;Lorg/apache/http/protocol/HttpContext;)Lorg/apache/http/HttpResponse;+367
j  org.apache.http.impl.client.AbstractHttpClient.execute(Lorg/apache/http/HttpHost;Lorg/apache/http/HttpRequest;Lorg/apache/http/protocol/HttpContext;)Lorg/apache/http/HttpResponse;+344
j  org.apache.http.impl.client.DecompressingHttpClient.execute(Lorg/apache/http/HttpHost;Lorg/apache/http/HttpRequest;Lorg/apache/http/protocol/HttpContext;)Lorg/apache/http/HttpResponse;+65
j  org.apache.http.impl.client.DecompressingHttpClient.execute(Lorg/apache/http/client/methods/HttpUriRequest;Lorg/apache/http/protocol/HttpContext;)Lorg/apache/http/HttpResponse;+8
j  org.gradle.internal.resource.transport.http.HttpClientHelper.performHttpRequest(Lorg/apache/http/client/methods/HttpRequestBase;)Lorg/apache/http/HttpResponse;+37
j  org.gradle.internal.resource.transport.http.HttpClientHelper.executeGetOrHead(Lorg/apache/http/client/methods/HttpRequestBase;)Lorg/apache/http/HttpResponse;+2
j  org.gradle.internal.resource.transport.http.HttpClientHelper.performRequest(Lorg/apache/http/client/methods/HttpRequestBase;)Lorg/apache/http/HttpResponse;+7
j  org.gradle.internal.resource.transport.http.HttpClientHelper.performRawGet(Ljava/lang/String;)Lorg/apache/http/HttpResponse;+9
j  org.gradle.internal.resource.transport.http.HttpClientHelper.performGet(Ljava/lang/String;)Lorg/apache/http/HttpResponse;+6
j  org.gradle.internal.resource.transport.http.HttpResourceAccessor.openResource(Ljava/net/URI;)Lorg/gradle/internal/resource/transport/http/HttpResponseResource;+25
j  org.gradle.internal.resource.transport.http.HttpResourceAccessor.openResource(Ljava/net/URI;)Lorg/gradle/internal/resource/transfer/ExternalResourceReadResponse;+2
j  org.gradle.internal.resource.transfer.DefaultExternalResourceConnector.openResource(Ljava/net/URI;)Lorg/gradle/internal/resource/transfer/ExternalResourceReadResponse;+5
j  org.gradle.internal.resource.transfer.ProgressLoggingExternalResourceAccessor.openResource(Ljava/net/URI;)Lorg/gradle/internal/resource/transfer/ExternalResourceReadResponse;+5
j  org.gradle.internal.resource.transport.DefaultExternalResourceRepository.getResource(Ljava/net/URI;)Lorg/gradle/internal/resource/ExternalResource;+5
j  org.gradle.internal.resource.transfer.DefaultCacheAwareExternalResourceAccessor.getResource(Ljava/net/URI;Lorg/gradle/internal/resource/transfer/CacheAwareExternalResourceAccessor$ResourceFileStore;Lorg/gradle/internal/resource/local/LocallyAvailableResourceCandidates;)Lorg/gradle/internal/resource/local/LocallyAvailableExternalResource;+57
j  org.gradle.api.internal.artifacts.repositories.resolver.DefaultExternalResourceArtifactResolver.downloadStaticResource(Ljava/util/List;Lorg/gradle/internal/component/external/model/ModuleComponentArtifactMetaData;Lorg/gradle/internal/resolve/result/ResourceAwareResolveResult;)Lorg/gradle/internal/resource/local/LocallyAvailableExternalResource;+92
j  org.gradle.api.internal.artifacts.repositories.resolver.DefaultExternalResourceArtifactResolver.resolveMetaDataArtifact(Lorg/gradle/internal/component/external/model/ModuleComponentArtifactMetaData;Lorg/gradle/internal/resolve/result/ResourceAwareResolveResult;)Lorg/gradle/internal/resource/local/LocallyAvailableExternalResource;+7
j  org.gradle.api.internal.artifacts.repositories.resolver.ExternalResourceResolver.parseMetaDataFromArtifact(Lorg/gradle/api/artifacts/component/ModuleComponentIdentifier;Lorg/gradle/api/internal/artifacts/repositories/resolver/ExternalResourceArtifactResolver;Lorg/gradle/internal/resolve/result/ResourceAwareResolveResult;)Lorg/gradle/internal/component/external/model/MutableModuleComponentResolveMetaData;+11
j  org.gradle.api.internal.artifacts.repositories.resolver.ExternalResourceResolver.resolveStaticDependency(Lorg/gradle/internal/component/model/DependencyMetaData;Lorg/gradle/api/artifacts/component/ModuleComponentIdentifier;Lorg/gradle/internal/resolve/result/BuildableModuleComponentMetaDataResolveResult;Lorg/gradle/api/internal/artifacts/repositories/resolver/ExternalResourceArtifactResolver;)V+5
j  org.gradle.api.internal.artifacts.repositories.resolver.MavenResolver.doResolveComponentMetaData(Lorg/gradle/internal/component/model/DependencyMetaData;Lorg/gradle/api/artifacts/component/ModuleComponentIdentifier;Lorg/gradle/internal/resolve/result/BuildableModuleComponentMetaDataResolveResult;)V+84
j  org.gradle.api.internal.artifacts.repositories.resolver.ExternalResourceResolver$RemoteRepositoryAccess.resolveComponentMetaData(Lorg/gradle/internal/component/model/DependencyMetaData;Lorg/gradle/api/artifacts/component/ModuleComponentIdentifier;Lorg/gradle/internal/resolve/result/BuildableModuleComponentMetaDataResolveResult;)V+7
j  org.gradle.api.internal.artifacts.ivyservice.ivyresolve.CacheLockReleasingModuleComponentsRepository$LockReleasingRepositoryAccess$2.run()V+19
j  org.gradle.internal.Factories$1.create()Ljava/lang/Object;+4
j  org.gradle.cache.internal.DefaultCacheAccess.longRunningOperation(Ljava/lang/String;Lorg/gradle/internal/Factory;)Ljava/lang/Object;+7
j  org.gradle.cache.internal.DefaultCacheAccess.longRunningOperation(Ljava/lang/String;Ljava/lang/Runnable;)V+6
j  org.gradle.cache.internal.DefaultPersistentDirectoryStore.longRunningOperation(Ljava/lang/String;Ljava/lang/Runnable;)V+6
j  org.gradle.cache.internal.DefaultCacheFactory$ReferenceTrackingCache.longRunningOperation(Ljava/lang/String;Ljava/lang/Runnable;)V+9
j  org.gradle.api.internal.artifacts.ivyservice.DefaultCacheLockingManager.longRunningOperation(Ljava/lang/String;Ljava/lang/Runnable;)V+6
j  org.gradle.api.internal.artifacts.ivyservice.ivyresolve.CacheLockReleasingModuleComponentsRepository$LockReleasingRepositoryAccess.resolveComponentMetaData(Lorg/gradle/internal/component/model/DependencyMetaData;Lorg/gradle/api/artifacts/component/ModuleComponentIdentifier;Lorg/gradle/internal/resolve/result/BuildableModuleComponentMetaDataResolveResult;)V+35
j  org.gradle.api.internal.artifacts.ivyservice.ivyresolve.CachingModuleComponentRepository$ResolveAndCacheRepositoryAccess.resolveComponentMetaData(Lorg/gradle/internal/component/model/DependencyMetaData;Lorg/gradle/api/artifacts/component/ModuleComponentIdentifier;Lorg/gradle/internal/resolve/result/BuildableModuleComponentMetaDataResolveResult;)V+24
j  org.gradle.api.internal.artifacts.ivyservice.ivyresolve.BaseModuleComponentRepositoryAccess.resolveComponentMetaData(Lorg/gradle/internal/component/model/DependencyMetaData;Lorg/gradle/api/artifacts/component/ModuleComponentIdentifier;Lorg/gradle/internal/resolve/result/BuildableModuleComponentMetaDataResolveResult;)V+7
j  org.gradle.api.internal.artifacts.ivyservice.ivyresolve.memcache.InMemoryCachedModuleComponentRepository$CachedAccess.resolveComponentMetaData(Lorg/gradle/internal/component/model/DependencyMetaData;Lorg/gradle/api/artifacts/component/ModuleComponentIdentifier;Lorg/gradle/internal/resolve/result/BuildableModuleComponentMetaDataResolveResult;)V+16
j  org.gradle.api.internal.artifacts.ivyservice.ivyresolve.ErrorHandlingModuleComponentRepository$ErrorHandlingModuleComponentRepositoryAccess.resolveComponentMetaData(Lorg/gradle/internal/component/model/DependencyMetaData;Lorg/gradle/api/artifacts/component/ModuleComponentIdentifier;Lorg/gradle/internal/resolve/result/BuildableModuleComponentMetaDataResolveResult;)V+7
j  org.gradle.api.internal.artifacts.ivyservice.ivyresolve.ComponentMetaDataResolveState.process(Lorg/gradle/api/internal/artifacts/ivyservice/ivyresolve/ModuleComponentRepositoryAccess;)V+13
j  org.gradle.api.internal.artifacts.ivyservice.ivyresolve.ComponentMetaDataResolveState.resolve()Lorg/gradle/internal/resolve/result/BuildableModuleComponentMetaDataResolveResult;+77
j  org.gradle.api.internal.artifacts.ivyservice.ivyresolve.RepositoryChainDependencyResolver.findBestMatch(Ljava/util/LinkedList;Ljava/util/Collection;Ljava/util/Collection;)Lorg/gradle/api/internal/artifacts/ivyservice/ivyresolve/RepositoryChainModuleResolution;+21
j  org.gradle.api.internal.artifacts.ivyservice.ivyresolve.RepositoryChainDependencyResolver.findBestMatch(Ljava/util/List;Ljava/util/Collection;)Lorg/gradle/api/internal/artifacts/ivyservice/ivyresolve/RepositoryChainModuleResolution;+28
j  org.gradle.api.internal.artifacts.ivyservice.ivyresolve.RepositoryChainDependencyResolver.resolve(Lorg/gradle/internal/component/model/DependencyMetaData;Lorg/gradle/internal/resolve/result/BuildableComponentResolveResult;)V+159
j  org.gradle.api.internal.artifacts.ivyservice.ivyresolve.RepositoryChainAdapter.resolve(Lorg/gradle/internal/component/model/DependencyMetaData;Lorg/gradle/api/artifacts/component/ComponentIdentifier;Lorg/gradle/internal/resolve/result/BuildableComponentResolveResult;)V+64
j  org.gradle.api.internal.artifacts.ivyservice.clientmodule.ClientModuleResolver.resolve(Lorg/gradle/internal/component/model/DependencyMetaData;Lorg/gradle/api/artifacts/component/ComponentIdentifier;Lorg/gradle/internal/resolve/result/BuildableComponentResolveResult;)V+7
j  org.gradle.api.internal.artifacts.ivyservice.resolveengine.graph.DependencyGraphBuilder$ModuleVersionResolveState.resolve()V+89
j  org.gradle.api.internal.artifacts.ivyservice.resolveengine.graph.DependencyGraphBuilder$ModuleVersionResolveState.getMetaData()Lorg/gradle/internal/component/model/ComponentResolveMetaData;+8
j  org.gradle.api.internal.artifacts.ivyservice.resolveengine.graph.DependencyGraphBuilder$DependencyEdge.calculateTargetConfigurations()V+13
j  org.gradle.api.internal.artifacts.ivyservice.resolveengine.graph.DependencyGraphBuilder$DependencyEdge.attachToTargetConfigurations()V+15
j  org.gradle.api.internal.artifacts.ivyservice.resolveengine.graph.DependencyGraphBuilder.traverseGraph(Lorg/gradle/api/internal/artifacts/ivyservice/resolveengine/graph/DependencyGraphBuilder$ResolveState;Lorg/gradle/api/internal/artifacts/ivyservice/resolveengine/graph/conflicts/ConflictHandler;)V+229
j  org.gradle.api.internal.artifacts.ivyservice.resolveengine.graph.DependencyGraphBuilder.resolveDependencyGraph(Lorg/gradle/api/internal/artifacts/configurations/ConfigurationInternal;Lorg/gradle/api/internal/artifacts/ivyservice/resolveengine/graph/DependencyGraphVisitor;)V+94
j  org.gradle.api.internal.artifacts.ivyservice.resolveengine.graph.DependencyGraphBuilder.resolve(Lorg/gradle/api/internal/artifacts/configurations/ConfigurationInternal;Lorg/gradle/api/internal/artifacts/ivyservice/resolveengine/result/ResolutionResultBuilder;Lorg/gradle/api/internal/artifacts/ivyservice/resolveengine/oldresult/ResolvedConfigurationBuilder;Lorg/gradle/api/internal/artifacts/ivyservice/resolveengine/projectresult/ResolvedProjectConfigurationResultBuilder;)V+67
j  org.gradle.api.internal.artifacts.ivyservice.resolveengine.DefaultDependencyResolver$1.execute(Lorg/apache/ivy/Ivy;)V+325
j  org.gradle.api.internal.artifacts.ivyservice.resolveengine.DefaultDependencyResolver$1.execute(Ljava/lang/Object;)V+5
j  org.gradle.internal.Transformers$4.transform(Ljava/lang/Object;)Ljava/lang/Object;+5
j  org.gradle.api.internal.artifacts.ivyservice.DefaultIvyContextManager.withIvy(Lorg/gradle/api/Transformer;)Ljava/lang/Object;+96
j  org.gradle.api.internal.artifacts.ivyservice.DefaultIvyContextManager.withIvy(Lorg/gradle/api/Action;)V+5
j  org.gradle.api.internal.artifacts.ivyservice.resolveengine.DefaultDependencyResolver.resolve(Lorg/gradle/api/internal/artifacts/configurations/ConfigurationInternal;Ljava/util/List;Lorg/gradle/api/internal/artifacts/GlobalDependencyResolutionRules;Lorg/gradle/api/internal/artifacts/ResolverResults;)V+28
j  org.gradle.api.internal.artifacts.ivyservice.CacheLockingArtifactDependencyResolver$1.run()V+23
j  org.gradle.internal.Factories$1.create()Ljava/lang/Object;+4
j  org.gradle.cache.internal.DefaultCacheAccess.useCache(Ljava/lang/String;Lorg/gradle/internal/Factory;)Ljava/lang/Object;+80
j  org.gradle.cache.internal.DefaultCacheAccess.useCache(Ljava/lang/String;Ljava/lang/Runnable;)V+6
j  org.gradle.cache.internal.DefaultPersistentDirectoryStore.useCache(Ljava/lang/String;Ljava/lang/Runnable;)V+6
j  org.gradle.cache.internal.DefaultCacheFactory$ReferenceTrackingCache.useCache(Ljava/lang/String;Ljava/lang/Runnable;)V+9
j  org.gradle.api.internal.artifacts.ivyservice.DefaultCacheLockingManager.useCache(Ljava/lang/String;Ljava/lang/Runnable;)V+6
j  org.gradle.api.internal.artifacts.ivyservice.CacheLockingArtifactDependencyResolver.resolve(Lorg/gradle/api/internal/artifacts/configurations/ConfigurationInternal;Ljava/util/List;Lorg/gradle/api/internal/artifacts/GlobalDependencyResolutionRules;Lorg/gradle/api/internal/artifacts/ResolverResults;)V+30
j  org.gradle.api.internal.artifacts.ivyservice.SelfResolvingDependencyResolver.resolve(Lorg/gradle/api/internal/artifacts/configurations/ConfigurationInternal;Ljava/util/List;Lorg/gradle/api/internal/artifacts/GlobalDependencyResolutionRules;Lorg/gradle/api/internal/artifacts/ResolverResults;)V+9
j  org.gradle.api.internal.artifacts.ivyservice.ShortcircuitEmptyConfigsArtifactDependencyResolver.resolve(Lorg/gradle/api/internal/artifacts/configurations/ConfigurationInternal;Ljava/util/List;Lorg/gradle/api/internal/artifacts/GlobalDependencyResolutionRules;Lorg/gradle/api/internal/artifacts/ResolverResults;)V+102
j  org.gradle.api.internal.artifacts.ivyservice.ErrorHandlingArtifactDependencyResolver.resolve(Lorg/gradle/api/internal/artifacts/configurations/ConfigurationInternal;Ljava/util/List;Lorg/gradle/api/internal/artifacts/GlobalDependencyResolutionRules;Lorg/gradle/api/internal/artifacts/ResolverResults;)V+9
j  org.gradle.api.internal.artifacts.ivyservice.DefaultConfigurationResolver.resolve(Lorg/gradle/api/internal/artifacts/configurations/ConfigurationInternal;)Lorg/gradle/api/internal/artifacts/ResolverResults;+33
j  org.gradle.api.internal.artifacts.configurations.DefaultConfiguration.resolveNow()V+40
j  org.gradle.api.internal.artifacts.configurations.DefaultConfiguration.getResolvedConfiguration()Lorg/gradle/api/artifacts/ResolvedConfiguration;+1
j  org.gradle.api.internal.artifacts.configurations.DefaultConfiguration_Decorated.getResolvedConfiguration()Lorg/gradle/api/artifacts/ResolvedConfiguration;+7
j  com.android.build.gradle.internal.DependencyManager.collectArtifacts(Lorg/gradle/api/artifacts/Configuration;Ljava/util/Map;)V+14
j  com.android.build.gradle.internal.DependencyManager.resolveDependencyForConfig(Lcom/android/build/gradle/internal/dependency/VariantDependencies;Lcom/android/build/gradle/internal/dependency/VariantDependencies;Lcom/google/common/collect/Multimap;)V+39
j  com.android.build.gradle.internal.DependencyManager.resolveDependencies(Lcom/android/build/gradle/internal/dependency/VariantDependencies;Lcom/android/build/gradle/internal/dependency/VariantDependencies;)V+8
j  com.android.build.gradle.internal.TaskManager.resolveDependencies(Lcom/android/build/gradle/internal/dependency/VariantDependencies;Lcom/android/build/gradle/internal/dependency/VariantDependencies;)V+6
j  com.android.build.gradle.internal.VariantManager$8.call()Ljava/lang/Void;+12
j  com.android.build.gradle.internal.VariantManager$8.call()Ljava/lang/Object;+1
j  com.android.builder.profile.ThreadRecorder$1.record(Lcom/android/builder/profile/ExecutionType;Lcom/android/builder/profile/Recorder$Block;[Lcom/android/builder/profile/Recorder$Property;)Ljava/lang/Object;+1
j  com.android.builder.profile.Recorder$record.call(Ljava/lang/Object;Ljava/lang/Object;Ljava/lang/Object;Ljava/lang/Object;)Ljava/lang/Object;+29
j  com.android.build.gradle.internal.profile.SpanRecorders.record(Lorg/gradle/api/Project;Lcom/android/builder/profile/ExecutionType;Lcom/android/builder/profile/Recorder$Block;[Lcom/android/builder/profile/Recorder$Property;)Ljava/lang/Object;+158
j  com.android.build.gradle.internal.VariantManager.createVariantData(Lcom/android/builder/model/BuildType;Ljava/util/List;)Lcom/android/build/gradle/internal/variant/BaseVariantData;+653
j  com.android.build.gradle.internal.VariantManager.createVariantDataForProductFlavors(Ljava/util/List;)V+180
j  com.android.build.gradle.internal.VariantManager.populateVariantDataList()V+23
j  com.android.build.gradle.internal.VariantManager.createAndroidTasks()V+43
j  com.android.build.gradle.BasePlugin$_createAndroidTasks_closure15.doCall(Ljava/lang/Object;)Ljava/lang/Object;+11
j  com.android.build.gradle.BasePlugin$_createAndroidTasks_closure15.doCall()Ljava/lang/Object;+2
v  ~StubRoutines::call_stub
j  sun.reflect.NativeMethodAccessorImpl.invoke0(Ljava/lang/reflect/Method;Ljava/lang/Object;[Ljava/lang/Object;)Ljava/lang/Object;+0
j  sun.reflect.NativeMethodAccessorImpl.invoke(Ljava/lang/Object;[Ljava/lang/Object;)Ljava/lang/Object;+87
J 1440 C2 org.codehaus.groovy.reflection.CachedMethod.invoke(Ljava/lang/Object;[Ljava/lang/Object;)Ljava/lang/Object; (70 bytes) @ 0x0000000003922420 [0x00000000039223a0+0x80]
j  groovy.lang.MetaMethod.doMethodInvoke(Ljava/lang/Object;[Ljava/lang/Object;)Ljava/lang/Object;+9
j  org.codehaus.groovy.runtime.metaclass.ClosureMetaClass.invokeMethod(Ljava/lang/Class;Ljava/lang/Object;Ljava/lang/String;[Ljava/lang/Object;ZZ)Ljava/lang/Object;+241
j  groovy.lang.MetaClassImpl.invokeMethod(Ljava/lang/Object;Ljava/lang/String;[Ljava/lang/Object;)Ljava/lang/Object;+10
j  org.codehaus.groovy.runtime.callsite.PogoMetaClassSite.call(Ljava/lang/Object;[Ljava/lang/Object;)Ljava/lang/Object;+18
j  org.codehaus.groovy.runtime.callsite.CallSiteArray.defaultCall(Lorg/codehaus/groovy/runtime/callsite/CallSite;Ljava/lang/Object;[Ljava/lang/Object;)Ljava/lang/Object;+8
j  org.codehaus.groovy.runtime.callsite.PogoMetaClassSite.call(Ljava/lang/Object;[Ljava/lang/Object;)Ljava/lang/Object;+91
j  org.codehaus.groovy.runtime.callsite.AbstractCallSite.call(Ljava/lang/Object;)Ljava/lang/Object;+5
j  com.android.build.gradle.internal.profile.SpanRecorders$2.call()Ljava/lang/Object;+15
j  com.android.builder.profile.ThreadRecorder$1.record(Lcom/android/builder/profile/ExecutionType;Lcom/android/builder/profile/Recorder$Block;[Lcom/android/builder/profile/Recorder$Property;)Ljava/lang/Object;+1
j  sun.reflect.GeneratedMethodAccessor18.invoke(Ljava/lang/Object;[Ljava/lang/Object;)Ljava/lang/Object;+56
J 1287 C2 java.lang.reflect.Method.invoke(Ljava/lang/Object;[Ljava/lang/Object;)Ljava/lang/Object; (63 bytes) @ 0x0000000003ac237c [0x0000000003ac2300+0x7c]
j  org.codehaus.groovy.runtime.callsite.PojoMetaMethodSite$PojoCachedMethodSite.invoke(Ljava/lang/Object;[Ljava/lang/Object;)Ljava/lang/Object;+19
j  org.codehaus.groovy.runtime.callsite.PojoMetaMethodSite.call(Ljava/lang/Object;[Ljava/lang/Object;)Ljava/lang/Object;+12
j  org.codehaus.groovy.runtime.callsite.AbstractCallSite.call(Ljava/lang/Object;Ljava/lang/Object;Ljava/lang/Object;Ljava/lang/Object;)Ljava/lang/Object;+9
j  com.android.build.gradle.internal.profile.SpanRecorders.record(Lorg/gradle/api/Project;Lcom/android/builder/profile/ExecutionType;Lgroovy/lang/Closure;)Ljava/lang/Object;+69
j  com.android.build.gradle.BasePlugin.createAndroidTasks(Z)V+276
j  com.android.build.gradle.BasePlugin$_createTasks_closure13_closure17.doCall(Ljava/lang/Object;)Ljava/lang/Object;+17
j  com.android.build.gradle.BasePlugin$_createTasks_closure13_closure17.doCall()Ljava/lang/Object;+2
v  ~StubRoutines::call_stub
j  sun.reflect.NativeMethodAccessorImpl.invoke0(Ljava/lang/reflect/Method;Ljava/lang/Object;[Ljava/lang/Object;)Ljava/lang/Object;+0
j  sun.reflect.NativeMethodAccessorImpl.invoke(Ljava/lang/Object;[Ljava/lang/Object;)Ljava/lang/Object;+87
J 1440 C2 org.codehaus.groovy.reflection.CachedMethod.invoke(Ljava/lang/Object;[Ljava/lang/Object;)Ljava/lang/Object; (70 bytes) @ 0x0000000003922420 [0x00000000039223a0+0x80]
j  groovy.lang.MetaMethod.doMethodInvoke(Ljava/lang/Object;[Ljava/lang/Object;)Ljava/lang/Object;+9
j  org.codehaus.groovy.runtime.metaclass.ClosureMetaClass.invokeMethod(Ljava/lang/Class;Ljava/lang/Object;Ljava/lang/String;[Ljava/lang/Object;ZZ)Ljava/lang/Object;+241
j  groovy.lang.MetaClassImpl.invokeMethod(Ljava/lang/Object;Ljava/lang/String;[Ljava/lang/Object;)Ljava/lang/Object;+10
j  org.codehaus.groovy.runtime.callsite.PogoMetaClassSite.call(Ljava/lang/Object;[Ljava/lang/Object;)Ljava/lang/Object;+18
j  org.codehaus.groovy.runtime.callsite.CallSiteArray.defaultCall(Lorg/codehaus/groovy/runtime/callsite/CallSite;Ljava/lang/Object;[Ljava/lang/Object;)Ljava/lang/Object;+8
j  org.codehaus.groovy.runtime.callsite.PogoMetaClassSite.call(Ljava/lang/Object;[Ljava/lang/Object;)Ljava/lang/Object;+91
j  org.codehaus.groovy.runtime.callsite.AbstractCallSite.call(Ljava/lang/Object;)Ljava/lang/Object;+5
j  com.android.build.gradle.internal.profile.SpanRecorders$2.call()Ljava/lang/Object;+15
j  com.android.builder.profile.ThreadRecorder$1.record(Lcom/android/builder/profile/ExecutionType;Lcom/android/builder/profile/Recorder$Block;[Lcom/android/builder/profile/Recorder$Property;)Ljava/lang/Object;+1
j  sun.reflect.GeneratedMethodAccessor18.invoke(Ljava/lang/Object;[Ljava/lang/Object;)Ljava/lang/Object;+56
J 1287 C2 java.lang.reflect.Method.invoke(Ljava/lang/Object;[Ljava/lang/Object;)Ljava/lang/Object; (63 bytes) @ 0x0000000003ac237c [0x0000000003ac2300+0x7c]
j  org.codehaus.groovy.runtime.callsite.PojoMetaMethodSite$PojoCachedMethodSite.invoke(Ljava/lang/Object;[Ljava/lang/Object;)Ljava/lang/Object;+19
j  org.codehaus.groovy.runtime.callsite.PojoMetaMethodSite.call(Ljava/lang/Object;[Ljava/lang/Object;)Ljava/lang/Object;+12
j  org.codehaus.groovy.runtime.callsite.AbstractCallSite.call(Ljava/lang/Object;Ljava/lang/Object;Ljava/lang/Object;Ljava/lang/Object;)Ljava/lang/Object;+9
j  com.android.build.gradle.internal.profile.SpanRecorders.record(Lorg/gradle/api/Project;Lcom/android/builder/profile/ExecutionType;Lgroovy/lang/Closure;)Ljava/lang/Object;+69
j  com.android.build.gradle.BasePlugin$_createTasks_closure13.doCall(Ljava/lang/Object;)Ljava/lang/Object;+48
j  sun.reflect.GeneratedMethodAccessor547.invoke(Ljava/lang/Object;[Ljava/lang/Object;)Ljava/lang/Object;+40
J 1440 C2 org.codehaus.groovy.reflection.CachedMethod.invoke(Ljava/lang/Object;[Ljava/lang/Object;)Ljava/lang/Object; (70 bytes) @ 0x0000000003922420 [0x00000000039223a0+0x80]
j  groovy.lang.MetaMethod.doMethodInvoke(Ljava/lang/Object;[Ljava/lang/Object;)Ljava/lang/Object;+9
j  org.codehaus.groovy.runtime.metaclass.ClosureMetaClass.invokeMethod(Ljava/lang/Class;Ljava/lang/Object;Ljava/lang/String;[Ljava/lang/Object;ZZ)Ljava/lang/Object;+241
j  groovy.lang.MetaClassImpl.invokeMethod(Ljava/lang/Object;Ljava/lang/String;[Ljava/lang/Object;)Ljava/lang/Object;+10
j  groovy.lang.Closure.call([Ljava/lang/Object;)Ljava/lang/Object;+8
j  org.gradle.listener.ClosureBackedMethodInvocationDispatch.dispatch(Lorg/gradle/messaging/dispatch/MethodInvocation;)V+62
j  org.gradle.listener.ClosureBackedMethodInvocationDispatch.dispatch(Ljava/lang/Object;)V+5
J 1307 C2 org.gradle.internal.event.BroadcastDispatch.dispatch(Lorg/gradle/messaging/dispatch/MethodInvocation;)V (147 bytes) @ 0x0000000003acd5b8 [0x0000000003acd3c0+0x1f8]
J 1931 C2 org.gradle.messaging.dispatch.ProxyDispatchAdapter$DispatchingInvocationHandler.invoke(Ljava/lang/Object;Ljava/lang/reflect/Method;[Ljava/lang/Object;)Ljava/lang/Object; (179 bytes) @ 0x0000000003c453a4 [0x0000000003c45060+0x344]
j  com.sun.proxy.$Proxy11.afterEvaluate(Lorg/gradle/api/Project;Lorg/gradle/api/ProjectState;)V+20
j  org.gradle.configuration.project.LifecycleProjectEvaluator.notifyAfterEvaluate(Lorg/gradle/api/ProjectEvaluationListener;Lorg/gradle/api/internal/project/ProjectInternal;Lorg/gradle/api/internal/project/ProjectStateInternal;)V+3
j  org.gradle.configuration.project.LifecycleProjectEvaluator.evaluate(Lorg/gradle/api/internal/project/ProjectInternal;Lorg/gradle/api/internal/project/ProjectStateInternal;)V+72
j  org.gradle.api.internal.project.AbstractProject.evaluate()Lorg/gradle/api/internal/project/AbstractProject;+9
j  org.gradle.api.internal.project.AbstractProject.evaluate()Lorg/gradle/api/Project;+1
j  org.gradle.execution.TaskPathProjectEvaluator.configureHierarchy(Lorg/gradle/api/internal/project/ProjectInternal;)V+82
j  org.gradle.configuration.DefaultBuildConfigurer.configure(Lorg/gradle/api/internal/GradleInternal;)V+50
j  org.gradle.initialization.DefaultGradleLauncher.doBuildStages(Lorg/gradle/initialization/DefaultGradleLauncher$Stage;)V+85
j  org.gradle.initialization.DefaultGradleLauncher.doBuild(Lorg/gradle/initialization/DefaultGradleLauncher$Stage;)Lorg/gradle/BuildResult;+27
j  org.gradle.initialization.DefaultGradleLauncher.getBuildAnalysis()Lorg/gradle/BuildResult;+4
j  org.gradle.launcher.exec.InProcessBuildActionExecuter$DefaultBuildController.configure()Lorg/gradle/api/internal/GradleInternal;+5
j  org.gradle.tooling.internal.provider.runner.ClientProvidedBuildActionRunner.run(Lorg/gradle/internal/invocation/BuildAction;Lorg/gradle/internal/invocation/BuildController;)V+56
j  org.gradle.launcher.exec.ChainingBuildActionRunner.run(Lorg/gradle/internal/invocation/BuildAction;Lorg/gradle/internal/invocation/BuildController;)V+34
j  org.gradle.launcher.exec.InProcessBuildActionExecuter.execute(Lorg/gradle/internal/invocation/BuildAction;Lorg/gradle/initialization/BuildRequestContext;Lorg/gradle/launcher/exec/BuildActionParameters;)Ljava/lang/Object;+39
j  org.gradle.launcher.exec.InProcessBuildActionExecuter.execute(Lorg/gradle/internal/invocation/BuildAction;Lorg/gradle/initialization/BuildRequestContext;Ljava/lang/Object;)Ljava/lang/Object;+7
j  org.gradle.launcher.daemon.server.exec.ExecuteBuild.doBuild(Lorg/gradle/launcher/daemon/server/api/DaemonCommandExecution;Lorg/gradle/launcher/daemon/protocol/Build;)V+70
j  org.gradle.launcher.daemon.server.exec.BuildCommandOnly.execute(Lorg/gradle/launcher/daemon/server/api/DaemonCommandExecution;)V+49
j  org.gradle.launcher.daemon.server.api.DaemonCommandExecution.proceed()Z+28
j  org.gradle.launcher.daemon.server.exec.WatchForDisconnection.execute(Lorg/gradle/launcher/daemon/server/api/DaemonCommandExecution;)V+19
j  org.gradle.launcher.daemon.server.api.DaemonCommandExecution.proceed()Z+28
j  org.gradle.launcher.daemon.server.exec.ResetDeprecationLogger.execute(Lorg/gradle/launcher/daemon/server/api/DaemonCommandExecution;)V+4
j  org.gradle.launcher.daemon.server.api.DaemonCommandExecution.proceed()Z+28
j  org.gradle.launcher.daemon.server.exec.RequestStopIfSingleUsedDaemon.execute(Lorg/gradle/launcher/daemon/server/api/DaemonCommandExecution;)V+31
j  org.gradle.launcher.daemon.server.api.DaemonCommandExecution.proceed()Z+28
j  org.gradle.launcher.daemon.server.exec.ForwardClientInput$2.call()Ljava/lang/Void;+4
j  org.gradle.launcher.daemon.server.exec.ForwardClientInput$2.call()Ljava/lang/Object;+1
j  org.gradle.util.Swapper.swap(Ljava/lang/Object;Ljava/util/concurrent/Callable;)Ljava/lang/Object;+21
j  org.gradle.launcher.daemon.server.exec.ForwardClientInput.execute(Lorg/gradle/launcher/daemon/server/api/DaemonCommandExecution;)V+63
j  org.gradle.launcher.daemon.server.api.DaemonCommandExecution.proceed()Z+28
j  org.gradle.launcher.daemon.server.health.DaemonHealthTracker.execute(Lorg/gradle/launcher/daemon/server/api/DaemonCommandExecution;)V+35
j  org.gradle.launcher.daemon.server.api.DaemonCommandExecution.proceed()Z+28
j  org.gradle.launcher.daemon.server.exec.LogToClient.doBuild(Lorg/gradle/launcher/daemon/server/api/DaemonCommandExecution;Lorg/gradle/launcher/daemon/protocol/Build;)V+106
j  org.gradle.launcher.daemon.server.exec.BuildCommandOnly.execute(Lorg/gradle/launcher/daemon/server/api/DaemonCommandExecution;)V+49
j  org.gradle.launcher.daemon.server.api.DaemonCommandExecution.proceed()Z+28
j  org.gradle.launcher.daemon.server.exec.EstablishBuildEnvironment.doBuild(Lorg/gradle/launcher/daemon/server/api/DaemonCommandExecution;Lorg/gradle/launcher/daemon/protocol/Build;)V+243
j  org.gradle.launcher.daemon.server.exec.BuildCommandOnly.execute(Lorg/gradle/launcher/daemon/server/api/DaemonCommandExecution;)V+49
j  org.gradle.launcher.daemon.server.api.DaemonCommandExecution.proceed()Z+28
j  org.gradle.launcher.daemon.server.health.HintGCAfterBuild.execute(Lorg/gradle/launcher/daemon/server/api/DaemonCommandExecution;)V+1
j  org.gradle.launcher.daemon.server.api.DaemonCommandExecution.proceed()Z+28
j  org.gradle.launcher.daemon.server.exec.StartBuildOrRespondWithBusy$1.run()V+44
j  org.gradle.launcher.daemon.server.DaemonStateCoordinator$1.run()V+4
j  org.gradle.internal.concurrent.ExecutorPolicy$CatchAndRecordFailures.onExecute(Ljava/lang/Runnable;)V+1
j  org.gradle.internal.concurrent.StoppableExecutorImpl$1.run()V+25
j  java.util.concurrent.ThreadPoolExecutor.runWorker(Ljava/util/concurrent/ThreadPoolExecutor$Worker;)V+95
j  java.util.concurrent.ThreadPoolExecutor$Worker.run()V+5
j  java.lang.Thread.run()V+11
v  ~StubRoutines::call_stub

---------------  P R O C E S S  ---------------

Java Threads: ( => current thread )
  0x000000000f6aa800 JavaThread "Stdin handler" [_thread_blocked, id=4556, stack(0x000000000df50000,0x000000000e050000)]
  0x000000000f6a7800 JavaThread "Cancel handler" [_thread_blocked, id=14620, stack(0x000000000cd30000,0x000000000ce30000)]
  0x000000000f6a9800 JavaThread "Handler for socket connection from /127.0.0.1:57689 to /127.0.0.1:57275" [_thread_in_native, id=11116, stack(0x000000000cb30000,0x000000000cc30000)]
=>0x000000000f6a8000 JavaThread "Daemon worker Thread 12" [_thread_in_native, id=16300, stack(0x000000000de50000,0x000000000df50000)]
  0x000000000f6ae000 JavaThread "Daemon Thread 12" [_thread_blocked, id=4628, stack(0x000000000ca30000,0x000000000cb30000)]
  0x000000000d80b800 JavaThread "File lock request listener" [_thread_in_native, id=1208, stack(0x000000000e350000,0x000000000e450000)]
  0x000000000bfae800 JavaThread "Incoming local TCP Connector on port 57689" [_thread_in_native, id=16844, stack(0x000000000c660000,0x000000000c760000)]
  0x0000000009a6e800 JavaThread "Service Thread" daemon [_thread_blocked, id=15168, stack(0x000000000b1b0000,0x000000000b2b0000)]
  0x0000000009a6c000 JavaThread "C2 CompilerThread1" daemon [_thread_blocked, id=6776, stack(0x000000000b0b0000,0x000000000b1b0000)]
  0x0000000009a5e800 JavaThread "C2 CompilerThread0" daemon [_thread_blocked, id=220, stack(0x000000000afb0000,0x000000000b0b0000)]
  0x0000000009a5e000 JavaThread "Attach Listener" daemon [_thread_blocked, id=2884, stack(0x000000000aeb0000,0x000000000afb0000)]
  0x0000000009a5b000 JavaThread "Signal Dispatcher" daemon [_thread_blocked, id=17180, stack(0x000000000adb0000,0x000000000aeb0000)]
  0x0000000009a0f000 JavaThread "Finalizer" daemon [_thread_blocked, id=15436, stack(0x000000000acb0000,0x000000000adb0000)]
  0x0000000009a05800 JavaThread "Reference Handler" daemon [_thread_blocked, id=12892, stack(0x000000000abb0000,0x000000000acb0000)]
  0x0000000003470800 JavaThread "main" [_thread_blocked, id=9460, stack(0x0000000002f80000,0x0000000003080000)]

Other Threads:
  0x0000000009a01800 VMThread [stack: 0x000000000aab0000,0x000000000abb0000] [id=1532]
  0x0000000009a7d000 WatcherThread [stack: 0x000000000b2b0000,0x000000000b3b0000] [id=9208]

VM state:not at safepoint (normal execution)

VM Mutex/Monitor currently owned by a thread: None

Heap
 PSYoungGen      total 245248K, used 183116K [0x00000000eaa80000, 0x00000000fbd00000, 0x0000000100000000)
  eden space 242176K, 75% used [0x00000000eaa80000,0x00000000f5d531b8,0x00000000f9700000)
  from space 3072K, 0% used [0x00000000f9700000,0x00000000f9700000,0x00000000f9a00000)
  to   space 19456K, 0% used [0x00000000faa00000,0x00000000faa00000,0x00000000fbd00000)
 ParOldGen       total 86016K, used 53538K [0x00000000c0000000, 0x00000000c5400000, 0x00000000eaa80000)
  object space 86016K, 62% used [0x00000000c0000000,0x00000000c3448988,0x00000000c5400000)
 PSPermGen       total 87040K, used 59487K [0x00000000b0000000, 0x00000000b5500000, 0x00000000c0000000)
  object space 87040K, 68% used [0x00000000b0000000,0x00000000b3a17d38,0x00000000b5500000)

Card table byte_map: [0x0000000006630000,0x00000000068c0000] byte_map_base: 0x00000000060b0000

Polling page: 0x0000000001590000

Code Cache  [0x0000000003570000, 0x0000000003e10000, 0x0000000006570000)
 total_blobs=2748 nmethods=2074 adapters=625 free_code_cache=40440Kb largest_free_block=41314624

Compilation events (10 events):
Event: 4958.398 Thread 0x0000000009a5e800 2248             org.gradle.api.internal.artifacts.ivyservice.resolveengine.graph.CompositeDependencyGraphVisitor::visitNode (40 bytes)
Event: 4958.406 Thread 0x0000000009a6c000 2249             org.gradle.api.internal.artifacts.ivyservice.resolveengine.graph.CompositeDependencyGraphVisitor::visitEdge (40 bytes)
Event: 4958.409 Thread 0x0000000009a5e800 nmethod 2248 0x0000000003dfd510 code [0x0000000003dfd6c0, 0x0000000003dfda48]
Event: 4958.417 Thread 0x0000000009a6c000 nmethod 2249 0x0000000003dfca90 code [0x0000000003dfcc40, 0x0000000003dfcfc8]
Event: 4958.617 Thread 0x0000000009a5e800 2250   !         com.google.common.reflect.TypeVisitor::visit (225 bytes)
Event: 4958.632 Thread 0x0000000009a6c000 2251             org.gradle.api.internal.artifacts.configurations.DefaultConfiguration_Decorated::getName (26 bytes)
Event: 4958.638 Thread 0x0000000009a5e800 nmethod 2250 0x0000000003dfe4d0 code [0x0000000003dfe700, 0x0000000003dff020]
Event: 4958.718 Thread 0x0000000009a6c000 nmethod 2251 0x0000000003e03fd0 code [0x0000000003e04420, 0x0000000003e06130]
Event: 4958.784 Thread 0x0000000009a5e800 2252             org.gradle.api.internal.file.collections.DefaultFileCollectionResolveContext::add (13 bytes)
Event: 4958.798 Thread 0x0000000009a5e800 nmethod 2252 0x0000000003e01a10 code [0x0000000003e01b80, 0x0000000003e01fa8]

GC Heap History (10 events):
Event: 4586.206 GC heap before
{Heap before GC invocations=31 (full 8):
 PSYoungGen      total 274432K, used 239502K [0x00000000eaa80000, 0x00000000fcd80000, 0x0000000100000000)
  eden space 252928K, 94% used [0x00000000eaa80000,0x00000000f9463980,0x00000000fa180000)
  from space 21504K, 0% used [0x00000000fb880000,0x00000000fb880000,0x00000000fcd80000)
  to   space 22528K, 0% used [0x00000000fa180000,0x00000000fa180000,0x00000000fb780000)
 ParOldGen       total 86016K, used 48256K [0x00000000c0000000, 0x00000000c5400000, 0x00000000eaa80000)
  object space 86016K, 56% used [0x00000000c0000000,0x00000000c2f200d8,0x00000000c5400000)
 PSPermGen       total 94208K, used 58548K [0x00000000b0000000, 0x00000000b5c00000, 0x00000000c0000000)
  object space 94208K, 62% used [0x00000000b0000000,0x00000000b392d2e8,0x00000000b5c00000)
Event: 4586.225 GC heap after
Heap after GC invocations=31 (full 8):
 PSYoungGen      total 260608K, used 7452K [0x00000000eaa80000, 0x00000000fca80000, 0x0000000100000000)
  eden space 252928K, 0% used [0x00000000eaa80000,0x00000000eaa80000,0x00000000fa180000)
  from space 7680K, 97% used [0x00000000fa180000,0x00000000fa8c7248,0x00000000fa900000)
  to   space 20992K, 0% used [0x00000000fb600000,0x00000000fb600000,0x00000000fca80000)
 ParOldGen       total 86016K, used 48256K [0x00000000c0000000, 0x00000000c5400000, 0x00000000eaa80000)
  object space 86016K, 56% used [0x00000000c0000000,0x00000000c2f200d8,0x00000000c5400000)
 PSPermGen       total 94208K, used 58548K [0x00000000b0000000, 0x00000000b5c00000, 0x00000000c0000000)
  object space 94208K, 62% used [0x00000000b0000000,0x00000000b392d2e8,0x00000000b5c00000)
}
Event: 4586.225 GC heap before
{Heap before GC invocations=32 (full 9):
 PSYoungGen      total 260608K, used 7452K [0x00000000eaa80000, 0x00000000fca80000, 0x0000000100000000)
  eden space 252928K, 0% used [0x00000000eaa80000,0x00000000eaa80000,0x00000000fa180000)
  from space 7680K, 97% used [0x00000000fa180000,0x00000000fa8c7248,0x00000000fa900000)
  to   space 20992K, 0% used [0x00000000fb600000,0x00000000fb600000,0x00000000fca80000)
 ParOldGen       total 86016K, used 48256K [0x00000000c0000000, 0x00000000c5400000, 0x00000000eaa80000)
  object space 86016K, 56% used [0x00000000c0000000,0x00000000c2f200d8,0x00000000c5400000)
 PSPermGen       total 94208K, used 58548K [0x00000000b0000000, 0x00000000b5c00000, 0x00000000c0000000)
  object space 94208K, 62% used [0x00000000b0000000,0x00000000b392d2e8,0x00000000b5c00000)
Event: 4587.265 GC heap after
Heap after GC invocations=32 (full 9):
 PSYoungGen      total 260608K, used 0K [0x00000000eaa80000, 0x00000000fca80000, 0x0000000100000000)
  eden space 252928K, 0% used [0x00000000eaa80000,0x00000000eaa80000,0x00000000fa180000)
  from space 7680K, 0% used [0x00000000fa180000,0x00000000fa180000,0x00000000fa900000)
  to   space 20992K, 0% used [0x00000000fb600000,0x00000000fb600000,0x00000000fca80000)
 ParOldGen       total 86016K, used 50576K [0x00000000c0000000, 0x00000000c5400000, 0x00000000eaa80000)
  object space 86016K, 58% used [0x00000000c0000000,0x00000000c31641f8,0x00000000c5400000)
 PSPermGen       total 90624K, used 58256K [0x00000000b0000000, 0x00000000b5880000, 0x00000000c0000000)
  object space 90624K, 64% used [0x00000000b0000000,0x00000000b38e4308,0x00000000b5880000)
}
Event: 4937.073 GC heap before
{Heap before GC invocations=33 (full 9):
 PSYoungGen      total 260608K, used 252928K [0x00000000eaa80000, 0x00000000fca80000, 0x0000000100000000)
  eden space 252928K, 100% used [0x00000000eaa80000,0x00000000fa180000,0x00000000fa180000)
  from space 7680K, 0% used [0x00000000fa180000,0x00000000fa180000,0x00000000fa900000)
  to   space 20992K, 0% used [0x00000000fb600000,0x00000000fb600000,0x00000000fca80000)
 ParOldGen       total 86016K, used 50576K [0x00000000c0000000, 0x00000000c5400000, 0x00000000eaa80000)
  object space 86016K, 58% used [0x00000000c0000000,0x00000000c31641f8,0x00000000c5400000)
 PSPermGen       total 90624K, used 58890K [0x00000000b0000000, 0x00000000b5880000, 0x00000000c0000000)
  object space 90624K, 64% used [0x00000000b0000000,0x00000000b39829a8,0x00000000b5880000)
Event: 4937.115 GC heap after
Heap after GC invocations=33 (full 9):
 PSYoungGen      total 251392K, used 3664K [0x00000000eaa80000, 0x00000000fbf00000, 0x0000000100000000)
  eden space 242176K, 0% used [0x00000000eaa80000,0x00000000eaa80000,0x00000000f9700000)
  from space 9216K, 39% used [0x00000000fb600000,0x00000000fb994030,0x00000000fbf00000)
  to   space 20480K, 0% used [0x00000000f9700000,0x00000000f9700000,0x00000000fab00000)
 ParOldGen       total 86016K, used 50576K [0x00000000c0000000, 0x00000000c5400000, 0x00000000eaa80000)
  object space 86016K, 58% used [0x00000000c0000000,0x00000000c31641f8,0x00000000c5400000)
 PSPermGen       total 90624K, used 58890K [0x00000000b0000000, 0x00000000b5880000, 0x00000000c0000000)
  object space 90624K, 64% used [0x00000000b0000000,0x00000000b39829a8,0x00000000b5880000)
}
Event: 4938.775 GC heap before
{Heap before GC invocations=34 (full 9):
 PSYoungGen      total 251392K, used 97727K [0x00000000eaa80000, 0x00000000fbf00000, 0x0000000100000000)
  eden space 242176K, 38% used [0x00000000eaa80000,0x00000000f065bdd8,0x00000000f9700000)
  from space 9216K, 39% used [0x00000000fb600000,0x00000000fb994030,0x00000000fbf00000)
  to   space 20480K, 0% used [0x00000000f9700000,0x00000000f9700000,0x00000000fab00000)
 ParOldGen       total 86016K, used 50576K [0x00000000c0000000, 0x00000000c5400000, 0x00000000eaa80000)
  object space 86016K, 58% used [0x00000000c0000000,0x00000000c31641f8,0x00000000c5400000)
 PSPermGen       total 90624K, used 59265K [0x00000000b0000000, 0x00000000b5880000, 0x00000000c0000000)
  object space 90624K, 65% used [0x00000000b0000000,0x00000000b39e0778,0x00000000b5880000)
Event: 4938.798 GC heap after
Heap after GC invocations=34 (full 9):
 PSYoungGen      total 245248K, used 2780K [0x00000000eaa80000, 0x00000000fbd00000, 0x0000000100000000)
  eden space 242176K, 0% used [0x00000000eaa80000,0x00000000eaa80000,0x00000000f9700000)
  from space 3072K, 90% used [0x00000000f9700000,0x00000000f99b7338,0x00000000f9a00000)
  to   space 19456K, 0% used [0x00000000faa00000,0x00000000faa00000,0x00000000fbd00000)
 ParOldGen       total 86016K, used 52312K [0x00000000c0000000, 0x00000000c5400000, 0x00000000eaa80000)
  object space 86016K, 60% used [0x00000000c0000000,0x00000000c3316390,0x00000000c5400000)
 PSPermGen       total 90624K, used 59265K [0x00000000b0000000, 0x00000000b5880000, 0x00000000c0000000)
  object space 90624K, 65% used [0x00000000b0000000,0x00000000b39e0778,0x00000000b5880000)
}
Event: 4938.798 GC heap before
{Heap before GC invocations=35 (full 10):
 PSYoungGen      total 245248K, used 2780K [0x00000000eaa80000, 0x00000000fbd00000, 0x0000000100000000)
  eden space 242176K, 0% used [0x00000000eaa80000,0x00000000eaa80000,0x00000000f9700000)
  from space 3072K, 90% used [0x00000000f9700000,0x00000000f99b7338,0x00000000f9a00000)
  to   space 19456K, 0% used [0x00000000faa00000,0x00000000faa00000,0x00000000fbd00000)
 ParOldGen       total 86016K, used 52312K [0x00000000c0000000, 0x00000000c5400000, 0x00000000eaa80000)
  object space 86016K, 60% used [0x00000000c0000000,0x00000000c3316390,0x00000000c5400000)
 PSPermGen       total 90624K, used 59265K [0x00000000b0000000, 0x00000000b5880000, 0x00000000c0000000)
  object space 90624K, 65% used [0x00000000b0000000,0x00000000b39e0778,0x00000000b5880000)
Event: 4940.030 GC heap after
Heap after GC invocations=35 (full 10):
 PSYoungGen      total 245248K, used 0K [0x00000000eaa80000, 0x00000000fbd00000, 0x0000000100000000)
  eden space 242176K, 0% used [0x00000000eaa80000,0x00000000eaa80000,0x00000000f9700000)
  from space 3072K, 0% used [0x00000000f9700000,0x00000000f9700000,0x00000000f9a00000)
  to   space 19456K, 0% used [0x00000000faa00000,0x00000000faa00000,0x00000000fbd00000)
 ParOldGen       total 86016K, used 53538K [0x00000000c0000000, 0x00000000c5400000, 0x00000000eaa80000)
  object space 86016K, 62% used [0x00000000c0000000,0x00000000c3448988,0x00000000c5400000)
 PSPermGen       total 87040K, used 59115K [0x00000000b0000000, 0x00000000b5500000, 0x00000000c0000000)
  object space 87040K, 67% used [0x00000000b0000000,0x00000000b39baf68,0x00000000b5500000)
}

Deoptimization events (10 events):
Event: 4944.118 Thread 0x000000000f6a8000 Uncommon trap: reason=bimorphic action=maybe_recompile pc=0x0000000003ce2c4c method=org.gradle.logging.internal.AbstractStyledTextOutput.text(Ljava/lang/Object;)Lorg/gradle/logging/StyledTextOutput; @ 11
Event: 4944.119 Thread 0x000000000f6a8000 Uncommon trap: reason=bimorphic action=maybe_recompile pc=0x0000000003ce2c4c method=org.gradle.logging.internal.AbstractStyledTextOutput.text(Ljava/lang/Object;)Lorg/gradle/logging/StyledTextOutput; @ 11
Event: 4944.119 Thread 0x000000000f6a8000 Uncommon trap: reason=bimorphic action=maybe_recompile pc=0x00000000039e5f90 method=org.gradle.logging.internal.AbstractLineChoppingStyledTextOutput.doAppend(Ljava/lang/String;)V @ 99
Event: 4944.119 Thread 0x000000000f6a8000 Uncommon trap: reason=bimorphic action=maybe_recompile pc=0x0000000003ce2c4c method=org.gradle.logging.internal.AbstractStyledTextOutput.text(Ljava/lang/Object;)Lorg/gradle/logging/StyledTextOutput; @ 11
Event: 4944.119 Thread 0x000000000f6a8000 Uncommon trap: reason=bimorphic action=maybe_recompile pc=0x0000000003ce2c4c method=org.gradle.logging.internal.AbstractStyledTextOutput.text(Ljava/lang/Object;)Lorg/gradle/logging/StyledTextOutput; @ 11
Event: 4944.182 Thread 0x000000000f6ae000 Uncommon trap: reason=class_check action=maybe_recompile pc=0x0000000003b1771c method=java.io.ObjectOutputStream.writeObject0(Ljava/lang/Object;Z)V @ 240
Event: 4944.185 Thread 0x000000000f6ae000 Uncommon trap: reason=class_check action=maybe_recompile pc=0x0000000003b1771c method=java.io.ObjectOutputStream.writeObject0(Ljava/lang/Object;Z)V @ 240
Event: 4944.186 Thread 0x000000000f6ae000 Uncommon trap: reason=class_check action=maybe_recompile pc=0x0000000003b1771c method=java.io.ObjectOutputStream.writeObject0(Ljava/lang/Object;Z)V @ 240
Event: 4944.186 Thread 0x000000000f6ae000 Uncommon trap: reason=class_check action=maybe_recompile pc=0x0000000003b1771c method=java.io.ObjectOutputStream.writeObject0(Ljava/lang/Object;Z)V @ 240
Event: 4944.216 Thread 0x000000000f6ae000 Uncommon trap: reason=unreached action=reinterpret pc=0x0000000003b16614 method=java.io.ObjectOutputStream.writeObject0(Ljava/lang/Object;Z)V @ 248

Internal exceptions (10 events):
Event: 4957.025 Thread 0x000000000f6a8000 Threw 0x00000000f343b380 at C:\re\jdk7u79\2331\hotspot\src\share\vm\prims\jvm.cpp:1304
Event: 4957.026 Thread 0x000000000f6a8000 Threw 0x00000000f3441da8 at C:\re\jdk7u79\2331\hotspot\src\share\vm\prims\jvm.cpp:1304
Event: 4957.026 Thread 0x000000000f6a8000 Threw 0x00000000f3442288 at C:\re\jdk7u79\2331\hotspot\src\share\vm\classfile\systemDictionary.cpp:185
Event: 4957.026 Thread 0x000000000f6a8000 Threw 0x00000000f34448d8 at C:\re\jdk7u79\2331\hotspot\src\share\vm\prims\jvm.cpp:1304
Event: 4957.026 Thread 0x000000000f6a8000 Threw 0x00000000f3445d18 at C:\re\jdk7u79\2331\hotspot\src\share\vm\prims\jvm.cpp:1304
Event: 4957.026 Thread 0x000000000f6a8000 Threw 0x00000000f3446cf8 at C:\re\jdk7u79\2331\hotspot\src\share\vm\prims\jvm.cpp:1304
Event: 4957.026 Thread 0x000000000f6a8000 Threw 0x00000000f3447b08 at C:\re\jdk7u79\2331\hotspot\src\share\vm\prims\jvm.cpp:1304
Event: 4957.026 Thread 0x000000000f6a8000 Threw 0x00000000f344e6b0 at C:\re\jdk7u79\2331\hotspot\src\share\vm\prims\jvm.cpp:1304
Event: 4957.027 Thread 0x000000000f6a8000 Threw 0x00000000f344eb98 at C:\re\jdk7u79\2331\hotspot\src\share\vm\classfile\systemDictionary.cpp:185
Event: 4957.027 Thread 0x000000000f6a8000 Threw 0x00000000f3454010 at C:\re\jdk7u79\2331\hotspot\src\share\vm\prims\jvm.cpp:1304

Events (10 events):
Event: 4957.026 loading class 0x000000000eabeb40
Event: 4957.026 loading class 0x000000000eabeb40 done
Event: 4957.027 loading class 0x000000000eabeb40
Event: 4957.027 loading class 0x000000000eabeb40 done
Event: 4958.836 Executing VM operation: RevokeBias
Event: 4958.836 Executing VM operation: RevokeBias done
Event: 4958.836 Executing VM operation: RevokeBias
Event: 4958.836 Executing VM operation: RevokeBias done
Event: 4958.836 Executing VM operation: RevokeBias
Event: 4958.837 Executing VM operation: RevokeBias done


Dynamic libraries:
0x00007ff60b550000 - 0x00007ff60b583000 	C:\Program Files\Java\jdk1.7.0_79\bin\java.exe
0x00007ffe34b10000 - 0x00007ffe34cd1000 	C:\WINDOWS\SYSTEM32\ntdll.dll
0x00007ffe327b0000 - 0x00007ffe3285d000 	C:\WINDOWS\system32\KERNEL32.DLL
0x00007ffe32000000 - 0x00007ffe321dd000 	C:\WINDOWS\system32\KERNELBASE.dll
0x00007ffe349b0000 - 0x00007ffe34a56000 	C:\WINDOWS\system32\ADVAPI32.dll
0x00007ffe32200000 - 0x00007ffe3229d000 	C:\WINDOWS\system32\msvcrt.dll
0x00007ffe347c0000 - 0x00007ffe3481b000 	C:\WINDOWS\system32\sechost.dll
0x00007ffe34880000 - 0x00007ffe349a6000 	C:\WINDOWS\system32\RPCRT4.dll
0x00007ffe34570000 - 0x00007ffe346be000 	C:\WINDOWS\system32\USER32.dll
0x00007ffe32360000 - 0x00007ffe324e6000 	C:\WINDOWS\system32\GDI32.dll
0x00007ffe214f0000 - 0x00007ffe21764000 	C:\WINDOWS\WinSxS\amd64_microsoft.windows.common-controls_6595b64144ccf1df_6.0.10240.16384_none_f41f7b285750ef43\COMCTL32.dll
0x00007ffe346c0000 - 0x00007ffe346f6000 	C:\WINDOWS\system32\IMM32.DLL
0x00007ffe32b60000 - 0x00007ffe32cbc000 	C:\WINDOWS\system32\MSCTF.dll
0x0000000180000000 - 0x00000001800e7000 	C:\Program Files (x86)\MacType\MacType64.dll
0x00007ffe1db00000 - 0x00007ffe1db21000 	C:\Program Files (x86)\MacType\EasyHK64.dll
0x00007ffe32570000 - 0x00007ffe32578000 	C:\WINDOWS\system32\PSAPI.DLL
0x00000000623d0000 - 0x00000000624a2000 	C:\Program Files\Java\jdk1.7.0_79\jre\bin\msvcr100.dll
0x0000000061bf0000 - 0x00000000623c5000 	C:\Program Files\Java\jdk1.7.0_79\jre\bin\server\jvm.dll
0x00007ffe22ee0000 - 0x00007ffe22ee9000 	C:\WINDOWS\SYSTEM32\WSOCK32.dll
0x00007ffe2f5f0000 - 0x00007ffe2f613000 	C:\WINDOWS\SYSTEM32\WINMM.dll
0x0000000002dd0000 - 0x0000000002e39000 	C:\WINDOWS\system32\WS2_32.dll
0x00000000014f0000 - 0x00000000014f8000 	C:\WINDOWS\system32\NSI.dll
0x0000000001530000 - 0x000000000155c000 	C:\WINDOWS\SYSTEM32\WINMMBASE.dll
0x00007ffe31640000 - 0x00007ffe31684000 	C:\WINDOWS\system32\cfgmgr32.dll
0x00007ffe2fe20000 - 0x00007ffe2fe47000 	C:\WINDOWS\SYSTEM32\DEVOBJ.dll
0x0000000061be0000 - 0x0000000061bef000 	C:\Program Files\Java\jdk1.7.0_79\jre\bin\verify.dll
0x0000000061bb0000 - 0x0000000061bd8000 	C:\Program Files\Java\jdk1.7.0_79\jre\bin\java.dll
0x0000000061b90000 - 0x0000000061ba5000 	C:\Program Files\Java\jdk1.7.0_79\jre\bin\zip.dll
0x0000000061b70000 - 0x0000000061b8a000 	C:\Program Files\Java\jdk1.7.0_79\jre\bin\net.dll
0x000000000bfb0000 - 0x000000000c028000 	C:\windows\system32\ASProxy64.dll
0x00007ffe32660000 - 0x00007ffe327a1000 	C:\WINDOWS\system32\ole32.dll
0x00007ffe30db0000 - 0x00007ffe30e0d000 	C:\WINDOWS\SYSTEM32\MSWSOCK.dll
0x00007ffe30300000 - 0x00007ffe30338000 	C:\WINDOWS\SYSTEM32\IPHLPAPI.DLL
0x00007ffe32870000 - 0x00007ffe32aec000 	C:\WINDOWS\system32\combase.dll
0x00007ffe34700000 - 0x00007ffe347be000 	C:\WINDOWS\system32\OLEAUT32.dll
0x00007ffe302f0000 - 0x00007ffe302fb000 	C:\WINDOWS\SYSTEM32\WINNSI.DLL
0x00007ffe302e0000 - 0x00007ffe302ea000 	C:\WINDOWS\SYSTEM32\VERSION.dll
0x00007ffe31160000 - 0x00007ffe3118c000 	C:\WINDOWS\SYSTEM32\SspiCli.dll
0x00007ffe315d0000 - 0x00007ffe315df000 	C:\WINDOWS\system32\kernel.appcore.dll
0x00007ffe31360000 - 0x00007ffe313cb000 	C:\WINDOWS\SYSTEM32\bcryptPrimitives.dll
0x00007ffe2fd80000 - 0x00007ffe2fe16000 	C:\WINDOWS\system32\uxtheme.dll
0x00007ffe20e50000 - 0x00007ffe20ef2000 	C:\Program Files\Common Files\microsoft shared\ink\tiptsf.dll
0x00007ffe34a60000 - 0x00007ffe34b05000 	C:\WINDOWS\system32\clbcatq.dll
0x00007ffe30e10000 - 0x00007ffe30e27000 	C:\WINDOWS\SYSTEM32\cryptsp.dll
0x00007ffe31470000 - 0x00007ffe31498000 	C:\WINDOWS\SYSTEM32\bcrypt.dll
0x00007ffe30a60000 - 0x00007ffe30a93000 	C:\WINDOWS\system32\rsaenh.dll
0x00007ffe30f80000 - 0x00007ffe30f8b000 	C:\WINDOWS\SYSTEM32\CRYPTBASE.dll
0x00007ffe313d0000 - 0x00007ffe31468000 	C:\WINDOWS\SYSTEM32\sxs.dll
0x0000000061b50000 - 0x0000000061b61000 	C:\Program Files\Java\jdk1.7.0_79\jre\bin\nio.dll
0x00007ffe1fcd0000 - 0x00007ffe1fce2000 	C:\Users\David\.gradle\native\19\windows-amd64\native-platform.dll
0x00007ffe34820000 - 0x00007ffe34871000 	C:\WINDOWS\system32\SHLWAPI.dll
0x00007ffe2aa50000 - 0x00007ffe2aa66000 	C:\WINDOWS\SYSTEM32\dhcpcsvc6.DLL
0x00007ffe2c0a0000 - 0x00007ffe2c0ba000 	C:\WINDOWS\SYSTEM32\dhcpcsvc.DLL
0x00007ffe30b90000 - 0x00007ffe30baf000 	C:\WINDOWS\SYSTEM32\USERENV.dll
0x00007ffe31540000 - 0x00007ffe31553000 	C:\WINDOWS\system32\profapi.dll
0x0000000061880000 - 0x00000000618a4000 	C:\Program Files\Java\jdk1.7.0_79\jre\bin\sunec.dll
0x0000000061870000 - 0x000000006187b000 	C:\Program Files\Java\jdk1.7.0_79\jre\bin\sunmscapi.dll
0x00000000107d0000 - 0x0000000010991000 	C:\WINDOWS\system32\CRYPT32.dll
0x00007ffe315b0000 - 0x00007ffe315c1000 	C:\WINDOWS\system32\MSASN1.dll
0x00007ffe30bb0000 - 0x00007ffe30c58000 	C:\WINDOWS\SYSTEM32\DNSAPI.dll
0x00007ffe23fc0000 - 0x00007ffe23fca000 	C:\Windows\System32\rasadhlp.dll
0x00007ffe2a670000 - 0x00007ffe2a6d8000 	C:\WINDOWS\System32\fwpuclnt.dll
0x00007ffe1db50000 - 0x00007ffe1db65000 	C:\WINDOWS\system32\napinsp.dll
0x00007ffe1db30000 - 0x00007ffe1db4a000 	C:\WINDOWS\system32\pnrpnsp.dll
0x00007ffe2ddd0000 - 0x00007ffe2dde8000 	C:\WINDOWS\system32\NLAapi.dll
0x00007ffe1ec40000 - 0x00007ffe1ec4d000 	C:\WINDOWS\System32\winrnr.dll
0x00007ffe2cd80000 - 0x00007ffe2cd95000 	C:\WINDOWS\system32\wshbth.dll
0x0000000061950000 - 0x000000006195b000 	C:\Program Files\Java\jdk1.7.0_79\jre\bin\management.dll
0x00007ffe2a6e0000 - 0x00007ffe2a86a000 	C:\WINDOWS\SYSTEM32\dbghelp.dll

VM Arguments:
jvm_args: -XX:MaxPermSize=256m -XX:+HeapDumpOnOutOfMemoryError -Xmx1024m -Dfile.encoding=GBK -Duser.country=CN -Duser.language=zh -Duser.variant 
java_command: org.gradle.launcher.daemon.bootstrap.GradleDaemon 2.4 C:\Users\David\.gradle C:\Users\David\.gradle\daemon 10800000 b3b971c7-4f45-4172-bf18-4ec77631e705 -XX:MaxPermSize=256m -XX:+HeapDumpOnOutOfMemoryError -Xmx1024m -Dfile.encoding=GBK -Duser.country=CN -Duser.language=zh -Duser.variant
Launcher Type: SUN_STANDARD

Environment Variables:
JAVA_HOME=C:\Program Files\Java\jdk1.7.0_79
CLASSPATH=.;C:\Program Files (x86)\QuickTime\QTSystem\QTJava.zip
PATH=C:\Program Files (x86)\MacType\;C:\WINDOWS\system32;C:\WINDOWS;C:\WINDOWS\System32\Wbem;C:\WINDOWS\System32\WindowsPowerShell\v1.0\;C:\Program Files\nodejs\;C:\Program Files (x86)\Microsoft SQL Server\100\Tools\Binn\;C:\Program Files\Microsoft SQL Server\100\Tools\Binn\;C:\Program Files\Microsoft SQL Server\100\DTS\Binn\;C:\Program Files (x86)\QuickTime\QTSystem\;C:\Users\David\AppData\Roaming\npm;C:\Program Files\nodejs;C:\Users\David\AppData\Local\.meteor\;C:\Program Files\Java\jdk1.7.0_79\bin;C:\Program Files\Java\jdk1.7.0_79\jre\bin;;C:\Program Files (x86)\MacType
USERNAME=David
OS=Windows_NT
PROCESSOR_IDENTIFIER=Intel64 Family 6 Model 69 Stepping 1, GenuineIntel



---------------  S Y S T E M  ---------------

OS: Windows 8.1 , 64 bit Build 9600 

CPU:total 4 (2 cores per cpu, 2 threads per core) family 6 model 69 stepping 1, cmov, cx8, fxsr, mmx, sse, sse2, sse3, ssse3, sse4.1, sse4.2, popcnt, avx, avx2, aes, erms, ht, tsc, tscinvbit

Memory: 4k page, physical 8291400k(1460292k free), swap 15893576k(4482172k free)

vm_info: Java HotSpot(TM) 64-Bit Server VM (24.79-b02) for windows-amd64 JRE (1.7.0_79-b15), built on Apr 10 2015 12:36:16 by "java_re" with unknown MS VC++:1600

time: Sat Aug 15 11:55:34 2015
elapsed time: 4959 seconds

