#
# A fatal error has been detected by the Java Runtime Environment:
#
#  EXCEPTION_ACCESS_VIOLATION (0xc0000005) at pc=0x000000000d7b2ef0, pid=11144, tid=10308
#
# JRE version: Java(TM) SE Runtime Environment (7.0_79-b15) (build 1.7.0_79-b15)
# Java VM: Java HotSpot(TM) 64-Bit Server VM (24.79-b02 mixed mode windows-amd64 compressed oops)
# Problematic frame:
# C  0x000000000d7b2ef0
#
# Failed to write core dump. Minidumps are not enabled by default on client versions of Windows
#
# If you would like to submit a bug report, please visit:
#   http://bugreport.java.com/bugreport/crash.jsp
# The crash happened outside the Java Virtual Machine in native code.
# See problematic frame for where to report the bug.
#

---------------  T H R E A D  ---------------

Current thread (0x000000000b5e5800):  JavaThread "Daemon worker" [_thread_in_native, id=10308, stack(0x000000000dc30000,0x000000000dd30000)]

siginfo: ExceptionCode=0xc0000005, ExceptionInformation=0x0000000000000008 0x000000000d7b2ef0

Registers:
RAX=0x0000000000000013, RBX=0x0000000000c03bc0, RCX=0x0000000000c03b44, RDX=0x000000000dd25098
RSP=0x000000000dd250c0, RBP=0x0000000000000000, RSI=0x0000000000007ffb, RDI=0x0000000000000000
R8 =0x000000000baeeb38, R9 =0x0000000000000000, R10=0x0000000000000000, R11=0x0000000000000064
R12=0x000000000ce68f48, R13=0x000000000dd252b8, R14=0x000000000d7b2f00, R15=0x0000000000000004
RIP=0x000000000d7b2ef0, EFLAGS=0x0000000000010206

Top of Stack: (sp=0x000000000dd250c0)
0x000000000dd250c0:   000000000b5e59e8 000000000baadbf2
0x000000000dd250d0:   000000000baeeac0 0000000000c03bc0
0x000000000dd250e0:   000000000bd66f70 000000000bd66f70
0x000000000dd250f0:   000000000d7b2f00 0000000000000000
0x000000000dd25100:   fffffffffffffffe 0000000000000000
0x000000000dd25110:   000000000b5e5800 000000000baadb42
0x000000000dd25120:   0000000000c03bc0 0000000000c03bc0
0x000000000dd25130:   000000000b5e59e8 0000000072678d94
0x000000000dd25140:   0000000000000000 000000000ce68ed8
0x000000000dd25150:   0000000000000004 000000000d6bb370
0x000000000dd25160:   000000000b5e59e8 0000000072a23766
0x000000000dd25170:   0000000000c03bc0 000000000b5e59e8
0x000000000dd25180:   000000000d6bb370 000000000ce68ed8
0x000000000dd25190:   0000000000000001 0000000000c03bc0
0x000000000dd251a0:   000000000d6bb370 0000000000000002
0x000000000dd251b0:   0000000000000000 0000000000000000 

Instructions: (pc=0x000000000d7b2ef0)
0x000000000d7b2ed0:   00 00 00 00 00 00 00 00 e6 ff 11 ba 69 ee 03 96
0x000000000d7b2ee0:   4d 45 54 41 2d 49 4e 46 2f 00 7b 0d 00 00 00 00
0x000000000d7b2ef0:   00 00 00 00 00 00 00 00 e4 ff 13 ba 71 ef 03 80
0x000000000d7b2f00:   7a 77 61 6c 6b 65 72 2d 73 70 33 00 00 00 00 00 


Register to memory mapping:

RAX=0x0000000000000013 is an unknown value
RBX=0x0000000000c03bc0 is an unknown value
RCX=0x0000000000c03b44 is an unknown value
RDX=0x000000000dd25098 is pointing into the stack for thread: 0x000000000b5e5800
RSP=0x000000000dd250c0 is pointing into the stack for thread: 0x000000000b5e5800
RBP=0x0000000000000000 is an unknown value
RSI=0x0000000000007ffb is an unknown value
RDI=0x0000000000000000 is an unknown value
R8 =0x000000000baeeb38 is an unknown value
R9 =0x0000000000000000 is an unknown value
R10=0x0000000000000000 is an unknown value
R11=0x0000000000000064 is an unknown value
R12=0x000000000ce68f48 is an unknown value
R13=0x000000000dd252b8 is pointing into the stack for thread: 0x000000000b5e5800
R14=0x000000000d7b2f00 is an unknown value
R15=0x0000000000000004 is an unknown value


Stack: [0x000000000dc30000,0x000000000dd30000],  sp=0x000000000dd250c0,  free space=980k
Native frames: (J=compiled Java code, j=interpreted, Vv=VM code, C=native code)
C  0x000000000d7b2ef0

[error occurred during error reporting (printing native stack), id 0xc0000005]

Java frames: (J=compiled Java code, j=interpreted, Vv=VM code)
j  java.net.Inet6AddressImpl.lookupAllHostAddr(Ljava/lang/String;)[Ljava/net/InetAddress;+0
j  java.net.InetAddress$1.lookupAllHostAddr(Ljava/lang/String;)[Ljava/net/InetAddress;+4
j  java.net.InetAddress.getAddressesFromNameService(Ljava/lang/String;Ljava/net/InetAddress;)[Ljava/net/InetAddress;+51
j  java.net.InetAddress.getLocalHost()Ljava/net/InetAddress;+90
j  javax.crypto.JarVerifier.getSystemEntropy()[B+86
j  javax.crypto.JarVerifier.testSignatures(Ljava/security/cert/X509Certificate;Ljava/security/cert/CertificateFactory;)V+3
j  javax.crypto.JarVerifier.access$400(Ljava/security/cert/X509Certificate;Ljava/security/cert/CertificateFactory;)V+2
j  javax.crypto.JarVerifier$1.run()Ljava/lang/Void;+71
j  javax.crypto.JarVerifier$1.run()Ljava/lang/Object;+1
v  ~StubRoutines::call_stub
j  java.security.AccessController.doPrivileged(Ljava/security/PrivilegedExceptionAction;)Ljava/lang/Object;+0
j  javax.crypto.JarVerifier.<clinit>()V+7
v  ~StubRoutines::call_stub
j  javax.crypto.JceSecurity.loadPolicies(Ljava/io/File;Ljavax/crypto/CryptoPermissions;Ljavax/crypto/CryptoPermissions;)V+146
j  javax.crypto.JceSecurity.setupJurisdictionPolicies()V+130
j  javax.crypto.JceSecurity.access$000()V+0
j  javax.crypto.JceSecurity$1.run()Ljava/lang/Object;+0
v  ~StubRoutines::call_stub
j  java.security.AccessController.doPrivileged(Ljava/security/PrivilegedExceptionAction;)Ljava/lang/Object;+0
j  javax.crypto.JceSecurity.<clinit>()V+49
v  ~StubRoutines::call_stub
j  javax.crypto.KeyAgreement.getInstance(Ljava/lang/String;)Ljavax/crypto/KeyAgreement;+37
j  sun.security.ssl.JsseJce.getKeyAgreement(Ljava/lang/String;)Ljavax/crypto/KeyAgreement;+7
j  sun.security.ssl.JsseJce.isEcAvailable()Z+20
j  sun.security.ssl.CipherSuite$KeyExchange.isAvailable()Z+28
j  sun.security.ssl.CipherSuite.isAvailable()Z+11
j  sun.security.ssl.SSLContextImpl.getApplicableCipherSuiteList(Lsun/security/ssl/ProtocolList;Z)Lsun/security/ssl/CipherSuiteList;+105
j  sun.security.ssl.SSLContextImpl.getDefaultCipherSuiteList(Z)Lsun/security/ssl/CipherSuiteList;+55
j  sun.security.ssl.SSLSocketImpl.init(Lsun/security/ssl/SSLContextImpl;Z)V+88
j  sun.security.ssl.SSLSocketImpl.<init>(Lsun/security/ssl/SSLContextImpl;)V+77
j  sun.security.ssl.SSLSocketFactoryImpl.createSocket()Ljava/net/Socket;+8
j  org.apache.http.conn.ssl.SSLSocketFactory.createSocket(Lorg/apache/http/params/HttpParams;)Ljava/net/Socket;+4
j  org.apache.http.impl.conn.DefaultClientConnectionOperator.openConnection(Lorg/apache/http/conn/OperatedClientConnection;Lorg/apache/http/HttpHost;Ljava/net/InetAddress;Lorg/apache/http/protocol/HttpContext;Lorg/apache/http/params/HttpParams;)V+142
j  org.apache.http.impl.conn.ManagedClientConnectionImpl.open(Lorg/apache/http/conn/routing/HttpRoute;Lorg/apache/http/protocol/HttpContext;Lorg/apache/http/params/HttpParams;)V+133
j  org.apache.http.impl.client.DefaultRequestDirector.tryConnect(Lorg/apache/http/impl/client/RoutedRequest;Lorg/apache/http/protocol/HttpContext;)V+49
j  org.apache.http.impl.client.DefaultRequestDirector.execute(Lorg/apache/http/HttpHost;Lorg/apache/http/HttpRequest;Lorg/apache/http/protocol/HttpContext;)Lorg/apache/http/HttpResponse;+367
j  org.apache.http.impl.client.AbstractHttpClient.execute(Lorg/apache/http/HttpHost;Lorg/apache/http/HttpRequest;Lorg/apache/http/protocol/HttpContext;)Lorg/apache/http/HttpResponse;+344
j  org.apache.http.impl.client.DecompressingHttpClient.execute(Lorg/apache/http/HttpHost;Lorg/apache/http/HttpRequest;Lorg/apache/http/protocol/HttpContext;)Lorg/apache/http/HttpResponse;+65
j  org.apache.http.impl.client.DecompressingHttpClient.execute(Lorg/apache/http/client/methods/HttpUriRequest;Lorg/apache/http/protocol/HttpContext;)Lorg/apache/http/HttpResponse;+8
j  org.gradle.internal.resource.transport.http.HttpClientHelper.performHttpRequest(Lorg/apache/http/client/methods/HttpRequestBase;)Lorg/apache/http/HttpResponse;+37
j  org.gradle.internal.resource.transport.http.HttpClientHelper.executeGetOrHead(Lorg/apache/http/client/methods/HttpRequestBase;)Lorg/apache/http/HttpResponse;+2
j  org.gradle.internal.resource.transport.http.HttpClientHelper.performRequest(Lorg/apache/http/client/methods/HttpRequestBase;)Lorg/apache/http/HttpResponse;+7
j  org.gradle.internal.resource.transport.http.HttpClientHelper.performRawGet(Ljava/lang/String;)Lorg/apache/http/HttpResponse;+9
j  org.gradle.internal.resource.transport.http.HttpClientHelper.performGet(Ljava/lang/String;)Lorg/apache/http/HttpResponse;+6
j  org.gradle.internal.resource.transport.http.HttpResourceAccessor.getResource(Ljava/net/URI;)Lorg/gradle/internal/resource/transport/http/HttpResponseResource;+25
j  org.gradle.internal.resource.transport.http.HttpResourceAccessor.getResource(Ljava/net/URI;)Lorg/gradle/internal/resource/ExternalResource;+2
j  org.gradle.internal.resource.transfer.ProgressLoggingExternalResourceAccessor.getResource(Ljava/net/URI;)Lorg/gradle/internal/resource/ExternalResource;+5
j  org.gradle.internal.resource.transfer.DefaultCacheAwareExternalResourceAccessor.getResource(Ljava/net/URI;Lorg/gradle/internal/resource/transfer/CacheAwareExternalResourceAccessor$ResourceFileStore;Lorg/gradle/internal/resource/local/LocallyAvailableResourceCandidates;)Lorg/gradle/internal/resource/LocallyAvailableExternalResource;+52
j  org.gradle.api.internal.artifacts.repositories.resolver.DefaultExternalResourceArtifactResolver.downloadStaticResource(Ljava/util/List;Lorg/gradle/internal/component/external/model/ModuleComponentArtifactMetaData;Lorg/gradle/internal/resolve/result/ResourceAwareResolveResult;)Lorg/gradle/internal/resource/LocallyAvailableExternalResource;+92
j  org.gradle.api.internal.artifacts.repositories.resolver.DefaultExternalResourceArtifactResolver.resolveMetaDataArtifact(Lorg/gradle/internal/component/external/model/ModuleComponentArtifactMetaData;Lorg/gradle/internal/resolve/result/ResourceAwareResolveResult;)Lorg/gradle/internal/resource/LocallyAvailableExternalResource;+7
j  org.gradle.api.internal.artifacts.repositories.resolver.ExternalResourceResolver.parseMetaDataFromArtifact(Lorg/gradle/api/artifacts/component/ModuleComponentIdentifier;Lorg/gradle/api/internal/artifacts/repositories/resolver/ExternalResourceArtifactResolver;Lorg/gradle/internal/resolve/result/ResourceAwareResolveResult;)Lorg/gradle/internal/component/external/model/MutableModuleComponentResolveMetaData;+11
j  org.gradle.api.internal.artifacts.repositories.resolver.ExternalResourceResolver.resolveStaticDependency(Lorg/gradle/internal/component/model/DependencyMetaData;Lorg/gradle/api/artifacts/component/ModuleComponentIdentifier;Lorg/gradle/internal/resolve/result/BuildableModuleComponentMetaDataResolveResult;Lorg/gradle/api/internal/artifacts/repositories/resolver/ExternalResourceArtifactResolver;)V+5
j  org.gradle.api.internal.artifacts.repositories.resolver.MavenResolver.doResolveComponentMetaData(Lorg/gradle/internal/component/model/DependencyMetaData;Lorg/gradle/api/artifacts/component/ModuleComponentIdentifier;Lorg/gradle/internal/resolve/result/BuildableModuleComponentMetaDataResolveResult;)V+39
j  org.gradle.api.internal.artifacts.repositories.resolver.ExternalResourceResolver$RemoteRepositoryAccess.resolveComponentMetaData(Lorg/gradle/internal/component/model/DependencyMetaData;Lorg/gradle/api/artifacts/component/ModuleComponentIdentifier;Lorg/gradle/internal/resolve/result/BuildableModuleComponentMetaDataResolveResult;)V+7
j  org.gradle.api.internal.artifacts.ivyservice.ivyresolve.CacheLockReleasingModuleComponentsRepository$LockReleasingRepositoryAccess$2.run()V+19
j  org.gradle.internal.Factories$1.create()Ljava/lang/Object;+4
j  org.gradle.cache.internal.DefaultCacheAccess.longRunningOperation(Ljava/lang/String;Lorg/gradle/internal/Factory;)Ljava/lang/Object;+7
j  org.gradle.cache.internal.DefaultCacheAccess.longRunningOperation(Ljava/lang/String;Ljava/lang/Runnable;)V+6
j  org.gradle.cache.internal.DefaultPersistentDirectoryStore.longRunningOperation(Ljava/lang/String;Ljava/lang/Runnable;)V+6
j  org.gradle.cache.internal.DefaultCacheFactory$ReferenceTrackingCache.longRunningOperation(Ljava/lang/String;Ljava/lang/Runnable;)V+9
j  org.gradle.api.internal.artifacts.ivyservice.DefaultCacheLockingManager.longRunningOperation(Ljava/lang/String;Ljava/lang/Runnable;)V+6
j  org.gradle.api.internal.artifacts.ivyservice.ivyresolve.CacheLockReleasingModuleComponentsRepository$LockReleasingRepositoryAccess.resolveComponentMetaData(Lorg/gradle/internal/component/model/DependencyMetaData;Lorg/gradle/api/artifacts/component/ModuleComponentIdentifier;Lorg/gradle/internal/resolve/result/BuildableModuleComponentMetaDataResolveResult;)V+35
j  org.gradle.api.internal.artifacts.ivyservice.ivyresolve.CachingModuleComponentRepository$ResolveAndCacheRepositoryAccess.resolveComponentMetaData(Lorg/gradle/internal/component/model/DependencyMetaData;Lorg/gradle/api/artifacts/component/ModuleComponentIdentifier;Lorg/gradle/internal/resolve/result/BuildableModuleComponentMetaDataResolveResult;)V+24
j  org.gradle.api.internal.artifacts.ivyservice.ivyresolve.BaseModuleComponentRepositoryAccess.resolveComponentMetaData(Lorg/gradle/internal/component/model/DependencyMetaData;Lorg/gradle/api/artifacts/component/ModuleComponentIdentifier;Lorg/gradle/internal/resolve/result/BuildableModuleComponentMetaDataResolveResult;)V+7
j  org.gradle.api.internal.artifacts.ivyservice.ivyresolve.memcache.InMemoryCachedModuleComponentRepository$CachedAccess.resolveComponentMetaData(Lorg/gradle/internal/component/model/DependencyMetaData;Lorg/gradle/api/artifacts/component/ModuleComponentIdentifier;Lorg/gradle/internal/resolve/result/BuildableModuleComponentMetaDataResolveResult;)V+16
j  org.gradle.api.internal.artifacts.ivyservice.ivyresolve.ComponentMetaDataResolveState.process(Lorg/gradle/internal/component/model/DependencyMetaData;Lorg/gradle/api/artifacts/component/ModuleComponentIdentifier;Lorg/gradle/api/internal/artifacts/ivyservice/ivyresolve/ModuleComponentRepositoryAccess;Lorg/gradle/internal/resolve/result/BuildableModuleComponentMetaDataResolveResult;)V+5
j  org.gradle.api.internal.artifacts.ivyservice.ivyresolve.ComponentMetaDataResolveState.resolve()Lorg/gradle/internal/resolve/result/BuildableModuleComponentMetaDataResolveResult;+104
j  org.gradle.api.internal.artifacts.ivyservice.ivyresolve.RepositoryChainDependencyResolver.findBestMatch(Ljava/util/LinkedList;Ljava/util/Collection;Ljava/util/Collection;)Lorg/gradle/api/internal/artifacts/ivyservice/ivyresolve/RepositoryChainModuleResolution;+21
j  org.gradle.api.internal.artifacts.ivyservice.ivyresolve.RepositoryChainDependencyResolver.findBestMatch(Ljava/util/List;Ljava/util/Collection;)Lorg/gradle/api/internal/artifacts/ivyservice/ivyresolve/RepositoryChainModuleResolution;+28
j  org.gradle.api.internal.artifacts.ivyservice.ivyresolve.RepositoryChainDependencyResolver.resolve(Lorg/gradle/internal/component/model/DependencyMetaData;Lorg/gradle/internal/resolve/result/BuildableComponentResolveResult;)V+159
j  org.gradle.api.internal.artifacts.ivyservice.ivyresolve.RepositoryChainAdapter.resolve(Lorg/gradle/internal/component/model/DependencyMetaData;Lorg/gradle/api/artifacts/component/ComponentIdentifier;Lorg/gradle/internal/resolve/result/BuildableComponentResolveResult;)V+64
j  org.gradle.api.internal.artifacts.ivyservice.clientmodule.ClientModuleResolver.resolve(Lorg/gradle/internal/component/model/DependencyMetaData;Lorg/gradle/api/artifacts/component/ComponentIdentifier;Lorg/gradle/internal/resolve/result/BuildableComponentResolveResult;)V+7
j  org.gradle.api.internal.artifacts.ivyservice.resolveengine.graph.DependencyGraphBuilder$ModuleVersionResolveState.resolve()V+89
j  org.gradle.api.internal.artifacts.ivyservice.resolveengine.graph.DependencyGraphBuilder$ModuleVersionResolveState.getMetaData()Lorg/gradle/internal/component/model/ComponentResolveMetaData;+8
j  org.gradle.api.internal.artifacts.ivyservice.resolveengine.graph.DependencyGraphBuilder$DependencyEdge.calculateTargetConfigurations()V+13
j  org.gradle.api.internal.artifacts.ivyservice.resolveengine.graph.DependencyGraphBuilder$DependencyEdge.attachToTargetConfigurations()V+15
j  org.gradle.api.internal.artifacts.ivyservice.resolveengine.graph.DependencyGraphBuilder.traverseGraph(Lorg/gradle/api/internal/artifacts/ivyservice/resolveengine/graph/DependencyGraphBuilder$ResolveState;Lorg/gradle/api/internal/artifacts/ivyservice/resolveengine/graph/conflicts/ConflictHandler;)V+229
j  org.gradle.api.internal.artifacts.ivyservice.resolveengine.graph.DependencyGraphBuilder.resolveDependencyGraph(Lorg/gradle/api/internal/artifacts/configurations/ConfigurationInternal;Lorg/gradle/api/internal/artifacts/ivyservice/resolveengine/graph/DependencyGraphVisitor;)V+94
j  org.gradle.api.internal.artifacts.ivyservice.resolveengine.graph.DependencyGraphBuilder.resolve(Lorg/gradle/api/internal/artifacts/configurations/ConfigurationInternal;Lorg/gradle/api/internal/artifacts/ivyservice/resolveengine/result/ResolutionResultBuilder;Lorg/gradle/api/internal/artifacts/ivyservice/resolveengine/oldresult/ResolvedConfigurationBuilder;)V+51
j  org.gradle.api.internal.artifacts.ivyservice.resolveengine.DefaultDependencyResolver$1.execute(Lorg/apache/ivy/Ivy;)V+314
j  org.gradle.api.internal.artifacts.ivyservice.resolveengine.DefaultDependencyResolver$1.execute(Ljava/lang/Object;)V+5
j  org.gradle.internal.Transformers$4.transform(Ljava/lang/Object;)Ljava/lang/Object;+5
j  org.gradle.api.internal.artifacts.ivyservice.DefaultIvyContextManager.withIvy(Lorg/gradle/api/Transformer;)Ljava/lang/Object;+96
j  org.gradle.api.internal.artifacts.ivyservice.DefaultIvyContextManager.withIvy(Lorg/gradle/api/Action;)V+5
j  org.gradle.api.internal.artifacts.ivyservice.resolveengine.DefaultDependencyResolver.resolve(Lorg/gradle/api/internal/artifacts/configurations/ConfigurationInternal;Ljava/util/List;Lorg/gradle/api/internal/artifacts/GlobalDependencyResolutionRules;Lorg/gradle/api/internal/artifacts/ResolverResults;)V+28
j  org.gradle.api.internal.artifacts.ivyservice.CacheLockingArtifactDependencyResolver$1.run()V+23
j  org.gradle.internal.Factories$1.create()Ljava/lang/Object;+4
j  org.gradle.cache.internal.DefaultCacheAccess.useCache(Ljava/lang/String;Lorg/gradle/internal/Factory;)Ljava/lang/Object;+45
j  org.gradle.cache.internal.DefaultCacheAccess.useCache(Ljava/lang/String;Ljava/lang/Runnable;)V+6
j  org.gradle.cache.internal.DefaultPersistentDirectoryStore.useCache(Ljava/lang/String;Ljava/lang/Runnable;)V+6
j  org.gradle.cache.internal.DefaultCacheFactory$ReferenceTrackingCache.useCache(Ljava/lang/String;Ljava/lang/Runnable;)V+9
j  org.gradle.api.internal.artifacts.ivyservice.DefaultCacheLockingManager.useCache(Ljava/lang/String;Ljava/lang/Runnable;)V+6
j  org.gradle.api.internal.artifacts.ivyservice.CacheLockingArtifactDependencyResolver.resolve(Lorg/gradle/api/internal/artifacts/configurations/ConfigurationInternal;Ljava/util/List;Lorg/gradle/api/internal/artifacts/GlobalDependencyResolutionRules;Lorg/gradle/api/internal/artifacts/ResolverResults;)V+30
j  org.gradle.api.internal.artifacts.ivyservice.SelfResolvingDependencyResolver.resolve(Lorg/gradle/api/internal/artifacts/configurations/ConfigurationInternal;Ljava/util/List;Lorg/gradle/api/internal/artifacts/GlobalDependencyResolutionRules;Lorg/gradle/api/internal/artifacts/ResolverResults;)V+9
j  org.gradle.api.internal.artifacts.ivyservice.ShortcircuitEmptyConfigsArtifactDependencyResolver.resolve(Lorg/gradle/api/internal/artifacts/configurations/ConfigurationInternal;Ljava/util/List;Lorg/gradle/api/internal/artifacts/GlobalDependencyResolutionRules;Lorg/gradle/api/internal/artifacts/ResolverResults;)V+88
j  org.gradle.api.internal.artifacts.ivyservice.ErrorHandlingArtifactDependencyResolver.resolve(Lorg/gradle/api/internal/artifacts/configurations/ConfigurationInternal;Ljava/util/List;Lorg/gradle/api/internal/artifacts/GlobalDependencyResolutionRules;Lorg/gradle/api/internal/artifacts/ResolverResults;)V+9
j  org.gradle.api.internal.artifacts.ivyservice.DefaultConfigurationResolver.resolve(Lorg/gradle/api/internal/artifacts/configurations/ConfigurationInternal;)Lorg/gradle/api/internal/artifacts/ResolverResults;+33
j  org.gradle.api.internal.artifacts.configurations.DefaultConfiguration.resolveNow()V+40
j  org.gradle.api.internal.artifacts.configurations.DefaultConfiguration.getResolvedConfiguration()Lorg/gradle/api/artifacts/ResolvedConfiguration;+1
j  org.gradle.api.internal.artifacts.configurations.DefaultConfiguration_Decorated.getResolvedConfiguration()Lorg/gradle/api/artifacts/ResolvedConfiguration;+7
j  com.android.build.gradle.internal.DependencyManager.collectArtifacts(Lorg/gradle/api/artifacts/Configuration;Ljava/util/Map;)V+14
j  com.android.build.gradle.internal.DependencyManager.resolveDependencyForConfig(Lcom/android/build/gradle/internal/dependency/VariantDependencies;Lcom/android/build/gradle/internal/dependency/VariantDependencies;Lcom/google/common/collect/Multimap;)V+39
j  com.android.build.gradle.internal.DependencyManager.resolveDependencies(Lcom/android/build/gradle/internal/dependency/VariantDependencies;Lcom/android/build/gradle/internal/dependency/VariantDependencies;)V+8
j  com.android.build.gradle.internal.TaskManager.resolveDependencies(Lcom/android/build/gradle/internal/dependency/VariantDependencies;Lcom/android/build/gradle/internal/dependency/VariantDependencies;)V+6
j  com.android.build.gradle.internal.VariantManager$8.call()Ljava/lang/Void;+12
j  com.android.build.gradle.internal.VariantManager$8.call()Ljava/lang/Object;+1
j  com.android.builder.profile.ThreadRecorder$1.record(Lcom/android/builder/profile/ExecutionType;Lcom/android/builder/profile/Recorder$Block;[Lcom/android/builder/profile/Recorder$Property;)Ljava/lang/Object;+1
j  com.android.builder.profile.Recorder$record.call(Ljava/lang/Object;[Ljava/lang/Object;)Ljava/lang/Object;+31
j  org.codehaus.groovy.runtime.callsite.CallSiteArray.defaultCall(Lorg/codehaus/groovy/runtime/callsite/CallSite;Ljava/lang/Object;[Ljava/lang/Object;)Ljava/lang/Object;+8
j  org.codehaus.groovy.runtime.callsite.AbstractCallSite.call(Ljava/lang/Object;[Ljava/lang/Object;)Ljava/lang/Object;+3
j  org.codehaus.groovy.runtime.callsite.AbstractCallSite.call(Ljava/lang/Object;Ljava/lang/Object;Ljava/lang/Object;Ljava/lang/Object;)Ljava/lang/Object;+9
j  com.android.build.gradle.internal.profile.SpanRecorders.record(Lorg/gradle/api/Project;Lcom/android/builder/profile/ExecutionType;Lcom/android/builder/profile/Recorder$Block;[Lcom/android/builder/profile/Recorder$Property;)Ljava/lang/Object;+158
j  com.android.build.gradle.internal.VariantManager.createVariantData(Lcom/android/builder/model/BuildType;Ljava/util/List;)Lcom/android/build/gradle/internal/variant/BaseVariantData;+653
j  com.android.build.gradle.internal.VariantManager.createVariantDataForProductFlavors(Ljava/util/List;)V+180
j  com.android.build.gradle.internal.VariantManager.populateVariantDataList()V+23
j  com.android.build.gradle.internal.VariantManager.createAndroidTasks()V+43
j  com.android.build.gradle.BasePlugin$_createAndroidTasks_closure15.doCall(Ljava/lang/Object;)Ljava/lang/Object;+11
j  com.android.build.gradle.BasePlugin$_createAndroidTasks_closure15.doCall()Ljava/lang/Object;+2
v  ~StubRoutines::call_stub
j  sun.reflect.NativeMethodAccessorImpl.invoke0(Ljava/lang/reflect/Method;Ljava/lang/Object;[Ljava/lang/Object;)Ljava/lang/Object;+0
j  sun.reflect.NativeMethodAccessorImpl.invoke(Ljava/lang/Object;[Ljava/lang/Object;)Ljava/lang/Object;+87
j  sun.reflect.DelegatingMethodAccessorImpl.invoke(Ljava/lang/Object;[Ljava/lang/Object;)Ljava/lang/Object;+6
j  java.lang.reflect.Method.invoke(Ljava/lang/Object;[Ljava/lang/Object;)Ljava/lang/Object;+57
j  org.codehaus.groovy.reflection.CachedMethod.invoke(Ljava/lang/Object;[Ljava/lang/Object;)Ljava/lang/Object;+6
j  groovy.lang.MetaMethod.doMethodInvoke(Ljava/lang/Object;[Ljava/lang/Object;)Ljava/lang/Object;+9
j  org.codehaus.groovy.runtime.metaclass.ClosureMetaClass.invokeMethod(Ljava/lang/Class;Ljava/lang/Object;Ljava/lang/String;[Ljava/lang/Object;ZZ)Ljava/lang/Object;+241
j  groovy.lang.MetaClassImpl.invokeMethod(Ljava/lang/Object;Ljava/lang/String;[Ljava/lang/Object;)Ljava/lang/Object;+10
j  org.codehaus.groovy.runtime.callsite.PogoMetaClassSite.call(Ljava/lang/Object;[Ljava/lang/Object;)Ljava/lang/Object;+18
j  org.codehaus.groovy.runtime.callsite.CallSiteArray.defaultCall(Lorg/codehaus/groovy/runtime/callsite/CallSite;Ljava/lang/Object;[Ljava/lang/Object;)Ljava/lang/Object;+8
j  org.codehaus.groovy.runtime.callsite.PogoMetaClassSite.call(Ljava/lang/Object;[Ljava/lang/Object;)Ljava/lang/Object;+91
j  org.codehaus.groovy.runtime.callsite.AbstractCallSite.call(Ljava/lang/Object;)Ljava/lang/Object;+5
j  com.android.build.gradle.internal.profile.SpanRecorders$2.call()Ljava/lang/Object;+15
j  com.android.builder.profile.ThreadRecorder$1.record(Lcom/android/builder/profile/ExecutionType;Lcom/android/builder/profile/Recorder$Block;[Lcom/android/builder/profile/Recorder$Property;)Ljava/lang/Object;+1
v  ~StubRoutines::call_stub
j  sun.reflect.NativeMethodAccessorImpl.invoke0(Ljava/lang/reflect/Method;Ljava/lang/Object;[Ljava/lang/Object;)Ljava/lang/Object;+0
j  sun.reflect.NativeMethodAccessorImpl.invoke(Ljava/lang/Object;[Ljava/lang/Object;)Ljava/lang/Object;+87
j  sun.reflect.DelegatingMethodAccessorImpl.invoke(Ljava/lang/Object;[Ljava/lang/Object;)Ljava/lang/Object;+6
j  java.lang.reflect.Method.invoke(Ljava/lang/Object;[Ljava/lang/Object;)Ljava/lang/Object;+57
j  org.codehaus.groovy.runtime.callsite.PojoMetaMethodSite$PojoCachedMethodSite.invoke(Ljava/lang/Object;[Ljava/lang/Object;)Ljava/lang/Object;+19
j  org.codehaus.groovy.runtime.callsite.PojoMetaMethodSite.call(Ljava/lang/Object;[Ljava/lang/Object;)Ljava/lang/Object;+12
j  org.codehaus.groovy.runtime.callsite.AbstractCallSite.call(Ljava/lang/Object;Ljava/lang/Object;Ljava/lang/Object;Ljava/lang/Object;)Ljava/lang/Object;+9
j  com.android.build.gradle.internal.profile.SpanRecorders.record(Lorg/gradle/api/Project;Lcom/android/builder/profile/ExecutionType;Lgroovy/lang/Closure;)Ljava/lang/Object;+69
j  com.android.build.gradle.BasePlugin.createAndroidTasks(Z)V+276
j  com.android.build.gradle.BasePlugin$_createTasks_closure13_closure17.doCall(Ljava/lang/Object;)Ljava/lang/Object;+17
j  com.android.build.gradle.BasePlugin$_createTasks_closure13_closure17.doCall()Ljava/lang/Object;+2
v  ~StubRoutines::call_stub
j  sun.reflect.NativeMethodAccessorImpl.invoke0(Ljava/lang/reflect/Method;Ljava/lang/Object;[Ljava/lang/Object;)Ljava/lang/Object;+0
j  sun.reflect.NativeMethodAccessorImpl.invoke(Ljava/lang/Object;[Ljava/lang/Object;)Ljava/lang/Object;+87
j  sun.reflect.DelegatingMethodAccessorImpl.invoke(Ljava/lang/Object;[Ljava/lang/Object;)Ljava/lang/Object;+6
j  java.lang.reflect.Method.invoke(Ljava/lang/Object;[Ljava/lang/Object;)Ljava/lang/Object;+57
j  org.codehaus.groovy.reflection.CachedMethod.invoke(Ljava/lang/Object;[Ljava/lang/Object;)Ljava/lang/Object;+6
j  groovy.lang.MetaMethod.doMethodInvoke(Ljava/lang/Object;[Ljava/lang/Object;)Ljava/lang/Object;+9
j  org.codehaus.groovy.runtime.metaclass.ClosureMetaClass.invokeMethod(Ljava/lang/Class;Ljava/lang/Object;Ljava/lang/String;[Ljava/lang/Object;ZZ)Ljava/lang/Object;+241
j  groovy.lang.MetaClassImpl.invokeMethod(Ljava/lang/Object;Ljava/lang/String;[Ljava/lang/Object;)Ljava/lang/Object;+10
j  org.codehaus.groovy.runtime.callsite.PogoMetaClassSite.call(Ljava/lang/Object;[Ljava/lang/Object;)Ljava/lang/Object;+18
j  org.codehaus.groovy.runtime.callsite.CallSiteArray.defaultCall(Lorg/codehaus/groovy/runtime/callsite/CallSite;Ljava/lang/Object;[Ljava/lang/Object;)Ljava/lang/Object;+8
j  org.codehaus.groovy.runtime.callsite.PogoMetaClassSite.call(Ljava/lang/Object;[Ljava/lang/Object;)Ljava/lang/Object;+91
j  org.codehaus.groovy.runtime.callsite.AbstractCallSite.call(Ljava/lang/Object;)Ljava/lang/Object;+5
j  com.android.build.gradle.internal.profile.SpanRecorders$2.call()Ljava/lang/Object;+15
j  com.android.builder.profile.ThreadRecorder$1.record(Lcom/android/builder/profile/ExecutionType;Lcom/android/builder/profile/Recorder$Block;[Lcom/android/builder/profile/Recorder$Property;)Ljava/lang/Object;+1
v  ~StubRoutines::call_stub
j  sun.reflect.NativeMethodAccessorImpl.invoke0(Ljava/lang/reflect/Method;Ljava/lang/Object;[Ljava/lang/Object;)Ljava/lang/Object;+0
j  sun.reflect.NativeMethodAccessorImpl.invoke(Ljava/lang/Object;[Ljava/lang/Object;)Ljava/lang/Object;+87
j  sun.reflect.DelegatingMethodAccessorImpl.invoke(Ljava/lang/Object;[Ljava/lang/Object;)Ljava/lang/Object;+6
j  java.lang.reflect.Method.invoke(Ljava/lang/Object;[Ljava/lang/Object;)Ljava/lang/Object;+57
j  org.codehaus.groovy.runtime.callsite.PojoMetaMethodSite$PojoCachedMethodSite.invoke(Ljava/lang/Object;[Ljava/lang/Object;)Ljava/lang/Object;+19
j  org.codehaus.groovy.runtime.callsite.PojoMetaMethodSite.call(Ljava/lang/Object;[Ljava/lang/Object;)Ljava/lang/Object;+12
j  org.codehaus.groovy.runtime.callsite.AbstractCallSite.call(Ljava/lang/Object;Ljava/lang/Object;Ljava/lang/Object;Ljava/lang/Object;)Ljava/lang/Object;+9
j  com.android.build.gradle.internal.profile.SpanRecorders.record(Lorg/gradle/api/Project;Lcom/android/builder/profile/ExecutionType;Lgroovy/lang/Closure;)Ljava/lang/Object;+69
j  com.android.build.gradle.BasePlugin$_createTasks_closure13.doCall(Ljava/lang/Object;)Ljava/lang/Object;+48
v  ~StubRoutines::call_stub
j  sun.reflect.NativeMethodAccessorImpl.invoke0(Ljava/lang/reflect/Method;Ljava/lang/Object;[Ljava/lang/Object;)Ljava/lang/Object;+0
j  sun.reflect.NativeMethodAccessorImpl.invoke(Ljava/lang/Object;[Ljava/lang/Object;)Ljava/lang/Object;+87
j  sun.reflect.DelegatingMethodAccessorImpl.invoke(Ljava/lang/Object;[Ljava/lang/Object;)Ljava/lang/Object;+6
j  java.lang.reflect.Method.invoke(Ljava/lang/Object;[Ljava/lang/Object;)Ljava/lang/Object;+57
j  org.codehaus.groovy.reflection.CachedMethod.invoke(Ljava/lang/Object;[Ljava/lang/Object;)Ljava/lang/Object;+6
j  groovy.lang.MetaMethod.doMethodInvoke(Ljava/lang/Object;[Ljava/lang/Object;)Ljava/lang/Object;+9
j  org.codehaus.groovy.runtime.metaclass.ClosureMetaClass.invokeMethod(Ljava/lang/Class;Ljava/lang/Object;Ljava/lang/String;[Ljava/lang/Object;ZZ)Ljava/lang/Object;+241
j  groovy.lang.MetaClassImpl.invokeMethod(Ljava/lang/Object;Ljava/lang/String;[Ljava/lang/Object;)Ljava/lang/Object;+10
j  groovy.lang.Closure.call([Ljava/lang/Object;)Ljava/lang/Object;+8
j  org.gradle.listener.ClosureBackedMethodInvocationDispatch.dispatch(Lorg/gradle/messaging/dispatch/MethodInvocation;)V+62
j  org.gradle.listener.ClosureBackedMethodInvocationDispatch.dispatch(Ljava/lang/Object;)V+5
j  org.gradle.listener.BroadcastDispatch.dispatch(Lorg/gradle/messaging/dispatch/MethodInvocation;)V+51
j  org.gradle.listener.BroadcastDispatch.dispatch(Ljava/lang/Object;)V+5
j  org.gradle.messaging.dispatch.ProxyDispatchAdapter$DispatchingInvocationHandler.invoke(Ljava/lang/Object;Ljava/lang/reflect/Method;[Ljava/lang/Object;)Ljava/lang/Object;+172
j  com.sun.proxy.$Proxy13.afterEvaluate(Lorg/gradle/api/Project;Lorg/gradle/api/ProjectState;)V+20
j  org.gradle.configuration.project.LifecycleProjectEvaluator.notifyAfterEvaluate(Lorg/gradle/api/ProjectEvaluationListener;Lorg/gradle/api/internal/project/ProjectInternal;Lorg/gradle/api/internal/project/ProjectStateInternal;)V+3
j  org.gradle.configuration.project.LifecycleProjectEvaluator.evaluate(Lorg/gradle/api/internal/project/ProjectInternal;Lorg/gradle/api/internal/project/ProjectStateInternal;)V+72
j  org.gradle.api.internal.project.AbstractProject.evaluate()Lorg/gradle/api/internal/project/AbstractProject;+9
j  org.gradle.api.internal.project.AbstractProject.evaluate()Lorg/gradle/api/Project;+1
j  org.gradle.execution.TaskPathProjectEvaluator.configureHierarchy(Lorg/gradle/api/internal/project/ProjectInternal;)V+82
j  org.gradle.configuration.DefaultBuildConfigurer.configure(Lorg/gradle/api/internal/GradleInternal;)V+50
j  org.gradle.initialization.DefaultGradleLauncher.doBuildStages(Lorg/gradle/initialization/DefaultGradleLauncher$Stage;)V+85
j  org.gradle.initialization.DefaultGradleLauncher.doBuild(Lorg/gradle/initialization/DefaultGradleLauncher$Stage;)Lorg/gradle/BuildResult;+27
j  org.gradle.initialization.DefaultGradleLauncher.getBuildAnalysis()Lorg/gradle/BuildResult;+4
j  org.gradle.launcher.exec.InProcessBuildActionExecuter$DefaultBuildController.configure()Lorg/gradle/api/internal/GradleInternal;+5
j  org.gradle.tooling.internal.provider.ClientProvidedBuildAction.run(Lorg/gradle/initialization/BuildController;)Lorg/gradle/tooling/internal/provider/BuildActionResult;+39
j  org.gradle.tooling.internal.provider.ClientProvidedBuildAction.run(Lorg/gradle/initialization/BuildController;)Ljava/lang/Object;+2
j  org.gradle.tooling.internal.provider.ConfiguringBuildAction.run(Lorg/gradle/initialization/BuildController;)Ljava/lang/Object;+15
j  org.gradle.launcher.exec.InProcessBuildActionExecuter.execute(Lorg/gradle/initialization/BuildAction;Lorg/gradle/initialization/BuildCancellationToken;Lorg/gradle/launcher/exec/BuildActionParameters;)Ljava/lang/Object;+19
j  org.gradle.launcher.exec.InProcessBuildActionExecuter.execute(Lorg/gradle/initialization/BuildAction;Lorg/gradle/initialization/BuildCancellationToken;Ljava/lang/Object;)Ljava/lang/Object;+7
j  org.gradle.launcher.daemon.server.exec.ExecuteBuild.doBuild(Lorg/gradle/launcher/daemon/server/exec/DaemonCommandExecution;Lorg/gradle/launcher/daemon/protocol/Build;)V+47
j  org.gradle.launcher.daemon.server.exec.BuildCommandOnly.execute(Lorg/gradle/launcher/daemon/server/exec/DaemonCommandExecution;)V+49
j  org.gradle.launcher.daemon.server.exec.DaemonCommandExecution.proceed()Z+28
j  org.gradle.launcher.daemon.server.exec.WatchForDisconnection.execute(Lorg/gradle/launcher/daemon/server/exec/DaemonCommandExecution;)V+19
j  org.gradle.launcher.daemon.server.exec.DaemonCommandExecution.proceed()Z+28
j  org.gradle.launcher.daemon.server.exec.ResetDeprecationLogger.execute(Lorg/gradle/launcher/daemon/server/exec/DaemonCommandExecution;)V+4
j  org.gradle.launcher.daemon.server.exec.DaemonCommandExecution.proceed()Z+28
j  org.gradle.launcher.daemon.server.exec.StartStopIfBuildAndStop.execute(Lorg/gradle/launcher/daemon/server/exec/DaemonCommandExecution;)V+34
j  org.gradle.launcher.daemon.server.exec.DaemonCommandExecution.proceed()Z+28
j  org.gradle.launcher.daemon.server.exec.ForwardClientInput$2.call()Ljava/lang/Void;+4
j  org.gradle.launcher.daemon.server.exec.ForwardClientInput$2.call()Ljava/lang/Object;+1
j  org.gradle.util.Swapper.swap(Ljava/lang/Object;Ljava/util/concurrent/Callable;)Ljava/lang/Object;+21
j  org.gradle.launcher.daemon.server.exec.ForwardClientInput.execute(Lorg/gradle/launcher/daemon/server/exec/DaemonCommandExecution;)V+63
j  org.gradle.launcher.daemon.server.exec.DaemonCommandExecution.proceed()Z+28
j  org.gradle.launcher.daemon.server.exec.LogToClient.doBuild(Lorg/gradle/launcher/daemon/server/exec/DaemonCommandExecution;Lorg/gradle/launcher/daemon/protocol/Build;)V+92
j  org.gradle.launcher.daemon.server.exec.BuildCommandOnly.execute(Lorg/gradle/launcher/daemon/server/exec/DaemonCommandExecution;)V+49
j  org.gradle.launcher.daemon.server.exec.DaemonCommandExecution.proceed()Z+28
j  org.gradle.launcher.daemon.server.exec.EstablishBuildEnvironment.doBuild(Lorg/gradle/launcher/daemon/server/exec/DaemonCommandExecution;Lorg/gradle/launcher/daemon/protocol/Build;)V+237
j  org.gradle.launcher.daemon.server.exec.BuildCommandOnly.execute(Lorg/gradle/launcher/daemon/server/exec/DaemonCommandExecution;)V+49
j  org.gradle.launcher.daemon.server.exec.DaemonCommandExecution.proceed()Z+28
j  org.gradle.launcher.daemon.server.exec.DaemonHygieneAction.execute(Lorg/gradle/launcher/daemon/server/exec/DaemonCommandExecution;)V+1
j  org.gradle.launcher.daemon.server.exec.DaemonCommandExecution.proceed()Z+28
j  org.gradle.launcher.daemon.server.exec.StartBuildOrRespondWithBusy$1.run()V+44
j  org.gradle.launcher.daemon.server.DaemonStateCoordinator$1.run()V+4
j  org.gradle.internal.concurrent.DefaultExecutorFactory$StoppableExecutorImpl$1.run()V+18
j  java.util.concurrent.ThreadPoolExecutor.runWorker(Ljava/util/concurrent/ThreadPoolExecutor$Worker;)V+95
j  java.util.concurrent.ThreadPoolExecutor$Worker.run()V+5
j  java.lang.Thread.run()V+11
v  ~StubRoutines::call_stub

---------------  P R O C E S S  ---------------

Java Threads: ( => current thread )
  0x000000000ca6f800 JavaThread "File lock request listener" [_thread_in_native, id=5112, stack(0x000000000de30000,0x000000000df30000)]
  0x000000000b978000 JavaThread "Stdin handler" [_thread_blocked, id=8072, stack(0x000000000dd30000,0x000000000de30000)]
=>0x000000000b5e5800 JavaThread "Daemon worker" [_thread_in_native, id=10308, stack(0x000000000dc30000,0x000000000dd30000)]
  0x000000000b5e5000 JavaThread "Cancel handler" [_thread_blocked, id=10992, stack(0x000000000db30000,0x000000000dc30000)]
  0x000000000b739000 JavaThread "Handler for socket connection from /127.0.0.1:54795 to /127.0.0.1:54796" [_thread_in_native, id=1060, stack(0x000000000da30000,0x000000000db30000)]
  0x000000000b736000 JavaThread "Daemon" [_thread_blocked, id=6880, stack(0x000000000d930000,0x000000000da30000)]
  0x000000000b9bb800 JavaThread "Incoming local TCP Connector on port 54795" [_thread_in_native, id=10928, stack(0x000000000d830000,0x000000000d930000)]
  0x0000000009537000 JavaThread "Service Thread" daemon [_thread_blocked, id=10380, stack(0x000000000ac80000,0x000000000ad80000)]
  0x0000000009530000 JavaThread "C2 CompilerThread1" daemon [_thread_in_native, id=3776, stack(0x000000000ab80000,0x000000000ac80000)]
  0x000000000952e800 JavaThread "C2 CompilerThread0" daemon [_thread_in_native, id=10876, stack(0x000000000aa80000,0x000000000ab80000)]
  0x000000000952d800 JavaThread "Attach Listener" daemon [_thread_blocked, id=6200, stack(0x000000000a980000,0x000000000aa80000)]
  0x000000000952b000 JavaThread "Signal Dispatcher" daemon [_thread_blocked, id=2952, stack(0x000000000a880000,0x000000000a980000)]
  0x00000000094df800 JavaThread "Finalizer" daemon [_thread_blocked, id=7048, stack(0x000000000a780000,0x000000000a880000)]
  0x00000000094d5000 JavaThread "Reference Handler" daemon [_thread_blocked, id=9424, stack(0x000000000a680000,0x000000000a780000)]
  0x0000000002f60800 JavaThread "main" [_thread_blocked, id=6520, stack(0x0000000002e60000,0x0000000002f60000)]

Other Threads:
  0x00000000094d1000 VMThread [stack: 0x000000000a580000,0x000000000a680000] [id=10032]
  0x000000000955e000 WatcherThread [stack: 0x000000000ad80000,0x000000000ae80000] [id=10572]

VM state:not at safepoint (normal execution)

VM Mutex/Monitor currently owned by a thread: None

Heap
 PSYoungGen      total 273408K, used 138912K [0x00000000eaa80000, 0x00000000fc880000, 0x0000000100000000)
  eden space 263168K, 48% used [0x00000000eaa80000,0x00000000f282d530,0x00000000fab80000)
  from space 10240K, 99% used [0x00000000fb880000,0x00000000fc27ab68,0x00000000fc280000)
  to   space 13312K, 0% used [0x00000000fab80000,0x00000000fab80000,0x00000000fb880000)
 ParOldGen       total 86016K, used 16605K [0x00000000c0000000, 0x00000000c5400000, 0x00000000eaa80000)
  object space 86016K, 19% used [0x00000000c0000000,0x00000000c1037558,0x00000000c5400000)
 PSPermGen       total 39424K, used 39237K [0x00000000b0000000, 0x00000000b2680000, 0x00000000c0000000)
  object space 39424K, 99% used [0x00000000b0000000,0x00000000b2651648,0x00000000b2680000)

Card table byte_map: [0x0000000006120000,0x00000000063b0000] byte_map_base: 0x0000000005ba0000

Polling page: 0x0000000001110000

Code Cache  [0x0000000003060000, 0x0000000003380000, 0x0000000006060000)
 total_blobs=1224 nmethods=604 adapters=572 free_code_cache=46036Kb largest_free_block=47085248

Compilation events (10 events):
Event: 7.792 Thread 0x0000000009530000 nmethod 619 0x000000000333f610 code [0x000000000333f780, 0x000000000333fa28]
Event: 7.792 Thread 0x0000000009530000  620             java.lang.StringBuilder::append (6 bytes)
Event: 7.796 Thread 0x0000000009530000 nmethod 620 0x00000000033595d0 code [0x0000000003359740, 0x00000000033599e8]
Event: 7.796 Thread 0x0000000009530000  621             java.lang.Integer::stringSize (21 bytes)
Event: 7.798 Thread 0x0000000009530000 nmethod 621 0x0000000003347ed0 code [0x0000000003348000, 0x00000000033480f8]
Event: 7.798 Thread 0x0000000009530000  622             java.lang.Integer::getChars (131 bytes)
Event: 7.806 Thread 0x0000000009530000 nmethod 622 0x0000000003359ed0 code [0x000000000335a020, 0x000000000335a538]
Event: 7.806 Thread 0x0000000009530000  623             java.lang.Class::privateGetPublicMethods (247 bytes)
Event: 8.412 Thread 0x000000000952e800 nmethod 608 0x0000000003362e10 code [0x00000000033639a0, 0x000000000336b490]
Event: 8.413 Thread 0x000000000952e800  624             com.sun.beans.TypeResolver::resolve (37 bytes)

GC Heap History (10 events):
Event: 3.318 GC heap before
{Heap before GC invocations=4 (full 0):
 PSYoungGen      total 38400K, used 38392K [0x00000000eaa80000, 0x00000000ef580000, 0x0000000100000000)
  eden space 33280K, 100% used [0x00000000eaa80000,0x00000000ecb00000,0x00000000ecb00000)
  from space 5120K, 99% used [0x00000000ecb00000,0x00000000ecffe030,0x00000000ed000000)
  to   space 5120K, 0% used [0x00000000ef080000,0x00000000ef080000,0x00000000ef580000)
 ParOldGen       total 86016K, used 6622K [0x00000000c0000000, 0x00000000c5400000, 0x00000000eaa80000)
  object space 86016K, 7% used [0x00000000c0000000,0x00000000c0677870,0x00000000c5400000)
 PSPermGen       total 21504K, used 21442K [0x00000000b0000000, 0x00000000b1500000, 0x00000000c0000000)
  object space 21504K, 99% used [0x00000000b0000000,0x00000000b14f0bf8,0x00000000b1500000)
Event: 3.334 GC heap after
Heap after GC invocations=4 (full 0):
 PSYoungGen      total 71680K, used 5104K [0x00000000eaa80000, 0x00000000ef580000, 0x0000000100000000)
  eden space 66560K, 0% used [0x00000000eaa80000,0x00000000eaa80000,0x00000000eeb80000)
  from space 5120K, 99% used [0x00000000ef080000,0x00000000ef57c0e0,0x00000000ef580000)
  to   space 5120K, 0% used [0x00000000eeb80000,0x00000000eeb80000,0x00000000ef080000)
 ParOldGen       total 86016K, used 9518K [0x00000000c0000000, 0x00000000c5400000, 0x00000000eaa80000)
  object space 86016K, 11% used [0x00000000c0000000,0x00000000c094baa0,0x00000000c5400000)
 PSPermGen       total 21504K, used 21442K [0x00000000b0000000, 0x00000000b1500000, 0x00000000c0000000)
  object space 21504K, 99% used [0x00000000b0000000,0x00000000b14f0bf8,0x00000000b1500000)
}
Event: 3.733 GC heap before
{Heap before GC invocations=5 (full 0):
 PSYoungGen      total 71680K, used 71664K [0x00000000eaa80000, 0x00000000ef580000, 0x0000000100000000)
  eden space 66560K, 100% used [0x00000000eaa80000,0x00000000eeb80000,0x00000000eeb80000)
  from space 5120K, 99% used [0x00000000ef080000,0x00000000ef57c0e0,0x00000000ef580000)
  to   space 5120K, 0% used [0x00000000eeb80000,0x00000000eeb80000,0x00000000ef080000)
 ParOldGen       total 86016K, used 9518K [0x00000000c0000000, 0x00000000c5400000, 0x00000000eaa80000)
  object space 86016K, 11% used [0x00000000c0000000,0x00000000c094baa0,0x00000000c5400000)
 PSPermGen       total 21504K, used 21450K [0x00000000b0000000, 0x00000000b1500000, 0x00000000c0000000)
  object space 21504K, 99% used [0x00000000b0000000,0x00000000b14f2918,0x00000000b1500000)
Event: 3.748 GC heap after
Heap after GC invocations=5 (full 0):
 PSYoungGen      total 71680K, used 5100K [0x00000000eaa80000, 0x00000000f4080000, 0x0000000100000000)
  eden space 66560K, 0% used [0x00000000eaa80000,0x00000000eaa80000,0x00000000eeb80000)
  from space 5120K, 99% used [0x00000000eeb80000,0x00000000ef07b100,0x00000000ef080000)
  to   space 10240K, 0% used [0x00000000f3680000,0x00000000f3680000,0x00000000f4080000)
 ParOldGen       total 86016K, used 9818K [0x00000000c0000000, 0x00000000c5400000, 0x00000000eaa80000)
  object space 86016K, 11% used [0x00000000c0000000,0x00000000c0996940,0x00000000c5400000)
 PSPermGen       total 21504K, used 21450K [0x00000000b0000000, 0x00000000b1500000, 0x00000000c0000000)
  object space 21504K, 99% used [0x00000000b0000000,0x00000000b14f2918,0x00000000b1500000)
}
Event: 4.080 GC heap before
{Heap before GC invocations=6 (full 0):
 PSYoungGen      total 71680K, used 71660K [0x00000000eaa80000, 0x00000000f4080000, 0x0000000100000000)
  eden space 66560K, 100% used [0x00000000eaa80000,0x00000000eeb80000,0x00000000eeb80000)
  from space 5120K, 99% used [0x00000000eeb80000,0x00000000ef07b100,0x00000000ef080000)
  to   space 10240K, 0% used [0x00000000f3680000,0x00000000f3680000,0x00000000f4080000)
 ParOldGen       total 86016K, used 9818K [0x00000000c0000000, 0x00000000c5400000, 0x00000000eaa80000)
  object space 86016K, 11% used [0x00000000c0000000,0x00000000c0996940,0x00000000c5400000)
 PSPermGen       total 21504K, used 21473K [0x00000000b0000000, 0x00000000b1500000, 0x00000000c0000000)
  object space 21504K, 99% used [0x00000000b0000000,0x00000000b14f8560,0x00000000b1500000)
Event: 4.091 GC heap after
Heap after GC invocations=6 (full 0):
 PSYoungGen      total 143360K, used 5680K [0x00000000eaa80000, 0x00000000f4080000, 0x0000000100000000)
  eden space 133120K, 0% used [0x00000000eaa80000,0x00000000eaa80000,0x00000000f2c80000)
  from space 10240K, 55% used [0x00000000f3680000,0x00000000f3c0c100,0x00000000f4080000)
  to   space 10240K, 0% used [0x00000000f2c80000,0x00000000f2c80000,0x00000000f3680000)
 ParOldGen       total 86016K, used 9818K [0x00000000c0000000, 0x00000000c5400000, 0x00000000eaa80000)
  object space 86016K, 11% used [0x00000000c0000000,0x00000000c0996940,0x00000000c5400000)
 PSPermGen       total 21504K, used 21473K [0x00000000b0000000, 0x00000000b1500000, 0x00000000c0000000)
  object space 21504K, 99% used [0x00000000b0000000,0x00000000b14f8560,0x00000000b1500000)
}
Event: 4.629 GC heap before
{Heap before GC invocations=7 (full 0):
 PSYoungGen      total 143360K, used 138800K [0x00000000eaa80000, 0x00000000f4080000, 0x0000000100000000)
  eden space 133120K, 100% used [0x00000000eaa80000,0x00000000f2c80000,0x00000000f2c80000)
  from space 10240K, 55% used [0x00000000f3680000,0x00000000f3c0c100,0x00000000f4080000)
  to   space 10240K, 0% used [0x00000000f2c80000,0x00000000f2c80000,0x00000000f3680000)
 ParOldGen       total 86016K, used 9818K [0x00000000c0000000, 0x00000000c5400000, 0x00000000eaa80000)
  object space 86016K, 11% used [0x00000000c0000000,0x00000000c0996940,0x00000000c5400000)
 PSPermGen       total 21504K, used 21497K [0x00000000b0000000, 0x00000000b1500000, 0x00000000c0000000)
  object space 21504K, 99% used [0x00000000b0000000,0x00000000b14fe570,0x00000000b1500000)
Event: 4.642 GC heap after
Heap after GC invocations=7 (full 0):
 PSYoungGen      total 143360K, used 3332K [0x00000000eaa80000, 0x00000000fc280000, 0x0000000100000000)
  eden space 133120K, 0% used [0x00000000eaa80000,0x00000000eaa80000,0x00000000f2c80000)
  from space 10240K, 32% used [0x00000000f2c80000,0x00000000f2fc10f0,0x00000000f3680000)
  to   space 10240K, 0% used [0x00000000fb880000,0x00000000fb880000,0x00000000fc280000)
 ParOldGen       total 86016K, used 12641K [0x00000000c0000000, 0x00000000c5400000, 0x00000000eaa80000)
  object space 86016K, 14% used [0x00000000c0000000,0x00000000c0c58568,0x00000000c5400000)
 PSPermGen       total 21504K, used 21497K [0x00000000b0000000, 0x00000000b1500000, 0x00000000c0000000)
  object space 21504K, 99% used [0x00000000b0000000,0x00000000b14fe570,0x00000000b1500000)
}
Event: 6.774 GC heap before
{Heap before GC invocations=8 (full 0):
 PSYoungGen      total 143360K, used 136452K [0x00000000eaa80000, 0x00000000fc280000, 0x0000000100000000)
  eden space 133120K, 100% used [0x00000000eaa80000,0x00000000f2c80000,0x00000000f2c80000)
  from space 10240K, 32% used [0x00000000f2c80000,0x00000000f2fc10f0,0x00000000f3680000)
  to   space 10240K, 0% used [0x00000000fb880000,0x00000000fb880000,0x00000000fc280000)
 ParOldGen       total 86016K, used 12641K [0x00000000c0000000, 0x00000000c5400000, 0x00000000eaa80000)
  object space 86016K, 14% used [0x00000000c0000000,0x00000000c0c58568,0x00000000c5400000)
 PSPermGen       total 28160K, used 27921K [0x00000000b0000000, 0x00000000b1b80000, 0x00000000c0000000)
  object space 28160K, 99% used [0x00000000b0000000,0x00000000b1b44668,0x00000000b1b80000)
Event: 6.811 GC heap after
Heap after GC invocations=8 (full 0):
 PSYoungGen      total 273408K, used 10218K [0x00000000eaa80000, 0x00000000fc880000, 0x0000000100000000)
  eden space 263168K, 0% used [0x00000000eaa80000,0x00000000eaa80000,0x00000000fab80000)
  from space 10240K, 99% used [0x00000000fb880000,0x00000000fc27ab68,0x00000000fc280000)
  to   space 13312K, 0% used [0x00000000fab80000,0x00000000fab80000,0x00000000fb880000)
 ParOldGen       total 86016K, used 16605K [0x00000000c0000000, 0x00000000c5400000, 0x00000000eaa80000)
  object space 86016K, 19% used [0x00000000c0000000,0x00000000c1037558,0x00000000c5400000)
 PSPermGen       total 28160K, used 27921K [0x00000000b0000000, 0x00000000b1b80000, 0x00000000c0000000)
  object space 28160K, 99% used [0x00000000b0000000,0x00000000b1b44668,0x00000000b1b80000)
}

Deoptimization events (10 events):
Event: 8.527 Thread 0x000000000b5e5800 Uncommon trap: reason=class_check action=maybe_recompile pc=0x000000000312861c method=java.util.regex.Matcher.search(I)Z @ 86
Event: 8.532 Thread 0x000000000b5e5800 Uncommon trap: reason=bimorphic action=maybe_recompile pc=0x000000000326fc14 method=java.util.regex.Pattern$5.isSatisfiedBy(I)Z @ 16
Event: 8.532 Thread 0x000000000b5e5800 Uncommon trap: reason=bimorphic action=maybe_recompile pc=0x000000000326fc14 method=java.util.regex.Pattern$5.isSatisfiedBy(I)Z @ 16
Event: 8.532 Thread 0x000000000b5e5800 Uncommon trap: reason=bimorphic action=maybe_recompile pc=0x000000000326fc14 method=java.util.regex.Pattern$5.isSatisfiedBy(I)Z @ 16
Event: 8.532 Thread 0x000000000b5e5800 Uncommon trap: reason=bimorphic action=maybe_recompile pc=0x000000000326fc14 method=java.util.regex.Pattern$5.isSatisfiedBy(I)Z @ 16
Event: 8.532 Thread 0x000000000b5e5800 Uncommon trap: reason=bimorphic action=maybe_recompile pc=0x000000000326fc14 method=java.util.regex.Pattern$5.isSatisfiedBy(I)Z @ 16
Event: 8.760 Thread 0x000000000b5e5800 Uncommon trap: reason=unloaded action=reinterpret pc=0x0000000003338050 method=groovy.lang.MetaClassImpl.checkIfStdMethod(Lgroovy/lang/MetaMethod;)V @ 171
Event: 8.764 Thread 0x000000000b5e5800 Uncommon trap: reason=unloaded action=reinterpret pc=0x0000000003330b34 method=groovy.lang.MetaClassImpl.checkIfStdMethod(Lgroovy/lang/MetaMethod;)V @ 171
Event: 8.843 Thread 0x000000000b5e5800 Uncommon trap: reason=unreached action=reinterpret pc=0x000000000332ac34 method=org.apache.ivy.core.IvyPatternHelper.substituteTokens(Ljava/lang/String;Ljava/util/Map;)Ljava/lang/String; @ 438
Event: 9.113 Thread 0x000000000b5e5800 Uncommon trap: reason=unreached action=reinterpret pc=0x000000000328a5b0 method=java.lang.Integer.parseInt(Ljava/lang/String;I)I @ 1

Internal exceptions (10 events):
Event: 9.109 Thread 0x000000000b5e5800 Threw 0x00000000f24ab128 at C:\re\jdk7u79\2331\hotspot\src\share\vm\prims\jvm.cpp:1304
Event: 9.109 Thread 0x000000000b5e5800 Threw 0x00000000f24ac3f0 at C:\re\jdk7u79\2331\hotspot\src\share\vm\prims\jvm.cpp:1304
Event: 9.110 Thread 0x000000000b5e5800 Threw 0x00000000f24b2240 at C:\re\jdk7u79\2331\hotspot\src\share\vm\prims\jvm.cpp:1304
Event: 9.111 Thread 0x000000000b5e5800 Threw 0x00000000f24bbba8 at C:\re\jdk7u79\2331\hotspot\src\share\vm\prims\jvm.cpp:1304
Event: 9.111 Thread 0x000000000b5e5800 Threw 0x00000000f24bcdb8 at C:\re\jdk7u79\2331\hotspot\src\share\vm\prims\jvm.cpp:1304
Event: 9.111 Thread 0x000000000b5e5800 Threw 0x00000000f24c1e18 at C:\re\jdk7u79\2331\hotspot\src\share\vm\prims\jvm.cpp:1304
Event: 9.112 Thread 0x000000000b5e5800 Threw 0x00000000f24cbab0 at C:\re\jdk7u79\2331\hotspot\src\share\vm\prims\jvm.cpp:1304
Event: 9.112 Thread 0x000000000b5e5800 Threw 0x00000000f24ccd90 at C:\re\jdk7u79\2331\hotspot\src\share\vm\prims\jvm.cpp:1304
Event: 9.112 Thread 0x000000000b5e5800 Threw 0x00000000f24d2d70 at C:\re\jdk7u79\2331\hotspot\src\share\vm\prims\jvm.cpp:1304
Event: 9.113 Thread 0x000000000b5e5800 Implicit null exception at 0x000000000328a0af to 0x000000000328a59d

Events (10 events):
Event: 9.132 loading class 0x000000000cfb5180
Event: 9.132 loading class 0x000000000cfb5180 done
Event: 9.132 loading class 0x000000000cfb7760
Event: 9.132 loading class 0x000000000cfb7760 done
Event: 9.135 loading class 0x000000000f353ec0
Event: 9.135 loading class 0x000000000f353ec0 done
Event: 9.135 loading class 0x000000000d0a1550
Event: 9.135 loading class 0x000000000d0a1550 done
Event: 9.135 loading class 0x000000000d0a14e0
Event: 9.135 loading class 0x000000000d0a14e0 done


Dynamic libraries:
0x00007ff72b5a0000 - 0x00007ff72b5d3000 	C:\Program Files\Java\jdk1.7.0_79\bin\java.exe
0x00007ffbc0cb0000 - 0x00007ffbc0e71000 	C:\WINDOWS\SYSTEM32\ntdll.dll
0x00007ffbbf570000 - 0x00007ffbbf61d000 	C:\WINDOWS\system32\KERNEL32.DLL
0x00007ffbbe0e0000 - 0x00007ffbbe2bd000 	C:\WINDOWS\system32\KERNELBASE.dll
0x00007ffbbee70000 - 0x00007ffbbef16000 	C:\WINDOWS\system32\ADVAPI32.dll
0x00007ffbbf0b0000 - 0x00007ffbbf14d000 	C:\WINDOWS\system32\msvcrt.dll
0x00007ffbbf150000 - 0x00007ffbbf1ab000 	C:\WINDOWS\system32\sechost.dll
0x00007ffbbe6a0000 - 0x00007ffbbe7c6000 	C:\WINDOWS\system32\RPCRT4.dll
0x00007ffbc0b50000 - 0x00007ffbc0c9e000 	C:\WINDOWS\system32\USER32.dll
0x00007ffbbef20000 - 0x00007ffbbf0a6000 	C:\WINDOWS\system32\GDI32.dll
0x00007ffbad700000 - 0x00007ffbad974000 	C:\WINDOWS\WinSxS\amd64_microsoft.windows.common-controls_6595b64144ccf1df_6.0.10240.16384_none_f41f7b285750ef43\COMCTL32.dll
0x00007ffbbf530000 - 0x00007ffbbf566000 	C:\WINDOWS\system32\IMM32.DLL
0x00007ffbbea10000 - 0x00007ffbbeb6c000 	C:\WINDOWS\system32\MSCTF.dll
0x0000000180000000 - 0x00000001800e7000 	C:\Program Files (x86)\MacType\MacType64.dll
0x00007ffba3430000 - 0x00007ffba3451000 	C:\Program Files (x86)\MacType\EasyHK64.dll
0x00007ffbc0ca0000 - 0x00007ffbc0ca8000 	C:\WINDOWS\system32\PSAPI.DLL
0x0000000072610000 - 0x00000000726e2000 	C:\Program Files\Java\jdk1.7.0_79\jre\bin\msvcr100.dll
0x0000000072b80000 - 0x0000000073355000 	C:\Program Files\Java\jdk1.7.0_79\jre\bin\server\jvm.dll
0x00007ffbba430000 - 0x00007ffbba453000 	C:\WINDOWS\SYSTEM32\WINMM.dll
0x00007ffbb55c0000 - 0x00007ffbb55c9000 	C:\WINDOWS\SYSTEM32\WSOCK32.dll
0x00007ffbbe9a0000 - 0x00007ffbbea09000 	C:\WINDOWS\system32\WS2_32.dll
0x00007ffbba3e0000 - 0x00007ffbba40c000 	C:\WINDOWS\SYSTEM32\WINMMBASE.dll
0x00007ffbbf440000 - 0x00007ffbbf448000 	C:\WINDOWS\system32\NSI.dll
0x00007ffbbd9b0000 - 0x00007ffbbd9f4000 	C:\WINDOWS\system32\cfgmgr32.dll
0x00007ffbbbfc0000 - 0x00007ffbbbfe7000 	C:\WINDOWS\SYSTEM32\DEVOBJ.dll
0x0000000072a90000 - 0x0000000072a9f000 	C:\Program Files\Java\jdk1.7.0_79\jre\bin\verify.dll
0x0000000072a60000 - 0x0000000072a88000 	C:\Program Files\Java\jdk1.7.0_79\jre\bin\java.dll
0x0000000072a40000 - 0x0000000072a55000 	C:\Program Files\Java\jdk1.7.0_79\jre\bin\zip.dll
0x0000000072a20000 - 0x0000000072a3a000 	C:\Program Files\Java\jdk1.7.0_79\jre\bin\net.dll
0x000000000ba80000 - 0x000000000baf8000 	C:\windows\system32\ASProxy64.dll
0x000000000bb00000 - 0x000000000bc41000 	C:\WINDOWS\system32\ole32.dll
0x00007ffbbc4a0000 - 0x00007ffbbc4d8000 	C:\WINDOWS\SYSTEM32\IPHLPAPI.DLL
0x00007ffbbcef0000 - 0x00007ffbbcf4d000 	C:\WINDOWS\SYSTEM32\MSWSOCK.dll
0x00007ffbbf1c0000 - 0x00007ffbbf43c000 	C:\WINDOWS\system32\combase.dll
0x00007ffbbe8e0000 - 0x00007ffbbe99e000 	C:\WINDOWS\system32\OLEAUT32.dll
0x00007ffbbc490000 - 0x00007ffbbc49b000 	C:\WINDOWS\SYSTEM32\WINNSI.DLL
0x00007ffbbc480000 - 0x00007ffbbc48a000 	C:\WINDOWS\SYSTEM32\VERSION.dll
0x00007ffbbd2a0000 - 0x00007ffbbd2cc000 	C:\WINDOWS\SYSTEM32\SspiCli.dll
0x00007ffbbd770000 - 0x00007ffbbd77f000 	C:\WINDOWS\system32\kernel.appcore.dll
0x00007ffbbd500000 - 0x00007ffbbd56b000 	C:\WINDOWS\SYSTEM32\bcryptPrimitives.dll
0x00007ffbbbf20000 - 0x00007ffbbbfb6000 	C:\WINDOWS\system32\uxtheme.dll
0x00007ffba9e30000 - 0x00007ffba9ed2000 	C:\Program Files\Common Files\microsoft shared\ink\tiptsf.dll
0x00007ffbbe7d0000 - 0x00007ffbbe875000 	C:\WINDOWS\system32\clbcatq.dll
0x00007ffbbcf50000 - 0x00007ffbbcf67000 	C:\WINDOWS\SYSTEM32\cryptsp.dll
0x00007ffbbd610000 - 0x00007ffbbd638000 	C:\WINDOWS\SYSTEM32\bcrypt.dll
0x00007ffbbcba0000 - 0x00007ffbbcbd3000 	C:\WINDOWS\system32\rsaenh.dll
0x00007ffbbd0c0000 - 0x00007ffbbd0cb000 	C:\WINDOWS\SYSTEM32\CRYPTBASE.dll
0x00007ffbbd570000 - 0x00007ffbbd608000 	C:\WINDOWS\SYSTEM32\sxs.dll
0x0000000072a00000 - 0x0000000072a11000 	C:\Program Files\Java\jdk1.7.0_79\jre\bin\nio.dll
0x00007ffbbcd40000 - 0x00007ffbbcd5f000 	C:\WINDOWS\SYSTEM32\USERENV.dll
0x00007ffbbd6e0000 - 0x00007ffbbd6f3000 	C:\WINDOWS\system32\profapi.dll
0x00007ffbb6240000 - 0x00007ffbb6256000 	C:\WINDOWS\SYSTEM32\dhcpcsvc6.DLL
0x00007ffbb6aa0000 - 0x00007ffbb6aba000 	C:\WINDOWS\SYSTEM32\dhcpcsvc.DLL
0x00007ffbacd10000 - 0x00007ffbacd22000 	C:\Users\David\AppData\Local\Temp\native-platform1002355336088211300dir\native-platform.dll
0x00007ffbbe640000 - 0x00007ffbbe691000 	C:\WINDOWS\system32\SHLWAPI.dll
0x0000000072730000 - 0x0000000072754000 	C:\Program Files\Java\jdk1.7.0_79\jre\bin\sunec.dll
0x0000000072720000 - 0x000000007272b000 	C:\Program Files\Java\jdk1.7.0_79\jre\bin\sunmscapi.dll
0x00007ffbbd7e0000 - 0x00007ffbbd9a1000 	C:\WINDOWS\system32\CRYPT32.dll
0x00007ffbbd700000 - 0x00007ffbbd711000 	C:\WINDOWS\system32\MSASN1.dll
0x00007ffbaa950000 - 0x00007ffbaa965000 	C:\WINDOWS\system32\napinsp.dll
0x00007ffbab030000 - 0x00007ffbab04a000 	C:\WINDOWS\system32\pnrpnsp.dll
0x00007ffbb9790000 - 0x00007ffbb97a8000 	C:\WINDOWS\system32\NLAapi.dll
0x00007ffbbcc90000 - 0x00007ffbbcd38000 	C:\WINDOWS\SYSTEM32\DNSAPI.dll
0x00007ffbab050000 - 0x00007ffbab05d000 	C:\WINDOWS\System32\winrnr.dll
0x00007ffbab060000 - 0x00007ffbab075000 	C:\WINDOWS\system32\wshbth.dll
0x00007ffbae530000 - 0x00007ffbae53a000 	C:\Windows\System32\rasadhlp.dll
0x00007ffbb4390000 - 0x00007ffbb43f8000 	C:\WINDOWS\System32\fwpuclnt.dll
0x00007ffbb8fb0000 - 0x00007ffbb913a000 	C:\WINDOWS\SYSTEM32\dbghelp.dll

VM Arguments:
jvm_args: -XX:MaxPermSize=256m -XX:+HeapDumpOnOutOfMemoryError -Xmx1024m -Dfile.encoding=GBK -Duser.country=CN -Duser.language=zh -Duser.variant 
java_command: org.gradle.launcher.daemon.bootstrap.GradleDaemon 2.2.1 C:\Users\David\.gradle\daemon 10800000 424c1fe4-9ee8-4aea-9744-79c26b4bec10 -XX:MaxPermSize=256m -XX:+HeapDumpOnOutOfMemoryError -Xmx1024m -Dfile.encoding=GBK -Duser.country=CN -Duser.language=zh -Duser.variant
Launcher Type: SUN_STANDARD

Environment Variables:
CLASSPATH=.;C:\Program Files (x86)\QuickTime\QTSystem\QTJava.zip
PATH=C:\Program Files (x86)\MacType\;C:\WINDOWS\system32;C:\WINDOWS;C:\WINDOWS\System32\Wbem;C:\WINDOWS\System32\WindowsPowerShell\v1.0\;C:\Program Files\nodejs\;C:\Program Files (x86)\Microsoft SQL Server\100\Tools\Binn\;C:\Program Files\Microsoft SQL Server\100\Tools\Binn\;C:\Program Files\Microsoft SQL Server\100\DTS\Binn\;C:\Program Files (x86)\QuickTime\QTSystem\;C:\Users\David\AppData\Roaming\npm;C:\Program Files\nodejs;C:\Users\David\AppData\Local\.meteor\;C:\Program Files (x86)\MacType
USERNAME=David
OS=Windows_NT
PROCESSOR_IDENTIFIER=Intel64 Family 6 Model 69 Stepping 1, GenuineIntel



---------------  S Y S T E M  ---------------

OS: Windows 8.1 , 64 bit Build 9600 

CPU:total 4 (2 cores per cpu, 2 threads per core) family 6 model 69 stepping 1, cmov, cx8, fxsr, mmx, sse, sse2, sse3, ssse3, sse4.1, sse4.2, popcnt, avx, avx2, aes, erms, ht, tsc, tscinvbit

Memory: 4k page, physical 8291400k(3815904k free), swap 15893576k(9040164k free)

vm_info: Java HotSpot(TM) 64-Bit Server VM (24.79-b02) for windows-amd64 JRE (1.7.0_79-b15), built on Apr 10 2015 12:36:16 by "java_re" with unknown MS VC++:1600

time: Thu Jul 30 18:21:28 2015
elapsed time: 9 seconds

