#
# A fatal error has been detected by the Java Runtime Environment:
#
#  EXCEPTION_ACCESS_VIOLATION (0xc0000005) at pc=0x000000000c881770, pid=9788, tid=6084
#
# JRE version: Java(TM) SE Runtime Environment (7.0_79-b15) (build 1.7.0_79-b15)
# Java VM: Java HotSpot(TM) 64-Bit Server VM (24.79-b02 mixed mode windows-amd64 compressed oops)
# Problematic frame:
# C  0x000000000c881770
#
# Failed to write core dump. Minidumps are not enabled by default on client versions of Windows
#
# If you would like to submit a bug report, please visit:
#   http://bugreport.java.com/bugreport/crash.jsp
# The crash happened outside the Java Virtual Machine in native code.
# See problematic frame for where to report the bug.
#

---------------  T H R E A D  ---------------

Current thread (0x000000000aed1000):  JavaThread "Daemon worker" [_thread_in_native, id=6084, stack(0x000000000d200000,0x000000000d300000)]

siginfo: ExceptionCode=0xc0000005, ExceptionInformation=0x0000000000000008 0x000000000c881770

Registers:
RAX=0x0000000000000013, RBX=0x0000000000341510, RCX=0x0000000000341544, RDX=0x000000000d2f4e28
RSP=0x000000000d2f4e50, RBP=0x0000000000000000, RSI=0x0000000000007ffb, RDI=0x0000000000000000
R8 =0x000000000b13eb38, R9 =0x0000000000000000, R10=0x0000000000000000, R11=0x0000000000000064
R12=0x000000000d71b818, R13=0x000000000d2f5048, R14=0x000000000c881780, R15=0x0000000000000004
RIP=0x000000000c881770, EFLAGS=0x0000000000010206

Top of Stack: (sp=0x000000000d2f4e50)
0x000000000d2f4e50:   000000000aed11e8 000000000b0fdbf2
0x000000000d2f4e60:   000000000b13eac0 0000000000341510
0x000000000d2f4e70:   0000000001f26df0 0000000001f26df0
0x000000000d2f4e80:   000000000c881780 0000000000000000
0x000000000d2f4e90:   fffffffffffffffe 0000000000000000
0x000000000d2f4ea0:   000000000aed1000 000000000b0fdb42
0x000000000d2f4eb0:   0000000000341510 0000000000341510
0x000000000d2f4ec0:   000000000aed11e8 0000000072678d94
0x000000000d2f4ed0:   0000000000000000 000000000d71b7a8
0x000000000d2f4ee0:   0000000000000004 000000000c29d470
0x000000000d2f4ef0:   000000000aed11e8 0000000072a23766
0x000000000d2f4f00:   0000000000341510 000000000aed11e8
0x000000000d2f4f10:   000000000c29d470 000000000d71b7a8
0x000000000d2f4f20:   0000000000000001 0000000000341510
0x000000000d2f4f30:   000000000c29d470 0000000000000002
0x000000000d2f4f40:   0000000000000000 0000000000000000 

Instructions: (pc=0x000000000c881770)
0x000000000c881750:   61 74 65 67 79 00 00 00 2c c0 a2 51 00 e2 01 88
0x000000000c881760:   01 00 00 00 b6 a7 a6 7e 0b 00 64 6f 53 65 72 69
0x000000000c881770:   61 6c 69 7a 65 00 00 00 2e c0 a0 51 00 e3 01 80
0x000000000c881780:   7a 77 61 6c 6b 65 72 2d 73 70 33 00 00 00 00 00 


Register to memory mapping:

RAX=0x0000000000000013 is an unknown value
RBX=0x0000000000341510 is an unknown value
RCX=0x0000000000341544 is an unknown value
RDX=0x000000000d2f4e28 is pointing into the stack for thread: 0x000000000aed1000
RSP=0x000000000d2f4e50 is pointing into the stack for thread: 0x000000000aed1000
RBP=0x0000000000000000 is an unknown value
RSI=0x0000000000007ffb is an unknown value
RDI=0x0000000000000000 is an unknown value
R8 =0x000000000b13eb38 is an unknown value
R9 =0x0000000000000000 is an unknown value
R10=0x0000000000000000 is an unknown value
R11=0x0000000000000064 is an unknown value
R12=0x000000000d71b818 is an unknown value
R13=0x000000000d2f5048 is pointing into the stack for thread: 0x000000000aed1000
R14=0x000000000c881780 is an unknown value
R15=0x0000000000000004 is an unknown value


Stack: [0x000000000d200000,0x000000000d300000],  sp=0x000000000d2f4e50,  free space=979k
Native frames: (J=compiled Java code, j=interpreted, Vv=VM code, C=native code)
C  0x000000000c881770

[error occurred during error reporting (printing native stack), id 0xc0000005]

Java frames: (J=compiled Java code, j=interpreted, Vv=VM code)
j  java.net.Inet6AddressImpl.lookupAllHostAddr(Ljava/lang/String;)[Ljava/net/InetAddress;+0
j  java.net.InetAddress$1.lookupAllHostAddr(Ljava/lang/String;)[Ljava/net/InetAddress;+4
j  java.net.InetAddress.getAddressesFromNameService(Ljava/lang/String;Ljava/net/InetAddress;)[Ljava/net/InetAddress;+51
j  java.net.InetAddress.getLocalHost()Ljava/net/InetAddress;+90
j  javax.crypto.JarVerifier.getSystemEntropy()[B+86
j  javax.crypto.JarVerifier.testSignatures(Ljava/security/cert/X509Certificate;Ljava/security/cert/CertificateFactory;)V+3
j  javax.crypto.JarVerifier.access$400(Ljava/security/cert/X509Certificate;Ljava/security/cert/CertificateFactory;)V+2
j  javax.crypto.JarVerifier$1.run()Ljava/lang/Void;+71
j  javax.crypto.JarVerifier$1.run()Ljava/lang/Object;+1
v  ~StubRoutines::call_stub
j  java.security.AccessController.doPrivileged(Ljava/security/PrivilegedExceptionAction;)Ljava/lang/Object;+0
j  javax.crypto.JarVerifier.<clinit>()V+7
v  ~StubRoutines::call_stub
j  javax.crypto.JceSecurity.loadPolicies(Ljava/io/File;Ljavax/crypto/CryptoPermissions;Ljavax/crypto/CryptoPermissions;)V+146
j  javax.crypto.JceSecurity.setupJurisdictionPolicies()V+130
j  javax.crypto.JceSecurity.access$000()V+0
j  javax.crypto.JceSecurity$1.run()Ljava/lang/Object;+0
v  ~StubRoutines::call_stub
j  java.security.AccessController.doPrivileged(Ljava/security/PrivilegedExceptionAction;)Ljava/lang/Object;+0
j  javax.crypto.JceSecurity.<clinit>()V+49
v  ~StubRoutines::call_stub
j  javax.crypto.KeyAgreement.getInstance(Ljava/lang/String;)Ljavax/crypto/KeyAgreement;+37
j  sun.security.ssl.JsseJce.getKeyAgreement(Ljava/lang/String;)Ljavax/crypto/KeyAgreement;+7
j  sun.security.ssl.JsseJce.isEcAvailable()Z+20
j  sun.security.ssl.CipherSuite$KeyExchange.isAvailable()Z+28
j  sun.security.ssl.CipherSuite.isAvailable()Z+11
j  sun.security.ssl.SSLContextImpl.getApplicableCipherSuiteList(Lsun/security/ssl/ProtocolList;Z)Lsun/security/ssl/CipherSuiteList;+105
j  sun.security.ssl.SSLContextImpl.getDefaultCipherSuiteList(Z)Lsun/security/ssl/CipherSuiteList;+55
j  sun.security.ssl.SSLSocketImpl.init(Lsun/security/ssl/SSLContextImpl;Z)V+88
j  sun.security.ssl.SSLSocketImpl.<init>(Lsun/security/ssl/SSLContextImpl;)V+77
j  sun.security.ssl.SSLSocketFactoryImpl.createSocket()Ljava/net/Socket;+8
j  org.apache.http.conn.ssl.SSLSocketFactory.createSocket(Lorg/apache/http/params/HttpParams;)Ljava/net/Socket;+4
j  org.apache.http.impl.conn.DefaultClientConnectionOperator.openConnection(Lorg/apache/http/conn/OperatedClientConnection;Lorg/apache/http/HttpHost;Ljava/net/InetAddress;Lorg/apache/http/protocol/HttpContext;Lorg/apache/http/params/HttpParams;)V+142
j  org.apache.http.impl.conn.ManagedClientConnectionImpl.open(Lorg/apache/http/conn/routing/HttpRoute;Lorg/apache/http/protocol/HttpContext;Lorg/apache/http/params/HttpParams;)V+133
j  org.apache.http.impl.client.DefaultRequestDirector.tryConnect(Lorg/apache/http/impl/client/RoutedRequest;Lorg/apache/http/protocol/HttpContext;)V+49
j  org.apache.http.impl.client.DefaultRequestDirector.execute(Lorg/apache/http/HttpHost;Lorg/apache/http/HttpRequest;Lorg/apache/http/protocol/HttpContext;)Lorg/apache/http/HttpResponse;+367
j  org.apache.http.impl.client.AbstractHttpClient.execute(Lorg/apache/http/HttpHost;Lorg/apache/http/HttpRequest;Lorg/apache/http/protocol/HttpContext;)Lorg/apache/http/HttpResponse;+344
j  org.apache.http.impl.client.DecompressingHttpClient.execute(Lorg/apache/http/HttpHost;Lorg/apache/http/HttpRequest;Lorg/apache/http/protocol/HttpContext;)Lorg/apache/http/HttpResponse;+65
j  org.apache.http.impl.client.DecompressingHttpClient.execute(Lorg/apache/http/client/methods/HttpUriRequest;Lorg/apache/http/protocol/HttpContext;)Lorg/apache/http/HttpResponse;+8
j  org.gradle.internal.resource.transport.http.HttpClientHelper.performHttpRequest(Lorg/apache/http/client/methods/HttpRequestBase;)Lorg/apache/http/HttpResponse;+37
j  org.gradle.internal.resource.transport.http.HttpClientHelper.executeGetOrHead(Lorg/apache/http/client/methods/HttpRequestBase;)Lorg/apache/http/HttpResponse;+2
j  org.gradle.internal.resource.transport.http.HttpClientHelper.performRequest(Lorg/apache/http/client/methods/HttpRequestBase;)Lorg/apache/http/HttpResponse;+7
j  org.gradle.internal.resource.transport.http.HttpClientHelper.performRawGet(Ljava/lang/String;)Lorg/apache/http/HttpResponse;+9
j  org.gradle.internal.resource.transport.http.HttpClientHelper.performGet(Ljava/lang/String;)Lorg/apache/http/HttpResponse;+6
j  org.gradle.internal.resource.transport.http.HttpResourceAccessor.getResource(Ljava/net/URI;)Lorg/gradle/internal/resource/transport/http/HttpResponseResource;+25
j  org.gradle.internal.resource.transport.http.HttpResourceAccessor.getResource(Ljava/net/URI;)Lorg/gradle/internal/resource/ExternalResource;+2
j  org.gradle.internal.resource.transfer.ProgressLoggingExternalResourceAccessor.getResource(Ljava/net/URI;)Lorg/gradle/internal/resource/ExternalResource;+5
j  org.gradle.internal.resource.transfer.DefaultCacheAwareExternalResourceAccessor.getResource(Ljava/net/URI;Lorg/gradle/internal/resource/transfer/CacheAwareExternalResourceAccessor$ResourceFileStore;Lorg/gradle/internal/resource/local/LocallyAvailableResourceCandidates;)Lorg/gradle/internal/resource/LocallyAvailableExternalResource;+52
j  org.gradle.api.internal.artifacts.repositories.resolver.DefaultExternalResourceArtifactResolver.downloadStaticResource(Ljava/util/List;Lorg/gradle/internal/component/external/model/ModuleComponentArtifactMetaData;Lorg/gradle/internal/resolve/result/ResourceAwareResolveResult;)Lorg/gradle/internal/resource/LocallyAvailableExternalResource;+92
j  org.gradle.api.internal.artifacts.repositories.resolver.DefaultExternalResourceArtifactResolver.resolveMetaDataArtifact(Lorg/gradle/internal/component/external/model/ModuleComponentArtifactMetaData;Lorg/gradle/internal/resolve/result/ResourceAwareResolveResult;)Lorg/gradle/internal/resource/LocallyAvailableExternalResource;+7
j  org.gradle.api.internal.artifacts.repositories.resolver.ExternalResourceResolver.parseMetaDataFromArtifact(Lorg/gradle/api/artifacts/component/ModuleComponentIdentifier;Lorg/gradle/api/internal/artifacts/repositories/resolver/ExternalResourceArtifactResolver;Lorg/gradle/internal/resolve/result/ResourceAwareResolveResult;)Lorg/gradle/internal/component/external/model/MutableModuleComponentResolveMetaData;+11
j  org.gradle.api.internal.artifacts.repositories.resolver.ExternalResourceResolver.resolveStaticDependency(Lorg/gradle/internal/component/model/DependencyMetaData;Lorg/gradle/api/artifacts/component/ModuleComponentIdentifier;Lorg/gradle/internal/resolve/result/BuildableModuleComponentMetaDataResolveResult;Lorg/gradle/api/internal/artifacts/repositories/resolver/ExternalResourceArtifactResolver;)V+5
j  org.gradle.api.internal.artifacts.repositories.resolver.MavenResolver.doResolveComponentMetaData(Lorg/gradle/internal/component/model/DependencyMetaData;Lorg/gradle/api/artifacts/component/ModuleComponentIdentifier;Lorg/gradle/internal/resolve/result/BuildableModuleComponentMetaDataResolveResult;)V+39
j  org.gradle.api.internal.artifacts.repositories.resolver.ExternalResourceResolver$RemoteRepositoryAccess.resolveComponentMetaData(Lorg/gradle/internal/component/model/DependencyMetaData;Lorg/gradle/api/artifacts/component/ModuleComponentIdentifier;Lorg/gradle/internal/resolve/result/BuildableModuleComponentMetaDataResolveResult;)V+7
j  org.gradle.api.internal.artifacts.ivyservice.ivyresolve.CacheLockReleasingModuleComponentsRepository$LockReleasingRepositoryAccess$2.run()V+19
j  org.gradle.internal.Factories$1.create()Ljava/lang/Object;+4
j  org.gradle.cache.internal.DefaultCacheAccess.longRunningOperation(Ljava/lang/String;Lorg/gradle/internal/Factory;)Ljava/lang/Object;+7
j  org.gradle.cache.internal.DefaultCacheAccess.longRunningOperation(Ljava/lang/String;Ljava/lang/Runnable;)V+6
j  org.gradle.cache.internal.DefaultPersistentDirectoryStore.longRunningOperation(Ljava/lang/String;Ljava/lang/Runnable;)V+6
j  org.gradle.cache.internal.DefaultCacheFactory$ReferenceTrackingCache.longRunningOperation(Ljava/lang/String;Ljava/lang/Runnable;)V+9
j  org.gradle.api.internal.artifacts.ivyservice.DefaultCacheLockingManager.longRunningOperation(Ljava/lang/String;Ljava/lang/Runnable;)V+6
j  org.gradle.api.internal.artifacts.ivyservice.ivyresolve.CacheLockReleasingModuleComponentsRepository$LockReleasingRepositoryAccess.resolveComponentMetaData(Lorg/gradle/internal/component/model/DependencyMetaData;Lorg/gradle/api/artifacts/component/ModuleComponentIdentifier;Lorg/gradle/internal/resolve/result/BuildableModuleComponentMetaDataResolveResult;)V+35
j  org.gradle.api.internal.artifacts.ivyservice.ivyresolve.CachingModuleComponentRepository$ResolveAndCacheRepositoryAccess.resolveComponentMetaData(Lorg/gradle/internal/component/model/DependencyMetaData;Lorg/gradle/api/artifacts/component/ModuleComponentIdentifier;Lorg/gradle/internal/resolve/result/BuildableModuleComponentMetaDataResolveResult;)V+24
j  org.gradle.api.internal.artifacts.ivyservice.ivyresolve.BaseModuleComponentRepositoryAccess.resolveComponentMetaData(Lorg/gradle/internal/component/model/DependencyMetaData;Lorg/gradle/api/artifacts/component/ModuleComponentIdentifier;Lorg/gradle/internal/resolve/result/BuildableModuleComponentMetaDataResolveResult;)V+7
j  org.gradle.api.internal.artifacts.ivyservice.ivyresolve.memcache.InMemoryCachedModuleComponentRepository$CachedAccess.resolveComponentMetaData(Lorg/gradle/internal/component/model/DependencyMetaData;Lorg/gradle/api/artifacts/component/ModuleComponentIdentifier;Lorg/gradle/internal/resolve/result/BuildableModuleComponentMetaDataResolveResult;)V+16
j  org.gradle.api.internal.artifacts.ivyservice.ivyresolve.ComponentMetaDataResolveState.process(Lorg/gradle/internal/component/model/DependencyMetaData;Lorg/gradle/api/artifacts/component/ModuleComponentIdentifier;Lorg/gradle/api/internal/artifacts/ivyservice/ivyresolve/ModuleComponentRepositoryAccess;Lorg/gradle/internal/resolve/result/BuildableModuleComponentMetaDataResolveResult;)V+5
j  org.gradle.api.internal.artifacts.ivyservice.ivyresolve.ComponentMetaDataResolveState.resolve()Lorg/gradle/internal/resolve/result/BuildableModuleComponentMetaDataResolveResult;+104
j  org.gradle.api.internal.artifacts.ivyservice.ivyresolve.RepositoryChainDependencyResolver.findBestMatch(Ljava/util/LinkedList;Ljava/util/Collection;Ljava/util/Collection;)Lorg/gradle/api/internal/artifacts/ivyservice/ivyresolve/RepositoryChainModuleResolution;+21
j  org.gradle.api.internal.artifacts.ivyservice.ivyresolve.RepositoryChainDependencyResolver.findBestMatch(Ljava/util/List;Ljava/util/Collection;)Lorg/gradle/api/internal/artifacts/ivyservice/ivyresolve/RepositoryChainModuleResolution;+28
j  org.gradle.api.internal.artifacts.ivyservice.ivyresolve.RepositoryChainDependencyResolver.resolve(Lorg/gradle/internal/component/model/DependencyMetaData;Lorg/gradle/internal/resolve/result/BuildableComponentResolveResult;)V+159
j  org.gradle.api.internal.artifacts.ivyservice.ivyresolve.RepositoryChainAdapter.resolve(Lorg/gradle/internal/component/model/DependencyMetaData;Lorg/gradle/api/artifacts/component/ComponentIdentifier;Lorg/gradle/internal/resolve/result/BuildableComponentResolveResult;)V+64
j  org.gradle.api.internal.artifacts.ivyservice.clientmodule.ClientModuleResolver.resolve(Lorg/gradle/internal/component/model/DependencyMetaData;Lorg/gradle/api/artifacts/component/ComponentIdentifier;Lorg/gradle/internal/resolve/result/BuildableComponentResolveResult;)V+7
j  org.gradle.api.internal.artifacts.ivyservice.resolveengine.graph.DependencyGraphBuilder$ModuleVersionResolveState.resolve()V+89
j  org.gradle.api.internal.artifacts.ivyservice.resolveengine.graph.DependencyGraphBuilder$ModuleVersionResolveState.getMetaData()Lorg/gradle/internal/component/model/ComponentResolveMetaData;+8
j  org.gradle.api.internal.artifacts.ivyservice.resolveengine.graph.DependencyGraphBuilder$DependencyEdge.calculateTargetConfigurations()V+13
j  org.gradle.api.internal.artifacts.ivyservice.resolveengine.graph.DependencyGraphBuilder$DependencyEdge.attachToTargetConfigurations()V+15
j  org.gradle.api.internal.artifacts.ivyservice.resolveengine.graph.DependencyGraphBuilder.traverseGraph(Lorg/gradle/api/internal/artifacts/ivyservice/resolveengine/graph/DependencyGraphBuilder$ResolveState;Lorg/gradle/api/internal/artifacts/ivyservice/resolveengine/graph/conflicts/ConflictHandler;)V+229
j  org.gradle.api.internal.artifacts.ivyservice.resolveengine.graph.DependencyGraphBuilder.resolveDependencyGraph(Lorg/gradle/api/internal/artifacts/configurations/ConfigurationInternal;Lorg/gradle/api/internal/artifacts/ivyservice/resolveengine/graph/DependencyGraphVisitor;)V+94
j  org.gradle.api.internal.artifacts.ivyservice.resolveengine.graph.DependencyGraphBuilder.resolve(Lorg/gradle/api/internal/artifacts/configurations/ConfigurationInternal;Lorg/gradle/api/internal/artifacts/ivyservice/resolveengine/result/ResolutionResultBuilder;Lorg/gradle/api/internal/artifacts/ivyservice/resolveengine/oldresult/ResolvedConfigurationBuilder;)V+51
j  org.gradle.api.internal.artifacts.ivyservice.resolveengine.DefaultDependencyResolver$1.execute(Lorg/apache/ivy/Ivy;)V+314
j  org.gradle.api.internal.artifacts.ivyservice.resolveengine.DefaultDependencyResolver$1.execute(Ljava/lang/Object;)V+5
j  org.gradle.internal.Transformers$4.transform(Ljava/lang/Object;)Ljava/lang/Object;+5
j  org.gradle.api.internal.artifacts.ivyservice.DefaultIvyContextManager.withIvy(Lorg/gradle/api/Transformer;)Ljava/lang/Object;+96
j  org.gradle.api.internal.artifacts.ivyservice.DefaultIvyContextManager.withIvy(Lorg/gradle/api/Action;)V+5
j  org.gradle.api.internal.artifacts.ivyservice.resolveengine.DefaultDependencyResolver.resolve(Lorg/gradle/api/internal/artifacts/configurations/ConfigurationInternal;Ljava/util/List;Lorg/gradle/api/internal/artifacts/GlobalDependencyResolutionRules;Lorg/gradle/api/internal/artifacts/ResolverResults;)V+28
j  org.gradle.api.internal.artifacts.ivyservice.CacheLockingArtifactDependencyResolver$1.run()V+23
j  org.gradle.internal.Factories$1.create()Ljava/lang/Object;+4
j  org.gradle.cache.internal.DefaultCacheAccess.useCache(Ljava/lang/String;Lorg/gradle/internal/Factory;)Ljava/lang/Object;+45
j  org.gradle.cache.internal.DefaultCacheAccess.useCache(Ljava/lang/String;Ljava/lang/Runnable;)V+6
j  org.gradle.cache.internal.DefaultPersistentDirectoryStore.useCache(Ljava/lang/String;Ljava/lang/Runnable;)V+6
j  org.gradle.cache.internal.DefaultCacheFactory$ReferenceTrackingCache.useCache(Ljava/lang/String;Ljava/lang/Runnable;)V+9
j  org.gradle.api.internal.artifacts.ivyservice.DefaultCacheLockingManager.useCache(Ljava/lang/String;Ljava/lang/Runnable;)V+6
j  org.gradle.api.internal.artifacts.ivyservice.CacheLockingArtifactDependencyResolver.resolve(Lorg/gradle/api/internal/artifacts/configurations/ConfigurationInternal;Ljava/util/List;Lorg/gradle/api/internal/artifacts/GlobalDependencyResolutionRules;Lorg/gradle/api/internal/artifacts/ResolverResults;)V+30
j  org.gradle.api.internal.artifacts.ivyservice.SelfResolvingDependencyResolver.resolve(Lorg/gradle/api/internal/artifacts/configurations/ConfigurationInternal;Ljava/util/List;Lorg/gradle/api/internal/artifacts/GlobalDependencyResolutionRules;Lorg/gradle/api/internal/artifacts/ResolverResults;)V+9
j  org.gradle.api.internal.artifacts.ivyservice.ShortcircuitEmptyConfigsArtifactDependencyResolver.resolve(Lorg/gradle/api/internal/artifacts/configurations/ConfigurationInternal;Ljava/util/List;Lorg/gradle/api/internal/artifacts/GlobalDependencyResolutionRules;Lorg/gradle/api/internal/artifacts/ResolverResults;)V+88
j  org.gradle.api.internal.artifacts.ivyservice.ErrorHandlingArtifactDependencyResolver.resolve(Lorg/gradle/api/internal/artifacts/configurations/ConfigurationInternal;Ljava/util/List;Lorg/gradle/api/internal/artifacts/GlobalDependencyResolutionRules;Lorg/gradle/api/internal/artifacts/ResolverResults;)V+9
j  org.gradle.api.internal.artifacts.ivyservice.DefaultConfigurationResolver.resolve(Lorg/gradle/api/internal/artifacts/configurations/ConfigurationInternal;)Lorg/gradle/api/internal/artifacts/ResolverResults;+33
j  org.gradle.api.internal.artifacts.configurations.DefaultConfiguration.resolveNow()V+40
j  org.gradle.api.internal.artifacts.configurations.DefaultConfiguration.getResolvedConfiguration()Lorg/gradle/api/artifacts/ResolvedConfiguration;+1
j  org.gradle.api.internal.artifacts.configurations.DefaultConfiguration_Decorated.getResolvedConfiguration()Lorg/gradle/api/artifacts/ResolvedConfiguration;+7
j  com.android.build.gradle.internal.DependencyManager.collectArtifacts(Lorg/gradle/api/artifacts/Configuration;Ljava/util/Map;)V+14
j  com.android.build.gradle.internal.DependencyManager.resolveDependencyForConfig(Lcom/android/build/gradle/internal/dependency/VariantDependencies;Lcom/android/build/gradle/internal/dependency/VariantDependencies;Lcom/google/common/collect/Multimap;)V+39
j  com.android.build.gradle.internal.DependencyManager.resolveDependencies(Lcom/android/build/gradle/internal/dependency/VariantDependencies;Lcom/android/build/gradle/internal/dependency/VariantDependencies;)V+8
j  com.android.build.gradle.internal.TaskManager.resolveDependencies(Lcom/android/build/gradle/internal/dependency/VariantDependencies;Lcom/android/build/gradle/internal/dependency/VariantDependencies;)V+6
j  com.android.build.gradle.internal.VariantManager$8.call()Ljava/lang/Void;+12
j  com.android.build.gradle.internal.VariantManager$8.call()Ljava/lang/Object;+1
j  com.android.builder.profile.ThreadRecorder$1.record(Lcom/android/builder/profile/ExecutionType;Lcom/android/builder/profile/Recorder$Block;[Lcom/android/builder/profile/Recorder$Property;)Ljava/lang/Object;+1
j  com.android.builder.profile.Recorder$record.call(Ljava/lang/Object;[Ljava/lang/Object;)Ljava/lang/Object;+31
j  org.codehaus.groovy.runtime.callsite.CallSiteArray.defaultCall(Lorg/codehaus/groovy/runtime/callsite/CallSite;Ljava/lang/Object;[Ljava/lang/Object;)Ljava/lang/Object;+8
j  org.codehaus.groovy.runtime.callsite.AbstractCallSite.call(Ljava/lang/Object;[Ljava/lang/Object;)Ljava/lang/Object;+3
j  org.codehaus.groovy.runtime.callsite.AbstractCallSite.call(Ljava/lang/Object;Ljava/lang/Object;Ljava/lang/Object;Ljava/lang/Object;)Ljava/lang/Object;+9
j  com.android.build.gradle.internal.profile.SpanRecorders.record(Lorg/gradle/api/Project;Lcom/android/builder/profile/ExecutionType;Lcom/android/builder/profile/Recorder$Block;[Lcom/android/builder/profile/Recorder$Property;)Ljava/lang/Object;+158
j  com.android.build.gradle.internal.VariantManager.createVariantData(Lcom/android/builder/model/BuildType;Ljava/util/List;)Lcom/android/build/gradle/internal/variant/BaseVariantData;+653
j  com.android.build.gradle.internal.VariantManager.createVariantDataForProductFlavors(Ljava/util/List;)V+180
j  com.android.build.gradle.internal.VariantManager.populateVariantDataList()V+23
j  com.android.build.gradle.internal.VariantManager.createAndroidTasks()V+43
j  com.android.build.gradle.BasePlugin$_createAndroidTasks_closure15.doCall(Ljava/lang/Object;)Ljava/lang/Object;+11
j  com.android.build.gradle.BasePlugin$_createAndroidTasks_closure15.doCall()Ljava/lang/Object;+2
v  ~StubRoutines::call_stub
j  sun.reflect.NativeMethodAccessorImpl.invoke0(Ljava/lang/reflect/Method;Ljava/lang/Object;[Ljava/lang/Object;)Ljava/lang/Object;+0
j  sun.reflect.NativeMethodAccessorImpl.invoke(Ljava/lang/Object;[Ljava/lang/Object;)Ljava/lang/Object;+87
j  sun.reflect.DelegatingMethodAccessorImpl.invoke(Ljava/lang/Object;[Ljava/lang/Object;)Ljava/lang/Object;+6
j  java.lang.reflect.Method.invoke(Ljava/lang/Object;[Ljava/lang/Object;)Ljava/lang/Object;+57
j  org.codehaus.groovy.reflection.CachedMethod.invoke(Ljava/lang/Object;[Ljava/lang/Object;)Ljava/lang/Object;+6
j  groovy.lang.MetaMethod.doMethodInvoke(Ljava/lang/Object;[Ljava/lang/Object;)Ljava/lang/Object;+9
j  org.codehaus.groovy.runtime.metaclass.ClosureMetaClass.invokeMethod(Ljava/lang/Class;Ljava/lang/Object;Ljava/lang/String;[Ljava/lang/Object;ZZ)Ljava/lang/Object;+241
j  groovy.lang.MetaClassImpl.invokeMethod(Ljava/lang/Object;Ljava/lang/String;[Ljava/lang/Object;)Ljava/lang/Object;+10
j  org.codehaus.groovy.runtime.callsite.PogoMetaClassSite.call(Ljava/lang/Object;[Ljava/lang/Object;)Ljava/lang/Object;+18
j  org.codehaus.groovy.runtime.callsite.CallSiteArray.defaultCall(Lorg/codehaus/groovy/runtime/callsite/CallSite;Ljava/lang/Object;[Ljava/lang/Object;)Ljava/lang/Object;+8
j  org.codehaus.groovy.runtime.callsite.PogoMetaClassSite.call(Ljava/lang/Object;[Ljava/lang/Object;)Ljava/lang/Object;+91
j  org.codehaus.groovy.runtime.callsite.AbstractCallSite.call(Ljava/lang/Object;)Ljava/lang/Object;+5
j  com.android.build.gradle.internal.profile.SpanRecorders$2.call()Ljava/lang/Object;+15
j  com.android.builder.profile.ThreadRecorder$1.record(Lcom/android/builder/profile/ExecutionType;Lcom/android/builder/profile/Recorder$Block;[Lcom/android/builder/profile/Recorder$Property;)Ljava/lang/Object;+1
v  ~StubRoutines::call_stub
j  sun.reflect.NativeMethodAccessorImpl.invoke0(Ljava/lang/reflect/Method;Ljava/lang/Object;[Ljava/lang/Object;)Ljava/lang/Object;+0
j  sun.reflect.NativeMethodAccessorImpl.invoke(Ljava/lang/Object;[Ljava/lang/Object;)Ljava/lang/Object;+87
j  sun.reflect.DelegatingMethodAccessorImpl.invoke(Ljava/lang/Object;[Ljava/lang/Object;)Ljava/lang/Object;+6
j  java.lang.reflect.Method.invoke(Ljava/lang/Object;[Ljava/lang/Object;)Ljava/lang/Object;+57
j  org.codehaus.groovy.runtime.callsite.PojoMetaMethodSite$PojoCachedMethodSite.invoke(Ljava/lang/Object;[Ljava/lang/Object;)Ljava/lang/Object;+19
j  org.codehaus.groovy.runtime.callsite.PojoMetaMethodSite.call(Ljava/lang/Object;[Ljava/lang/Object;)Ljava/lang/Object;+12
j  org.codehaus.groovy.runtime.callsite.AbstractCallSite.call(Ljava/lang/Object;Ljava/lang/Object;Ljava/lang/Object;Ljava/lang/Object;)Ljava/lang/Object;+9
j  com.android.build.gradle.internal.profile.SpanRecorders.record(Lorg/gradle/api/Project;Lcom/android/builder/profile/ExecutionType;Lgroovy/lang/Closure;)Ljava/lang/Object;+69
j  com.android.build.gradle.BasePlugin.createAndroidTasks(Z)V+276
j  com.android.build.gradle.BasePlugin$_createTasks_closure13_closure17.doCall(Ljava/lang/Object;)Ljava/lang/Object;+17
j  com.android.build.gradle.BasePlugin$_createTasks_closure13_closure17.doCall()Ljava/lang/Object;+2
v  ~StubRoutines::call_stub
j  sun.reflect.NativeMethodAccessorImpl.invoke0(Ljava/lang/reflect/Method;Ljava/lang/Object;[Ljava/lang/Object;)Ljava/lang/Object;+0
j  sun.reflect.NativeMethodAccessorImpl.invoke(Ljava/lang/Object;[Ljava/lang/Object;)Ljava/lang/Object;+87
j  sun.reflect.DelegatingMethodAccessorImpl.invoke(Ljava/lang/Object;[Ljava/lang/Object;)Ljava/lang/Object;+6
j  java.lang.reflect.Method.invoke(Ljava/lang/Object;[Ljava/lang/Object;)Ljava/lang/Object;+57
j  org.codehaus.groovy.reflection.CachedMethod.invoke(Ljava/lang/Object;[Ljava/lang/Object;)Ljava/lang/Object;+6
j  groovy.lang.MetaMethod.doMethodInvoke(Ljava/lang/Object;[Ljava/lang/Object;)Ljava/lang/Object;+9
j  org.codehaus.groovy.runtime.metaclass.ClosureMetaClass.invokeMethod(Ljava/lang/Class;Ljava/lang/Object;Ljava/lang/String;[Ljava/lang/Object;ZZ)Ljava/lang/Object;+241
j  groovy.lang.MetaClassImpl.invokeMethod(Ljava/lang/Object;Ljava/lang/String;[Ljava/lang/Object;)Ljava/lang/Object;+10
j  org.codehaus.groovy.runtime.callsite.PogoMetaClassSite.call(Ljava/lang/Object;[Ljava/lang/Object;)Ljava/lang/Object;+18
j  org.codehaus.groovy.runtime.callsite.CallSiteArray.defaultCall(Lorg/codehaus/groovy/runtime/callsite/CallSite;Ljava/lang/Object;[Ljava/lang/Object;)Ljava/lang/Object;+8
j  org.codehaus.groovy.runtime.callsite.PogoMetaClassSite.call(Ljava/lang/Object;[Ljava/lang/Object;)Ljava/lang/Object;+91
j  org.codehaus.groovy.runtime.callsite.AbstractCallSite.call(Ljava/lang/Object;)Ljava/lang/Object;+5
j  com.android.build.gradle.internal.profile.SpanRecorders$2.call()Ljava/lang/Object;+15
j  com.android.builder.profile.ThreadRecorder$1.record(Lcom/android/builder/profile/ExecutionType;Lcom/android/builder/profile/Recorder$Block;[Lcom/android/builder/profile/Recorder$Property;)Ljava/lang/Object;+1
v  ~StubRoutines::call_stub
j  sun.reflect.NativeMethodAccessorImpl.invoke0(Ljava/lang/reflect/Method;Ljava/lang/Object;[Ljava/lang/Object;)Ljava/lang/Object;+0
j  sun.reflect.NativeMethodAccessorImpl.invoke(Ljava/lang/Object;[Ljava/lang/Object;)Ljava/lang/Object;+87
j  sun.reflect.DelegatingMethodAccessorImpl.invoke(Ljava/lang/Object;[Ljava/lang/Object;)Ljava/lang/Object;+6
j  java.lang.reflect.Method.invoke(Ljava/lang/Object;[Ljava/lang/Object;)Ljava/lang/Object;+57
j  org.codehaus.groovy.runtime.callsite.PojoMetaMethodSite$PojoCachedMethodSite.invoke(Ljava/lang/Object;[Ljava/lang/Object;)Ljava/lang/Object;+19
j  org.codehaus.groovy.runtime.callsite.PojoMetaMethodSite.call(Ljava/lang/Object;[Ljava/lang/Object;)Ljava/lang/Object;+12
j  org.codehaus.groovy.runtime.callsite.AbstractCallSite.call(Ljava/lang/Object;Ljava/lang/Object;Ljava/lang/Object;Ljava/lang/Object;)Ljava/lang/Object;+9
j  com.android.build.gradle.internal.profile.SpanRecorders.record(Lorg/gradle/api/Project;Lcom/android/builder/profile/ExecutionType;Lgroovy/lang/Closure;)Ljava/lang/Object;+69
j  com.android.build.gradle.BasePlugin$_createTasks_closure13.doCall(Ljava/lang/Object;)Ljava/lang/Object;+48
v  ~StubRoutines::call_stub
j  sun.reflect.NativeMethodAccessorImpl.invoke0(Ljava/lang/reflect/Method;Ljava/lang/Object;[Ljava/lang/Object;)Ljava/lang/Object;+0
j  sun.reflect.NativeMethodAccessorImpl.invoke(Ljava/lang/Object;[Ljava/lang/Object;)Ljava/lang/Object;+87
j  sun.reflect.DelegatingMethodAccessorImpl.invoke(Ljava/lang/Object;[Ljava/lang/Object;)Ljava/lang/Object;+6
j  java.lang.reflect.Method.invoke(Ljava/lang/Object;[Ljava/lang/Object;)Ljava/lang/Object;+57
j  org.codehaus.groovy.reflection.CachedMethod.invoke(Ljava/lang/Object;[Ljava/lang/Object;)Ljava/lang/Object;+6
j  groovy.lang.MetaMethod.doMethodInvoke(Ljava/lang/Object;[Ljava/lang/Object;)Ljava/lang/Object;+9
j  org.codehaus.groovy.runtime.metaclass.ClosureMetaClass.invokeMethod(Ljava/lang/Class;Ljava/lang/Object;Ljava/lang/String;[Ljava/lang/Object;ZZ)Ljava/lang/Object;+241
j  groovy.lang.MetaClassImpl.invokeMethod(Ljava/lang/Object;Ljava/lang/String;[Ljava/lang/Object;)Ljava/lang/Object;+10
j  groovy.lang.Closure.call([Ljava/lang/Object;)Ljava/lang/Object;+8
j  org.gradle.listener.ClosureBackedMethodInvocationDispatch.dispatch(Lorg/gradle/messaging/dispatch/MethodInvocation;)V+62
j  org.gradle.listener.ClosureBackedMethodInvocationDispatch.dispatch(Ljava/lang/Object;)V+5
j  org.gradle.listener.BroadcastDispatch.dispatch(Lorg/gradle/messaging/dispatch/MethodInvocation;)V+51
j  org.gradle.listener.BroadcastDispatch.dispatch(Ljava/lang/Object;)V+5
j  org.gradle.messaging.dispatch.ProxyDispatchAdapter$DispatchingInvocationHandler.invoke(Ljava/lang/Object;Ljava/lang/reflect/Method;[Ljava/lang/Object;)Ljava/lang/Object;+172
j  com.sun.proxy.$Proxy13.afterEvaluate(Lorg/gradle/api/Project;Lorg/gradle/api/ProjectState;)V+20
j  org.gradle.configuration.project.LifecycleProjectEvaluator.notifyAfterEvaluate(Lorg/gradle/api/ProjectEvaluationListener;Lorg/gradle/api/internal/project/ProjectInternal;Lorg/gradle/api/internal/project/ProjectStateInternal;)V+3
j  org.gradle.configuration.project.LifecycleProjectEvaluator.evaluate(Lorg/gradle/api/internal/project/ProjectInternal;Lorg/gradle/api/internal/project/ProjectStateInternal;)V+72
j  org.gradle.api.internal.project.AbstractProject.evaluate()Lorg/gradle/api/internal/project/AbstractProject;+9
j  org.gradle.api.internal.project.AbstractProject.evaluate()Lorg/gradle/api/Project;+1
j  org.gradle.execution.TaskPathProjectEvaluator.configureHierarchy(Lorg/gradle/api/internal/project/ProjectInternal;)V+82
j  org.gradle.configuration.DefaultBuildConfigurer.configure(Lorg/gradle/api/internal/GradleInternal;)V+50
j  org.gradle.initialization.DefaultGradleLauncher.doBuildStages(Lorg/gradle/initialization/DefaultGradleLauncher$Stage;)V+85
j  org.gradle.initialization.DefaultGradleLauncher.doBuild(Lorg/gradle/initialization/DefaultGradleLauncher$Stage;)Lorg/gradle/BuildResult;+27
j  org.gradle.initialization.DefaultGradleLauncher.getBuildAnalysis()Lorg/gradle/BuildResult;+4
j  org.gradle.launcher.exec.InProcessBuildActionExecuter$DefaultBuildController.configure()Lorg/gradle/api/internal/GradleInternal;+5
j  org.gradle.tooling.internal.provider.ClientProvidedBuildAction.run(Lorg/gradle/initialization/BuildController;)Lorg/gradle/tooling/internal/provider/BuildActionResult;+39
j  org.gradle.tooling.internal.provider.ClientProvidedBuildAction.run(Lorg/gradle/initialization/BuildController;)Ljava/lang/Object;+2
j  org.gradle.tooling.internal.provider.ConfiguringBuildAction.run(Lorg/gradle/initialization/BuildController;)Ljava/lang/Object;+15
j  org.gradle.launcher.exec.InProcessBuildActionExecuter.execute(Lorg/gradle/initialization/BuildAction;Lorg/gradle/initialization/BuildCancellationToken;Lorg/gradle/launcher/exec/BuildActionParameters;)Ljava/lang/Object;+19
j  org.gradle.launcher.exec.InProcessBuildActionExecuter.execute(Lorg/gradle/initialization/BuildAction;Lorg/gradle/initialization/BuildCancellationToken;Ljava/lang/Object;)Ljava/lang/Object;+7
j  org.gradle.launcher.daemon.server.exec.ExecuteBuild.doBuild(Lorg/gradle/launcher/daemon/server/exec/DaemonCommandExecution;Lorg/gradle/launcher/daemon/protocol/Build;)V+47
j  org.gradle.launcher.daemon.server.exec.BuildCommandOnly.execute(Lorg/gradle/launcher/daemon/server/exec/DaemonCommandExecution;)V+49
j  org.gradle.launcher.daemon.server.exec.DaemonCommandExecution.proceed()Z+28
j  org.gradle.launcher.daemon.server.exec.WatchForDisconnection.execute(Lorg/gradle/launcher/daemon/server/exec/DaemonCommandExecution;)V+19
j  org.gradle.launcher.daemon.server.exec.DaemonCommandExecution.proceed()Z+28
j  org.gradle.launcher.daemon.server.exec.ResetDeprecationLogger.execute(Lorg/gradle/launcher/daemon/server/exec/DaemonCommandExecution;)V+4
j  org.gradle.launcher.daemon.server.exec.DaemonCommandExecution.proceed()Z+28
j  org.gradle.launcher.daemon.server.exec.StartStopIfBuildAndStop.execute(Lorg/gradle/launcher/daemon/server/exec/DaemonCommandExecution;)V+34
j  org.gradle.launcher.daemon.server.exec.DaemonCommandExecution.proceed()Z+28
j  org.gradle.launcher.daemon.server.exec.ForwardClientInput$2.call()Ljava/lang/Void;+4
j  org.gradle.launcher.daemon.server.exec.ForwardClientInput$2.call()Ljava/lang/Object;+1
j  org.gradle.util.Swapper.swap(Ljava/lang/Object;Ljava/util/concurrent/Callable;)Ljava/lang/Object;+21
j  org.gradle.launcher.daemon.server.exec.ForwardClientInput.execute(Lorg/gradle/launcher/daemon/server/exec/DaemonCommandExecution;)V+63
j  org.gradle.launcher.daemon.server.exec.DaemonCommandExecution.proceed()Z+28
j  org.gradle.launcher.daemon.server.exec.LogToClient.doBuild(Lorg/gradle/launcher/daemon/server/exec/DaemonCommandExecution;Lorg/gradle/launcher/daemon/protocol/Build;)V+92
j  org.gradle.launcher.daemon.server.exec.BuildCommandOnly.execute(Lorg/gradle/launcher/daemon/server/exec/DaemonCommandExecution;)V+49
j  org.gradle.launcher.daemon.server.exec.DaemonCommandExecution.proceed()Z+28
j  org.gradle.launcher.daemon.server.exec.EstablishBuildEnvironment.doBuild(Lorg/gradle/launcher/daemon/server/exec/DaemonCommandExecution;Lorg/gradle/launcher/daemon/protocol/Build;)V+237
j  org.gradle.launcher.daemon.server.exec.BuildCommandOnly.execute(Lorg/gradle/launcher/daemon/server/exec/DaemonCommandExecution;)V+49
j  org.gradle.launcher.daemon.server.exec.DaemonCommandExecution.proceed()Z+28
j  org.gradle.launcher.daemon.server.exec.DaemonHygieneAction.execute(Lorg/gradle/launcher/daemon/server/exec/DaemonCommandExecution;)V+1
j  org.gradle.launcher.daemon.server.exec.DaemonCommandExecution.proceed()Z+28
j  org.gradle.launcher.daemon.server.exec.StartBuildOrRespondWithBusy$1.run()V+44
j  org.gradle.launcher.daemon.server.DaemonStateCoordinator$1.run()V+4
j  org.gradle.internal.concurrent.DefaultExecutorFactory$StoppableExecutorImpl$1.run()V+18
j  java.util.concurrent.ThreadPoolExecutor.runWorker(Ljava/util/concurrent/ThreadPoolExecutor$Worker;)V+95
j  java.util.concurrent.ThreadPoolExecutor$Worker.run()V+5
j  java.lang.Thread.run()V+11
v  ~StubRoutines::call_stub

---------------  P R O C E S S  ---------------

Java Threads: ( => current thread )
  0x000000000bffb000 JavaThread "File lock request listener" [_thread_in_native, id=6752, stack(0x000000000d400000,0x000000000d500000)]
  0x000000000bf21000 JavaThread "Stdin handler" [_thread_blocked, id=5904, stack(0x000000000d300000,0x000000000d400000)]
=>0x000000000aed1000 JavaThread "Daemon worker" [_thread_in_native, id=6084, stack(0x000000000d200000,0x000000000d300000)]
  0x000000000aece000 JavaThread "Cancel handler" [_thread_blocked, id=4840, stack(0x000000000d100000,0x000000000d200000)]
  0x000000000aecb000 JavaThread "Handler for socket connection from /127.0.0.1:52024 to /127.0.0.1:52025" [_thread_in_native, id=6052, stack(0x000000000d000000,0x000000000d100000)]
  0x000000000be2d800 JavaThread "Daemon" [_thread_blocked, id=10100, stack(0x000000000cf00000,0x000000000d000000)]
  0x000000000afe9800 JavaThread "Incoming local TCP Connector on port 52024" [_thread_in_native, id=4752, stack(0x000000000ce00000,0x000000000cf00000)]
  0x0000000008b91800 JavaThread "Service Thread" daemon [_thread_blocked, id=1520, stack(0x000000000a2d0000,0x000000000a3d0000)]
  0x0000000008b80000 JavaThread "C2 CompilerThread1" daemon [_thread_in_native, id=8972, stack(0x000000000a1d0000,0x000000000a2d0000)]
  0x0000000008b7e800 JavaThread "C2 CompilerThread0" daemon [_thread_in_native, id=692, stack(0x000000000a0d0000,0x000000000a1d0000)]
  0x0000000008b7d800 JavaThread "Attach Listener" daemon [_thread_blocked, id=7184, stack(0x0000000009fd0000,0x000000000a0d0000)]
  0x0000000008b7a800 JavaThread "Signal Dispatcher" daemon [_thread_blocked, id=4664, stack(0x0000000009ed0000,0x0000000009fd0000)]
  0x0000000008b28800 JavaThread "Finalizer" daemon [_thread_blocked, id=5880, stack(0x0000000009dd0000,0x0000000009ed0000)]
  0x0000000008b25000 JavaThread "Reference Handler" daemon [_thread_blocked, id=1084, stack(0x0000000009cd0000,0x0000000009dd0000)]
  0x0000000002670800 JavaThread "main" [_thread_blocked, id=4252, stack(0x0000000002480000,0x0000000002580000)]

Other Threads:
  0x0000000008b21000 VMThread [stack: 0x0000000009bd0000,0x0000000009cd0000] [id=7000]
  0x0000000008ba4000 WatcherThread [stack: 0x000000000a3d0000,0x000000000a4d0000] [id=4188]

VM state:not at safepoint (normal execution)

VM Mutex/Monitor currently owned by a thread: None

Heap
 PSYoungGen      total 219136K, used 73849K [0x00000000eaa80000, 0x00000000f9900000, 0x0000000100000000)
  eden space 207872K, 30% used [0x00000000eaa80000,0x00000000ee7a25c0,0x00000000f7580000)
  from space 11264K, 99% used [0x00000000f8500000,0x00000000f8ffc020,0x00000000f9000000)
  to   space 15872K, 0% used [0x00000000f7580000,0x00000000f7580000,0x00000000f8500000)
 ParOldGen       total 86016K, used 22872K [0x00000000c0000000, 0x00000000c5400000, 0x00000000eaa80000)
  object space 86016K, 26% used [0x00000000c0000000,0x00000000c16562e0,0x00000000c5400000)
 PSPermGen       total 39424K, used 39220K [0x00000000b0000000, 0x00000000b2680000, 0x00000000c0000000)
  object space 39424K, 99% used [0x00000000b0000000,0x00000000b264d1e0,0x00000000b2680000)

Card table byte_map: [0x0000000005770000,0x0000000005a00000] byte_map_base: 0x00000000051f0000

Polling page: 0x0000000001ea0000

Code Cache  [0x0000000002770000, 0x0000000002a90000, 0x0000000005770000)
 total_blobs=1202 nmethods=582 adapters=572 free_code_cache=46069Kb largest_free_block=47107456

Compilation events (10 events):
Event: 13.183 Thread 0x0000000008b80000 nmethod 613 0x0000000002a7c390 code [0x0000000002a7c820, 0x0000000002a80058]
Event: 13.183 Thread 0x0000000008b80000  614             java.lang.Integer::stringSize (21 bytes)
Event: 13.187 Thread 0x0000000008b80000 nmethod 614 0x0000000002979810 code [0x0000000002979940, 0x0000000002979a38]
Event: 13.187 Thread 0x0000000008b80000  615             java.lang.Integer::getChars (131 bytes)
Event: 13.201 Thread 0x0000000008b80000 nmethod 615 0x0000000002a529d0 code [0x0000000002a52b20, 0x0000000002a53038]
Event: 13.201 Thread 0x0000000008b80000  616             java.lang.reflect.Method::getGenericReturnType (20 bytes)
Event: 13.214 Thread 0x0000000008b80000 nmethod 616 0x00000000029a4e90 code [0x00000000029a5040, 0x00000000029a54a8]
Event: 13.214 Thread 0x0000000008b80000  617             java.util.HashMap::put (142 bytes)
Event: 13.228 Thread 0x0000000008b80000 nmethod 617 0x0000000002a541d0 code [0x0000000002a543c0, 0x0000000002a54970]
Event: 13.228 Thread 0x0000000008b80000  618             java.lang.Class::privateGetPublicMethods (247 bytes)

GC Heap History (10 events):
Event: 6.627 GC heap before
{Heap before GC invocations=6 (full 0):
 PSYoungGen      total 38400K, used 38396K [0x00000000eaa80000, 0x00000000eff80000, 0x0000000100000000)
  eden space 33280K, 100% used [0x00000000eaa80000,0x00000000ecb00000,0x00000000ecb00000)
  from space 5120K, 99% used [0x00000000ecb00000,0x00000000ecfff110,0x00000000ed000000)
  to   space 10240K, 0% used [0x00000000ef580000,0x00000000ef580000,0x00000000eff80000)
 ParOldGen       total 86016K, used 9415K [0x00000000c0000000, 0x00000000c5400000, 0x00000000eaa80000)
  object space 86016K, 10% used [0x00000000c0000000,0x00000000c0931ef8,0x00000000c5400000)
 PSPermGen       total 21504K, used 21440K [0x00000000b0000000, 0x00000000b1500000, 0x00000000c0000000)
  object space 21504K, 99% used [0x00000000b0000000,0x00000000b14f0178,0x00000000b1500000)
Event: 6.644 GC heap after
Heap after GC invocations=6 (full 0):
 PSYoungGen      total 76800K, used 5372K [0x00000000eaa80000, 0x00000000eff80000, 0x0000000100000000)
  eden space 66560K, 0% used [0x00000000eaa80000,0x00000000eaa80000,0x00000000eeb80000)
  from space 10240K, 52% used [0x00000000ef580000,0x00000000efabf110,0x00000000eff80000)
  to   space 10240K, 0% used [0x00000000eeb80000,0x00000000eeb80000,0x00000000ef580000)
 ParOldGen       total 86016K, used 9415K [0x00000000c0000000, 0x00000000c5400000, 0x00000000eaa80000)
  object space 86016K, 10% used [0x00000000c0000000,0x00000000c0931ef8,0x00000000c5400000)
 PSPermGen       total 21504K, used 21440K [0x00000000b0000000, 0x00000000b1500000, 0x00000000c0000000)
  object space 21504K, 99% used [0x00000000b0000000,0x00000000b14f0178,0x00000000b1500000)
}
Event: 7.017 GC heap before
{Heap before GC invocations=7 (full 0):
 PSYoungGen      total 76800K, used 71932K [0x00000000eaa80000, 0x00000000eff80000, 0x0000000100000000)
  eden space 66560K, 100% used [0x00000000eaa80000,0x00000000eeb80000,0x00000000eeb80000)
  from space 10240K, 52% used [0x00000000ef580000,0x00000000efabf110,0x00000000eff80000)
  to   space 10240K, 0% used [0x00000000eeb80000,0x00000000eeb80000,0x00000000ef580000)
 ParOldGen       total 86016K, used 9415K [0x00000000c0000000, 0x00000000c5400000, 0x00000000eaa80000)
  object space 86016K, 10% used [0x00000000c0000000,0x00000000c0931ef8,0x00000000c5400000)
 PSPermGen       total 21504K, used 21463K [0x00000000b0000000, 0x00000000b1500000, 0x00000000c0000000)
  object space 21504K, 99% used [0x00000000b0000000,0x00000000b14f5fb0,0x00000000b1500000)
Event: 7.032 GC heap after
Heap after GC invocations=7 (full 0):
 PSYoungGen      total 76800K, used 2580K [0x00000000eaa80000, 0x00000000f4180000, 0x0000000100000000)
  eden space 66560K, 0% used [0x00000000eaa80000,0x00000000eaa80000,0x00000000eeb80000)
  from space 10240K, 25% used [0x00000000eeb80000,0x00000000eee050d0,0x00000000ef580000)
  to   space 10752K, 0% used [0x00000000f3700000,0x00000000f3700000,0x00000000f4180000)
 ParOldGen       total 86016K, used 12682K [0x00000000c0000000, 0x00000000c5400000, 0x00000000eaa80000)
  object space 86016K, 14% used [0x00000000c0000000,0x00000000c0c62ae8,0x00000000c5400000)
 PSPermGen       total 21504K, used 21463K [0x00000000b0000000, 0x00000000b1500000, 0x00000000c0000000)
  object space 21504K, 99% used [0x00000000b0000000,0x00000000b14f5fb0,0x00000000b1500000)
}
Event: 7.336 GC heap before
{Heap before GC invocations=8 (full 0):
 PSYoungGen      total 76800K, used 69140K [0x00000000eaa80000, 0x00000000f4180000, 0x0000000100000000)
  eden space 66560K, 100% used [0x00000000eaa80000,0x00000000eeb80000,0x00000000eeb80000)
  from space 10240K, 25% used [0x00000000eeb80000,0x00000000eee050d0,0x00000000ef580000)
  to   space 10752K, 0% used [0x00000000f3700000,0x00000000f3700000,0x00000000f4180000)
 ParOldGen       total 86016K, used 12682K [0x00000000c0000000, 0x00000000c5400000, 0x00000000eaa80000)
  object space 86016K, 14% used [0x00000000c0000000,0x00000000c0c62ae8,0x00000000c5400000)
 PSPermGen       total 21504K, used 21473K [0x00000000b0000000, 0x00000000b1500000, 0x00000000c0000000)
  object space 21504K, 99% used [0x00000000b0000000,0x00000000b14f8668,0x00000000b1500000)
Event: 7.341 GC heap after
Heap after GC invocations=8 (full 0):
 PSYoungGen      total 143360K, used 1088K [0x00000000eaa80000, 0x00000000f4280000, 0x0000000100000000)
  eden space 132608K, 0% used [0x00000000eaa80000,0x00000000eaa80000,0x00000000f2c00000)
  from space 10752K, 10% used [0x00000000f3700000,0x00000000f3810000,0x00000000f4180000)
  to   space 11264K, 0% used [0x00000000f2c00000,0x00000000f2c00000,0x00000000f3700000)
 ParOldGen       total 86016K, used 14355K [0x00000000c0000000, 0x00000000c5400000, 0x00000000eaa80000)
  object space 86016K, 16% used [0x00000000c0000000,0x00000000c0e04f58,0x00000000c5400000)
 PSPermGen       total 21504K, used 21473K [0x00000000b0000000, 0x00000000b1500000, 0x00000000c0000000)
  object space 21504K, 99% used [0x00000000b0000000,0x00000000b14f8668,0x00000000b1500000)
}
Event: 8.689 GC heap before
{Heap before GC invocations=9 (full 0):
 PSYoungGen      total 143360K, used 133696K [0x00000000eaa80000, 0x00000000f4280000, 0x0000000100000000)
  eden space 132608K, 100% used [0x00000000eaa80000,0x00000000f2c00000,0x00000000f2c00000)
  from space 10752K, 10% used [0x00000000f3700000,0x00000000f3810000,0x00000000f4180000)
  to   space 11264K, 0% used [0x00000000f2c00000,0x00000000f2c00000,0x00000000f3700000)
 ParOldGen       total 86016K, used 14355K [0x00000000c0000000, 0x00000000c5400000, 0x00000000eaa80000)
  object space 86016K, 16% used [0x00000000c0000000,0x00000000c0e04f58,0x00000000c5400000)
 PSPermGen       total 24064K, used 23784K [0x00000000b0000000, 0x00000000b1780000, 0x00000000c0000000)
  object space 24064K, 98% used [0x00000000b0000000,0x00000000b173a228,0x00000000b1780000)
Event: 8.702 GC heap after
Heap after GC invocations=9 (full 0):
 PSYoungGen      total 143872K, used 7207K [0x00000000eaa80000, 0x00000000f9000000, 0x0000000100000000)
  eden space 132608K, 0% used [0x00000000eaa80000,0x00000000eaa80000,0x00000000f2c00000)
  from space 11264K, 63% used [0x00000000f2c00000,0x00000000f3309cf0,0x00000000f3700000)
  to   space 11264K, 0% used [0x00000000f8500000,0x00000000f8500000,0x00000000f9000000)
 ParOldGen       total 86016K, used 14691K [0x00000000c0000000, 0x00000000c5400000, 0x00000000eaa80000)
  object space 86016K, 17% used [0x00000000c0000000,0x00000000c0e58f58,0x00000000c5400000)
 PSPermGen       total 24064K, used 23784K [0x00000000b0000000, 0x00000000b1780000, 0x00000000c0000000)
  object space 24064K, 98% used [0x00000000b0000000,0x00000000b173a228,0x00000000b1780000)
}
Event: 12.152 GC heap before
{Heap before GC invocations=10 (full 0):
 PSYoungGen      total 143872K, used 139815K [0x00000000eaa80000, 0x00000000f9000000, 0x0000000100000000)
  eden space 132608K, 100% used [0x00000000eaa80000,0x00000000f2c00000,0x00000000f2c00000)
  from space 11264K, 63% used [0x00000000f2c00000,0x00000000f3309cf0,0x00000000f3700000)
  to   space 11264K, 0% used [0x00000000f8500000,0x00000000f8500000,0x00000000f9000000)
 ParOldGen       total 86016K, used 14691K [0x00000000c0000000, 0x00000000c5400000, 0x00000000eaa80000)
  object space 86016K, 17% used [0x00000000c0000000,0x00000000c0e58f58,0x00000000c5400000)
 PSPermGen       total 33280K, used 33036K [0x00000000b0000000, 0x00000000b2080000, 0x00000000c0000000)
  object space 33280K, 99% used [0x00000000b0000000,0x00000000b2043288,0x00000000b2080000)
Event: 12.206 GC heap after
Heap after GC invocations=10 (full 0):
 PSYoungGen      total 219136K, used 11248K [0x00000000eaa80000, 0x00000000f9900000, 0x0000000100000000)
  eden space 207872K, 0% used [0x00000000eaa80000,0x00000000eaa80000,0x00000000f7580000)
  from space 11264K, 99% used [0x00000000f8500000,0x00000000f8ffc020,0x00000000f9000000)
  to   space 15872K, 0% used [0x00000000f7580000,0x00000000f7580000,0x00000000f8500000)
 ParOldGen       total 86016K, used 22872K [0x00000000c0000000, 0x00000000c5400000, 0x00000000eaa80000)
  object space 86016K, 26% used [0x00000000c0000000,0x00000000c16562e0,0x00000000c5400000)
 PSPermGen       total 33280K, used 33036K [0x00000000b0000000, 0x00000000b2080000, 0x00000000c0000000)
  object space 33280K, 99% used [0x00000000b0000000,0x00000000b2043288,0x00000000b2080000)
}

Deoptimization events (10 events):
Event: 13.367 Thread 0x000000000aed1000 Uncommon trap: reason=class_check action=maybe_recompile pc=0x0000000002832d5c method=java.util.regex.Matcher.search(I)Z @ 86
Event: 13.367 Thread 0x000000000aed1000 Uncommon trap: reason=class_check action=maybe_recompile pc=0x0000000002832d5c method=java.util.regex.Matcher.search(I)Z @ 86
Event: 13.396 Thread 0x000000000aed1000 Uncommon trap: reason=bimorphic action=maybe_recompile pc=0x0000000002a2efd4 method=java.util.regex.Pattern$5.isSatisfiedBy(I)Z @ 16
Event: 13.396 Thread 0x000000000aed1000 Uncommon trap: reason=bimorphic action=maybe_recompile pc=0x0000000002a2efd4 method=java.util.regex.Pattern$5.isSatisfiedBy(I)Z @ 16
Event: 13.396 Thread 0x000000000aed1000 Uncommon trap: reason=bimorphic action=maybe_recompile pc=0x0000000002a2efd4 method=java.util.regex.Pattern$5.isSatisfiedBy(I)Z @ 16
Event: 13.396 Thread 0x000000000aed1000 Uncommon trap: reason=bimorphic action=maybe_recompile pc=0x0000000002a2efd4 method=java.util.regex.Pattern$5.isSatisfiedBy(I)Z @ 16
Event: 13.397 Thread 0x000000000aed1000 Uncommon trap: reason=bimorphic action=maybe_recompile pc=0x0000000002a2efd4 method=java.util.regex.Pattern$5.isSatisfiedBy(I)Z @ 16
Event: 13.776 Thread 0x000000000aed1000 Uncommon trap: reason=unloaded action=reinterpret pc=0x0000000002a602c0 method=groovy.lang.MetaClassImpl.checkIfStdMethod(Lgroovy/lang/MetaMethod;)V @ 171
Event: 13.904 Thread 0x000000000aed1000 Uncommon trap: reason=unreached action=reinterpret pc=0x0000000002a312a8 method=org.apache.ivy.core.IvyPatternHelper.substituteTokens(Ljava/lang/String;Ljava/util/Map;)Ljava/lang/String; @ 438
Event: 14.377 Thread 0x000000000aed1000 Uncommon trap: reason=unreached action=reinterpret pc=0x00000000029a1b70 method=java.lang.Integer.parseInt(Ljava/lang/String;I)I @ 1

Internal exceptions (10 events):
Event: 14.367 Thread 0x000000000aed1000 Threw 0x00000000ee47ff60 at C:\re\jdk7u79\2331\hotspot\src\share\vm\prims\jvm.cpp:1304
Event: 14.367 Thread 0x000000000aed1000 Threw 0x00000000ee481228 at C:\re\jdk7u79\2331\hotspot\src\share\vm\prims\jvm.cpp:1304
Event: 14.367 Thread 0x000000000aed1000 Threw 0x00000000ee487078 at C:\re\jdk7u79\2331\hotspot\src\share\vm\prims\jvm.cpp:1304
Event: 14.368 Thread 0x000000000aed1000 Threw 0x00000000ee4909e0 at C:\re\jdk7u79\2331\hotspot\src\share\vm\prims\jvm.cpp:1304
Event: 14.368 Thread 0x000000000aed1000 Threw 0x00000000ee491bf0 at C:\re\jdk7u79\2331\hotspot\src\share\vm\prims\jvm.cpp:1304
Event: 14.368 Thread 0x000000000aed1000 Threw 0x00000000ee496c50 at C:\re\jdk7u79\2331\hotspot\src\share\vm\prims\jvm.cpp:1304
Event: 14.370 Thread 0x000000000aed1000 Threw 0x00000000ee4a08e8 at C:\re\jdk7u79\2331\hotspot\src\share\vm\prims\jvm.cpp:1304
Event: 14.370 Thread 0x000000000aed1000 Threw 0x00000000ee4a1bc8 at C:\re\jdk7u79\2331\hotspot\src\share\vm\prims\jvm.cpp:1304
Event: 14.370 Thread 0x000000000aed1000 Threw 0x00000000ee4a7ba8 at C:\re\jdk7u79\2331\hotspot\src\share\vm\prims\jvm.cpp:1304
Event: 14.377 Thread 0x000000000aed1000 Implicit null exception at 0x00000000029a166f to 0x00000000029a1b5d

Events (10 events):
Event: 14.427 loading class 0x000000000e9f1f40
Event: 14.428 loading class 0x000000000e9f1f40 done
Event: 14.428 loading class 0x000000000e9f4520
Event: 14.428 loading class 0x000000000e9f4520 done
Event: 14.436 loading class 0x000000000e5c4d20
Event: 14.436 loading class 0x000000000e5c4d20 done
Event: 14.437 loading class 0x000000000e9d5980
Event: 14.437 loading class 0x000000000e9d5980 done
Event: 14.437 loading class 0x000000000e9d5910
Event: 14.438 loading class 0x000000000e9d5910 done


Dynamic libraries:
0x00007ff72b5a0000 - 0x00007ff72b5d3000 	C:\Program Files\Java\jdk1.7.0_79\bin\java.exe
0x00007ffbc0cb0000 - 0x00007ffbc0e71000 	C:\WINDOWS\SYSTEM32\ntdll.dll
0x00007ffbbf570000 - 0x00007ffbbf61d000 	C:\WINDOWS\system32\KERNEL32.DLL
0x00007ffbbe0e0000 - 0x00007ffbbe2bd000 	C:\WINDOWS\system32\KERNELBASE.dll
0x00007ffbbee70000 - 0x00007ffbbef16000 	C:\WINDOWS\system32\ADVAPI32.dll
0x00007ffbbf0b0000 - 0x00007ffbbf14d000 	C:\WINDOWS\system32\msvcrt.dll
0x00007ffbbf150000 - 0x00007ffbbf1ab000 	C:\WINDOWS\system32\sechost.dll
0x00007ffbbe6a0000 - 0x00007ffbbe7c6000 	C:\WINDOWS\system32\RPCRT4.dll
0x00007ffbc0b50000 - 0x00007ffbc0c9e000 	C:\WINDOWS\system32\USER32.dll
0x00007ffbbef20000 - 0x00007ffbbf0a6000 	C:\WINDOWS\system32\GDI32.dll
0x00007ffbad700000 - 0x00007ffbad974000 	C:\WINDOWS\WinSxS\amd64_microsoft.windows.common-controls_6595b64144ccf1df_6.0.10240.16384_none_f41f7b285750ef43\COMCTL32.dll
0x00007ffbbf530000 - 0x00007ffbbf566000 	C:\WINDOWS\system32\IMM32.DLL
0x00007ffbbea10000 - 0x00007ffbbeb6c000 	C:\WINDOWS\system32\MSCTF.dll
0x0000000180000000 - 0x00000001800e7000 	C:\Program Files (x86)\MacType\MacType64.dll
0x00007ffba3430000 - 0x00007ffba3451000 	C:\Program Files (x86)\MacType\EasyHK64.dll
0x00007ffbc0ca0000 - 0x00007ffbc0ca8000 	C:\WINDOWS\system32\PSAPI.DLL
0x0000000072610000 - 0x00000000726e2000 	C:\Program Files\Java\jdk1.7.0_79\jre\bin\msvcr100.dll
0x0000000072b80000 - 0x0000000073355000 	C:\Program Files\Java\jdk1.7.0_79\jre\bin\server\jvm.dll
0x00007ffbb55c0000 - 0x00007ffbb55c9000 	C:\WINDOWS\SYSTEM32\WSOCK32.dll
0x00007ffbbe9a0000 - 0x00007ffbbea09000 	C:\WINDOWS\system32\WS2_32.dll
0x00007ffbbf440000 - 0x00007ffbbf448000 	C:\WINDOWS\system32\NSI.dll
0x00007ffbba430000 - 0x00007ffbba453000 	C:\WINDOWS\SYSTEM32\WINMM.dll
0x00007ffbba3e0000 - 0x00007ffbba40c000 	C:\WINDOWS\SYSTEM32\WINMMBASE.dll
0x00007ffbbd9b0000 - 0x00007ffbbd9f4000 	C:\WINDOWS\system32\cfgmgr32.dll
0x00007ffbbbfc0000 - 0x00007ffbbbfe7000 	C:\WINDOWS\SYSTEM32\DEVOBJ.dll
0x0000000072a90000 - 0x0000000072a9f000 	C:\Program Files\Java\jdk1.7.0_79\jre\bin\verify.dll
0x0000000072a60000 - 0x0000000072a88000 	C:\Program Files\Java\jdk1.7.0_79\jre\bin\java.dll
0x0000000072a40000 - 0x0000000072a55000 	C:\Program Files\Java\jdk1.7.0_79\jre\bin\zip.dll
0x0000000072a20000 - 0x0000000072a3a000 	C:\Program Files\Java\jdk1.7.0_79\jre\bin\net.dll
0x000000000b0d0000 - 0x000000000b148000 	C:\windows\system32\ASProxy64.dll
0x000000000b150000 - 0x000000000b291000 	C:\WINDOWS\system32\ole32.dll
0x00007ffbbf1c0000 - 0x00007ffbbf43c000 	C:\WINDOWS\system32\combase.dll
0x00007ffbbe8e0000 - 0x00007ffbbe99e000 	C:\WINDOWS\system32\OLEAUT32.dll
0x00007ffbbcef0000 - 0x00007ffbbcf4d000 	C:\WINDOWS\SYSTEM32\MSWSOCK.dll
0x00007ffbbc4a0000 - 0x00007ffbbc4d8000 	C:\WINDOWS\SYSTEM32\IPHLPAPI.DLL
0x00007ffbbc480000 - 0x00007ffbbc48a000 	C:\WINDOWS\SYSTEM32\VERSION.dll
0x00007ffbbc490000 - 0x00007ffbbc49b000 	C:\WINDOWS\SYSTEM32\WINNSI.DLL
0x00007ffbbd2a0000 - 0x00007ffbbd2cc000 	C:\WINDOWS\SYSTEM32\SspiCli.dll
0x00007ffbbd770000 - 0x00007ffbbd77f000 	C:\WINDOWS\system32\kernel.appcore.dll
0x00007ffbbd500000 - 0x00007ffbbd56b000 	C:\WINDOWS\SYSTEM32\bcryptPrimitives.dll
0x00007ffbbbf20000 - 0x00007ffbbbfb6000 	C:\WINDOWS\system32\uxtheme.dll
0x00007ffba9e30000 - 0x00007ffba9ed2000 	C:\Program Files\Common Files\microsoft shared\ink\tiptsf.dll
0x00007ffbbe7d0000 - 0x00007ffbbe875000 	C:\WINDOWS\system32\clbcatq.dll
0x00007ffbbcf50000 - 0x00007ffbbcf67000 	C:\WINDOWS\SYSTEM32\cryptsp.dll
0x00007ffbbd610000 - 0x00007ffbbd638000 	C:\WINDOWS\SYSTEM32\bcrypt.dll
0x00007ffbbcba0000 - 0x00007ffbbcbd3000 	C:\WINDOWS\system32\rsaenh.dll
0x00007ffbbd0c0000 - 0x00007ffbbd0cb000 	C:\WINDOWS\SYSTEM32\CRYPTBASE.dll
0x00007ffbbd570000 - 0x00007ffbbd608000 	C:\WINDOWS\SYSTEM32\sxs.dll
0x0000000072a00000 - 0x0000000072a11000 	C:\Program Files\Java\jdk1.7.0_79\jre\bin\nio.dll
0x00007ffbbcd40000 - 0x00007ffbbcd5f000 	C:\WINDOWS\SYSTEM32\USERENV.dll
0x00007ffbbd6e0000 - 0x00007ffbbd6f3000 	C:\WINDOWS\system32\profapi.dll
0x00007ffbb6240000 - 0x00007ffbb6256000 	C:\WINDOWS\SYSTEM32\dhcpcsvc6.DLL
0x00007ffbb6aa0000 - 0x00007ffbb6aba000 	C:\WINDOWS\SYSTEM32\dhcpcsvc.DLL
0x00007ffba3380000 - 0x00007ffba3392000 	C:\Users\David\AppData\Local\Temp\native-platform6846362165270780425dir\native-platform.dll
0x00007ffbbe640000 - 0x00007ffbbe691000 	C:\WINDOWS\system32\SHLWAPI.dll
0x0000000072730000 - 0x0000000072754000 	C:\Program Files\Java\jdk1.7.0_79\jre\bin\sunec.dll
0x0000000072720000 - 0x000000007272b000 	C:\Program Files\Java\jdk1.7.0_79\jre\bin\sunmscapi.dll
0x00007ffbbd7e0000 - 0x00007ffbbd9a1000 	C:\WINDOWS\system32\CRYPT32.dll
0x00007ffbbd700000 - 0x00007ffbbd711000 	C:\WINDOWS\system32\MSASN1.dll
0x00007ffbaa950000 - 0x00007ffbaa965000 	C:\WINDOWS\system32\napinsp.dll
0x00007ffbab030000 - 0x00007ffbab04a000 	C:\WINDOWS\system32\pnrpnsp.dll
0x00007ffbb9790000 - 0x00007ffbb97a8000 	C:\WINDOWS\system32\NLAapi.dll
0x00007ffbbcc90000 - 0x00007ffbbcd38000 	C:\WINDOWS\SYSTEM32\DNSAPI.dll
0x00007ffbab050000 - 0x00007ffbab05d000 	C:\WINDOWS\System32\winrnr.dll
0x00007ffbab060000 - 0x00007ffbab075000 	C:\WINDOWS\system32\wshbth.dll
0x00007ffbae530000 - 0x00007ffbae53a000 	C:\Windows\System32\rasadhlp.dll
0x00007ffbb4390000 - 0x00007ffbb43f8000 	C:\WINDOWS\System32\fwpuclnt.dll
0x00007ffbb8fb0000 - 0x00007ffbb913a000 	C:\WINDOWS\SYSTEM32\dbghelp.dll

VM Arguments:
jvm_args: -XX:MaxPermSize=256m -XX:+HeapDumpOnOutOfMemoryError -Xmx1024m -Dfile.encoding=GBK -Duser.country=CN -Duser.language=zh -Duser.variant 
java_command: org.gradle.launcher.daemon.bootstrap.GradleDaemon 2.2.1 C:\Users\David\.gradle\daemon 10800000 8df5f574-8b1a-4890-8581-ae771b01242b -XX:MaxPermSize=256m -XX:+HeapDumpOnOutOfMemoryError -Xmx1024m -Dfile.encoding=GBK -Duser.country=CN -Duser.language=zh -Duser.variant
Launcher Type: SUN_STANDARD

Environment Variables:
CLASSPATH=.;C:\Program Files (x86)\QuickTime\QTSystem\QTJava.zip
PATH=C:\Program Files (x86)\MacType\;C:\WINDOWS\system32;C:\WINDOWS;C:\WINDOWS\System32\Wbem;C:\WINDOWS\System32\WindowsPowerShell\v1.0\;C:\Program Files\nodejs\;C:\Program Files (x86)\Microsoft SQL Server\100\Tools\Binn\;C:\Program Files\Microsoft SQL Server\100\Tools\Binn\;C:\Program Files\Microsoft SQL Server\100\DTS\Binn\;C:\Program Files (x86)\QuickTime\QTSystem\;C:\Users\David\AppData\Roaming\npm;C:\Program Files\nodejs;C:\Users\David\AppData\Local\.meteor\;C:\Program Files (x86)\MacType
USERNAME=David
OS=Windows_NT
PROCESSOR_IDENTIFIER=Intel64 Family 6 Model 69 Stepping 1, GenuineIntel



---------------  S Y S T E M  ---------------

OS: Windows 8.1 , 64 bit Build 9600 

CPU:total 4 (2 cores per cpu, 2 threads per core) family 6 model 69 stepping 1, cmov, cx8, fxsr, mmx, sse, sse2, sse3, ssse3, sse4.1, sse4.2, popcnt, avx, avx2, aes, erms, ht, tsc, tscinvbit

Memory: 4k page, physical 8291400k(4925872k free), swap 15893576k(11329036k free)

vm_info: Java HotSpot(TM) 64-Bit Server VM (24.79-b02) for windows-amd64 JRE (1.7.0_79-b15), built on Apr 10 2015 12:36:16 by "java_re" with unknown MS VC++:1600

time: Thu Jul 30 17:25:31 2015
elapsed time: 14 seconds

