#
# A fatal error has been detected by the Java Runtime Environment:
#
#  EXCEPTION_ILLEGAL_INSTRUCTION (0xc000001d) at pc=0x000000000b52cd07, pid=7640, tid=10260
#
# JRE version: Java(TM) SE Runtime Environment (7.0_79-b15) (build 1.7.0_79-b15)
# Java VM: Java HotSpot(TM) 64-Bit Server VM (24.79-b02 mixed mode windows-amd64 compressed oops)
# Problematic frame:
# C  [ASProxy64.dll+0x2cd07]
#
# Failed to write core dump. Minidumps are not enabled by default on client versions of Windows
#
# If you would like to submit a bug report, please visit:
#   http://bugreport.java.com/bugreport/crash.jsp
# The crash happened outside the Java Virtual Machine in native code.
# See problematic frame for where to report the bug.
#

---------------  T H R E A D  ---------------

Current thread (0x000000000aae1800):  JavaThread "Daemon worker Thread 2" [_thread_in_native, id=10260, stack(0x000000000c460000,0x000000000c560000)]

siginfo: ExceptionCode=0xc000001d

Registers:
RAX=0x0000000000000000, RBX=0x0000000000831c20, RCX=0x0000000000831c44, RDX=0x000000000c558188
RSP=0x000000000c558190, RBP=0x0000000000000000, RSI=0x000000000cb5b468, RDI=0x0000000000000000
R8 =0x000000000b56eb38, R9 =0x0000000000000000, R10=0x0000000000000000, R11=0x0000000000000064
R12=0x0000000000000002, R13=0x000000000c5583a0, R14=0x000000000dc1b1b0, R15=0x0000000000000002
RIP=0x000000000b52cd07, EFLAGS=0x0000000000010246

Top of Stack: (sp=0x000000000c558190)
0x000000000c558190:   0000000000000000 000000000c5500d8
0x000000000c5581a0:   fffffffffffffffe 000000000dc1b1a0
0x000000000c5581b0:   000000000aae19e8 000000000b52dbf2
0x000000000c5581c0:   000000000b56eac0 0000000000831c20
0x000000000c5581d0:   000000000b657120 000000000b657120
0x000000000c5581e0:   000000000dc1b1b0 000000000c5500a0
0x000000000c5581f0:   fffffffffffffffe 0000000000000000
0x000000000c558200:   000000000aae1800 000000000b52db42
0x000000000c558210:   0000000000831c20 0000000000831c20
0x000000000c558220:   000000000aae19e8 0000000062438d94
0x000000000c558230:   0000000000000000 000000000cb5b468
0x000000000c558240:   0000000000000002 000000000ce33420
0x000000000c558250:   000000000aae19e8 0000000061b73766
0x000000000c558260:   0000000000831c20 000000000aae19e8
0x000000000c558270:   000000000ce33420 000000000cb5b468
0x000000000c558280:   0000000000000002 0000000000831c20 

Instructions: (pc=0x000000000b52cd07)
0x000000000b52cce7:   00 00 00 00 fb 44 3f 02 00 00 00 00 53 48 83 ec
0x000000000b52ccf7:   20 48 8b d9 48 89 7c 24 ff 25 00 00 00 00 b1 44
0x000000000b52cd07:   3f 02 00 00 00 00 89 04 24 8b 44 24 04 0f af 04
0x000000000b52cd17:   24 83 c0 02 89 04 24 8b 44 24 04 0f af 04 24 83 


Register to memory mapping:

RAX=0x0000000000000000 is an unknown value
RBX=0x0000000000831c20 is an unknown value
RCX=0x0000000000831c44 is an unknown value
RDX=0x000000000c558188 is pointing into the stack for thread: 0x000000000aae1800
RSP=0x000000000c558190 is pointing into the stack for thread: 0x000000000aae1800
RBP=0x0000000000000000 is an unknown value
RSI=0x000000000cb5b468 is an unknown value
RDI=0x0000000000000000 is an unknown value
R8 =0x000000000b56eb38 is an unknown value
R9 =0x0000000000000000 is an unknown value
R10=0x0000000000000000 is an unknown value
R11=0x0000000000000064 is an unknown value
R12=0x0000000000000002 is an unknown value
R13=0x000000000c5583a0 is pointing into the stack for thread: 0x000000000aae1800
R14=0x000000000dc1b1b0 is an unknown value
R15=0x0000000000000002 is an unknown value


Stack: [0x000000000c460000,0x000000000c560000],  sp=0x000000000c558190,  free space=992k
Native frames: (J=compiled Java code, j=interpreted, Vv=VM code, C=native code)
C  [ASProxy64.dll+0x2cd07]

[error occurred during error reporting (printing native stack), id 0xc0000005]

Java frames: (J=compiled Java code, j=interpreted, Vv=VM code)
j  java.net.Inet6AddressImpl.lookupAllHostAddr(Ljava/lang/String;)[Ljava/net/InetAddress;+0
j  java.net.InetAddress$1.lookupAllHostAddr(Ljava/lang/String;)[Ljava/net/InetAddress;+4
j  java.net.InetAddress.getAddressesFromNameService(Ljava/lang/String;Ljava/net/InetAddress;)[Ljava/net/InetAddress;+51
j  java.net.InetAddress.getAllByName0(Ljava/lang/String;Ljava/net/InetAddress;Z)[Ljava/net/InetAddress;+29
j  java.net.InetAddress.getAllByName(Ljava/lang/String;Ljava/net/InetAddress;)[Ljava/net/InetAddress;+383
j  java.net.InetAddress.getAllByName(Ljava/lang/String;)[Ljava/net/InetAddress;+2
j  org.apache.http.impl.conn.SystemDefaultDnsResolver.resolve(Ljava/lang/String;)[Ljava/net/InetAddress;+1
j  org.apache.http.impl.conn.DefaultClientConnectionOperator.resolveHostname(Ljava/lang/String;)[Ljava/net/InetAddress;+5
j  org.apache.http.impl.conn.DefaultClientConnectionOperator.openConnection(Lorg/apache/http/conn/OperatedClientConnection;Lorg/apache/http/HttpHost;Ljava/net/InetAddress;Lorg/apache/http/protocol/HttpContext;Lorg/apache/http/params/HttpParams;)V+87
j  org.apache.http.impl.conn.ManagedClientConnectionImpl.open(Lorg/apache/http/conn/routing/HttpRoute;Lorg/apache/http/protocol/HttpContext;Lorg/apache/http/params/HttpParams;)V+133
j  org.apache.http.impl.client.DefaultRequestDirector.tryConnect(Lorg/apache/http/impl/client/RoutedRequest;Lorg/apache/http/protocol/HttpContext;)V+49
j  org.apache.http.impl.client.DefaultRequestDirector.execute(Lorg/apache/http/HttpHost;Lorg/apache/http/HttpRequest;Lorg/apache/http/protocol/HttpContext;)Lorg/apache/http/HttpResponse;+367
j  org.apache.http.impl.client.AbstractHttpClient.execute(Lorg/apache/http/HttpHost;Lorg/apache/http/HttpRequest;Lorg/apache/http/protocol/HttpContext;)Lorg/apache/http/HttpResponse;+344
j  org.apache.http.impl.client.DecompressingHttpClient.execute(Lorg/apache/http/HttpHost;Lorg/apache/http/HttpRequest;Lorg/apache/http/protocol/HttpContext;)Lorg/apache/http/HttpResponse;+65
j  org.apache.http.impl.client.DecompressingHttpClient.execute(Lorg/apache/http/client/methods/HttpUriRequest;Lorg/apache/http/protocol/HttpContext;)Lorg/apache/http/HttpResponse;+8
j  org.gradle.internal.resource.transport.http.HttpClientHelper.performHttpRequest(Lorg/apache/http/client/methods/HttpRequestBase;)Lorg/apache/http/HttpResponse;+37
j  org.gradle.internal.resource.transport.http.HttpClientHelper.executeGetOrHead(Lorg/apache/http/client/methods/HttpRequestBase;)Lorg/apache/http/HttpResponse;+2
j  org.gradle.internal.resource.transport.http.HttpClientHelper.performRequest(Lorg/apache/http/client/methods/HttpRequestBase;)Lorg/apache/http/HttpResponse;+7
j  org.gradle.internal.resource.transport.http.HttpClientHelper.performRawGet(Ljava/lang/String;)Lorg/apache/http/HttpResponse;+9
j  org.gradle.internal.resource.transport.http.HttpClientHelper.performGet(Ljava/lang/String;)Lorg/apache/http/HttpResponse;+6
j  org.gradle.internal.resource.transport.http.HttpResourceAccessor.openResource(Ljava/net/URI;)Lorg/gradle/internal/resource/transport/http/HttpResponseResource;+25
j  org.gradle.internal.resource.transport.http.HttpResourceAccessor.openResource(Ljava/net/URI;)Lorg/gradle/internal/resource/transfer/ExternalResourceReadResponse;+2
j  org.gradle.internal.resource.transfer.DefaultExternalResourceConnector.openResource(Ljava/net/URI;)Lorg/gradle/internal/resource/transfer/ExternalResourceReadResponse;+5
j  org.gradle.internal.resource.transfer.ProgressLoggingExternalResourceAccessor.openResource(Ljava/net/URI;)Lorg/gradle/internal/resource/transfer/ExternalResourceReadResponse;+5
j  org.gradle.internal.resource.transport.DefaultExternalResourceRepository.getResource(Ljava/net/URI;)Lorg/gradle/internal/resource/ExternalResource;+5
j  org.gradle.internal.resource.transfer.DefaultCacheAwareExternalResourceAccessor.getResource(Ljava/net/URI;Lorg/gradle/internal/resource/transfer/CacheAwareExternalResourceAccessor$ResourceFileStore;Lorg/gradle/internal/resource/local/LocallyAvailableResourceCandidates;)Lorg/gradle/internal/resource/local/LocallyAvailableExternalResource;+57
j  org.gradle.api.internal.artifacts.repositories.resolver.DefaultExternalResourceArtifactResolver.downloadStaticResource(Ljava/util/List;Lorg/gradle/internal/component/external/model/ModuleComponentArtifactMetaData;Lorg/gradle/internal/resolve/result/ResourceAwareResolveResult;)Lorg/gradle/internal/resource/local/LocallyAvailableExternalResource;+92
j  org.gradle.api.internal.artifacts.repositories.resolver.DefaultExternalResourceArtifactResolver.resolveMetaDataArtifact(Lorg/gradle/internal/component/external/model/ModuleComponentArtifactMetaData;Lorg/gradle/internal/resolve/result/ResourceAwareResolveResult;)Lorg/gradle/internal/resource/local/LocallyAvailableExternalResource;+7
j  org.gradle.api.internal.artifacts.repositories.resolver.ExternalResourceResolver.parseMetaDataFromArtifact(Lorg/gradle/api/artifacts/component/ModuleComponentIdentifier;Lorg/gradle/api/internal/artifacts/repositories/resolver/ExternalResourceArtifactResolver;Lorg/gradle/internal/resolve/result/ResourceAwareResolveResult;)Lorg/gradle/internal/component/external/model/MutableModuleComponentResolveMetaData;+11
j  org.gradle.api.internal.artifacts.repositories.resolver.ExternalResourceResolver.resolveStaticDependency(Lorg/gradle/internal/component/model/DependencyMetaData;Lorg/gradle/api/artifacts/component/ModuleComponentIdentifier;Lorg/gradle/internal/resolve/result/BuildableModuleComponentMetaDataResolveResult;Lorg/gradle/api/internal/artifacts/repositories/resolver/ExternalResourceArtifactResolver;)V+5
j  org.gradle.api.internal.artifacts.repositories.resolver.MavenResolver.doResolveComponentMetaData(Lorg/gradle/internal/component/model/DependencyMetaData;Lorg/gradle/api/artifacts/component/ModuleComponentIdentifier;Lorg/gradle/internal/resolve/result/BuildableModuleComponentMetaDataResolveResult;)V+84
j  org.gradle.api.internal.artifacts.repositories.resolver.ExternalResourceResolver$RemoteRepositoryAccess.resolveComponentMetaData(Lorg/gradle/internal/component/model/DependencyMetaData;Lorg/gradle/api/artifacts/component/ModuleComponentIdentifier;Lorg/gradle/internal/resolve/result/BuildableModuleComponentMetaDataResolveResult;)V+7
j  org.gradle.api.internal.artifacts.ivyservice.ivyresolve.CacheLockReleasingModuleComponentsRepository$LockReleasingRepositoryAccess$2.run()V+19
j  org.gradle.internal.Factories$1.create()Ljava/lang/Object;+4
j  org.gradle.cache.internal.DefaultCacheAccess.longRunningOperation(Ljava/lang/String;Lorg/gradle/internal/Factory;)Ljava/lang/Object;+7
j  org.gradle.cache.internal.DefaultCacheAccess.longRunningOperation(Ljava/lang/String;Ljava/lang/Runnable;)V+6
j  org.gradle.cache.internal.DefaultPersistentDirectoryStore.longRunningOperation(Ljava/lang/String;Ljava/lang/Runnable;)V+6
j  org.gradle.cache.internal.DefaultCacheFactory$ReferenceTrackingCache.longRunningOperation(Ljava/lang/String;Ljava/lang/Runnable;)V+9
j  org.gradle.api.internal.artifacts.ivyservice.DefaultCacheLockingManager.longRunningOperation(Ljava/lang/String;Ljava/lang/Runnable;)V+6
j  org.gradle.api.internal.artifacts.ivyservice.ivyresolve.CacheLockReleasingModuleComponentsRepository$LockReleasingRepositoryAccess.resolveComponentMetaData(Lorg/gradle/internal/component/model/DependencyMetaData;Lorg/gradle/api/artifacts/component/ModuleComponentIdentifier;Lorg/gradle/internal/resolve/result/BuildableModuleComponentMetaDataResolveResult;)V+35
j  org.gradle.api.internal.artifacts.ivyservice.ivyresolve.CachingModuleComponentRepository$ResolveAndCacheRepositoryAccess.resolveComponentMetaData(Lorg/gradle/internal/component/model/DependencyMetaData;Lorg/gradle/api/artifacts/component/ModuleComponentIdentifier;Lorg/gradle/internal/resolve/result/BuildableModuleComponentMetaDataResolveResult;)V+24
j  org.gradle.api.internal.artifacts.ivyservice.ivyresolve.BaseModuleComponentRepositoryAccess.resolveComponentMetaData(Lorg/gradle/internal/component/model/DependencyMetaData;Lorg/gradle/api/artifacts/component/ModuleComponentIdentifier;Lorg/gradle/internal/resolve/result/BuildableModuleComponentMetaDataResolveResult;)V+7
j  org.gradle.api.internal.artifacts.ivyservice.ivyresolve.memcache.InMemoryCachedModuleComponentRepository$CachedAccess.resolveComponentMetaData(Lorg/gradle/internal/component/model/DependencyMetaData;Lorg/gradle/api/artifacts/component/ModuleComponentIdentifier;Lorg/gradle/internal/resolve/result/BuildableModuleComponentMetaDataResolveResult;)V+16
j  org.gradle.api.internal.artifacts.ivyservice.ivyresolve.ErrorHandlingModuleComponentRepository$ErrorHandlingModuleComponentRepositoryAccess.resolveComponentMetaData(Lorg/gradle/internal/component/model/DependencyMetaData;Lorg/gradle/api/artifacts/component/ModuleComponentIdentifier;Lorg/gradle/internal/resolve/result/BuildableModuleComponentMetaDataResolveResult;)V+7
j  org.gradle.api.internal.artifacts.ivyservice.ivyresolve.ComponentMetaDataResolveState.process(Lorg/gradle/api/internal/artifacts/ivyservice/ivyresolve/ModuleComponentRepositoryAccess;)V+13
j  org.gradle.api.internal.artifacts.ivyservice.ivyresolve.ComponentMetaDataResolveState.resolve()Lorg/gradle/internal/resolve/result/BuildableModuleComponentMetaDataResolveResult;+77
j  org.gradle.api.internal.artifacts.ivyservice.ivyresolve.RepositoryChainDependencyResolver.findBestMatch(Ljava/util/LinkedList;Ljava/util/Collection;Ljava/util/Collection;)Lorg/gradle/api/internal/artifacts/ivyservice/ivyresolve/RepositoryChainModuleResolution;+21
j  org.gradle.api.internal.artifacts.ivyservice.ivyresolve.RepositoryChainDependencyResolver.findBestMatch(Ljava/util/List;Ljava/util/Collection;)Lorg/gradle/api/internal/artifacts/ivyservice/ivyresolve/RepositoryChainModuleResolution;+28
j  org.gradle.api.internal.artifacts.ivyservice.ivyresolve.RepositoryChainDependencyResolver.resolve(Lorg/gradle/internal/component/model/DependencyMetaData;Lorg/gradle/internal/resolve/result/BuildableComponentResolveResult;)V+159
j  org.gradle.api.internal.artifacts.ivyservice.ivyresolve.RepositoryChainAdapter.resolve(Lorg/gradle/internal/component/model/DependencyMetaData;Lorg/gradle/api/artifacts/component/ComponentIdentifier;Lorg/gradle/internal/resolve/result/BuildableComponentResolveResult;)V+64
j  org.gradle.api.internal.artifacts.ivyservice.clientmodule.ClientModuleResolver.resolve(Lorg/gradle/internal/component/model/DependencyMetaData;Lorg/gradle/api/artifacts/component/ComponentIdentifier;Lorg/gradle/internal/resolve/result/BuildableComponentResolveResult;)V+7
j  org.gradle.api.internal.artifacts.ivyservice.resolveengine.graph.DependencyGraphBuilder$ModuleVersionResolveState.resolve()V+89
j  org.gradle.api.internal.artifacts.ivyservice.resolveengine.graph.DependencyGraphBuilder$ModuleVersionResolveState.getMetaData()Lorg/gradle/internal/component/model/ComponentResolveMetaData;+8
j  org.gradle.api.internal.artifacts.ivyservice.resolveengine.graph.DependencyGraphBuilder$DependencyEdge.calculateTargetConfigurations()V+13
j  org.gradle.api.internal.artifacts.ivyservice.resolveengine.graph.DependencyGraphBuilder$DependencyEdge.attachToTargetConfigurations()V+15
j  org.gradle.api.internal.artifacts.ivyservice.resolveengine.graph.DependencyGraphBuilder.traverseGraph(Lorg/gradle/api/internal/artifacts/ivyservice/resolveengine/graph/DependencyGraphBuilder$ResolveState;Lorg/gradle/api/internal/artifacts/ivyservice/resolveengine/graph/conflicts/ConflictHandler;)V+229
j  org.gradle.api.internal.artifacts.ivyservice.resolveengine.graph.DependencyGraphBuilder.resolveDependencyGraph(Lorg/gradle/api/internal/artifacts/configurations/ConfigurationInternal;Lorg/gradle/api/internal/artifacts/ivyservice/resolveengine/graph/DependencyGraphVisitor;)V+94
j  org.gradle.api.internal.artifacts.ivyservice.resolveengine.graph.DependencyGraphBuilder.resolve(Lorg/gradle/api/internal/artifacts/configurations/ConfigurationInternal;Lorg/gradle/api/internal/artifacts/ivyservice/resolveengine/result/ResolutionResultBuilder;Lorg/gradle/api/internal/artifacts/ivyservice/resolveengine/oldresult/ResolvedConfigurationBuilder;Lorg/gradle/api/internal/artifacts/ivyservice/resolveengine/projectresult/ResolvedProjectConfigurationResultBuilder;)V+67
j  org.gradle.api.internal.artifacts.ivyservice.resolveengine.DefaultDependencyResolver$1.execute(Lorg/apache/ivy/Ivy;)V+325
j  org.gradle.api.internal.artifacts.ivyservice.resolveengine.DefaultDependencyResolver$1.execute(Ljava/lang/Object;)V+5
j  org.gradle.internal.Transformers$4.transform(Ljava/lang/Object;)Ljava/lang/Object;+5
j  org.gradle.api.internal.artifacts.ivyservice.DefaultIvyContextManager.withIvy(Lorg/gradle/api/Transformer;)Ljava/lang/Object;+96
j  org.gradle.api.internal.artifacts.ivyservice.DefaultIvyContextManager.withIvy(Lorg/gradle/api/Action;)V+5
j  org.gradle.api.internal.artifacts.ivyservice.resolveengine.DefaultDependencyResolver.resolve(Lorg/gradle/api/internal/artifacts/configurations/ConfigurationInternal;Ljava/util/List;Lorg/gradle/api/internal/artifacts/GlobalDependencyResolutionRules;Lorg/gradle/api/internal/artifacts/ResolverResults;)V+28
j  org.gradle.api.internal.artifacts.ivyservice.CacheLockingArtifactDependencyResolver$1.run()V+23
j  org.gradle.internal.Factories$1.create()Ljava/lang/Object;+4
j  org.gradle.cache.internal.DefaultCacheAccess.useCache(Ljava/lang/String;Lorg/gradle/internal/Factory;)Ljava/lang/Object;+80
j  org.gradle.cache.internal.DefaultCacheAccess.useCache(Ljava/lang/String;Ljava/lang/Runnable;)V+6
j  org.gradle.cache.internal.DefaultPersistentDirectoryStore.useCache(Ljava/lang/String;Ljava/lang/Runnable;)V+6
j  org.gradle.cache.internal.DefaultCacheFactory$ReferenceTrackingCache.useCache(Ljava/lang/String;Ljava/lang/Runnable;)V+9
j  org.gradle.api.internal.artifacts.ivyservice.DefaultCacheLockingManager.useCache(Ljava/lang/String;Ljava/lang/Runnable;)V+6
j  org.gradle.api.internal.artifacts.ivyservice.CacheLockingArtifactDependencyResolver.resolve(Lorg/gradle/api/internal/artifacts/configurations/ConfigurationInternal;Ljava/util/List;Lorg/gradle/api/internal/artifacts/GlobalDependencyResolutionRules;Lorg/gradle/api/internal/artifacts/ResolverResults;)V+30
j  org.gradle.api.internal.artifacts.ivyservice.SelfResolvingDependencyResolver.resolve(Lorg/gradle/api/internal/artifacts/configurations/ConfigurationInternal;Ljava/util/List;Lorg/gradle/api/internal/artifacts/GlobalDependencyResolutionRules;Lorg/gradle/api/internal/artifacts/ResolverResults;)V+9
j  org.gradle.api.internal.artifacts.ivyservice.ShortcircuitEmptyConfigsArtifactDependencyResolver.resolve(Lorg/gradle/api/internal/artifacts/configurations/ConfigurationInternal;Ljava/util/List;Lorg/gradle/api/internal/artifacts/GlobalDependencyResolutionRules;Lorg/gradle/api/internal/artifacts/ResolverResults;)V+102
j  org.gradle.api.internal.artifacts.ivyservice.ErrorHandlingArtifactDependencyResolver.resolve(Lorg/gradle/api/internal/artifacts/configurations/ConfigurationInternal;Ljava/util/List;Lorg/gradle/api/internal/artifacts/GlobalDependencyResolutionRules;Lorg/gradle/api/internal/artifacts/ResolverResults;)V+9
j  org.gradle.api.internal.artifacts.ivyservice.DefaultConfigurationResolver.resolve(Lorg/gradle/api/internal/artifacts/configurations/ConfigurationInternal;)Lorg/gradle/api/internal/artifacts/ResolverResults;+33
j  org.gradle.api.internal.artifacts.configurations.DefaultConfiguration.resolveNow()V+40
j  org.gradle.api.internal.artifacts.configurations.DefaultConfiguration.getResolvedConfiguration()Lorg/gradle/api/artifacts/ResolvedConfiguration;+1
j  org.gradle.api.internal.artifacts.configurations.DefaultConfiguration_Decorated.getResolvedConfiguration()Lorg/gradle/api/artifacts/ResolvedConfiguration;+7
j  com.android.build.gradle.internal.DependencyManager.collectArtifacts(Lorg/gradle/api/artifacts/Configuration;Ljava/util/Map;)V+37
j  com.android.build.gradle.internal.DependencyManager.resolveDependencyForConfig(Lcom/android/build/gradle/internal/dependency/VariantDependencies;Lcom/android/build/gradle/internal/dependency/VariantDependencies;Lcom/google/common/collect/Multimap;)V+39
j  com.android.build.gradle.internal.DependencyManager.resolveDependencies(Lcom/android/build/gradle/internal/dependency/VariantDependencies;Lcom/android/build/gradle/internal/dependency/VariantDependencies;)V+8
j  com.android.build.gradle.internal.TaskManager.resolveDependencies(Lcom/android/build/gradle/internal/dependency/VariantDependencies;Lcom/android/build/gradle/internal/dependency/VariantDependencies;)V+6
j  com.android.build.gradle.internal.VariantManager$8.call()Ljava/lang/Void;+12
j  com.android.build.gradle.internal.VariantManager$8.call()Ljava/lang/Object;+1
j  com.android.builder.profile.ThreadRecorder$1.record(Lcom/android/builder/profile/ExecutionType;Lcom/android/builder/profile/Recorder$Block;[Lcom/android/builder/profile/Recorder$Property;)Ljava/lang/Object;+1
j  com.android.builder.profile.Recorder$record.call(Ljava/lang/Object;[Ljava/lang/Object;)Ljava/lang/Object;+31
j  org.codehaus.groovy.runtime.callsite.CallSiteArray.defaultCall(Lorg/codehaus/groovy/runtime/callsite/CallSite;Ljava/lang/Object;[Ljava/lang/Object;)Ljava/lang/Object;+8
j  com.android.builder.profile.Recorder$record.call(Ljava/lang/Object;Ljava/lang/Object;Ljava/lang/Object;Ljava/lang/Object;)Ljava/lang/Object;+44
j  com.android.build.gradle.internal.profile.SpanRecorders.record(Lorg/gradle/api/Project;Lcom/android/builder/profile/ExecutionType;Lcom/android/builder/profile/Recorder$Block;[Lcom/android/builder/profile/Recorder$Property;)Ljava/lang/Object;+158
j  com.android.build.gradle.internal.VariantManager.createVariantData(Lcom/android/builder/model/BuildType;Ljava/util/List;)Lcom/android/build/gradle/internal/variant/BaseVariantData;+653
j  com.android.build.gradle.internal.VariantManager.createVariantDataForProductFlavors(Ljava/util/List;)V+180
j  com.android.build.gradle.internal.VariantManager.populateVariantDataList()V+23
j  com.android.build.gradle.internal.VariantManager.createAndroidTasks()V+43
j  com.android.build.gradle.BasePlugin$_createAndroidTasks_closure15.doCall(Ljava/lang/Object;)Ljava/lang/Object;+11
j  com.android.build.gradle.BasePlugin$_createAndroidTasks_closure15.doCall()Ljava/lang/Object;+2
v  ~StubRoutines::call_stub
j  sun.reflect.NativeMethodAccessorImpl.invoke0(Ljava/lang/reflect/Method;Ljava/lang/Object;[Ljava/lang/Object;)Ljava/lang/Object;+0
j  sun.reflect.NativeMethodAccessorImpl.invoke(Ljava/lang/Object;[Ljava/lang/Object;)Ljava/lang/Object;+87
J 899 C2 sun.reflect.DelegatingMethodAccessorImpl.invoke(Ljava/lang/Object;[Ljava/lang/Object;)Ljava/lang/Object; (10 bytes) @ 0x0000000002edd3d4 [0x0000000002edd3a0+0x34]
j  java.lang.reflect.Method.invoke(Ljava/lang/Object;[Ljava/lang/Object;)Ljava/lang/Object;+57
j  org.codehaus.groovy.reflection.CachedMethod.invoke(Ljava/lang/Object;[Ljava/lang/Object;)Ljava/lang/Object;+6
j  groovy.lang.MetaMethod.doMethodInvoke(Ljava/lang/Object;[Ljava/lang/Object;)Ljava/lang/Object;+9
j  org.codehaus.groovy.runtime.metaclass.ClosureMetaClass.invokeMethod(Ljava/lang/Class;Ljava/lang/Object;Ljava/lang/String;[Ljava/lang/Object;ZZ)Ljava/lang/Object;+241
j  groovy.lang.MetaClassImpl.invokeMethod(Ljava/lang/Object;Ljava/lang/String;[Ljava/lang/Object;)Ljava/lang/Object;+10
j  org.codehaus.groovy.runtime.callsite.PogoMetaClassSite.call(Ljava/lang/Object;[Ljava/lang/Object;)Ljava/lang/Object;+18
j  org.codehaus.groovy.runtime.callsite.CallSiteArray.defaultCall(Lorg/codehaus/groovy/runtime/callsite/CallSite;Ljava/lang/Object;[Ljava/lang/Object;)Ljava/lang/Object;+8
j  org.codehaus.groovy.runtime.callsite.PogoMetaClassSite.call(Ljava/lang/Object;[Ljava/lang/Object;)Ljava/lang/Object;+91
j  org.codehaus.groovy.runtime.callsite.AbstractCallSite.call(Ljava/lang/Object;)Ljava/lang/Object;+5
j  com.android.build.gradle.internal.profile.SpanRecorders$2.call()Ljava/lang/Object;+15
j  com.android.builder.profile.ThreadRecorder$1.record(Lcom/android/builder/profile/ExecutionType;Lcom/android/builder/profile/Recorder$Block;[Lcom/android/builder/profile/Recorder$Property;)Ljava/lang/Object;+1
j  sun.reflect.GeneratedMethodAccessor22.invoke(Ljava/lang/Object;[Ljava/lang/Object;)Ljava/lang/Object;+56
J 899 C2 sun.reflect.DelegatingMethodAccessorImpl.invoke(Ljava/lang/Object;[Ljava/lang/Object;)Ljava/lang/Object; (10 bytes) @ 0x0000000002edd3d4 [0x0000000002edd3a0+0x34]
j  java.lang.reflect.Method.invoke(Ljava/lang/Object;[Ljava/lang/Object;)Ljava/lang/Object;+57
j  org.codehaus.groovy.runtime.callsite.PojoMetaMethodSite$PojoCachedMethodSite.invoke(Ljava/lang/Object;[Ljava/lang/Object;)Ljava/lang/Object;+19
j  org.codehaus.groovy.runtime.callsite.PojoMetaMethodSite.call(Ljava/lang/Object;[Ljava/lang/Object;)Ljava/lang/Object;+12
j  org.codehaus.groovy.runtime.callsite.AbstractCallSite.call(Ljava/lang/Object;Ljava/lang/Object;Ljava/lang/Object;Ljava/lang/Object;)Ljava/lang/Object;+9
j  com.android.build.gradle.internal.profile.SpanRecorders.record(Lorg/gradle/api/Project;Lcom/android/builder/profile/ExecutionType;Lgroovy/lang/Closure;)Ljava/lang/Object;+69
j  com.android.build.gradle.BasePlugin.createAndroidTasks(Z)V+276
j  com.android.build.gradle.BasePlugin$_createTasks_closure13_closure17.doCall(Ljava/lang/Object;)Ljava/lang/Object;+17
j  com.android.build.gradle.BasePlugin$_createTasks_closure13_closure17.doCall()Ljava/lang/Object;+2
v  ~StubRoutines::call_stub
j  sun.reflect.NativeMethodAccessorImpl.invoke0(Ljava/lang/reflect/Method;Ljava/lang/Object;[Ljava/lang/Object;)Ljava/lang/Object;+0
j  sun.reflect.NativeMethodAccessorImpl.invoke(Ljava/lang/Object;[Ljava/lang/Object;)Ljava/lang/Object;+87
J 899 C2 sun.reflect.DelegatingMethodAccessorImpl.invoke(Ljava/lang/Object;[Ljava/lang/Object;)Ljava/lang/Object; (10 bytes) @ 0x0000000002edd3d4 [0x0000000002edd3a0+0x34]
j  java.lang.reflect.Method.invoke(Ljava/lang/Object;[Ljava/lang/Object;)Ljava/lang/Object;+57
j  org.codehaus.groovy.reflection.CachedMethod.invoke(Ljava/lang/Object;[Ljava/lang/Object;)Ljava/lang/Object;+6
j  groovy.lang.MetaMethod.doMethodInvoke(Ljava/lang/Object;[Ljava/lang/Object;)Ljava/lang/Object;+9
j  org.codehaus.groovy.runtime.metaclass.ClosureMetaClass.invokeMethod(Ljava/lang/Class;Ljava/lang/Object;Ljava/lang/String;[Ljava/lang/Object;ZZ)Ljava/lang/Object;+241
j  groovy.lang.MetaClassImpl.invokeMethod(Ljava/lang/Object;Ljava/lang/String;[Ljava/lang/Object;)Ljava/lang/Object;+10
j  org.codehaus.groovy.runtime.callsite.PogoMetaClassSite.call(Ljava/lang/Object;[Ljava/lang/Object;)Ljava/lang/Object;+18
j  org.codehaus.groovy.runtime.callsite.CallSiteArray.defaultCall(Lorg/codehaus/groovy/runtime/callsite/CallSite;Ljava/lang/Object;[Ljava/lang/Object;)Ljava/lang/Object;+8
j  org.codehaus.groovy.runtime.callsite.PogoMetaClassSite.call(Ljava/lang/Object;[Ljava/lang/Object;)Ljava/lang/Object;+91
j  org.codehaus.groovy.runtime.callsite.AbstractCallSite.call(Ljava/lang/Object;)Ljava/lang/Object;+5
j  com.android.build.gradle.internal.profile.SpanRecorders$2.call()Ljava/lang/Object;+15
j  com.android.builder.profile.ThreadRecorder$1.record(Lcom/android/builder/profile/ExecutionType;Lcom/android/builder/profile/Recorder$Block;[Lcom/android/builder/profile/Recorder$Property;)Ljava/lang/Object;+1
j  sun.reflect.GeneratedMethodAccessor22.invoke(Ljava/lang/Object;[Ljava/lang/Object;)Ljava/lang/Object;+56
J 899 C2 sun.reflect.DelegatingMethodAccessorImpl.invoke(Ljava/lang/Object;[Ljava/lang/Object;)Ljava/lang/Object; (10 bytes) @ 0x0000000002edd3d4 [0x0000000002edd3a0+0x34]
j  java.lang.reflect.Method.invoke(Ljava/lang/Object;[Ljava/lang/Object;)Ljava/lang/Object;+57
j  org.codehaus.groovy.runtime.callsite.PojoMetaMethodSite$PojoCachedMethodSite.invoke(Ljava/lang/Object;[Ljava/lang/Object;)Ljava/lang/Object;+19
j  org.codehaus.groovy.runtime.callsite.PojoMetaMethodSite.call(Ljava/lang/Object;[Ljava/lang/Object;)Ljava/lang/Object;+12
j  org.codehaus.groovy.runtime.callsite.AbstractCallSite.call(Ljava/lang/Object;Ljava/lang/Object;Ljava/lang/Object;Ljava/lang/Object;)Ljava/lang/Object;+9
j  com.android.build.gradle.internal.profile.SpanRecorders.record(Lorg/gradle/api/Project;Lcom/android/builder/profile/ExecutionType;Lgroovy/lang/Closure;)Ljava/lang/Object;+69
j  com.android.build.gradle.BasePlugin$_createTasks_closure13.doCall(Ljava/lang/Object;)Ljava/lang/Object;+48
v  ~StubRoutines::call_stub
j  sun.reflect.NativeMethodAccessorImpl.invoke0(Ljava/lang/reflect/Method;Ljava/lang/Object;[Ljava/lang/Object;)Ljava/lang/Object;+0
j  sun.reflect.NativeMethodAccessorImpl.invoke(Ljava/lang/Object;[Ljava/lang/Object;)Ljava/lang/Object;+87
J 899 C2 sun.reflect.DelegatingMethodAccessorImpl.invoke(Ljava/lang/Object;[Ljava/lang/Object;)Ljava/lang/Object; (10 bytes) @ 0x0000000002edd3d4 [0x0000000002edd3a0+0x34]
j  java.lang.reflect.Method.invoke(Ljava/lang/Object;[Ljava/lang/Object;)Ljava/lang/Object;+57
j  org.codehaus.groovy.reflection.CachedMethod.invoke(Ljava/lang/Object;[Ljava/lang/Object;)Ljava/lang/Object;+6
j  groovy.lang.MetaMethod.doMethodInvoke(Ljava/lang/Object;[Ljava/lang/Object;)Ljava/lang/Object;+9
j  org.codehaus.groovy.runtime.metaclass.ClosureMetaClass.invokeMethod(Ljava/lang/Class;Ljava/lang/Object;Ljava/lang/String;[Ljava/lang/Object;ZZ)Ljava/lang/Object;+241
j  groovy.lang.MetaClassImpl.invokeMethod(Ljava/lang/Object;Ljava/lang/String;[Ljava/lang/Object;)Ljava/lang/Object;+10
j  groovy.lang.Closure.call([Ljava/lang/Object;)Ljava/lang/Object;+8
j  org.gradle.listener.ClosureBackedMethodInvocationDispatch.dispatch(Lorg/gradle/messaging/dispatch/MethodInvocation;)V+62
j  org.gradle.listener.ClosureBackedMethodInvocationDispatch.dispatch(Ljava/lang/Object;)V+5
j  org.gradle.internal.event.BroadcastDispatch.dispatch(Lorg/gradle/messaging/dispatch/MethodInvocation;)V+51
j  org.gradle.internal.event.BroadcastDispatch.dispatch(Ljava/lang/Object;)V+5
j  org.gradle.messaging.dispatch.ProxyDispatchAdapter$DispatchingInvocationHandler.invoke(Ljava/lang/Object;Ljava/lang/reflect/Method;[Ljava/lang/Object;)Ljava/lang/Object;+172
j  com.sun.proxy.$Proxy10.afterEvaluate(Lorg/gradle/api/Project;Lorg/gradle/api/ProjectState;)V+20
j  org.gradle.configuration.project.LifecycleProjectEvaluator.notifyAfterEvaluate(Lorg/gradle/api/ProjectEvaluationListener;Lorg/gradle/api/internal/project/ProjectInternal;Lorg/gradle/api/internal/project/ProjectStateInternal;)V+3
j  org.gradle.configuration.project.LifecycleProjectEvaluator.evaluate(Lorg/gradle/api/internal/project/ProjectInternal;Lorg/gradle/api/internal/project/ProjectStateInternal;)V+72
j  org.gradle.api.internal.project.AbstractProject.evaluate()Lorg/gradle/api/internal/project/AbstractProject;+9
j  org.gradle.api.internal.project.AbstractProject.evaluate()Lorg/gradle/api/Project;+1
j  org.gradle.execution.TaskPathProjectEvaluator.configure(Lorg/gradle/api/internal/project/ProjectInternal;)V+21
j  org.gradle.execution.TaskSelector.getSelection(Ljava/lang/String;Lorg/gradle/api/internal/project/ProjectInternal;)Lorg/gradle/execution/TaskSelector$TaskSelection;+29
j  org.gradle.execution.TaskSelector.getSelection(Ljava/lang/String;Ljava/lang/String;)Lorg/gradle/execution/TaskSelector$TaskSelection;+35
j  org.gradle.execution.commandline.CommandLineTaskParser.parseTasks(Lorg/gradle/TaskExecutionRequest;)Ljava/util/List;+51
j  org.gradle.execution.TaskNameResolvingBuildConfigurationAction.configure(Lorg/gradle/execution/BuildExecutionContext;)V+62
j  org.gradle.execution.DefaultBuildExecuter.configure(I)V+36
j  org.gradle.execution.DefaultBuildExecuter.access$100(Lorg/gradle/execution/DefaultBuildExecuter;I)V+2
j  org.gradle.execution.DefaultBuildExecuter$1.proceed()V+10
j  org.gradle.execution.ExcludedTaskFilteringBuildConfigurationAction.configure(Lorg/gradle/execution/BuildExecutionContext;)V+102
j  org.gradle.execution.DefaultBuildExecuter.configure(I)V+36
j  org.gradle.execution.DefaultBuildExecuter.access$100(Lorg/gradle/execution/DefaultBuildExecuter;I)V+2
j  org.gradle.execution.DefaultBuildExecuter$1.proceed()V+10
j  org.gradle.execution.DefaultTasksBuildExecutionAction.configure(Lorg/gradle/execution/BuildExecutionContext;)V+58
j  org.gradle.execution.DefaultBuildExecuter.configure(I)V+36
j  org.gradle.execution.DefaultBuildExecuter.select(Lorg/gradle/api/internal/GradleInternal;)V+7
j  org.gradle.initialization.DefaultGradleLauncher.doBuildStages(Lorg/gradle/initialization/DefaultGradleLauncher$Stage;)V+147
j  org.gradle.initialization.DefaultGradleLauncher.doBuild(Lorg/gradle/initialization/DefaultGradleLauncher$Stage;)Lorg/gradle/BuildResult;+27
j  org.gradle.initialization.DefaultGradleLauncher.run()Lorg/gradle/BuildResult;+4
j  org.gradle.launcher.exec.InProcessBuildActionExecuter$DefaultBuildController.run()Lorg/gradle/api/internal/GradleInternal;+5
j  org.gradle.tooling.internal.provider.runner.BuildModelActionRunner.run(Lorg/gradle/internal/invocation/BuildAction;Lorg/gradle/internal/invocation/BuildController;)V+72
j  org.gradle.launcher.exec.ChainingBuildActionRunner.run(Lorg/gradle/internal/invocation/BuildAction;Lorg/gradle/internal/invocation/BuildController;)V+34
j  org.gradle.launcher.exec.InProcessBuildActionExecuter.execute(Lorg/gradle/internal/invocation/BuildAction;Lorg/gradle/initialization/BuildRequestContext;Lorg/gradle/launcher/exec/BuildActionParameters;)Ljava/lang/Object;+39
j  org.gradle.launcher.exec.InProcessBuildActionExecuter.execute(Lorg/gradle/internal/invocation/BuildAction;Lorg/gradle/initialization/BuildRequestContext;Ljava/lang/Object;)Ljava/lang/Object;+7
j  org.gradle.launcher.daemon.server.exec.ExecuteBuild.doBuild(Lorg/gradle/launcher/daemon/server/api/DaemonCommandExecution;Lorg/gradle/launcher/daemon/protocol/Build;)V+70
j  org.gradle.launcher.daemon.server.exec.BuildCommandOnly.execute(Lorg/gradle/launcher/daemon/server/api/DaemonCommandExecution;)V+49
j  org.gradle.launcher.daemon.server.api.DaemonCommandExecution.proceed()Z+28
j  org.gradle.launcher.daemon.server.exec.WatchForDisconnection.execute(Lorg/gradle/launcher/daemon/server/api/DaemonCommandExecution;)V+19
j  org.gradle.launcher.daemon.server.api.DaemonCommandExecution.proceed()Z+28
j  org.gradle.launcher.daemon.server.exec.ResetDeprecationLogger.execute(Lorg/gradle/launcher/daemon/server/api/DaemonCommandExecution;)V+4
j  org.gradle.launcher.daemon.server.api.DaemonCommandExecution.proceed()Z+28
j  org.gradle.launcher.daemon.server.exec.RequestStopIfSingleUsedDaemon.execute(Lorg/gradle/launcher/daemon/server/api/DaemonCommandExecution;)V+31
j  org.gradle.launcher.daemon.server.api.DaemonCommandExecution.proceed()Z+28
j  org.gradle.launcher.daemon.server.exec.ForwardClientInput$2.call()Ljava/lang/Void;+4
j  org.gradle.launcher.daemon.server.exec.ForwardClientInput$2.call()Ljava/lang/Object;+1
j  org.gradle.util.Swapper.swap(Ljava/lang/Object;Ljava/util/concurrent/Callable;)Ljava/lang/Object;+21
j  org.gradle.launcher.daemon.server.exec.ForwardClientInput.execute(Lorg/gradle/launcher/daemon/server/api/DaemonCommandExecution;)V+63
j  org.gradle.launcher.daemon.server.api.DaemonCommandExecution.proceed()Z+28
j  org.gradle.launcher.daemon.server.health.DaemonHealthTracker.execute(Lorg/gradle/launcher/daemon/server/api/DaemonCommandExecution;)V+35
j  org.gradle.launcher.daemon.server.api.DaemonCommandExecution.proceed()Z+28
j  org.gradle.launcher.daemon.server.exec.LogToClient.doBuild(Lorg/gradle/launcher/daemon/server/api/DaemonCommandExecution;Lorg/gradle/launcher/daemon/protocol/Build;)V+106
j  org.gradle.launcher.daemon.server.exec.BuildCommandOnly.execute(Lorg/gradle/launcher/daemon/server/api/DaemonCommandExecution;)V+49
j  org.gradle.launcher.daemon.server.api.DaemonCommandExecution.proceed()Z+28
j  org.gradle.launcher.daemon.server.exec.EstablishBuildEnvironment.doBuild(Lorg/gradle/launcher/daemon/server/api/DaemonCommandExecution;Lorg/gradle/launcher/daemon/protocol/Build;)V+243
j  org.gradle.launcher.daemon.server.exec.BuildCommandOnly.execute(Lorg/gradle/launcher/daemon/server/api/DaemonCommandExecution;)V+49
j  org.gradle.launcher.daemon.server.api.DaemonCommandExecution.proceed()Z+28
j  org.gradle.launcher.daemon.server.health.HintGCAfterBuild.execute(Lorg/gradle/launcher/daemon/server/api/DaemonCommandExecution;)V+1
j  org.gradle.launcher.daemon.server.api.DaemonCommandExecution.proceed()Z+28
j  org.gradle.launcher.daemon.server.exec.StartBuildOrRespondWithBusy$1.run()V+44
j  org.gradle.launcher.daemon.server.DaemonStateCoordinator$1.run()V+4
j  org.gradle.internal.concurrent.ExecutorPolicy$CatchAndRecordFailures.onExecute(Ljava/lang/Runnable;)V+1
j  org.gradle.internal.concurrent.StoppableExecutorImpl$1.run()V+25
j  java.util.concurrent.ThreadPoolExecutor.runWorker(Ljava/util/concurrent/ThreadPoolExecutor$Worker;)V+95
j  java.util.concurrent.ThreadPoolExecutor$Worker.run()V+5
j  java.lang.Thread.run()V+11
v  ~StubRoutines::call_stub

---------------  P R O C E S S  ---------------

Java Threads: ( => current thread )
  0x000000000b316000 JavaThread "Stdin handler" [_thread_blocked, id=14392, stack(0x000000000c560000,0x000000000c660000)]
=>0x000000000aae1800 JavaThread "Daemon worker Thread 2" [_thread_in_native, id=10260, stack(0x000000000c460000,0x000000000c560000)]
  0x000000000dd47800 JavaThread "Cancel handler" [_thread_blocked, id=8, stack(0x000000000c360000,0x000000000c460000)]
  0x000000000e0d6800 JavaThread "Handler for socket connection from /127.0.0.1:54244 to /127.0.0.1:57292" [_thread_in_native, id=9300, stack(0x000000000c260000,0x000000000c360000)]
  0x000000000a973000 JavaThread "Daemon Thread 2" [_thread_blocked, id=16764, stack(0x000000000c060000,0x000000000c160000)]
  0x000000000aa61800 JavaThread "File lock request listener" [_thread_in_native, id=16928, stack(0x000000000d730000,0x000000000d830000)]
  0x000000000b261800 JavaThread "Incoming local TCP Connector on port 54244" [_thread_in_native, id=14116, stack(0x000000000bb60000,0x000000000bc60000)]
  0x0000000008faa800 JavaThread "Service Thread" daemon [_thread_blocked, id=15100, stack(0x000000000a700000,0x000000000a800000)]
  0x0000000008fa0800 JavaThread "C2 CompilerThread1" daemon [_thread_blocked, id=10476, stack(0x000000000a600000,0x000000000a700000)]
  0x0000000008f9e800 JavaThread "C2 CompilerThread0" daemon [_thread_blocked, id=4768, stack(0x000000000a500000,0x000000000a600000)]
  0x0000000008f9d800 JavaThread "Attach Listener" daemon [_thread_blocked, id=10008, stack(0x000000000a400000,0x000000000a500000)]
  0x0000000008f9a800 JavaThread "Signal Dispatcher" daemon [_thread_blocked, id=13280, stack(0x000000000a300000,0x000000000a400000)]
  0x0000000008f49000 JavaThread "Finalizer" daemon [_thread_blocked, id=3428, stack(0x000000000a200000,0x000000000a300000)]
  0x0000000008f45800 JavaThread "Reference Handler" daemon [_thread_blocked, id=9744, stack(0x000000000a100000,0x000000000a200000)]
  0x0000000002950800 JavaThread "main" [_thread_blocked, id=9912, stack(0x0000000002810000,0x0000000002910000)]

Other Threads:
  0x0000000008f41800 VMThread [stack: 0x000000000a000000,0x000000000a100000] [id=14412]
  0x0000000008fc7000 WatcherThread [stack: 0x000000000a800000,0x000000000a900000] [id=4876]

VM state:not at safepoint (normal execution)

VM Mutex/Monitor currently owned by a thread: None

Heap
 PSYoungGen      total 311808K, used 100342K [0x00000000eaa80000, 0x0000000100000000, 0x0000000100000000)
  eden space 285184K, 35% used [0x00000000eaa80000,0x00000000f0c7da60,0x00000000fc100000)
  from space 26624K, 0% used [0x00000000fe600000,0x00000000fe600000,0x0000000100000000)
  to   space 32256K, 0% used [0x00000000fc100000,0x00000000fc100000,0x00000000fe080000)
 ParOldGen       total 86016K, used 53167K [0x00000000c0000000, 0x00000000c5400000, 0x00000000eaa80000)
  object space 86016K, 61% used [0x00000000c0000000,0x00000000c33ebc78,0x00000000c5400000)
 PSPermGen       total 86528K, used 45202K [0x00000000b0000000, 0x00000000b5480000, 0x00000000c0000000)
  object space 86528K, 52% used [0x00000000b0000000,0x00000000b2c24a78,0x00000000b5480000)

Card table byte_map: [0x0000000005b10000,0x0000000005da0000] byte_map_base: 0x0000000005590000

Polling page: 0x0000000002150000

Code Cache  [0x0000000002a50000, 0x0000000002f40000, 0x0000000005a50000)
 total_blobs=1542 nmethods=913 adapters=580 free_code_cache=44377Kb largest_free_block=45161216

Compilation events (10 events):
Event: 2148.090 Thread 0x0000000008f9e800  974             sun.security.util.DerInputStream::getLength (125 bytes)
Event: 2148.097 Thread 0x0000000008f9e800 nmethod 974 0x0000000002d37210 code [0x0000000002d37360, 0x0000000002d37938]
Event: 2148.099 Thread 0x0000000008fa0800  975  s          java.util.Vector::size (5 bytes)
Event: 2148.101 Thread 0x0000000008fa0800 nmethod 975 0x0000000002e1e9d0 code [0x0000000002e1eb00, 0x0000000002e1ed18]
Event: 2148.101 Thread 0x0000000008f9e800  976  s          java.util.Hashtable::get (70 bytes)
Event: 2148.101 Thread 0x0000000008fa0800  977   !         java.security.cert.Certificate::hashCode (34 bytes)
Event: 2148.106 Thread 0x0000000008fa0800 nmethod 977 0x0000000002e1e590 code [0x0000000002e1e6e0, 0x0000000002e1e8c8]
Event: 2148.106 Thread 0x0000000008fa0800  978 % !         java.security.cert.Certificate::hashCode @ 9 (34 bytes)
Event: 2148.109 Thread 0x0000000008f9e800 nmethod 976 0x0000000002e1fc90 code [0x0000000002e1fde0, 0x0000000002e20438]
Event: 2148.111 Thread 0x0000000008fa0800 nmethod 978% 0x0000000002e1f890 code [0x0000000002e1f9e0, 0x0000000002e1fbb8]

GC Heap History (10 events):
Event: 19.028 GC heap before
{Heap before GC invocations=5 (full 0):
 PSYoungGen      total 138240K, used 138208K [0x00000000eaa80000, 0x00000000f3680000, 0x0000000100000000)
  eden space 133120K, 100% used [0x00000000eaa80000,0x00000000f2c80000,0x00000000f2c80000)
  from space 5120K, 99% used [0x00000000f3180000,0x00000000f3678110,0x00000000f3680000)
  to   space 5120K, 0% used [0x00000000f2c80000,0x00000000f2c80000,0x00000000f3180000)
 ParOldGen       total 86016K, used 9063K [0x00000000c0000000, 0x00000000c5400000, 0x00000000eaa80000)
  object space 86016K, 10% used [0x00000000c0000000,0x00000000c08d9f78,0x00000000c5400000)
 PSPermGen       total 23040K, used 22599K [0x00000000b0000000, 0x00000000b1680000, 0x00000000c0000000)
  object space 23040K, 98% used [0x00000000b0000000,0x00000000b1611e18,0x00000000b1680000)
Event: 19.137 GC heap after
Heap after GC invocations=5 (full 0):
 PSYoungGen      total 138240K, used 5116K [0x00000000eaa80000, 0x00000000fc680000, 0x0000000100000000)
  eden space 133120K, 0% used [0x00000000eaa80000,0x00000000eaa80000,0x00000000f2c80000)
  from space 5120K, 99% used [0x00000000f2c80000,0x00000000f317f0f0,0x00000000f3180000)
  to   space 12288K, 0% used [0x00000000fba80000,0x00000000fba80000,0x00000000fc680000)
 ParOldGen       total 86016K, used 12430K [0x00000000c0000000, 0x00000000c5400000, 0x00000000eaa80000)
  object space 86016K, 14% used [0x00000000c0000000,0x00000000c0c23bd0,0x00000000c5400000)
 PSPermGen       total 23040K, used 22599K [0x00000000b0000000, 0x00000000b1680000, 0x00000000c0000000)
  object space 23040K, 98% used [0x00000000b0000000,0x00000000b1611e18,0x00000000b1680000)
}
Event: 22.390 GC heap before
{Heap before GC invocations=6 (full 0):
 PSYoungGen      total 138240K, used 138236K [0x00000000eaa80000, 0x00000000fc680000, 0x0000000100000000)
  eden space 133120K, 100% used [0x00000000eaa80000,0x00000000f2c80000,0x00000000f2c80000)
  from space 5120K, 99% used [0x00000000f2c80000,0x00000000f317f0f0,0x00000000f3180000)
  to   space 12288K, 0% used [0x00000000fba80000,0x00000000fba80000,0x00000000fc680000)
 ParOldGen       total 86016K, used 12430K [0x00000000c0000000, 0x00000000c5400000, 0x00000000eaa80000)
  object space 86016K, 14% used [0x00000000c0000000,0x00000000c0c23bd0,0x00000000c5400000)
 PSPermGen       total 23040K, used 22617K [0x00000000b0000000, 0x00000000b1680000, 0x00000000c0000000)
  object space 23040K, 98% used [0x00000000b0000000,0x00000000b1616408,0x00000000b1680000)
Event: 22.415 GC heap after
Heap after GC invocations=6 (full 0):
 PSYoungGen      total 277504K, used 5884K [0x00000000eaa80000, 0x00000000fc580000, 0x0000000100000000)
  eden space 266240K, 0% used [0x00000000eaa80000,0x00000000eaa80000,0x00000000fae80000)
  from space 11264K, 52% used [0x00000000fba80000,0x00000000fc03f120,0x00000000fc580000)
  to   space 11776K, 0% used [0x00000000fae80000,0x00000000fae80000,0x00000000fba00000)
 ParOldGen       total 86016K, used 12430K [0x00000000c0000000, 0x00000000c5400000, 0x00000000eaa80000)
  object space 86016K, 14% used [0x00000000c0000000,0x00000000c0c23bd0,0x00000000c5400000)
 PSPermGen       total 23040K, used 22617K [0x00000000b0000000, 0x00000000b1680000, 0x00000000c0000000)
  object space 23040K, 98% used [0x00000000b0000000,0x00000000b1616408,0x00000000b1680000)
}
Event: 43.257 GC heap before
{Heap before GC invocations=7 (full 0):
 PSYoungGen      total 277504K, used 272124K [0x00000000eaa80000, 0x00000000fc580000, 0x0000000100000000)
  eden space 266240K, 100% used [0x00000000eaa80000,0x00000000fae80000,0x00000000fae80000)
  from space 11264K, 52% used [0x00000000fba80000,0x00000000fc03f120,0x00000000fc580000)
  to   space 11776K, 0% used [0x00000000fae80000,0x00000000fae80000,0x00000000fba00000)
 ParOldGen       total 86016K, used 12430K [0x00000000c0000000, 0x00000000c5400000, 0x00000000eaa80000)
  object space 86016K, 14% used [0x00000000c0000000,0x00000000c0c23bd0,0x00000000c5400000)
 PSPermGen       total 38912K, used 38803K [0x00000000b0000000, 0x00000000b2600000, 0x00000000c0000000)
  object space 38912K, 99% used [0x00000000b0000000,0x00000000b25e4cc0,0x00000000b2600000)
Event: 43.556 GC heap after
Heap after GC invocations=7 (full 0):
 PSYoungGen      total 278016K, used 11772K [0x00000000eaa80000, 0x0000000100000000, 0x0000000100000000)
  eden space 266240K, 0% used [0x00000000eaa80000,0x00000000eaa80000,0x00000000fae80000)
  from space 11776K, 99% used [0x00000000fae80000,0x00000000fb9ff100,0x00000000fba00000)
  to   space 26624K, 0% used [0x00000000fe600000,0x00000000fe600000,0x0000000100000000)
 ParOldGen       total 86016K, used 38710K [0x00000000c0000000, 0x00000000c5400000, 0x00000000eaa80000)
  object space 86016K, 45% used [0x00000000c0000000,0x00000000c25cd8f0,0x00000000c5400000)
 PSPermGen       total 38912K, used 38803K [0x00000000b0000000, 0x00000000b2600000, 0x00000000c0000000)
  object space 38912K, 99% used [0x00000000b0000000,0x00000000b25e4cc0,0x00000000b2600000)
}
Event: 54.432 GC heap before
{Heap before GC invocations=8 (full 0):
 PSYoungGen      total 278016K, used 164883K [0x00000000eaa80000, 0x0000000100000000, 0x0000000100000000)
  eden space 266240K, 57% used [0x00000000eaa80000,0x00000000f4005ea8,0x00000000fae80000)
  from space 11776K, 99% used [0x00000000fae80000,0x00000000fb9ff100,0x00000000fba00000)
  to   space 26624K, 0% used [0x00000000fe600000,0x00000000fe600000,0x0000000100000000)
 ParOldGen       total 86016K, used 38710K [0x00000000c0000000, 0x00000000c5400000, 0x00000000eaa80000)
  object space 86016K, 45% used [0x00000000c0000000,0x00000000c25cd8f0,0x00000000c5400000)
 PSPermGen       total 43520K, used 43152K [0x00000000b0000000, 0x00000000b2a80000, 0x00000000c0000000)
  object space 43520K, 99% used [0x00000000b0000000,0x00000000b2a240f0,0x00000000b2a80000)
Event: 54.675 GC heap after
Heap after GC invocations=8 (full 0):
 PSYoungGen      total 311808K, used 26607K [0x00000000eaa80000, 0x0000000100000000, 0x0000000100000000)
  eden space 285184K, 0% used [0x00000000eaa80000,0x00000000eaa80000,0x00000000fc100000)
  from space 26624K, 99% used [0x00000000fe600000,0x00000000ffffbf68,0x0000000100000000)
  to   space 32256K, 0% used [0x00000000fc100000,0x00000000fc100000,0x00000000fe080000)
 ParOldGen       total 86016K, used 40567K [0x00000000c0000000, 0x00000000c5400000, 0x00000000eaa80000)
  object space 86016K, 47% used [0x00000000c0000000,0x00000000c279dc00,0x00000000c5400000)
 PSPermGen       total 43520K, used 43152K [0x00000000b0000000, 0x00000000b2a80000, 0x00000000c0000000)
  object space 43520K, 99% used [0x00000000b0000000,0x00000000b2a240f0,0x00000000b2a80000)
}
Event: 54.675 GC heap before
{Heap before GC invocations=9 (full 1):
 PSYoungGen      total 311808K, used 26607K [0x00000000eaa80000, 0x0000000100000000, 0x0000000100000000)
  eden space 285184K, 0% used [0x00000000eaa80000,0x00000000eaa80000,0x00000000fc100000)
  from space 26624K, 99% used [0x00000000fe600000,0x00000000ffffbf68,0x0000000100000000)
  to   space 32256K, 0% used [0x00000000fc100000,0x00000000fc100000,0x00000000fe080000)
 ParOldGen       total 86016K, used 40567K [0x00000000c0000000, 0x00000000c5400000, 0x00000000eaa80000)
  object space 86016K, 47% used [0x00000000c0000000,0x00000000c279dc00,0x00000000c5400000)
 PSPermGen       total 43520K, used 43152K [0x00000000b0000000, 0x00000000b2a80000, 0x00000000c0000000)
  object space 43520K, 99% used [0x00000000b0000000,0x00000000b2a240f0,0x00000000b2a80000)
Event: 56.465 GC heap after
Heap after GC invocations=9 (full 1):
 PSYoungGen      total 311808K, used 0K [0x00000000eaa80000, 0x0000000100000000, 0x0000000100000000)
  eden space 285184K, 0% used [0x00000000eaa80000,0x00000000eaa80000,0x00000000fc100000)
  from space 26624K, 0% used [0x00000000fe600000,0x00000000fe600000,0x0000000100000000)
  to   space 32256K, 0% used [0x00000000fc100000,0x00000000fc100000,0x00000000fe080000)
 ParOldGen       total 86016K, used 53167K [0x00000000c0000000, 0x00000000c5400000, 0x00000000eaa80000)
  object space 86016K, 61% used [0x00000000c0000000,0x00000000c33ebc78,0x00000000c5400000)
 PSPermGen       total 86528K, used 43056K [0x00000000b0000000, 0x00000000b5480000, 0x00000000c0000000)
  object space 86528K, 49% used [0x00000000b0000000,0x00000000b2a0c368,0x00000000b5480000)
}

Deoptimization events (10 events):
Event: 2147.395 Thread 0x000000000aae1800 Uncommon trap: reason=class_check action=maybe_recompile pc=0x0000000002e43ad0 method=java.lang.StringBuilder.append(Ljava/lang/CharSequence;)Ljava/lang/StringBuilder; @ 8
Event: 2147.430 Thread 0x000000000aae1800 Uncommon trap: reason=bimorphic action=maybe_recompile pc=0x0000000002e2ce9c method=java.util.Arrays.equals([Ljava/lang/Object;[Ljava/lang/Object;)Z @ 62
Event: 2147.471 Thread 0x000000000aae1800 Uncommon trap: reason=array_check action=maybe_recompile pc=0x0000000002eec970 method=java.util.TimSort.binarySort([Ljava/lang/Object;IIILjava/util/Comparator;)V @ 215
Event: 2147.472 Thread 0x000000000aae1800 Uncommon trap: reason=array_check action=maybe_recompile pc=0x0000000002eec970 method=java.util.TimSort.binarySort([Ljava/lang/Object;IIILjava/util/Comparator;)V @ 215
Event: 2147.509 Thread 0x000000000aae1800 Uncommon trap: reason=class_check action=maybe_recompile pc=0x0000000002cccac4 method=java.util.Hashtable.put(Ljava/lang/Object;Ljava/lang/Object;)Ljava/lang/Object; @ 61
Event: 2147.510 Thread 0x000000000aae1800 Uncommon trap: reason=class_check action=maybe_recompile pc=0x0000000002cccac4 method=java.util.Hashtable.put(Ljava/lang/Object;Ljava/lang/Object;)Ljava/lang/Object; @ 61
Event: 2147.733 Thread 0x000000000aae1800 Uncommon trap: reason=null_check action=make_not_entrant pc=0x0000000002e215f0 method=java.lang.reflect.Field.getAnnotation(Ljava/lang/Class;)Ljava/lang/annotation/Annotation; @ 22
Event: 2147.733 Thread 0x000000000aae1800 Uncommon trap: reason=null_check action=make_not_entrant pc=0x0000000002e4512c method=java.lang.reflect.Field.getAnnotation(Ljava/lang/Class;)Ljava/lang/annotation/Annotation; @ 22
Event: 2147.881 Thread 0x000000000aae1800 Uncommon trap: reason=unreached action=reinterpret pc=0x0000000002e23200 method=java.lang.ThreadLocal.get()Ljava/lang/Object; @ 11
Event: 2148.253 Thread 0x000000000aae1800 Uncommon trap: reason=unreached action=reinterpret pc=0x0000000002afb600 method=java.lang.Integer.parseInt(Ljava/lang/String;I)I @ 1

Internal exceptions (10 events):
Event: 2148.247 Thread 0x000000000aae1800 Threw 0x00000000f0a4a738 at C:\re\jdk7u79\2331\hotspot\src\share\vm\prims\jvm.cpp:1304
Event: 2148.247 Thread 0x000000000aae1800 Threw 0x00000000f0a4bb00 at C:\re\jdk7u79\2331\hotspot\src\share\vm\prims\jvm.cpp:1304
Event: 2148.247 Thread 0x000000000aae1800 Threw 0x00000000f0a51620 at C:\re\jdk7u79\2331\hotspot\src\share\vm\prims\jvm.cpp:1304
Event: 2148.249 Thread 0x000000000aae1800 Threw 0x00000000f0a5af28 at C:\re\jdk7u79\2331\hotspot\src\share\vm\prims\jvm.cpp:1304
Event: 2148.249 Thread 0x000000000aae1800 Threw 0x00000000f0a5c138 at C:\re\jdk7u79\2331\hotspot\src\share\vm\prims\jvm.cpp:1304
Event: 2148.249 Thread 0x000000000aae1800 Threw 0x00000000f0a60ef8 at C:\re\jdk7u79\2331\hotspot\src\share\vm\prims\jvm.cpp:1304
Event: 2148.250 Thread 0x000000000aae1800 Threw 0x00000000f0a6ab78 at C:\re\jdk7u79\2331\hotspot\src\share\vm\prims\jvm.cpp:1304
Event: 2148.250 Thread 0x000000000aae1800 Threw 0x00000000f0a6be58 at C:\re\jdk7u79\2331\hotspot\src\share\vm\prims\jvm.cpp:1304
Event: 2148.250 Thread 0x000000000aae1800 Threw 0x00000000f0a71af8 at C:\re\jdk7u79\2331\hotspot\src\share\vm\prims\jvm.cpp:1304
Event: 2148.253 Thread 0x000000000aae1800 Implicit null exception at 0x0000000002afb312 to 0x0000000002afb5f1

Events (10 events):
Event: 2148.253 loading class 0x000000000effa2e0 done
Event: 2148.253 Thread 0x000000000aae1800 Uncommon trap: trap_request=0xffffffad fr.pc=0x0000000002afb600
Event: 2148.253 Thread 0x000000000aae1800 DEOPT PACKING pc=0x0000000002afb600 sp=0x000000000c557a90
Event: 2148.253 Thread 0x000000000aae1800 DEOPT UNPACKING pc=0x0000000002a875a4 sp=0x000000000c557a18 mode 2
Event: 2148.253 loading class 0x000000000effa340
Event: 2148.253 loading class 0x000000000effa340 done
Event: 2148.253 loading class 0x000000000effa310
Event: 2148.253 loading class 0x000000000effa310 done
Event: 2148.253 loading class 0x000000000aaa47e0
Event: 2148.254 loading class 0x000000000aaa47e0 done


Dynamic libraries:
0x00007ff60b550000 - 0x00007ff60b583000 	C:\Program Files\Java\jdk1.7.0_79\bin\java.exe
0x00007ffe34b10000 - 0x00007ffe34cd1000 	C:\WINDOWS\SYSTEM32\ntdll.dll
0x00007ffe327b0000 - 0x00007ffe3285d000 	C:\WINDOWS\system32\KERNEL32.DLL
0x00007ffe32000000 - 0x00007ffe321dd000 	C:\WINDOWS\system32\KERNELBASE.dll
0x00007ffe349b0000 - 0x00007ffe34a56000 	C:\WINDOWS\system32\ADVAPI32.dll
0x00007ffe32200000 - 0x00007ffe3229d000 	C:\WINDOWS\system32\msvcrt.dll
0x00007ffe347c0000 - 0x00007ffe3481b000 	C:\WINDOWS\system32\sechost.dll
0x00007ffe34880000 - 0x00007ffe349a6000 	C:\WINDOWS\system32\RPCRT4.dll
0x00007ffe34570000 - 0x00007ffe346be000 	C:\WINDOWS\system32\USER32.dll
0x00007ffe32360000 - 0x00007ffe324e6000 	C:\WINDOWS\system32\GDI32.dll
0x00007ffe214f0000 - 0x00007ffe21764000 	C:\WINDOWS\WinSxS\amd64_microsoft.windows.common-controls_6595b64144ccf1df_6.0.10240.16384_none_f41f7b285750ef43\COMCTL32.dll
0x00007ffe346c0000 - 0x00007ffe346f6000 	C:\WINDOWS\system32\IMM32.DLL
0x00007ffe32b60000 - 0x00007ffe32cbc000 	C:\WINDOWS\system32\MSCTF.dll
0x0000000180000000 - 0x00000001800e7000 	C:\Program Files (x86)\MacType\MacType64.dll
0x00007ffe1db00000 - 0x00007ffe1db21000 	C:\Program Files (x86)\MacType\EasyHK64.dll
0x00007ffe32570000 - 0x00007ffe32578000 	C:\WINDOWS\system32\PSAPI.DLL
0x00000000623d0000 - 0x00000000624a2000 	C:\Program Files\Java\jdk1.7.0_79\jre\bin\msvcr100.dll
0x0000000061bf0000 - 0x00000000623c5000 	C:\Program Files\Java\jdk1.7.0_79\jre\bin\server\jvm.dll
0x00007ffe22ee0000 - 0x00007ffe22ee9000 	C:\WINDOWS\SYSTEM32\WSOCK32.dll
0x00000000023e0000 - 0x0000000002449000 	C:\WINDOWS\system32\WS2_32.dll
0x0000000002120000 - 0x0000000002128000 	C:\WINDOWS\system32\NSI.dll
0x00007ffe2f5f0000 - 0x00007ffe2f613000 	C:\WINDOWS\SYSTEM32\WINMM.dll
0x00007ffe2f5a0000 - 0x00007ffe2f5cc000 	C:\WINDOWS\SYSTEM32\WINMMBASE.dll
0x00007ffe31640000 - 0x00007ffe31684000 	C:\WINDOWS\system32\cfgmgr32.dll
0x00007ffe2fe20000 - 0x00007ffe2fe47000 	C:\WINDOWS\SYSTEM32\DEVOBJ.dll
0x0000000061be0000 - 0x0000000061bef000 	C:\Program Files\Java\jdk1.7.0_79\jre\bin\verify.dll
0x0000000061bb0000 - 0x0000000061bd8000 	C:\Program Files\Java\jdk1.7.0_79\jre\bin\java.dll
0x0000000061b90000 - 0x0000000061ba5000 	C:\Program Files\Java\jdk1.7.0_79\jre\bin\zip.dll
0x0000000061b70000 - 0x0000000061b8a000 	C:\Program Files\Java\jdk1.7.0_79\jre\bin\net.dll
0x000000000b500000 - 0x000000000b578000 	C:\windows\system32\ASProxy64.dll
0x00007ffe32660000 - 0x00007ffe327a1000 	C:\WINDOWS\system32\ole32.dll
0x00007ffe32870000 - 0x00007ffe32aec000 	C:\WINDOWS\system32\combase.dll
0x00007ffe34700000 - 0x00007ffe347be000 	C:\WINDOWS\system32\OLEAUT32.dll
0x00007ffe30db0000 - 0x00007ffe30e0d000 	C:\WINDOWS\SYSTEM32\MSWSOCK.dll
0x00007ffe30300000 - 0x00007ffe30338000 	C:\WINDOWS\SYSTEM32\IPHLPAPI.DLL
0x00007ffe302e0000 - 0x00007ffe302ea000 	C:\WINDOWS\SYSTEM32\VERSION.dll
0x00007ffe302f0000 - 0x00007ffe302fb000 	C:\WINDOWS\SYSTEM32\WINNSI.DLL
0x00007ffe31160000 - 0x00007ffe3118c000 	C:\WINDOWS\SYSTEM32\SspiCli.dll
0x00007ffe315d0000 - 0x00007ffe315df000 	C:\WINDOWS\system32\kernel.appcore.dll
0x00007ffe31360000 - 0x00007ffe313cb000 	C:\WINDOWS\SYSTEM32\bcryptPrimitives.dll
0x00007ffe2fd80000 - 0x00007ffe2fe16000 	C:\WINDOWS\system32\uxtheme.dll
0x00007ffe20e50000 - 0x00007ffe20ef2000 	C:\Program Files\Common Files\microsoft shared\ink\tiptsf.dll
0x00007ffe34a60000 - 0x00007ffe34b05000 	C:\WINDOWS\system32\clbcatq.dll
0x00007ffe30e10000 - 0x00007ffe30e27000 	C:\WINDOWS\SYSTEM32\cryptsp.dll
0x00007ffe31470000 - 0x00007ffe31498000 	C:\WINDOWS\SYSTEM32\bcrypt.dll
0x00007ffe30a60000 - 0x00007ffe30a93000 	C:\WINDOWS\system32\rsaenh.dll
0x00007ffe30f80000 - 0x00007ffe30f8b000 	C:\WINDOWS\SYSTEM32\CRYPTBASE.dll
0x00007ffe313d0000 - 0x00007ffe31468000 	C:\WINDOWS\SYSTEM32\sxs.dll
0x0000000061b50000 - 0x0000000061b61000 	C:\Program Files\Java\jdk1.7.0_79\jre\bin\nio.dll
0x00007ffe1fcd0000 - 0x00007ffe1fce2000 	C:\Users\David\.gradle\native\19\windows-amd64\native-platform.dll
0x00007ffe34820000 - 0x00007ffe34871000 	C:\WINDOWS\system32\SHLWAPI.dll
0x00007ffe2aa50000 - 0x00007ffe2aa66000 	C:\WINDOWS\SYSTEM32\dhcpcsvc6.DLL
0x00007ffe2c0a0000 - 0x00007ffe2c0ba000 	C:\WINDOWS\SYSTEM32\dhcpcsvc.DLL
0x00007ffe30b90000 - 0x00007ffe30baf000 	C:\WINDOWS\SYSTEM32\USERENV.dll
0x00007ffe31540000 - 0x00007ffe31553000 	C:\WINDOWS\system32\profapi.dll
0x0000000061950000 - 0x000000006195b000 	C:\Program Files\Java\jdk1.7.0_79\jre\bin\management.dll
0x0000000061880000 - 0x00000000618a4000 	C:\Program Files\Java\jdk1.7.0_79\jre\bin\sunec.dll
0x0000000061870000 - 0x000000006187b000 	C:\Program Files\Java\jdk1.7.0_79\jre\bin\sunmscapi.dll
0x000000000f8d0000 - 0x000000000fa91000 	C:\WINDOWS\system32\CRYPT32.dll
0x00007ffe315b0000 - 0x00007ffe315c1000 	C:\WINDOWS\system32\MSASN1.dll
0x00007ffe30bb0000 - 0x00007ffe30c58000 	C:\WINDOWS\SYSTEM32\DNSAPI.dll
0x00007ffe23fc0000 - 0x00007ffe23fca000 	C:\Windows\System32\rasadhlp.dll
0x00007ffe2a670000 - 0x00007ffe2a6d8000 	C:\WINDOWS\System32\fwpuclnt.dll
0x00007ffe2a6e0000 - 0x00007ffe2a86a000 	C:\WINDOWS\SYSTEM32\dbghelp.dll

VM Arguments:
jvm_args: -XX:MaxPermSize=256m -XX:+HeapDumpOnOutOfMemoryError -Xmx1024m -Dfile.encoding=GBK -Duser.country=CN -Duser.language=zh -Duser.variant 
java_command: org.gradle.launcher.daemon.bootstrap.GradleDaemon 2.4 C:\Users\David\.gradle C:\Users\David\.gradle\daemon 10800000 fb7b2490-c771-4158-bf43-9fddec0521ce -XX:MaxPermSize=256m -XX:+HeapDumpOnOutOfMemoryError -Xmx1024m -Dfile.encoding=GBK -Duser.country=CN -Duser.language=zh -Duser.variant
Launcher Type: SUN_STANDARD

Environment Variables:
JAVA_HOME=C:\Program Files\Java\jdk1.7.0_79
CLASSPATH=.;C:\Program Files (x86)\QuickTime\QTSystem\QTJava.zip
PATH=C:\Program Files (x86)\MacType\;C:\WINDOWS\system32;C:\WINDOWS;C:\WINDOWS\System32\Wbem;C:\WINDOWS\System32\WindowsPowerShell\v1.0\;C:\Program Files\nodejs\;C:\Program Files (x86)\Microsoft SQL Server\100\Tools\Binn\;C:\Program Files\Microsoft SQL Server\100\Tools\Binn\;C:\Program Files\Microsoft SQL Server\100\DTS\Binn\;C:\Program Files (x86)\QuickTime\QTSystem\;C:\Users\David\AppData\Roaming\npm;C:\Program Files\nodejs;C:\Users\David\AppData\Local\.meteor\;C:\Program Files\Java\jdk1.7.0_79\bin;C:\Program Files\Java\jdk1.7.0_79\jre\bin;;C:\Program Files (x86)\MacType
USERNAME=David
OS=Windows_NT
PROCESSOR_IDENTIFIER=Intel64 Family 6 Model 69 Stepping 1, GenuineIntel



---------------  S Y S T E M  ---------------

OS: Windows 8.1 , 64 bit Build 9600 

CPU:total 4 (2 cores per cpu, 2 threads per core) family 6 model 69 stepping 1, cmov, cx8, fxsr, mmx, sse, sse2, sse3, ssse3, sse4.1, sse4.2, popcnt, avx, avx2, aes, erms, ht, tsc, tscinvbit

Memory: 4k page, physical 8291400k(1847764k free), swap 15893576k(5080652k free)

vm_info: Java HotSpot(TM) 64-Bit Server VM (24.79-b02) for windows-amd64 JRE (1.7.0_79-b15), built on Apr 10 2015 12:36:16 by "java_re" with unknown MS VC++:1600

time: Sat Aug 15 11:55:37 2015
elapsed time: 2148 seconds

