#
# A fatal error has been detected by the Java Runtime Environment:
#
#  EXCEPTION_ACCESS_VIOLATION (0xc0000005) at pc=0x0000000002e3cd0c, pid=8888, tid=12844
#
# JRE version: Java(TM) SE Runtime Environment (7.0_79-b15) (build 1.7.0_79-b15)
# Java VM: Java HotSpot(TM) 64-Bit Server VM (24.79-b02 mixed mode windows-amd64 compressed oops)
# Problematic frame:
# C  [ASProxy64.dll+0x2cd0c]
#
# Failed to write core dump. Minidumps are not enabled by default on client versions of Windows
#
# If you would like to submit a bug report, please visit:
#   http://bugreport.java.com/bugreport/crash.jsp
# The crash happened outside the Java Virtual Machine in native code.
# See problematic frame for where to report the bug.
#

---------------  T H R E A D  ---------------

Current thread (0x000000000bc18800):  JavaThread "Daemon worker" [_thread_in_native, id=12844, stack(0x000000000ddb0000,0x000000000deb0000)]

siginfo: ExceptionCode=0xc0000005, writing address 0x0000000045851348

Registers:
RAX=0x00000000098147a0, RBX=0x0000000000f9ef10, RCX=0x0000000000f9ef44, RDX=0x000000000dea7f98
RSP=0x000000000dea7fa0, RBP=0x0000000000000000, RSI=0x0000000000000000, RDI=0x0000000000000000
R8 =0x0000000002e7eb38, R9 =0x0000000000000000, R10=0x0000000000000000, R11=0x0000000000000064
R12=0x0000000000000002, R13=0x000000000dea81b0, R14=0x000000000ebcbfc0, R15=0x0000000000000002
RIP=0x0000000002e3cd0c, EFLAGS=0x0000000000010286

Top of Stack: (sp=0x000000000dea7fa0)
0x000000000dea7fa0:   0000000000000000 000000000dea00e8
0x000000000dea7fb0:   fffffffffffffffe 000000000ebcbfb0
0x000000000dea7fc0:   000000000bc189e8 0000000002e3dbf2
0x000000000dea7fd0:   0000000002e7eac0 0000000000f9ef10
0x000000000dea7fe0:   000000000bd46f70 000000000bd46f70
0x000000000dea7ff0:   000000000ebcbfc0 000000000dea00b0
0x000000000dea8000:   fffffffffffffffe 0000000000000000
0x000000000dea8010:   000000000bc18800 0000000002e3db42
0x000000000dea8020:   0000000000f9ef10 0000000000f9ef10
0x000000000dea8030:   000000000bc189e8 0000000061948d94
0x000000000dea8040:   0000000000000000 00000000098147d8
0x000000000dea8050:   0000000000000002 000000000d7ca1e0
0x000000000dea8060:   000000000bc189e8 0000000064993766
0x000000000dea8070:   0000000000f9ef10 000000000bc189e8
0x000000000dea8080:   000000000d7ca1e0 00000000098147d8
0x000000000dea8090:   0000000000000002 0000000000f9ef10 

Instructions: (pc=0x0000000002e3cd0c)
0x0000000002e3ccec:   44 96 02 00 00 00 00 53 48 83 ec 20 48 8b d9 48
0x0000000002e3ccfc:   89 7c 24 ff 25 00 00 00 00 b1 44 96 02 00 00 00
0x0000000002e3cd0c:   00 89 04 24 8b 44 24 04 0f af 04 24 83 c0 02 89
0x0000000002e3cd1c:   04 24 8b 44 24 04 0f af 04 24 83 c0 03 89 04 24 


Register to memory mapping:

RAX=0x00000000098147a0 is an unknown value
RBX=0x0000000000f9ef10 is an unknown value
RCX=0x0000000000f9ef44 is an unknown value
RDX=0x000000000dea7f98 is pointing into the stack for thread: 0x000000000bc18800
RSP=0x000000000dea7fa0 is pointing into the stack for thread: 0x000000000bc18800
RBP=0x0000000000000000 is an unknown value
RSI=0x0000000000000000 is an unknown value
RDI=0x0000000000000000 is an unknown value
R8 =0x0000000002e7eb38 is an unknown value
R9 =0x0000000000000000 is an unknown value
R10=0x0000000000000000 is an unknown value
R11=0x0000000000000064 is an unknown value
R12=0x0000000000000002 is an unknown value
R13=0x000000000dea81b0 is pointing into the stack for thread: 0x000000000bc18800
R14=0x000000000ebcbfc0 is an unknown value
R15=0x0000000000000002 is an unknown value


Stack: [0x000000000ddb0000,0x000000000deb0000],  sp=0x000000000dea7fa0,  free space=991k
Native frames: (J=compiled Java code, j=interpreted, Vv=VM code, C=native code)
C  [ASProxy64.dll+0x2cd0c]

[error occurred during error reporting (printing native stack), id 0xc0000005]

Java frames: (J=compiled Java code, j=interpreted, Vv=VM code)
j  java.net.Inet6AddressImpl.lookupAllHostAddr(Ljava/lang/String;)[Ljava/net/InetAddress;+0
j  java.net.InetAddress$1.lookupAllHostAddr(Ljava/lang/String;)[Ljava/net/InetAddress;+4
j  java.net.InetAddress.getAddressesFromNameService(Ljava/lang/String;Ljava/net/InetAddress;)[Ljava/net/InetAddress;+51
j  java.net.InetAddress.getAllByName0(Ljava/lang/String;Ljava/net/InetAddress;Z)[Ljava/net/InetAddress;+29
j  java.net.InetAddress.getAllByName(Ljava/lang/String;Ljava/net/InetAddress;)[Ljava/net/InetAddress;+383
j  java.net.InetAddress.getAllByName(Ljava/lang/String;)[Ljava/net/InetAddress;+2
j  org.apache.http.impl.conn.SystemDefaultDnsResolver.resolve(Ljava/lang/String;)[Ljava/net/InetAddress;+1
j  org.apache.http.impl.conn.DefaultClientConnectionOperator.resolveHostname(Ljava/lang/String;)[Ljava/net/InetAddress;+5
j  org.apache.http.impl.conn.DefaultClientConnectionOperator.openConnection(Lorg/apache/http/conn/OperatedClientConnection;Lorg/apache/http/HttpHost;Ljava/net/InetAddress;Lorg/apache/http/protocol/HttpContext;Lorg/apache/http/params/HttpParams;)V+87
j  org.apache.http.impl.conn.ManagedClientConnectionImpl.open(Lorg/apache/http/conn/routing/HttpRoute;Lorg/apache/http/protocol/HttpContext;Lorg/apache/http/params/HttpParams;)V+133
j  org.apache.http.impl.client.DefaultRequestDirector.tryConnect(Lorg/apache/http/impl/client/RoutedRequest;Lorg/apache/http/protocol/HttpContext;)V+49
j  org.apache.http.impl.client.DefaultRequestDirector.execute(Lorg/apache/http/HttpHost;Lorg/apache/http/HttpRequest;Lorg/apache/http/protocol/HttpContext;)Lorg/apache/http/HttpResponse;+367
j  org.apache.http.impl.client.AbstractHttpClient.execute(Lorg/apache/http/HttpHost;Lorg/apache/http/HttpRequest;Lorg/apache/http/protocol/HttpContext;)Lorg/apache/http/HttpResponse;+344
j  org.apache.http.impl.client.DecompressingHttpClient.execute(Lorg/apache/http/HttpHost;Lorg/apache/http/HttpRequest;Lorg/apache/http/protocol/HttpContext;)Lorg/apache/http/HttpResponse;+65
j  org.apache.http.impl.client.DecompressingHttpClient.execute(Lorg/apache/http/client/methods/HttpUriRequest;Lorg/apache/http/protocol/HttpContext;)Lorg/apache/http/HttpResponse;+8
j  org.gradle.internal.resource.transport.http.HttpClientHelper.performHttpRequest(Lorg/apache/http/client/methods/HttpRequestBase;)Lorg/apache/http/HttpResponse;+37
j  org.gradle.internal.resource.transport.http.HttpClientHelper.executeGetOrHead(Lorg/apache/http/client/methods/HttpRequestBase;)Lorg/apache/http/HttpResponse;+2
j  org.gradle.internal.resource.transport.http.HttpClientHelper.performRequest(Lorg/apache/http/client/methods/HttpRequestBase;)Lorg/apache/http/HttpResponse;+7
j  org.gradle.internal.resource.transport.http.HttpClientHelper.performRawGet(Ljava/lang/String;)Lorg/apache/http/HttpResponse;+9
j  org.gradle.internal.resource.transport.http.HttpClientHelper.performGet(Ljava/lang/String;)Lorg/apache/http/HttpResponse;+6
j  org.gradle.internal.resource.transport.http.HttpResourceAccessor.openResource(Ljava/net/URI;)Lorg/gradle/internal/resource/transport/http/HttpResponseResource;+25
j  org.gradle.internal.resource.transport.http.HttpResourceAccessor.openResource(Ljava/net/URI;)Lorg/gradle/internal/resource/transfer/ExternalResourceReadResponse;+2
j  org.gradle.internal.resource.transfer.DefaultExternalResourceConnector.openResource(Ljava/net/URI;)Lorg/gradle/internal/resource/transfer/ExternalResourceReadResponse;+5
j  org.gradle.internal.resource.transport.DefaultExternalResourceRepository.getResource(Ljava/net/URI;)Lorg/gradle/internal/resource/ExternalResource;+5
j  org.gradle.api.internal.artifacts.repositories.resolver.MavenMetadataLoader.parseMavenMetadataInfo(Ljava/net/URI;Lorg/gradle/api/internal/artifacts/repositories/resolver/MavenMetadata;)V+5
j  org.gradle.api.internal.artifacts.repositories.resolver.MavenMetadataLoader.load(Ljava/net/URI;)Lorg/gradle/api/internal/artifacts/repositories/resolver/MavenMetadata;+11
j  org.gradle.api.internal.artifacts.repositories.resolver.MavenResolver.parseMavenMetadata(Ljava/net/URI;)Lorg/gradle/api/internal/artifacts/repositories/resolver/MavenMetadata;+5
j  org.gradle.api.internal.artifacts.repositories.resolver.MavenResolver.findUniqueSnapshotVersion(Lorg/gradle/api/artifacts/component/ModuleComponentIdentifier;Lorg/gradle/internal/resolve/result/ResourceAwareResolveResult;)Lorg/gradle/api/internal/artifacts/repositories/resolver/MavenUniqueSnapshotModuleSource;+26
j  org.gradle.api.internal.artifacts.repositories.resolver.MavenResolver.doResolveComponentMetaData(Lorg/gradle/internal/component/model/DependencyMetaData;Lorg/gradle/api/artifacts/component/ModuleComponentIdentifier;Lorg/gradle/internal/resolve/result/BuildableModuleComponentMetaDataResolveResult;)V+11
j  org.gradle.api.internal.artifacts.repositories.resolver.ExternalResourceResolver$RemoteRepositoryAccess.resolveComponentMetaData(Lorg/gradle/internal/component/model/DependencyMetaData;Lorg/gradle/api/artifacts/component/ModuleComponentIdentifier;Lorg/gradle/internal/resolve/result/BuildableModuleComponentMetaDataResolveResult;)V+7
j  org.gradle.api.internal.artifacts.ivyservice.ivyresolve.CacheLockReleasingModuleComponentsRepository$LockReleasingRepositoryAccess$2.run()V+19
j  org.gradle.internal.Factories$1.create()Ljava/lang/Object;+4
j  org.gradle.cache.internal.DefaultCacheAccess.longRunningOperation(Ljava/lang/String;Lorg/gradle/internal/Factory;)Ljava/lang/Object;+7
j  org.gradle.cache.internal.DefaultCacheAccess.longRunningOperation(Ljava/lang/String;Ljava/lang/Runnable;)V+6
j  org.gradle.cache.internal.DefaultPersistentDirectoryStore.longRunningOperation(Ljava/lang/String;Ljava/lang/Runnable;)V+6
j  org.gradle.cache.internal.DefaultCacheFactory$ReferenceTrackingCache.longRunningOperation(Ljava/lang/String;Ljava/lang/Runnable;)V+9
j  org.gradle.api.internal.artifacts.ivyservice.DefaultCacheLockingManager.longRunningOperation(Ljava/lang/String;Ljava/lang/Runnable;)V+6
j  org.gradle.api.internal.artifacts.ivyservice.ivyresolve.CacheLockReleasingModuleComponentsRepository$LockReleasingRepositoryAccess.resolveComponentMetaData(Lorg/gradle/internal/component/model/DependencyMetaData;Lorg/gradle/api/artifacts/component/ModuleComponentIdentifier;Lorg/gradle/internal/resolve/result/BuildableModuleComponentMetaDataResolveResult;)V+35
j  org.gradle.api.internal.artifacts.ivyservice.ivyresolve.CachingModuleComponentRepository$ResolveAndCacheRepositoryAccess.resolveComponentMetaData(Lorg/gradle/internal/component/model/DependencyMetaData;Lorg/gradle/api/artifacts/component/ModuleComponentIdentifier;Lorg/gradle/internal/resolve/result/BuildableModuleComponentMetaDataResolveResult;)V+24
j  org.gradle.api.internal.artifacts.ivyservice.ivyresolve.BaseModuleComponentRepositoryAccess.resolveComponentMetaData(Lorg/gradle/internal/component/model/DependencyMetaData;Lorg/gradle/api/artifacts/component/ModuleComponentIdentifier;Lorg/gradle/internal/resolve/result/BuildableModuleComponentMetaDataResolveResult;)V+7
j  org.gradle.api.internal.artifacts.ivyservice.ivyresolve.memcache.InMemoryCachedModuleComponentRepository$CachedAccess.resolveComponentMetaData(Lorg/gradle/internal/component/model/DependencyMetaData;Lorg/gradle/api/artifacts/component/ModuleComponentIdentifier;Lorg/gradle/internal/resolve/result/BuildableModuleComponentMetaDataResolveResult;)V+16
j  org.gradle.api.internal.artifacts.ivyservice.ivyresolve.ErrorHandlingModuleComponentRepository$ErrorHandlingModuleComponentRepositoryAccess.resolveComponentMetaData(Lorg/gradle/internal/component/model/DependencyMetaData;Lorg/gradle/api/artifacts/component/ModuleComponentIdentifier;Lorg/gradle/internal/resolve/result/BuildableModuleComponentMetaDataResolveResult;)V+7
j  org.gradle.api.internal.artifacts.ivyservice.ivyresolve.ComponentMetaDataResolveState.process(Lorg/gradle/api/internal/artifacts/ivyservice/ivyresolve/ModuleComponentRepositoryAccess;)V+13
j  org.gradle.api.internal.artifacts.ivyservice.ivyresolve.ComponentMetaDataResolveState.resolve()Lorg/gradle/internal/resolve/result/BuildableModuleComponentMetaDataResolveResult;+77
j  org.gradle.api.internal.artifacts.ivyservice.ivyresolve.RepositoryChainDependencyResolver.findBestMatch(Ljava/util/LinkedList;Ljava/util/Collection;Ljava/util/Collection;)Lorg/gradle/api/internal/artifacts/ivyservice/ivyresolve/RepositoryChainModuleResolution;+21
j  org.gradle.api.internal.artifacts.ivyservice.ivyresolve.RepositoryChainDependencyResolver.findBestMatch(Ljava/util/List;Ljava/util/Collection;)Lorg/gradle/api/internal/artifacts/ivyservice/ivyresolve/RepositoryChainModuleResolution;+28
j  org.gradle.api.internal.artifacts.ivyservice.ivyresolve.RepositoryChainDependencyResolver.resolve(Lorg/gradle/internal/component/model/DependencyMetaData;Lorg/gradle/internal/resolve/result/BuildableComponentResolveResult;)V+159
j  org.gradle.api.internal.artifacts.ivyservice.ivyresolve.RepositoryChainAdapter.resolve(Lorg/gradle/internal/component/model/DependencyMetaData;Lorg/gradle/api/artifacts/component/ComponentIdentifier;Lorg/gradle/internal/resolve/result/BuildableComponentResolveResult;)V+64
j  org.gradle.api.internal.artifacts.ivyservice.clientmodule.ClientModuleResolver.resolve(Lorg/gradle/internal/component/model/DependencyMetaData;Lorg/gradle/api/artifacts/component/ComponentIdentifier;Lorg/gradle/internal/resolve/result/BuildableComponentResolveResult;)V+7
j  org.gradle.api.internal.artifacts.ivyservice.resolveengine.graph.DependencyGraphBuilder$ModuleVersionResolveState.resolve()V+89
j  org.gradle.api.internal.artifacts.ivyservice.resolveengine.graph.DependencyGraphBuilder$ModuleVersionResolveState.getMetaData()Lorg/gradle/internal/component/model/ComponentResolveMetaData;+8
j  org.gradle.api.internal.artifacts.ivyservice.resolveengine.graph.DependencyGraphBuilder$DependencyEdge.calculateTargetConfigurations()V+13
j  org.gradle.api.internal.artifacts.ivyservice.resolveengine.graph.DependencyGraphBuilder$DependencyEdge.attachToTargetConfigurations()V+15
j  org.gradle.api.internal.artifacts.ivyservice.resolveengine.graph.DependencyGraphBuilder.traverseGraph(Lorg/gradle/api/internal/artifacts/ivyservice/resolveengine/graph/DependencyGraphBuilder$ResolveState;Lorg/gradle/api/internal/artifacts/ivyservice/resolveengine/graph/conflicts/ConflictHandler;)V+229
j  org.gradle.api.internal.artifacts.ivyservice.resolveengine.graph.DependencyGraphBuilder.resolveDependencyGraph(Lorg/gradle/api/internal/artifacts/configurations/ConfigurationInternal;Lorg/gradle/api/internal/artifacts/ivyservice/resolveengine/graph/DependencyGraphVisitor;)V+94
j  org.gradle.api.internal.artifacts.ivyservice.resolveengine.graph.DependencyGraphBuilder.resolve(Lorg/gradle/api/internal/artifacts/configurations/ConfigurationInternal;Lorg/gradle/api/internal/artifacts/ivyservice/resolveengine/result/ResolutionResultBuilder;Lorg/gradle/api/internal/artifacts/ivyservice/resolveengine/oldresult/ResolvedConfigurationBuilder;Lorg/gradle/api/internal/artifacts/ivyservice/resolveengine/projectresult/ResolvedProjectConfigurationResultBuilder;)V+67
j  org.gradle.api.internal.artifacts.ivyservice.resolveengine.DefaultDependencyResolver$1.execute(Lorg/apache/ivy/Ivy;)V+325
j  org.gradle.api.internal.artifacts.ivyservice.resolveengine.DefaultDependencyResolver$1.execute(Ljava/lang/Object;)V+5
j  org.gradle.internal.Transformers$4.transform(Ljava/lang/Object;)Ljava/lang/Object;+5
j  org.gradle.api.internal.artifacts.ivyservice.DefaultIvyContextManager.withIvy(Lorg/gradle/api/Transformer;)Ljava/lang/Object;+96
j  org.gradle.api.internal.artifacts.ivyservice.DefaultIvyContextManager.withIvy(Lorg/gradle/api/Action;)V+5
j  org.gradle.api.internal.artifacts.ivyservice.resolveengine.DefaultDependencyResolver.resolve(Lorg/gradle/api/internal/artifacts/configurations/ConfigurationInternal;Ljava/util/List;Lorg/gradle/api/internal/artifacts/GlobalDependencyResolutionRules;Lorg/gradle/api/internal/artifacts/ResolverResults;)V+28
j  org.gradle.api.internal.artifacts.ivyservice.CacheLockingArtifactDependencyResolver$1.run()V+23
j  org.gradle.internal.Factories$1.create()Ljava/lang/Object;+4
j  org.gradle.cache.internal.DefaultCacheAccess.useCache(Ljava/lang/String;Lorg/gradle/internal/Factory;)Ljava/lang/Object;+80
j  org.gradle.cache.internal.DefaultCacheAccess.useCache(Ljava/lang/String;Ljava/lang/Runnable;)V+6
j  org.gradle.cache.internal.DefaultPersistentDirectoryStore.useCache(Ljava/lang/String;Ljava/lang/Runnable;)V+6
j  org.gradle.cache.internal.DefaultCacheFactory$ReferenceTrackingCache.useCache(Ljava/lang/String;Ljava/lang/Runnable;)V+9
j  org.gradle.api.internal.artifacts.ivyservice.DefaultCacheLockingManager.useCache(Ljava/lang/String;Ljava/lang/Runnable;)V+6
j  org.gradle.api.internal.artifacts.ivyservice.CacheLockingArtifactDependencyResolver.resolve(Lorg/gradle/api/internal/artifacts/configurations/ConfigurationInternal;Ljava/util/List;Lorg/gradle/api/internal/artifacts/GlobalDependencyResolutionRules;Lorg/gradle/api/internal/artifacts/ResolverResults;)V+30
j  org.gradle.api.internal.artifacts.ivyservice.SelfResolvingDependencyResolver.resolve(Lorg/gradle/api/internal/artifacts/configurations/ConfigurationInternal;Ljava/util/List;Lorg/gradle/api/internal/artifacts/GlobalDependencyResolutionRules;Lorg/gradle/api/internal/artifacts/ResolverResults;)V+9
j  org.gradle.api.internal.artifacts.ivyservice.ShortcircuitEmptyConfigsArtifactDependencyResolver.resolve(Lorg/gradle/api/internal/artifacts/configurations/ConfigurationInternal;Ljava/util/List;Lorg/gradle/api/internal/artifacts/GlobalDependencyResolutionRules;Lorg/gradle/api/internal/artifacts/ResolverResults;)V+102
j  org.gradle.api.internal.artifacts.ivyservice.ErrorHandlingArtifactDependencyResolver.resolve(Lorg/gradle/api/internal/artifacts/configurations/ConfigurationInternal;Ljava/util/List;Lorg/gradle/api/internal/artifacts/GlobalDependencyResolutionRules;Lorg/gradle/api/internal/artifacts/ResolverResults;)V+9
j  org.gradle.api.internal.artifacts.ivyservice.DefaultConfigurationResolver.resolve(Lorg/gradle/api/internal/artifacts/configurations/ConfigurationInternal;)Lorg/gradle/api/internal/artifacts/ResolverResults;+33
j  org.gradle.api.internal.artifacts.configurations.DefaultConfiguration.resolveNow()V+40
j  org.gradle.api.internal.artifacts.configurations.DefaultConfiguration.getResolvedConfiguration()Lorg/gradle/api/artifacts/ResolvedConfiguration;+1
j  org.gradle.api.internal.artifacts.configurations.DefaultConfiguration_Decorated.getResolvedConfiguration()Lorg/gradle/api/artifacts/ResolvedConfiguration;+7
j  com.android.build.gradle.internal.DependencyManager.collectArtifacts(Lorg/gradle/api/artifacts/Configuration;Ljava/util/Map;)V+37
j  com.android.build.gradle.internal.DependencyManager.resolveDependencyForConfig(Lcom/android/build/gradle/internal/dependency/VariantDependencies;Lcom/android/build/gradle/internal/dependency/VariantDependencies;Lcom/google/common/collect/Multimap;)V+39
j  com.android.build.gradle.internal.DependencyManager.resolveDependencies(Lcom/android/build/gradle/internal/dependency/VariantDependencies;Lcom/android/build/gradle/internal/dependency/VariantDependencies;)V+8
j  com.android.build.gradle.internal.TaskManager.resolveDependencies(Lcom/android/build/gradle/internal/dependency/VariantDependencies;Lcom/android/build/gradle/internal/dependency/VariantDependencies;)V+6
j  com.android.build.gradle.internal.VariantManager$8.call()Ljava/lang/Void;+12
j  com.android.build.gradle.internal.VariantManager$8.call()Ljava/lang/Object;+1
j  com.android.builder.profile.ThreadRecorder$1.record(Lcom/android/builder/profile/ExecutionType;Lcom/android/builder/profile/Recorder$Block;[Lcom/android/builder/profile/Recorder$Property;)Ljava/lang/Object;+1
j  com.android.builder.profile.Recorder$record.call(Ljava/lang/Object;[Ljava/lang/Object;)Ljava/lang/Object;+31
j  org.codehaus.groovy.runtime.callsite.CallSiteArray.defaultCall(Lorg/codehaus/groovy/runtime/callsite/CallSite;Ljava/lang/Object;[Ljava/lang/Object;)Ljava/lang/Object;+8
j  com.android.builder.profile.Recorder$record.call(Ljava/lang/Object;Ljava/lang/Object;Ljava/lang/Object;Ljava/lang/Object;)Ljava/lang/Object;+44
j  com.android.build.gradle.internal.profile.SpanRecorders.record(Lorg/gradle/api/Project;Lcom/android/builder/profile/ExecutionType;Lcom/android/builder/profile/Recorder$Block;[Lcom/android/builder/profile/Recorder$Property;)Ljava/lang/Object;+158
j  com.android.build.gradle.internal.VariantManager.createVariantData(Lcom/android/builder/model/BuildType;Ljava/util/List;)Lcom/android/build/gradle/internal/variant/BaseVariantData;+653
j  com.android.build.gradle.internal.VariantManager.createVariantDataForProductFlavors(Ljava/util/List;)V+180
j  com.android.build.gradle.internal.VariantManager.populateVariantDataList()V+23
j  com.android.build.gradle.internal.VariantManager.createAndroidTasks()V+43
j  com.android.build.gradle.BasePlugin$_createAndroidTasks_closure15.doCall(Ljava/lang/Object;)Ljava/lang/Object;+11
j  com.android.build.gradle.BasePlugin$_createAndroidTasks_closure15.doCall()Ljava/lang/Object;+2
v  ~StubRoutines::call_stub
j  sun.reflect.NativeMethodAccessorImpl.invoke0(Ljava/lang/reflect/Method;Ljava/lang/Object;[Ljava/lang/Object;)Ljava/lang/Object;+0
j  sun.reflect.NativeMethodAccessorImpl.invoke(Ljava/lang/Object;[Ljava/lang/Object;)Ljava/lang/Object;+87
J 914 C2 sun.reflect.DelegatingMethodAccessorImpl.invoke(Ljava/lang/Object;[Ljava/lang/Object;)Ljava/lang/Object; (10 bytes) @ 0x000000000339d3d4 [0x000000000339d3a0+0x34]
j  java.lang.reflect.Method.invoke(Ljava/lang/Object;[Ljava/lang/Object;)Ljava/lang/Object;+57
j  org.codehaus.groovy.reflection.CachedMethod.invoke(Ljava/lang/Object;[Ljava/lang/Object;)Ljava/lang/Object;+6
j  groovy.lang.MetaMethod.doMethodInvoke(Ljava/lang/Object;[Ljava/lang/Object;)Ljava/lang/Object;+9
j  org.codehaus.groovy.runtime.metaclass.ClosureMetaClass.invokeMethod(Ljava/lang/Class;Ljava/lang/Object;Ljava/lang/String;[Ljava/lang/Object;ZZ)Ljava/lang/Object;+241
j  groovy.lang.MetaClassImpl.invokeMethod(Ljava/lang/Object;Ljava/lang/String;[Ljava/lang/Object;)Ljava/lang/Object;+10
j  org.codehaus.groovy.runtime.callsite.PogoMetaClassSite.call(Ljava/lang/Object;[Ljava/lang/Object;)Ljava/lang/Object;+18
j  org.codehaus.groovy.runtime.callsite.CallSiteArray.defaultCall(Lorg/codehaus/groovy/runtime/callsite/CallSite;Ljava/lang/Object;[Ljava/lang/Object;)Ljava/lang/Object;+8
j  org.codehaus.groovy.runtime.callsite.PogoMetaClassSite.call(Ljava/lang/Object;[Ljava/lang/Object;)Ljava/lang/Object;+91
j  org.codehaus.groovy.runtime.callsite.AbstractCallSite.call(Ljava/lang/Object;)Ljava/lang/Object;+5
j  com.android.build.gradle.internal.profile.SpanRecorders$2.call()Ljava/lang/Object;+15
j  com.android.builder.profile.ThreadRecorder$1.record(Lcom/android/builder/profile/ExecutionType;Lcom/android/builder/profile/Recorder$Block;[Lcom/android/builder/profile/Recorder$Property;)Ljava/lang/Object;+1
j  sun.reflect.GeneratedMethodAccessor17.invoke(Ljava/lang/Object;[Ljava/lang/Object;)Ljava/lang/Object;+56
J 914 C2 sun.reflect.DelegatingMethodAccessorImpl.invoke(Ljava/lang/Object;[Ljava/lang/Object;)Ljava/lang/Object; (10 bytes) @ 0x000000000339d3d4 [0x000000000339d3a0+0x34]
j  java.lang.reflect.Method.invoke(Ljava/lang/Object;[Ljava/lang/Object;)Ljava/lang/Object;+57
j  org.codehaus.groovy.runtime.callsite.PojoMetaMethodSite$PojoCachedMethodSite.invoke(Ljava/lang/Object;[Ljava/lang/Object;)Ljava/lang/Object;+19
j  org.codehaus.groovy.runtime.callsite.PojoMetaMethodSite.call(Ljava/lang/Object;[Ljava/lang/Object;)Ljava/lang/Object;+12
j  org.codehaus.groovy.runtime.callsite.AbstractCallSite.call(Ljava/lang/Object;Ljava/lang/Object;Ljava/lang/Object;Ljava/lang/Object;)Ljava/lang/Object;+9
j  com.android.build.gradle.internal.profile.SpanRecorders.record(Lorg/gradle/api/Project;Lcom/android/builder/profile/ExecutionType;Lgroovy/lang/Closure;)Ljava/lang/Object;+69
j  com.android.build.gradle.BasePlugin.createAndroidTasks(Z)V+276
j  com.android.build.gradle.BasePlugin$_createTasks_closure13_closure17.doCall(Ljava/lang/Object;)Ljava/lang/Object;+17
j  com.android.build.gradle.BasePlugin$_createTasks_closure13_closure17.doCall()Ljava/lang/Object;+2
v  ~StubRoutines::call_stub
j  sun.reflect.NativeMethodAccessorImpl.invoke0(Ljava/lang/reflect/Method;Ljava/lang/Object;[Ljava/lang/Object;)Ljava/lang/Object;+0
j  sun.reflect.NativeMethodAccessorImpl.invoke(Ljava/lang/Object;[Ljava/lang/Object;)Ljava/lang/Object;+87
J 914 C2 sun.reflect.DelegatingMethodAccessorImpl.invoke(Ljava/lang/Object;[Ljava/lang/Object;)Ljava/lang/Object; (10 bytes) @ 0x000000000339d3d4 [0x000000000339d3a0+0x34]
j  java.lang.reflect.Method.invoke(Ljava/lang/Object;[Ljava/lang/Object;)Ljava/lang/Object;+57
j  org.codehaus.groovy.reflection.CachedMethod.invoke(Ljava/lang/Object;[Ljava/lang/Object;)Ljava/lang/Object;+6
j  groovy.lang.MetaMethod.doMethodInvoke(Ljava/lang/Object;[Ljava/lang/Object;)Ljava/lang/Object;+9
j  org.codehaus.groovy.runtime.metaclass.ClosureMetaClass.invokeMethod(Ljava/lang/Class;Ljava/lang/Object;Ljava/lang/String;[Ljava/lang/Object;ZZ)Ljava/lang/Object;+241
j  groovy.lang.MetaClassImpl.invokeMethod(Ljava/lang/Object;Ljava/lang/String;[Ljava/lang/Object;)Ljava/lang/Object;+10
j  org.codehaus.groovy.runtime.callsite.PogoMetaClassSite.call(Ljava/lang/Object;[Ljava/lang/Object;)Ljava/lang/Object;+18
j  org.codehaus.groovy.runtime.callsite.CallSiteArray.defaultCall(Lorg/codehaus/groovy/runtime/callsite/CallSite;Ljava/lang/Object;[Ljava/lang/Object;)Ljava/lang/Object;+8
j  org.codehaus.groovy.runtime.callsite.PogoMetaClassSite.call(Ljava/lang/Object;[Ljava/lang/Object;)Ljava/lang/Object;+91
j  org.codehaus.groovy.runtime.callsite.AbstractCallSite.call(Ljava/lang/Object;)Ljava/lang/Object;+5
j  com.android.build.gradle.internal.profile.SpanRecorders$2.call()Ljava/lang/Object;+15
j  com.android.builder.profile.ThreadRecorder$1.record(Lcom/android/builder/profile/ExecutionType;Lcom/android/builder/profile/Recorder$Block;[Lcom/android/builder/profile/Recorder$Property;)Ljava/lang/Object;+1
j  sun.reflect.GeneratedMethodAccessor17.invoke(Ljava/lang/Object;[Ljava/lang/Object;)Ljava/lang/Object;+56
J 914 C2 sun.reflect.DelegatingMethodAccessorImpl.invoke(Ljava/lang/Object;[Ljava/lang/Object;)Ljava/lang/Object; (10 bytes) @ 0x000000000339d3d4 [0x000000000339d3a0+0x34]
j  java.lang.reflect.Method.invoke(Ljava/lang/Object;[Ljava/lang/Object;)Ljava/lang/Object;+57
j  org.codehaus.groovy.runtime.callsite.PojoMetaMethodSite$PojoCachedMethodSite.invoke(Ljava/lang/Object;[Ljava/lang/Object;)Ljava/lang/Object;+19
j  org.codehaus.groovy.runtime.callsite.PojoMetaMethodSite.call(Ljava/lang/Object;[Ljava/lang/Object;)Ljava/lang/Object;+12
j  org.codehaus.groovy.runtime.callsite.AbstractCallSite.call(Ljava/lang/Object;Ljava/lang/Object;Ljava/lang/Object;Ljava/lang/Object;)Ljava/lang/Object;+9
j  com.android.build.gradle.internal.profile.SpanRecorders.record(Lorg/gradle/api/Project;Lcom/android/builder/profile/ExecutionType;Lgroovy/lang/Closure;)Ljava/lang/Object;+69
j  com.android.build.gradle.BasePlugin$_createTasks_closure13.doCall(Ljava/lang/Object;)Ljava/lang/Object;+48
v  ~StubRoutines::call_stub
j  sun.reflect.NativeMethodAccessorImpl.invoke0(Ljava/lang/reflect/Method;Ljava/lang/Object;[Ljava/lang/Object;)Ljava/lang/Object;+0
j  sun.reflect.NativeMethodAccessorImpl.invoke(Ljava/lang/Object;[Ljava/lang/Object;)Ljava/lang/Object;+87
J 914 C2 sun.reflect.DelegatingMethodAccessorImpl.invoke(Ljava/lang/Object;[Ljava/lang/Object;)Ljava/lang/Object; (10 bytes) @ 0x000000000339d3d4 [0x000000000339d3a0+0x34]
j  java.lang.reflect.Method.invoke(Ljava/lang/Object;[Ljava/lang/Object;)Ljava/lang/Object;+57
j  org.codehaus.groovy.reflection.CachedMethod.invoke(Ljava/lang/Object;[Ljava/lang/Object;)Ljava/lang/Object;+6
j  groovy.lang.MetaMethod.doMethodInvoke(Ljava/lang/Object;[Ljava/lang/Object;)Ljava/lang/Object;+9
j  org.codehaus.groovy.runtime.metaclass.ClosureMetaClass.invokeMethod(Ljava/lang/Class;Ljava/lang/Object;Ljava/lang/String;[Ljava/lang/Object;ZZ)Ljava/lang/Object;+241
j  groovy.lang.MetaClassImpl.invokeMethod(Ljava/lang/Object;Ljava/lang/String;[Ljava/lang/Object;)Ljava/lang/Object;+10
j  groovy.lang.Closure.call([Ljava/lang/Object;)Ljava/lang/Object;+8
j  org.gradle.listener.ClosureBackedMethodInvocationDispatch.dispatch(Lorg/gradle/messaging/dispatch/MethodInvocation;)V+62
j  org.gradle.listener.ClosureBackedMethodInvocationDispatch.dispatch(Ljava/lang/Object;)V+5
j  org.gradle.internal.event.BroadcastDispatch.dispatch(Lorg/gradle/messaging/dispatch/MethodInvocation;)V+51
j  org.gradle.internal.event.BroadcastDispatch.dispatch(Ljava/lang/Object;)V+5
j  org.gradle.messaging.dispatch.ProxyDispatchAdapter$DispatchingInvocationHandler.invoke(Ljava/lang/Object;Ljava/lang/reflect/Method;[Ljava/lang/Object;)Ljava/lang/Object;+172
j  com.sun.proxy.$Proxy10.afterEvaluate(Lorg/gradle/api/Project;Lorg/gradle/api/ProjectState;)V+20
j  org.gradle.configuration.project.LifecycleProjectEvaluator.notifyAfterEvaluate(Lorg/gradle/api/ProjectEvaluationListener;Lorg/gradle/api/internal/project/ProjectInternal;Lorg/gradle/api/internal/project/ProjectStateInternal;)V+3
j  org.gradle.configuration.project.LifecycleProjectEvaluator.evaluate(Lorg/gradle/api/internal/project/ProjectInternal;Lorg/gradle/api/internal/project/ProjectStateInternal;)V+72
j  org.gradle.api.internal.project.AbstractProject.evaluate()Lorg/gradle/api/internal/project/AbstractProject;+9
j  org.gradle.api.internal.project.AbstractProject.evaluate()Lorg/gradle/api/Project;+1
j  org.gradle.execution.TaskPathProjectEvaluator.configure(Lorg/gradle/api/internal/project/ProjectInternal;)V+21
j  org.gradle.execution.TaskSelector.getSelection(Ljava/lang/String;Lorg/gradle/api/internal/project/ProjectInternal;)Lorg/gradle/execution/TaskSelector$TaskSelection;+29
j  org.gradle.execution.TaskSelector.getSelection(Ljava/lang/String;Ljava/lang/String;)Lorg/gradle/execution/TaskSelector$TaskSelection;+35
j  org.gradle.execution.commandline.CommandLineTaskParser.parseTasks(Lorg/gradle/TaskExecutionRequest;)Ljava/util/List;+51
j  org.gradle.execution.TaskNameResolvingBuildConfigurationAction.configure(Lorg/gradle/execution/BuildExecutionContext;)V+62
j  org.gradle.execution.DefaultBuildExecuter.configure(I)V+36
j  org.gradle.execution.DefaultBuildExecuter.access$100(Lorg/gradle/execution/DefaultBuildExecuter;I)V+2
j  org.gradle.execution.DefaultBuildExecuter$1.proceed()V+10
j  org.gradle.execution.ExcludedTaskFilteringBuildConfigurationAction.configure(Lorg/gradle/execution/BuildExecutionContext;)V+102
j  org.gradle.execution.DefaultBuildExecuter.configure(I)V+36
j  org.gradle.execution.DefaultBuildExecuter.access$100(Lorg/gradle/execution/DefaultBuildExecuter;I)V+2
j  org.gradle.execution.DefaultBuildExecuter$1.proceed()V+10
j  org.gradle.execution.DefaultTasksBuildExecutionAction.configure(Lorg/gradle/execution/BuildExecutionContext;)V+58
j  org.gradle.execution.DefaultBuildExecuter.configure(I)V+36
j  org.gradle.execution.DefaultBuildExecuter.select(Lorg/gradle/api/internal/GradleInternal;)V+7
j  org.gradle.initialization.DefaultGradleLauncher.doBuildStages(Lorg/gradle/initialization/DefaultGradleLauncher$Stage;)V+147
j  org.gradle.initialization.DefaultGradleLauncher.doBuild(Lorg/gradle/initialization/DefaultGradleLauncher$Stage;)Lorg/gradle/BuildResult;+27
j  org.gradle.initialization.DefaultGradleLauncher.run()Lorg/gradle/BuildResult;+4
j  org.gradle.launcher.exec.InProcessBuildActionExecuter$DefaultBuildController.run()Lorg/gradle/api/internal/GradleInternal;+5
j  org.gradle.tooling.internal.provider.runner.BuildModelActionRunner.run(Lorg/gradle/internal/invocation/BuildAction;Lorg/gradle/internal/invocation/BuildController;)V+72
j  org.gradle.launcher.exec.ChainingBuildActionRunner.run(Lorg/gradle/internal/invocation/BuildAction;Lorg/gradle/internal/invocation/BuildController;)V+34
j  org.gradle.launcher.exec.InProcessBuildActionExecuter.execute(Lorg/gradle/internal/invocation/BuildAction;Lorg/gradle/initialization/BuildRequestContext;Lorg/gradle/launcher/exec/BuildActionParameters;)Ljava/lang/Object;+39
j  org.gradle.launcher.exec.InProcessBuildActionExecuter.execute(Lorg/gradle/internal/invocation/BuildAction;Lorg/gradle/initialization/BuildRequestContext;Ljava/lang/Object;)Ljava/lang/Object;+7
j  org.gradle.launcher.daemon.server.exec.ExecuteBuild.doBuild(Lorg/gradle/launcher/daemon/server/api/DaemonCommandExecution;Lorg/gradle/launcher/daemon/protocol/Build;)V+70
j  org.gradle.launcher.daemon.server.exec.BuildCommandOnly.execute(Lorg/gradle/launcher/daemon/server/api/DaemonCommandExecution;)V+49
j  org.gradle.launcher.daemon.server.api.DaemonCommandExecution.proceed()Z+28
j  org.gradle.launcher.daemon.server.exec.WatchForDisconnection.execute(Lorg/gradle/launcher/daemon/server/api/DaemonCommandExecution;)V+19
j  org.gradle.launcher.daemon.server.api.DaemonCommandExecution.proceed()Z+28
j  org.gradle.launcher.daemon.server.exec.ResetDeprecationLogger.execute(Lorg/gradle/launcher/daemon/server/api/DaemonCommandExecution;)V+4
j  org.gradle.launcher.daemon.server.api.DaemonCommandExecution.proceed()Z+28
j  org.gradle.launcher.daemon.server.exec.RequestStopIfSingleUsedDaemon.execute(Lorg/gradle/launcher/daemon/server/api/DaemonCommandExecution;)V+31
j  org.gradle.launcher.daemon.server.api.DaemonCommandExecution.proceed()Z+28
j  org.gradle.launcher.daemon.server.exec.ForwardClientInput$2.call()Ljava/lang/Void;+4
j  org.gradle.launcher.daemon.server.exec.ForwardClientInput$2.call()Ljava/lang/Object;+1
j  org.gradle.util.Swapper.swap(Ljava/lang/Object;Ljava/util/concurrent/Callable;)Ljava/lang/Object;+21
j  org.gradle.launcher.daemon.server.exec.ForwardClientInput.execute(Lorg/gradle/launcher/daemon/server/api/DaemonCommandExecution;)V+63
j  org.gradle.launcher.daemon.server.api.DaemonCommandExecution.proceed()Z+28
j  org.gradle.launcher.daemon.server.health.DaemonHealthTracker.execute(Lorg/gradle/launcher/daemon/server/api/DaemonCommandExecution;)V+35
j  org.gradle.launcher.daemon.server.api.DaemonCommandExecution.proceed()Z+28
j  org.gradle.launcher.daemon.server.exec.LogToClient.doBuild(Lorg/gradle/launcher/daemon/server/api/DaemonCommandExecution;Lorg/gradle/launcher/daemon/protocol/Build;)V+106
j  org.gradle.launcher.daemon.server.exec.BuildCommandOnly.execute(Lorg/gradle/launcher/daemon/server/api/DaemonCommandExecution;)V+49
j  org.gradle.launcher.daemon.server.api.DaemonCommandExecution.proceed()Z+28
j  org.gradle.launcher.daemon.server.exec.EstablishBuildEnvironment.doBuild(Lorg/gradle/launcher/daemon/server/api/DaemonCommandExecution;Lorg/gradle/launcher/daemon/protocol/Build;)V+243
j  org.gradle.launcher.daemon.server.exec.BuildCommandOnly.execute(Lorg/gradle/launcher/daemon/server/api/DaemonCommandExecution;)V+49
j  org.gradle.launcher.daemon.server.api.DaemonCommandExecution.proceed()Z+28
j  org.gradle.launcher.daemon.server.health.HintGCAfterBuild.execute(Lorg/gradle/launcher/daemon/server/api/DaemonCommandExecution;)V+1
j  org.gradle.launcher.daemon.server.api.DaemonCommandExecution.proceed()Z+28
j  org.gradle.launcher.daemon.server.exec.StartBuildOrRespondWithBusy$1.run()V+44
j  org.gradle.launcher.daemon.server.DaemonStateCoordinator$1.run()V+4
j  org.gradle.internal.concurrent.ExecutorPolicy$CatchAndRecordFailures.onExecute(Ljava/lang/Runnable;)V+1
j  org.gradle.internal.concurrent.StoppableExecutorImpl$1.run()V+25
j  java.util.concurrent.ThreadPoolExecutor.runWorker(Ljava/util/concurrent/ThreadPoolExecutor$Worker;)V+95
j  java.util.concurrent.ThreadPoolExecutor$Worker.run()V+5
j  java.lang.Thread.run()V+11
v  ~StubRoutines::call_stub

---------------  P R O C E S S  ---------------

Java Threads: ( => current thread )
  0x000000000bb62000 JavaThread "Stdin handler" [_thread_blocked, id=10076, stack(0x000000000dbb0000,0x000000000dcb0000)]
  0x000000000ce79800 JavaThread "Cancel handler" [_thread_blocked, id=4456, stack(0x0000000002b60000,0x0000000002c60000)]
  0x000000000bbbb800 JavaThread "Handler for socket connection from /127.0.0.1:61118 to /127.0.0.1:61407" [_thread_in_native, id=5432, stack(0x0000000001060000,0x0000000001160000)]
  0x000000000b487000 JavaThread "File lock request listener" [_thread_in_native, id=10136, stack(0x000000000dfb0000,0x000000000e0b0000)]
=>0x000000000bc18800 JavaThread "Daemon worker" [_thread_in_native, id=12844, stack(0x000000000ddb0000,0x000000000deb0000)]
  0x000000000b929000 JavaThread "Daemon" [_thread_blocked, id=8536, stack(0x000000000ca50000,0x000000000cb50000)]
  0x000000000ba23000 JavaThread "Incoming local TCP Connector on port 61118" [_thread_in_native, id=9320, stack(0x000000000c350000,0x000000000c450000)]
  0x00000000097ce800 JavaThread "Service Thread" daemon [_thread_blocked, id=11400, stack(0x000000000af20000,0x000000000b020000)]
  0x00000000097cc000 JavaThread "C2 CompilerThread1" daemon [_thread_blocked, id=13332, stack(0x000000000ae20000,0x000000000af20000)]
  0x00000000097be800 JavaThread "C2 CompilerThread0" daemon [_thread_blocked, id=13188, stack(0x000000000ad20000,0x000000000ae20000)]
  0x00000000097bd800 JavaThread "Attach Listener" daemon [_thread_blocked, id=2720, stack(0x000000000ac20000,0x000000000ad20000)]
  0x00000000097ba800 JavaThread "Signal Dispatcher" daemon [_thread_blocked, id=6356, stack(0x000000000ab20000,0x000000000ac20000)]
  0x0000000009769000 JavaThread "Finalizer" daemon [_thread_blocked, id=16512, stack(0x000000000aa20000,0x000000000ab20000)]
  0x0000000009765800 JavaThread "Reference Handler" daemon [_thread_blocked, id=17156, stack(0x000000000a920000,0x000000000aa20000)]
  0x00000000031f0800 JavaThread "main" [_thread_blocked, id=15380, stack(0x0000000002d10000,0x0000000002e10000)]

Other Threads:
  0x0000000009761800 VMThread [stack: 0x000000000a820000,0x000000000a920000] [id=16452]
  0x00000000097dd000 WatcherThread [stack: 0x000000000b020000,0x000000000b120000] [id=4796]

VM state:not at safepoint (normal execution)

VM Mutex/Monitor currently owned by a thread: None

Heap
 PSYoungGen      total 320512K, used 95670K [0x00000000eaa80000, 0x0000000100000000, 0x0000000100000000)
  eden space 294400K, 32% used [0x00000000eaa80000,0x00000000f07ed8f8,0x00000000fca00000)
  from space 26112K, 0% used [0x00000000fe680000,0x00000000fe680000,0x0000000100000000)
  to   space 27648K, 0% used [0x00000000fca00000,0x00000000fca00000,0x00000000fe500000)
 ParOldGen       total 86016K, used 54210K [0x00000000c0000000, 0x00000000c5400000, 0x00000000eaa80000)
  object space 86016K, 63% used [0x00000000c0000000,0x00000000c34f0a40,0x00000000c5400000)
 PSPermGen       total 86528K, used 45125K [0x00000000b0000000, 0x00000000b5480000, 0x00000000c0000000)
  object space 86528K, 52% used [0x00000000b0000000,0x00000000b2c114f0,0x00000000b5480000)

Card table byte_map: [0x00000000063b0000,0x0000000006640000] byte_map_base: 0x0000000005e30000

Polling page: 0x00000000029d0000

Code Cache  [0x00000000032f0000, 0x0000000003720000, 0x00000000062f0000)
 total_blobs=1533 nmethods=904 adapters=580 free_code_cache=44971Kb largest_free_block=45996736

Compilation events (10 events):
Event: 91.863 Thread 0x00000000097be800  967  s          java.util.Vector::addElement (38 bytes)
Event: 91.864 Thread 0x00000000097cc000  968             java.io.ByteArrayInputStream::mark (9 bytes)
Event: 91.865 Thread 0x00000000097cc000 nmethod 968 0x00000000036e8990 code [0x00000000036e8ac0, 0x00000000036e8b18]
Event: 91.868 Thread 0x00000000097be800 nmethod 967 0x00000000036d7650 code [0x00000000036d77a0, 0x00000000036d7b88]
Event: 91.880 Thread 0x00000000097cc000  969             sun.security.util.DerInputStream::getLength (125 bytes)
Event: 91.888 Thread 0x00000000097cc000 nmethod 969 0x00000000036d6cd0 code [0x00000000036d6e20, 0x00000000036d73f8]
Event: 91.890 Thread 0x00000000097be800  970   !         java.security.cert.Certificate::hashCode (34 bytes)
Event: 91.895 Thread 0x00000000097be800 nmethod 970 0x00000000036fe510 code [0x00000000036fe660, 0x00000000036fe848]
Event: 91.961 Thread 0x00000000097cc000  971             java.lang.ref.FinalReference::<init> (7 bytes)
Event: 91.963 Thread 0x00000000097cc000 nmethod 971 0x00000000036fe0d0 code [0x00000000036fe200, 0x00000000036fe298]

GC Heap History (10 events):
Event: 14.963 GC heap before
{Heap before GC invocations=7 (full 0):
 PSYoungGen      total 143872K, used 138816K [0x00000000eaa80000, 0x00000000f4180000, 0x0000000100000000)
  eden space 133120K, 100% used [0x00000000eaa80000,0x00000000f2c80000,0x00000000f2c80000)
  from space 10752K, 52% used [0x00000000f3700000,0x00000000f3c90110,0x00000000f4180000)
  to   space 10752K, 0% used [0x00000000f2c80000,0x00000000f2c80000,0x00000000f3700000)
 ParOldGen       total 86016K, used 9858K [0x00000000c0000000, 0x00000000c5400000, 0x00000000eaa80000)
  object space 86016K, 11% used [0x00000000c0000000,0x00000000c09a0b40,0x00000000c5400000)
 PSPermGen       total 21504K, used 21484K [0x00000000b0000000, 0x00000000b1500000, 0x00000000c0000000)
  object space 21504K, 99% used [0x00000000b0000000,0x00000000b14fb3c8,0x00000000b1500000)
Event: 14.981 GC heap after
Heap after GC invocations=7 (full 0):
 PSYoungGen      total 143872K, used 3220K [0x00000000eaa80000, 0x00000000fc380000, 0x0000000100000000)
  eden space 133120K, 0% used [0x00000000eaa80000,0x00000000eaa80000,0x00000000f2c80000)
  from space 10752K, 29% used [0x00000000f2c80000,0x00000000f2fa50e0,0x00000000f3700000)
  to   space 10752K, 0% used [0x00000000fb900000,0x00000000fb900000,0x00000000fc380000)
 ParOldGen       total 86016K, used 12900K [0x00000000c0000000, 0x00000000c5400000, 0x00000000eaa80000)
  object space 86016K, 14% used [0x00000000c0000000,0x00000000c0c99108,0x00000000c5400000)
 PSPermGen       total 21504K, used 21484K [0x00000000b0000000, 0x00000000b1500000, 0x00000000c0000000)
  object space 21504K, 99% used [0x00000000b0000000,0x00000000b14fb3c8,0x00000000b1500000)
}
Event: 18.626 GC heap before
{Heap before GC invocations=8 (full 0):
 PSYoungGen      total 143872K, used 136340K [0x00000000eaa80000, 0x00000000fc380000, 0x0000000100000000)
  eden space 133120K, 100% used [0x00000000eaa80000,0x00000000f2c80000,0x00000000f2c80000)
  from space 10752K, 29% used [0x00000000f2c80000,0x00000000f2fa50e0,0x00000000f3700000)
  to   space 10752K, 0% used [0x00000000fb900000,0x00000000fb900000,0x00000000fc380000)
 ParOldGen       total 86016K, used 12900K [0x00000000c0000000, 0x00000000c5400000, 0x00000000eaa80000)
  object space 86016K, 14% used [0x00000000c0000000,0x00000000c0c99108,0x00000000c5400000)
 PSPermGen       total 28672K, used 28431K [0x00000000b0000000, 0x00000000b1c00000, 0x00000000c0000000)
  object space 28672K, 99% used [0x00000000b0000000,0x00000000b1bc3ec8,0x00000000b1c00000)
Event: 18.670 GC heap after
Heap after GC invocations=8 (full 0):
 PSYoungGen      total 273920K, used 10733K [0x00000000eaa80000, 0x00000000fc980000, 0x0000000100000000)
  eden space 263168K, 0% used [0x00000000eaa80000,0x00000000eaa80000,0x00000000fab80000)
  from space 10752K, 99% used [0x00000000fb900000,0x00000000fc37b478,0x00000000fc380000)
  to   space 13824K, 0% used [0x00000000fab80000,0x00000000fab80000,0x00000000fb900000)
 ParOldGen       total 86016K, used 16195K [0x00000000c0000000, 0x00000000c5400000, 0x00000000eaa80000)
  object space 86016K, 18% used [0x00000000c0000000,0x00000000c0fd0df0,0x00000000c5400000)
 PSPermGen       total 28672K, used 28431K [0x00000000b0000000, 0x00000000b1c00000, 0x00000000c0000000)
  object space 28672K, 99% used [0x00000000b0000000,0x00000000b1bc3ec8,0x00000000b1c00000)
}
Event: 34.748 GC heap before
{Heap before GC invocations=9 (full 0):
 PSYoungGen      total 273920K, used 273901K [0x00000000eaa80000, 0x00000000fc980000, 0x0000000100000000)
  eden space 263168K, 100% used [0x00000000eaa80000,0x00000000fab80000,0x00000000fab80000)
  from space 10752K, 99% used [0x00000000fb900000,0x00000000fc37b478,0x00000000fc380000)
  to   space 13824K, 0% used [0x00000000fab80000,0x00000000fab80000,0x00000000fb900000)
 ParOldGen       total 86016K, used 16195K [0x00000000c0000000, 0x00000000c5400000, 0x00000000eaa80000)
  object space 86016K, 18% used [0x00000000c0000000,0x00000000c0fd0df0,0x00000000c5400000)
 PSPermGen       total 40960K, used 40795K [0x00000000b0000000, 0x00000000b2800000, 0x00000000c0000000)
  object space 40960K, 99% used [0x00000000b0000000,0x00000000b27d6f50,0x00000000b2800000)
Event: 34.962 GC heap after
Heap after GC invocations=9 (full 0):
 PSYoungGen      total 276992K, used 13792K [0x00000000eaa80000, 0x0000000100000000, 0x0000000100000000)
  eden space 263168K, 0% used [0x00000000eaa80000,0x00000000eaa80000,0x00000000fab80000)
  from space 13824K, 99% used [0x00000000fab80000,0x00000000fb8f8010,0x00000000fb900000)
  to   space 26112K, 0% used [0x00000000fe680000,0x00000000fe680000,0x0000000100000000)
 ParOldGen       total 86016K, used 42349K [0x00000000c0000000, 0x00000000c5400000, 0x00000000eaa80000)
  object space 86016K, 49% used [0x00000000c0000000,0x00000000c295b5f8,0x00000000c5400000)
 PSPermGen       total 40960K, used 40795K [0x00000000b0000000, 0x00000000b2800000, 0x00000000c0000000)
  object space 40960K, 99% used [0x00000000b0000000,0x00000000b27d6f50,0x00000000b2800000)
}
Event: 38.864 GC heap before
{Heap before GC invocations=10 (full 0):
 PSYoungGen      total 276992K, used 84941K [0x00000000eaa80000, 0x0000000100000000, 0x0000000100000000)
  eden space 263168K, 27% used [0x00000000eaa80000,0x00000000eeffb730,0x00000000fab80000)
  from space 13824K, 99% used [0x00000000fab80000,0x00000000fb8f8010,0x00000000fb900000)
  to   space 26112K, 0% used [0x00000000fe680000,0x00000000fe680000,0x0000000100000000)
 ParOldGen       total 86016K, used 42349K [0x00000000c0000000, 0x00000000c5400000, 0x00000000eaa80000)
  object space 86016K, 49% used [0x00000000c0000000,0x00000000c295b5f8,0x00000000c5400000)
 PSPermGen       total 43520K, used 43134K [0x00000000b0000000, 0x00000000b2a80000, 0x00000000c0000000)
  object space 43520K, 99% used [0x00000000b0000000,0x00000000b2a1fb88,0x00000000b2a80000)
Event: 38.925 GC heap after
Heap after GC invocations=10 (full 0):
 PSYoungGen      total 320512K, used 18561K [0x00000000eaa80000, 0x0000000100000000, 0x0000000100000000)
  eden space 294400K, 0% used [0x00000000eaa80000,0x00000000eaa80000,0x00000000fca00000)
  from space 26112K, 71% used [0x00000000fe680000,0x00000000ff8a0690,0x0000000100000000)
  to   space 27648K, 0% used [0x00000000fca00000,0x00000000fca00000,0x00000000fe500000)
 ParOldGen       total 86016K, used 44905K [0x00000000c0000000, 0x00000000c5400000, 0x00000000eaa80000)
  object space 86016K, 52% used [0x00000000c0000000,0x00000000c2bda500,0x00000000c5400000)
 PSPermGen       total 43520K, used 43134K [0x00000000b0000000, 0x00000000b2a80000, 0x00000000c0000000)
  object space 43520K, 99% used [0x00000000b0000000,0x00000000b2a1fb88,0x00000000b2a80000)
}
Event: 38.925 GC heap before
{Heap before GC invocations=11 (full 1):
 PSYoungGen      total 320512K, used 18561K [0x00000000eaa80000, 0x0000000100000000, 0x0000000100000000)
  eden space 294400K, 0% used [0x00000000eaa80000,0x00000000eaa80000,0x00000000fca00000)
  from space 26112K, 71% used [0x00000000fe680000,0x00000000ff8a0690,0x0000000100000000)
  to   space 27648K, 0% used [0x00000000fca00000,0x00000000fca00000,0x00000000fe500000)
 ParOldGen       total 86016K, used 44905K [0x00000000c0000000, 0x00000000c5400000, 0x00000000eaa80000)
  object space 86016K, 52% used [0x00000000c0000000,0x00000000c2bda500,0x00000000c5400000)
 PSPermGen       total 43520K, used 43134K [0x00000000b0000000, 0x00000000b2a80000, 0x00000000c0000000)
  object space 43520K, 99% used [0x00000000b0000000,0x00000000b2a1fb88,0x00000000b2a80000)
Event: 39.952 GC heap after
Heap after GC invocations=11 (full 1):
 PSYoungGen      total 320512K, used 0K [0x00000000eaa80000, 0x0000000100000000, 0x0000000100000000)
  eden space 294400K, 0% used [0x00000000eaa80000,0x00000000eaa80000,0x00000000fca00000)
  from space 26112K, 0% used [0x00000000fe680000,0x00000000fe680000,0x0000000100000000)
  to   space 27648K, 0% used [0x00000000fca00000,0x00000000fca00000,0x00000000fe500000)
 ParOldGen       total 86016K, used 54210K [0x00000000c0000000, 0x00000000c5400000, 0x00000000eaa80000)
  object space 86016K, 63% used [0x00000000c0000000,0x00000000c34f0a40,0x00000000c5400000)
 PSPermGen       total 86528K, used 43074K [0x00000000b0000000, 0x00000000b5480000, 0x00000000c0000000)
  object space 86528K, 49% used [0x00000000b0000000,0x00000000b2a10b80,0x00000000b5480000)
}

Deoptimization events (10 events):
Event: 90.181 Thread 0x000000000bc18800 Uncommon trap: reason=bimorphic action=maybe_recompile pc=0x000000000365ea1c method=java.util.Arrays.equals([Ljava/lang/Object;[Ljava/lang/Object;)Z @ 62
Event: 90.231 Thread 0x000000000bc18800 Uncommon trap: reason=bimorphic action=maybe_recompile pc=0x000000000365ea1c method=java.util.Arrays.equals([Ljava/lang/Object;[Ljava/lang/Object;)Z @ 62
Event: 90.250 Thread 0x000000000bc18800 Uncommon trap: reason=unreached action=reinterpret pc=0x00000000034de44c method=java.lang.ref.ReferenceQueue.poll()Ljava/lang/ref/Reference; @ 4
Event: 91.354 Thread 0x000000000bc18800 Uncommon trap: reason=bimorphic action=maybe_recompile pc=0x000000000365ea1c method=java.util.Arrays.equals([Ljava/lang/Object;[Ljava/lang/Object;)Z @ 62
Event: 91.400 Thread 0x000000000bc18800 Uncommon trap: reason=bimorphic action=maybe_recompile pc=0x000000000365ea1c method=java.util.Arrays.equals([Ljava/lang/Object;[Ljava/lang/Object;)Z @ 62
Event: 91.410 Thread 0x000000000bc18800 Uncommon trap: reason=class_check action=maybe_recompile pc=0x000000000355ee84 method=java.util.Hashtable.put(Ljava/lang/Object;Ljava/lang/Object;)Ljava/lang/Object; @ 61
Event: 91.410 Thread 0x000000000bc18800 Uncommon trap: reason=class_check action=maybe_recompile pc=0x000000000355ee84 method=java.util.Hashtable.put(Ljava/lang/Object;Ljava/lang/Object;)Ljava/lang/Object; @ 61
Event: 91.685 Thread 0x000000000bc18800 Uncommon trap: reason=unreached action=reinterpret pc=0x00000000035a6a80 method=java.lang.ThreadLocal.get()Ljava/lang/Object; @ 11
Event: 91.742 Thread 0x000000000bc18800 Uncommon trap: reason=unreached action=reinterpret pc=0x000000000362f69c method=java.security.CodeSource.getCertificates()[Ljava/security/cert/Certificate; @ 22
Event: 92.038 Thread 0x000000000bc18800 Uncommon trap: reason=unreached action=reinterpret pc=0x0000000003503500 method=java.lang.Integer.parseInt(Ljava/lang/String;I)I @ 1

Internal exceptions (10 events):
Event: 92.031 Thread 0x000000000bc18800 Threw 0x00000000f0264580 at C:\re\jdk7u79\2331\hotspot\src\share\vm\prims\jvm.cpp:1304
Event: 92.031 Thread 0x000000000bc18800 Threw 0x00000000f0265848 at C:\re\jdk7u79\2331\hotspot\src\share\vm\prims\jvm.cpp:1304
Event: 92.031 Thread 0x000000000bc18800 Threw 0x00000000f026b368 at C:\re\jdk7u79\2331\hotspot\src\share\vm\prims\jvm.cpp:1304
Event: 92.033 Thread 0x000000000bc18800 Threw 0x00000000f0274b70 at C:\re\jdk7u79\2331\hotspot\src\share\vm\prims\jvm.cpp:1304
Event: 92.033 Thread 0x000000000bc18800 Threw 0x00000000f0275d80 at C:\re\jdk7u79\2331\hotspot\src\share\vm\prims\jvm.cpp:1304
Event: 92.033 Thread 0x000000000bc18800 Threw 0x00000000f027ab40 at C:\re\jdk7u79\2331\hotspot\src\share\vm\prims\jvm.cpp:1304
Event: 92.035 Thread 0x000000000bc18800 Threw 0x00000000f02847c0 at C:\re\jdk7u79\2331\hotspot\src\share\vm\prims\jvm.cpp:1304
Event: 92.035 Thread 0x000000000bc18800 Threw 0x00000000f0285aa0 at C:\re\jdk7u79\2331\hotspot\src\share\vm\prims\jvm.cpp:1304
Event: 92.035 Thread 0x000000000bc18800 Threw 0x00000000f028b740 at C:\re\jdk7u79\2331\hotspot\src\share\vm\prims\jvm.cpp:1304
Event: 92.038 Thread 0x000000000bc18800 Implicit null exception at 0x0000000003503212 to 0x00000000035034f1

Events (10 events):
Event: 92.038 loading class 0x000000000ed1afd0 done
Event: 92.038 Thread 0x000000000bc18800 Uncommon trap: trap_request=0xffffffad fr.pc=0x0000000003503500
Event: 92.038 Thread 0x000000000bc18800 DEOPT PACKING pc=0x0000000003503500 sp=0x000000000dea78a0
Event: 92.038 Thread 0x000000000bc18800 DEOPT UNPACKING pc=0x00000000033275a4 sp=0x000000000dea7828 mode 2
Event: 92.038 loading class 0x000000000ed1b030
Event: 92.038 loading class 0x000000000ed1b030 done
Event: 92.038 loading class 0x000000000ed1b000
Event: 92.038 loading class 0x000000000ed1b000 done
Event: 92.038 loading class 0x000000000bc1c2f0
Event: 92.038 loading class 0x000000000bc1c2f0 done


Dynamic libraries:
0x00007ff60b550000 - 0x00007ff60b583000 	C:\Program Files\Java\jdk1.7.0_79\bin\java.exe
0x00007ffe34b10000 - 0x00007ffe34cd1000 	C:\WINDOWS\SYSTEM32\ntdll.dll
0x00007ffe327b0000 - 0x00007ffe3285d000 	C:\WINDOWS\system32\KERNEL32.DLL
0x00007ffe32000000 - 0x00007ffe321dd000 	C:\WINDOWS\system32\KERNELBASE.dll
0x00007ffe349b0000 - 0x00007ffe34a56000 	C:\WINDOWS\system32\ADVAPI32.dll
0x00007ffe32200000 - 0x00007ffe3229d000 	C:\WINDOWS\system32\msvcrt.dll
0x00007ffe347c0000 - 0x00007ffe3481b000 	C:\WINDOWS\system32\sechost.dll
0x00007ffe34880000 - 0x00007ffe349a6000 	C:\WINDOWS\system32\RPCRT4.dll
0x00007ffe34570000 - 0x00007ffe346be000 	C:\WINDOWS\system32\USER32.dll
0x00007ffe32360000 - 0x00007ffe324e6000 	C:\WINDOWS\system32\GDI32.dll
0x00007ffe214f0000 - 0x00007ffe21764000 	C:\WINDOWS\WinSxS\amd64_microsoft.windows.common-controls_6595b64144ccf1df_6.0.10240.16384_none_f41f7b285750ef43\COMCTL32.dll
0x00007ffe346c0000 - 0x00007ffe346f6000 	C:\WINDOWS\system32\IMM32.DLL
0x00007ffe32b60000 - 0x00007ffe32cbc000 	C:\WINDOWS\system32\MSCTF.dll
0x0000000180000000 - 0x00000001800e7000 	C:\Program Files (x86)\MacType\MacType64.dll
0x00007ffe1db00000 - 0x00007ffe1db21000 	C:\Program Files (x86)\MacType\EasyHK64.dll
0x00007ffe32570000 - 0x00007ffe32578000 	C:\WINDOWS\system32\PSAPI.DLL
0x00000000618e0000 - 0x00000000619b2000 	C:\Program Files\Java\jdk1.7.0_79\jre\bin\msvcr100.dll
0x0000000061cd0000 - 0x00000000624a5000 	C:\Program Files\Java\jdk1.7.0_79\jre\bin\server\jvm.dll
0x00007ffe2fbf0000 - 0x00007ffe2fbf9000 	C:\WINDOWS\SYSTEM32\WSOCK32.dll
0x0000000002950000 - 0x00000000029b9000 	C:\WINDOWS\system32\WS2_32.dll
0x00000000029c0000 - 0x00000000029c8000 	C:\WINDOWS\system32\NSI.dll
0x00007ffe2f5f0000 - 0x00007ffe2f613000 	C:\WINDOWS\SYSTEM32\WINMM.dll
0x00007ffe2f5a0000 - 0x00007ffe2f5cc000 	C:\WINDOWS\SYSTEM32\WINMMBASE.dll
0x00007ffe31640000 - 0x00007ffe31684000 	C:\WINDOWS\system32\cfgmgr32.dll
0x00007ffe2fe20000 - 0x00007ffe2fe47000 	C:\WINDOWS\SYSTEM32\DEVOBJ.dll
0x0000000064a00000 - 0x0000000064a0f000 	C:\Program Files\Java\jdk1.7.0_79\jre\bin\verify.dll
0x00000000649d0000 - 0x00000000649f8000 	C:\Program Files\Java\jdk1.7.0_79\jre\bin\java.dll
0x00000000649b0000 - 0x00000000649c5000 	C:\Program Files\Java\jdk1.7.0_79\jre\bin\zip.dll
0x0000000064990000 - 0x00000000649aa000 	C:\Program Files\Java\jdk1.7.0_79\jre\bin\net.dll
0x0000000002e10000 - 0x0000000002e88000 	C:\windows\system32\ASProxy64.dll
0x00007ffe32660000 - 0x00007ffe327a1000 	C:\WINDOWS\system32\ole32.dll
0x00007ffe32870000 - 0x00007ffe32aec000 	C:\WINDOWS\system32\combase.dll
0x00007ffe34700000 - 0x00007ffe347be000 	C:\WINDOWS\system32\OLEAUT32.dll
0x00007ffe30db0000 - 0x00007ffe30e0d000 	C:\WINDOWS\SYSTEM32\MSWSOCK.dll
0x00007ffe30300000 - 0x00007ffe30338000 	C:\WINDOWS\SYSTEM32\IPHLPAPI.DLL
0x00007ffe302e0000 - 0x00007ffe302ea000 	C:\WINDOWS\SYSTEM32\VERSION.dll
0x00007ffe302f0000 - 0x00007ffe302fb000 	C:\WINDOWS\SYSTEM32\WINNSI.DLL
0x00007ffe31160000 - 0x00007ffe3118c000 	C:\WINDOWS\SYSTEM32\SspiCli.dll
0x00007ffe315d0000 - 0x00007ffe315df000 	C:\WINDOWS\system32\kernel.appcore.dll
0x00007ffe31360000 - 0x00007ffe313cb000 	C:\WINDOWS\SYSTEM32\bcryptPrimitives.dll
0x00007ffe2fd80000 - 0x00007ffe2fe16000 	C:\WINDOWS\system32\uxtheme.dll
0x00007ffe20e50000 - 0x00007ffe20ef2000 	C:\Program Files\Common Files\microsoft shared\ink\tiptsf.dll
0x00007ffe34a60000 - 0x00007ffe34b05000 	C:\WINDOWS\system32\clbcatq.dll
0x00007ffe30e10000 - 0x00007ffe30e27000 	C:\WINDOWS\SYSTEM32\cryptsp.dll
0x00007ffe31470000 - 0x00007ffe31498000 	C:\WINDOWS\SYSTEM32\bcrypt.dll
0x00007ffe30a60000 - 0x00007ffe30a93000 	C:\WINDOWS\system32\rsaenh.dll
0x00007ffe30f80000 - 0x00007ffe30f8b000 	C:\WINDOWS\SYSTEM32\CRYPTBASE.dll
0x00007ffe313d0000 - 0x00007ffe31468000 	C:\WINDOWS\SYSTEM32\sxs.dll
0x0000000064970000 - 0x0000000064981000 	C:\Program Files\Java\jdk1.7.0_79\jre\bin\nio.dll
0x00007ffe1feb0000 - 0x00007ffe1fec2000 	C:\Users\David\.gradle\native\19\windows-amd64\native-platform.dll
0x00007ffe34820000 - 0x00007ffe34871000 	C:\WINDOWS\system32\SHLWAPI.dll
0x00007ffe2aa50000 - 0x00007ffe2aa66000 	C:\WINDOWS\SYSTEM32\dhcpcsvc6.DLL
0x00007ffe2c0a0000 - 0x00007ffe2c0ba000 	C:\WINDOWS\SYSTEM32\dhcpcsvc.DLL
0x00007ffe30b90000 - 0x00007ffe30baf000 	C:\WINDOWS\SYSTEM32\USERENV.dll
0x00007ffe31540000 - 0x00007ffe31553000 	C:\WINDOWS\system32\profapi.dll
0x0000000061ad0000 - 0x0000000061adb000 	C:\Program Files\Java\jdk1.7.0_79\jre\bin\management.dll
0x0000000061a00000 - 0x0000000061a24000 	C:\Program Files\Java\jdk1.7.0_79\jre\bin\sunec.dll
0x00000000619f0000 - 0x00000000619fb000 	C:\Program Files\Java\jdk1.7.0_79\jre\bin\sunmscapi.dll
0x0000000010260000 - 0x0000000010421000 	C:\WINDOWS\system32\CRYPT32.dll
0x00007ffe315b0000 - 0x00007ffe315c1000 	C:\WINDOWS\system32\MSASN1.dll
0x00007ffe30bb0000 - 0x00007ffe30c58000 	C:\WINDOWS\SYSTEM32\DNSAPI.dll
0x00007ffe23fc0000 - 0x00007ffe23fca000 	C:\Windows\System32\rasadhlp.dll
0x00007ffe2a670000 - 0x00007ffe2a6d8000 	C:\WINDOWS\System32\fwpuclnt.dll
0x00007ffe2a6e0000 - 0x00007ffe2a86a000 	C:\WINDOWS\SYSTEM32\dbghelp.dll

VM Arguments:
jvm_args: -XX:MaxPermSize=256m -XX:+HeapDumpOnOutOfMemoryError -Xmx1024m -Dfile.encoding=GBK -Duser.country=CN -Duser.language=zh -Duser.variant 
java_command: org.gradle.launcher.daemon.bootstrap.GradleDaemon 2.4 C:\Users\David\.gradle C:\Users\David\.gradle\daemon 10800000 31d8d768-0913-4665-981d-93d2642bd630 -XX:MaxPermSize=256m -XX:+HeapDumpOnOutOfMemoryError -Xmx1024m -Dfile.encoding=GBK -Duser.country=CN -Duser.language=zh -Duser.variant
Launcher Type: SUN_STANDARD

Environment Variables:
JAVA_HOME=C:\Program Files\Java\jdk1.7.0_79
CLASSPATH=.;C:\Program Files (x86)\QuickTime\QTSystem\QTJava.zip
PATH=C:\Program Files (x86)\MacType\;C:\WINDOWS\system32;C:\WINDOWS;C:\WINDOWS\System32\Wbem;C:\WINDOWS\System32\WindowsPowerShell\v1.0\;C:\Program Files\nodejs\;C:\Program Files (x86)\Microsoft SQL Server\100\Tools\Binn\;C:\Program Files\Microsoft SQL Server\100\Tools\Binn\;C:\Program Files\Microsoft SQL Server\100\DTS\Binn\;C:\Program Files (x86)\QuickTime\QTSystem\;C:\Users\David\AppData\Roaming\npm;C:\Program Files\nodejs;C:\Users\David\AppData\Local\.meteor\;C:\Program Files\Java\jdk1.7.0_79\bin;C:\Program Files\Java\jdk1.7.0_79\jre\bin;;C:\Program Files (x86)\MacType
USERNAME=David
OS=Windows_NT
PROCESSOR_IDENTIFIER=Intel64 Family 6 Model 69 Stepping 1, GenuineIntel



---------------  S Y S T E M  ---------------

OS: Windows 8.1 , 64 bit Build 9600 

CPU:total 4 (2 cores per cpu, 2 threads per core) family 6 model 69 stepping 1, cmov, cx8, fxsr, mmx, sse, sse2, sse3, ssse3, sse4.1, sse4.2, popcnt, avx, avx2, aes, erms, ht, tsc, tscinvbit

Memory: 4k page, physical 8291400k(3254268k free), swap 15893576k(8371672k free)

vm_info: Java HotSpot(TM) 64-Bit Server VM (24.79-b02) for windows-amd64 JRE (1.7.0_79-b15), built on Apr 10 2015 12:36:16 by "java_re" with unknown MS VC++:1600

time: Sat Aug 15 20:19:36 2015
elapsed time: 92 seconds

