#
# A fatal error has been detected by the Java Runtime Environment:
#
#  EXCEPTION_ILLEGAL_INSTRUCTION (0xc000001d) at pc=0x000000000bc9cd07, pid=10424, tid=11492
#
# JRE version: Java(TM) SE Runtime Environment (7.0_79-b15) (build 1.7.0_79-b15)
# Java VM: Java HotSpot(TM) 64-Bit Server VM (24.79-b02 mixed mode windows-amd64 compressed oops)
# Problematic frame:
# C  [ASProxy64.dll+0x2cd07]
#
# Failed to write core dump. Minidumps are not enabled by default on client versions of Windows
#
# If you would like to submit a bug report, please visit:
#   http://bugreport.java.com/bugreport/crash.jsp
# The crash happened outside the Java Virtual Machine in native code.
# See problematic frame for where to report the bug.
#

---------------  T H R E A D  ---------------

Current thread (0x000000000b9cf800):  JavaThread "Daemon worker" [_thread_in_native, id=11492, stack(0x000000000cda0000,0x000000000cea0000)]

siginfo: ExceptionCode=0xc000001d

Registers:
RAX=0x0000000000000000, RBX=0x0000000000e44450, RCX=0x0000000000e44444, RDX=0x000000000ce94a98
RSP=0x000000000ce94aa0, RBP=0x0000000000000000, RSI=0x000000000d1efcc8, RDI=0x0000000000000000
R8 =0x000000000bcdeb38, R9 =0x0000000000000000, R10=0x0000000000000000, R11=0x0000000000000064
R12=0x000000000d1efd38, R13=0x000000000ce94cb8, R14=0x000000000e46dbb0, R15=0x0000000000000004
RIP=0x000000000bc9cd07, EFLAGS=0x0000000000010246

Top of Stack: (sp=0x000000000ce94aa0)
0x000000000ce94aa0:   0000000000000000 000000000ce900e8
0x000000000ce94ab0:   fffffffffffffffe 000000000e46dba0
0x000000000ce94ac0:   000000000b9cf9e8 000000000bc9dbf2
0x000000000ce94ad0:   000000000bcdeac0 0000000000e44450
0x000000000ce94ae0:   000000000bdb72d0 000000000bdb72d0
0x000000000ce94af0:   000000000e46dbb0 0000000000000000
0x000000000ce94b00:   fffffffffffffffe 0000000000000000
0x000000000ce94b10:   000000000b9cf800 000000000bc9db42
0x000000000ce94b20:   0000000000e44450 0000000000e44450
0x000000000ce94b30:   000000000b9cf9e8 0000000061948d94
0x000000000ce94b40:   0000000000000000 000000000d1efcc8
0x000000000ce94b50:   0000000000000004 000000000e408960
0x000000000ce94b60:   000000000b9cf9e8 0000000064993766
0x000000000ce94b70:   0000000000e44450 000000000b9cf9e8
0x000000000ce94b80:   000000000e408960 000000000d1efcc8
0x000000000ce94b90:   0000000000000001 0000000000e44450 

Instructions: (pc=0x000000000bc9cd07)
0x000000000bc9cce7:   00 00 00 00 fb 44 f0 02 00 00 00 00 53 48 83 ec
0x000000000bc9ccf7:   20 48 8b d9 48 89 7c 24 ff 25 00 00 00 00 b1 44
0x000000000bc9cd07:   f0 02 00 00 00 00 89 04 24 8b 44 24 04 0f af 04
0x000000000bc9cd17:   24 83 c0 02 89 04 24 8b 44 24 04 0f af 04 24 83 


Register to memory mapping:

RAX=0x0000000000000000 is an unknown value
RBX=0x0000000000e44450 is an unknown value
RCX=0x0000000000e44444 is an unknown value
RDX=0x000000000ce94a98 is pointing into the stack for thread: 0x000000000b9cf800
RSP=0x000000000ce94aa0 is pointing into the stack for thread: 0x000000000b9cf800
RBP=0x0000000000000000 is an unknown value
RSI=0x000000000d1efcc8 is an unknown value
RDI=0x0000000000000000 is an unknown value
R8 =0x000000000bcdeb38 is an unknown value
R9 =0x0000000000000000 is an unknown value
R10=0x0000000000000000 is an unknown value
R11=0x0000000000000064 is an unknown value
R12=0x000000000d1efd38 is an unknown value
R13=0x000000000ce94cb8 is pointing into the stack for thread: 0x000000000b9cf800
R14=0x000000000e46dbb0 is an unknown value
R15=0x0000000000000004 is an unknown value


Stack: [0x000000000cda0000,0x000000000cea0000],  sp=0x000000000ce94aa0,  free space=978k
Native frames: (J=compiled Java code, j=interpreted, Vv=VM code, C=native code)
C  [ASProxy64.dll+0x2cd07]

[error occurred during error reporting (printing native stack), id 0xc0000005]

Java frames: (J=compiled Java code, j=interpreted, Vv=VM code)
j  java.net.Inet6AddressImpl.lookupAllHostAddr(Ljava/lang/String;)[Ljava/net/InetAddress;+0
j  java.net.InetAddress$1.lookupAllHostAddr(Ljava/lang/String;)[Ljava/net/InetAddress;+4
j  java.net.InetAddress.getAddressesFromNameService(Ljava/lang/String;Ljava/net/InetAddress;)[Ljava/net/InetAddress;+51
j  java.net.InetAddress.getLocalHost()Ljava/net/InetAddress;+90
j  javax.crypto.JarVerifier.getSystemEntropy()[B+86
j  javax.crypto.JarVerifier.testSignatures(Ljava/security/cert/X509Certificate;Ljava/security/cert/CertificateFactory;)V+3
j  javax.crypto.JarVerifier.access$400(Ljava/security/cert/X509Certificate;Ljava/security/cert/CertificateFactory;)V+2
j  javax.crypto.JarVerifier$1.run()Ljava/lang/Void;+71
j  javax.crypto.JarVerifier$1.run()Ljava/lang/Object;+1
v  ~StubRoutines::call_stub
j  java.security.AccessController.doPrivileged(Ljava/security/PrivilegedExceptionAction;)Ljava/lang/Object;+0
j  javax.crypto.JarVerifier.<clinit>()V+7
v  ~StubRoutines::call_stub
j  javax.crypto.JceSecurity.loadPolicies(Ljava/io/File;Ljavax/crypto/CryptoPermissions;Ljavax/crypto/CryptoPermissions;)V+146
j  javax.crypto.JceSecurity.setupJurisdictionPolicies()V+130
j  javax.crypto.JceSecurity.access$000()V+0
j  javax.crypto.JceSecurity$1.run()Ljava/lang/Object;+0
v  ~StubRoutines::call_stub
j  java.security.AccessController.doPrivileged(Ljava/security/PrivilegedExceptionAction;)Ljava/lang/Object;+0
j  javax.crypto.JceSecurity.<clinit>()V+49
v  ~StubRoutines::call_stub
j  javax.crypto.KeyAgreement.getInstance(Ljava/lang/String;)Ljavax/crypto/KeyAgreement;+37
j  sun.security.ssl.JsseJce.getKeyAgreement(Ljava/lang/String;)Ljavax/crypto/KeyAgreement;+7
j  sun.security.ssl.JsseJce.isEcAvailable()Z+20
j  sun.security.ssl.CipherSuite$KeyExchange.isAvailable()Z+28
j  sun.security.ssl.CipherSuite.isAvailable()Z+11
j  sun.security.ssl.SSLContextImpl.getApplicableCipherSuiteList(Lsun/security/ssl/ProtocolList;Z)Lsun/security/ssl/CipherSuiteList;+105
j  sun.security.ssl.SSLContextImpl.getDefaultCipherSuiteList(Z)Lsun/security/ssl/CipherSuiteList;+55
j  sun.security.ssl.SSLSocketImpl.init(Lsun/security/ssl/SSLContextImpl;Z)V+88
j  sun.security.ssl.SSLSocketImpl.<init>(Lsun/security/ssl/SSLContextImpl;)V+77
j  sun.security.ssl.SSLSocketFactoryImpl.createSocket()Ljava/net/Socket;+8
j  org.apache.http.conn.ssl.SSLSocketFactory.createSocket(Lorg/apache/http/params/HttpParams;)Ljava/net/Socket;+4
j  org.apache.http.impl.conn.DefaultClientConnectionOperator.openConnection(Lorg/apache/http/conn/OperatedClientConnection;Lorg/apache/http/HttpHost;Ljava/net/InetAddress;Lorg/apache/http/protocol/HttpContext;Lorg/apache/http/params/HttpParams;)V+142
j  org.apache.http.impl.conn.ManagedClientConnectionImpl.open(Lorg/apache/http/conn/routing/HttpRoute;Lorg/apache/http/protocol/HttpContext;Lorg/apache/http/params/HttpParams;)V+133
j  org.apache.http.impl.client.DefaultRequestDirector.tryConnect(Lorg/apache/http/impl/client/RoutedRequest;Lorg/apache/http/protocol/HttpContext;)V+49
j  org.apache.http.impl.client.DefaultRequestDirector.execute(Lorg/apache/http/HttpHost;Lorg/apache/http/HttpRequest;Lorg/apache/http/protocol/HttpContext;)Lorg/apache/http/HttpResponse;+367
j  org.apache.http.impl.client.AbstractHttpClient.execute(Lorg/apache/http/HttpHost;Lorg/apache/http/HttpRequest;Lorg/apache/http/protocol/HttpContext;)Lorg/apache/http/HttpResponse;+344
j  org.apache.http.impl.client.DecompressingHttpClient.execute(Lorg/apache/http/HttpHost;Lorg/apache/http/HttpRequest;Lorg/apache/http/protocol/HttpContext;)Lorg/apache/http/HttpResponse;+65
j  org.apache.http.impl.client.DecompressingHttpClient.execute(Lorg/apache/http/client/methods/HttpUriRequest;Lorg/apache/http/protocol/HttpContext;)Lorg/apache/http/HttpResponse;+8
j  org.gradle.internal.resource.transport.http.HttpClientHelper.performHttpRequest(Lorg/apache/http/client/methods/HttpRequestBase;)Lorg/apache/http/HttpResponse;+37
j  org.gradle.internal.resource.transport.http.HttpClientHelper.executeGetOrHead(Lorg/apache/http/client/methods/HttpRequestBase;)Lorg/apache/http/HttpResponse;+2
j  org.gradle.internal.resource.transport.http.HttpClientHelper.performRequest(Lorg/apache/http/client/methods/HttpRequestBase;)Lorg/apache/http/HttpResponse;+7
j  org.gradle.internal.resource.transport.http.HttpClientHelper.performRawGet(Ljava/lang/String;)Lorg/apache/http/HttpResponse;+9
j  org.gradle.internal.resource.transport.http.HttpClientHelper.performGet(Ljava/lang/String;)Lorg/apache/http/HttpResponse;+6
j  org.gradle.internal.resource.transport.http.HttpResourceAccessor.openResource(Ljava/net/URI;)Lorg/gradle/internal/resource/transport/http/HttpResponseResource;+25
j  org.gradle.internal.resource.transport.http.HttpResourceAccessor.openResource(Ljava/net/URI;)Lorg/gradle/internal/resource/transfer/ExternalResourceReadResponse;+2
j  org.gradle.internal.resource.transfer.DefaultExternalResourceConnector.openResource(Ljava/net/URI;)Lorg/gradle/internal/resource/transfer/ExternalResourceReadResponse;+5
j  org.gradle.internal.resource.transport.DefaultExternalResourceRepository.getResource(Ljava/net/URI;)Lorg/gradle/internal/resource/ExternalResource;+5
j  org.gradle.api.internal.artifacts.repositories.resolver.MavenMetadataLoader.parseMavenMetadataInfo(Ljava/net/URI;Lorg/gradle/api/internal/artifacts/repositories/resolver/MavenMetadata;)V+5
j  org.gradle.api.internal.artifacts.repositories.resolver.MavenMetadataLoader.load(Ljava/net/URI;)Lorg/gradle/api/internal/artifacts/repositories/resolver/MavenMetadata;+11
j  org.gradle.api.internal.artifacts.repositories.resolver.MavenResolver.parseMavenMetadata(Ljava/net/URI;)Lorg/gradle/api/internal/artifacts/repositories/resolver/MavenMetadata;+5
j  org.gradle.api.internal.artifacts.repositories.resolver.MavenResolver.findUniqueSnapshotVersion(Lorg/gradle/api/artifacts/component/ModuleComponentIdentifier;Lorg/gradle/internal/resolve/result/ResourceAwareResolveResult;)Lorg/gradle/api/internal/artifacts/repositories/resolver/MavenUniqueSnapshotModuleSource;+26
j  org.gradle.api.internal.artifacts.repositories.resolver.MavenResolver.doResolveComponentMetaData(Lorg/gradle/internal/component/model/DependencyMetaData;Lorg/gradle/api/artifacts/component/ModuleComponentIdentifier;Lorg/gradle/internal/resolve/result/BuildableModuleComponentMetaDataResolveResult;)V+11
j  org.gradle.api.internal.artifacts.repositories.resolver.ExternalResourceResolver$RemoteRepositoryAccess.resolveComponentMetaData(Lorg/gradle/internal/component/model/DependencyMetaData;Lorg/gradle/api/artifacts/component/ModuleComponentIdentifier;Lorg/gradle/internal/resolve/result/BuildableModuleComponentMetaDataResolveResult;)V+7
j  org.gradle.api.internal.artifacts.ivyservice.ivyresolve.CacheLockReleasingModuleComponentsRepository$LockReleasingRepositoryAccess$2.run()V+19
j  org.gradle.internal.Factories$1.create()Ljava/lang/Object;+4
j  org.gradle.cache.internal.DefaultCacheAccess.longRunningOperation(Ljava/lang/String;Lorg/gradle/internal/Factory;)Ljava/lang/Object;+7
j  org.gradle.cache.internal.DefaultCacheAccess.longRunningOperation(Ljava/lang/String;Ljava/lang/Runnable;)V+6
j  org.gradle.cache.internal.DefaultPersistentDirectoryStore.longRunningOperation(Ljava/lang/String;Ljava/lang/Runnable;)V+6
j  org.gradle.cache.internal.DefaultCacheFactory$ReferenceTrackingCache.longRunningOperation(Ljava/lang/String;Ljava/lang/Runnable;)V+9
j  org.gradle.api.internal.artifacts.ivyservice.DefaultCacheLockingManager.longRunningOperation(Ljava/lang/String;Ljava/lang/Runnable;)V+6
j  org.gradle.api.internal.artifacts.ivyservice.ivyresolve.CacheLockReleasingModuleComponentsRepository$LockReleasingRepositoryAccess.resolveComponentMetaData(Lorg/gradle/internal/component/model/DependencyMetaData;Lorg/gradle/api/artifacts/component/ModuleComponentIdentifier;Lorg/gradle/internal/resolve/result/BuildableModuleComponentMetaDataResolveResult;)V+35
j  org.gradle.api.internal.artifacts.ivyservice.ivyresolve.CachingModuleComponentRepository$ResolveAndCacheRepositoryAccess.resolveComponentMetaData(Lorg/gradle/internal/component/model/DependencyMetaData;Lorg/gradle/api/artifacts/component/ModuleComponentIdentifier;Lorg/gradle/internal/resolve/result/BuildableModuleComponentMetaDataResolveResult;)V+24
j  org.gradle.api.internal.artifacts.ivyservice.ivyresolve.BaseModuleComponentRepositoryAccess.resolveComponentMetaData(Lorg/gradle/internal/component/model/DependencyMetaData;Lorg/gradle/api/artifacts/component/ModuleComponentIdentifier;Lorg/gradle/internal/resolve/result/BuildableModuleComponentMetaDataResolveResult;)V+7
j  org.gradle.api.internal.artifacts.ivyservice.ivyresolve.memcache.InMemoryCachedModuleComponentRepository$CachedAccess.resolveComponentMetaData(Lorg/gradle/internal/component/model/DependencyMetaData;Lorg/gradle/api/artifacts/component/ModuleComponentIdentifier;Lorg/gradle/internal/resolve/result/BuildableModuleComponentMetaDataResolveResult;)V+16
j  org.gradle.api.internal.artifacts.ivyservice.ivyresolve.ErrorHandlingModuleComponentRepository$ErrorHandlingModuleComponentRepositoryAccess.resolveComponentMetaData(Lorg/gradle/internal/component/model/DependencyMetaData;Lorg/gradle/api/artifacts/component/ModuleComponentIdentifier;Lorg/gradle/internal/resolve/result/BuildableModuleComponentMetaDataResolveResult;)V+7
j  org.gradle.api.internal.artifacts.ivyservice.ivyresolve.ComponentMetaDataResolveState.process(Lorg/gradle/api/internal/artifacts/ivyservice/ivyresolve/ModuleComponentRepositoryAccess;)V+13
j  org.gradle.api.internal.artifacts.ivyservice.ivyresolve.ComponentMetaDataResolveState.resolve()Lorg/gradle/internal/resolve/result/BuildableModuleComponentMetaDataResolveResult;+77
j  org.gradle.api.internal.artifacts.ivyservice.ivyresolve.RepositoryChainDependencyResolver.findBestMatch(Ljava/util/LinkedList;Ljava/util/Collection;Ljava/util/Collection;)Lorg/gradle/api/internal/artifacts/ivyservice/ivyresolve/RepositoryChainModuleResolution;+21
j  org.gradle.api.internal.artifacts.ivyservice.ivyresolve.RepositoryChainDependencyResolver.findBestMatch(Ljava/util/List;Ljava/util/Collection;)Lorg/gradle/api/internal/artifacts/ivyservice/ivyresolve/RepositoryChainModuleResolution;+28
j  org.gradle.api.internal.artifacts.ivyservice.ivyresolve.RepositoryChainDependencyResolver.resolve(Lorg/gradle/internal/component/model/DependencyMetaData;Lorg/gradle/internal/resolve/result/BuildableComponentResolveResult;)V+159
j  org.gradle.api.internal.artifacts.ivyservice.ivyresolve.RepositoryChainAdapter.resolve(Lorg/gradle/internal/component/model/DependencyMetaData;Lorg/gradle/api/artifacts/component/ComponentIdentifier;Lorg/gradle/internal/resolve/result/BuildableComponentResolveResult;)V+64
j  org.gradle.api.internal.artifacts.ivyservice.clientmodule.ClientModuleResolver.resolve(Lorg/gradle/internal/component/model/DependencyMetaData;Lorg/gradle/api/artifacts/component/ComponentIdentifier;Lorg/gradle/internal/resolve/result/BuildableComponentResolveResult;)V+7
j  org.gradle.api.internal.artifacts.ivyservice.resolveengine.graph.DependencyGraphBuilder$ModuleVersionResolveState.resolve()V+89
j  org.gradle.api.internal.artifacts.ivyservice.resolveengine.graph.DependencyGraphBuilder$ModuleVersionResolveState.getMetaData()Lorg/gradle/internal/component/model/ComponentResolveMetaData;+8
j  org.gradle.api.internal.artifacts.ivyservice.resolveengine.graph.DependencyGraphBuilder$DependencyEdge.calculateTargetConfigurations()V+13
j  org.gradle.api.internal.artifacts.ivyservice.resolveengine.graph.DependencyGraphBuilder$DependencyEdge.attachToTargetConfigurations()V+15
j  org.gradle.api.internal.artifacts.ivyservice.resolveengine.graph.DependencyGraphBuilder.traverseGraph(Lorg/gradle/api/internal/artifacts/ivyservice/resolveengine/graph/DependencyGraphBuilder$ResolveState;Lorg/gradle/api/internal/artifacts/ivyservice/resolveengine/graph/conflicts/ConflictHandler;)V+229
j  org.gradle.api.internal.artifacts.ivyservice.resolveengine.graph.DependencyGraphBuilder.resolveDependencyGraph(Lorg/gradle/api/internal/artifacts/configurations/ConfigurationInternal;Lorg/gradle/api/internal/artifacts/ivyservice/resolveengine/graph/DependencyGraphVisitor;)V+94
j  org.gradle.api.internal.artifacts.ivyservice.resolveengine.graph.DependencyGraphBuilder.resolve(Lorg/gradle/api/internal/artifacts/configurations/ConfigurationInternal;Lorg/gradle/api/internal/artifacts/ivyservice/resolveengine/result/ResolutionResultBuilder;Lorg/gradle/api/internal/artifacts/ivyservice/resolveengine/oldresult/ResolvedConfigurationBuilder;Lorg/gradle/api/internal/artifacts/ivyservice/resolveengine/projectresult/ResolvedProjectConfigurationResultBuilder;)V+67
j  org.gradle.api.internal.artifacts.ivyservice.resolveengine.DefaultDependencyResolver$1.execute(Lorg/apache/ivy/Ivy;)V+325
j  org.gradle.api.internal.artifacts.ivyservice.resolveengine.DefaultDependencyResolver$1.execute(Ljava/lang/Object;)V+5
j  org.gradle.internal.Transformers$4.transform(Ljava/lang/Object;)Ljava/lang/Object;+5
j  org.gradle.api.internal.artifacts.ivyservice.DefaultIvyContextManager.withIvy(Lorg/gradle/api/Transformer;)Ljava/lang/Object;+96
j  org.gradle.api.internal.artifacts.ivyservice.DefaultIvyContextManager.withIvy(Lorg/gradle/api/Action;)V+5
j  org.gradle.api.internal.artifacts.ivyservice.resolveengine.DefaultDependencyResolver.resolve(Lorg/gradle/api/internal/artifacts/configurations/ConfigurationInternal;Ljava/util/List;Lorg/gradle/api/internal/artifacts/GlobalDependencyResolutionRules;Lorg/gradle/api/internal/artifacts/ResolverResults;)V+28
j  org.gradle.api.internal.artifacts.ivyservice.CacheLockingArtifactDependencyResolver$1.run()V+23
j  org.gradle.internal.Factories$1.create()Ljava/lang/Object;+4
j  org.gradle.cache.internal.DefaultCacheAccess.useCache(Ljava/lang/String;Lorg/gradle/internal/Factory;)Ljava/lang/Object;+80
j  org.gradle.cache.internal.DefaultCacheAccess.useCache(Ljava/lang/String;Ljava/lang/Runnable;)V+6
j  org.gradle.cache.internal.DefaultPersistentDirectoryStore.useCache(Ljava/lang/String;Ljava/lang/Runnable;)V+6
j  org.gradle.cache.internal.DefaultCacheFactory$ReferenceTrackingCache.useCache(Ljava/lang/String;Ljava/lang/Runnable;)V+9
j  org.gradle.api.internal.artifacts.ivyservice.DefaultCacheLockingManager.useCache(Ljava/lang/String;Ljava/lang/Runnable;)V+6
j  org.gradle.api.internal.artifacts.ivyservice.CacheLockingArtifactDependencyResolver.resolve(Lorg/gradle/api/internal/artifacts/configurations/ConfigurationInternal;Ljava/util/List;Lorg/gradle/api/internal/artifacts/GlobalDependencyResolutionRules;Lorg/gradle/api/internal/artifacts/ResolverResults;)V+30
j  org.gradle.api.internal.artifacts.ivyservice.SelfResolvingDependencyResolver.resolve(Lorg/gradle/api/internal/artifacts/configurations/ConfigurationInternal;Ljava/util/List;Lorg/gradle/api/internal/artifacts/GlobalDependencyResolutionRules;Lorg/gradle/api/internal/artifacts/ResolverResults;)V+9
j  org.gradle.api.internal.artifacts.ivyservice.ShortcircuitEmptyConfigsArtifactDependencyResolver.resolve(Lorg/gradle/api/internal/artifacts/configurations/ConfigurationInternal;Ljava/util/List;Lorg/gradle/api/internal/artifacts/GlobalDependencyResolutionRules;Lorg/gradle/api/internal/artifacts/ResolverResults;)V+102
j  org.gradle.api.internal.artifacts.ivyservice.ErrorHandlingArtifactDependencyResolver.resolve(Lorg/gradle/api/internal/artifacts/configurations/ConfigurationInternal;Ljava/util/List;Lorg/gradle/api/internal/artifacts/GlobalDependencyResolutionRules;Lorg/gradle/api/internal/artifacts/ResolverResults;)V+9
j  org.gradle.api.internal.artifacts.ivyservice.DefaultConfigurationResolver.resolve(Lorg/gradle/api/internal/artifacts/configurations/ConfigurationInternal;)Lorg/gradle/api/internal/artifacts/ResolverResults;+33
j  org.gradle.api.internal.artifacts.configurations.DefaultConfiguration.resolveNow()V+40
j  org.gradle.api.internal.artifacts.configurations.DefaultConfiguration.getResolvedConfiguration()Lorg/gradle/api/artifacts/ResolvedConfiguration;+1
j  org.gradle.api.internal.artifacts.configurations.DefaultConfiguration_Decorated.getResolvedConfiguration()Lorg/gradle/api/artifacts/ResolvedConfiguration;+7
j  com.android.build.gradle.internal.DependencyManager.collectArtifacts(Lorg/gradle/api/artifacts/Configuration;Ljava/util/Map;)V+14
j  com.android.build.gradle.internal.DependencyManager.resolveDependencyForConfig(Lcom/android/build/gradle/internal/dependency/VariantDependencies;Lcom/android/build/gradle/internal/dependency/VariantDependencies;Lcom/google/common/collect/Multimap;)V+39
j  com.android.build.gradle.internal.DependencyManager.resolveDependencies(Lcom/android/build/gradle/internal/dependency/VariantDependencies;Lcom/android/build/gradle/internal/dependency/VariantDependencies;)V+8
j  com.android.build.gradle.internal.TaskManager.resolveDependencies(Lcom/android/build/gradle/internal/dependency/VariantDependencies;Lcom/android/build/gradle/internal/dependency/VariantDependencies;)V+6
j  com.android.build.gradle.internal.VariantManager$8.call()Ljava/lang/Void;+12
j  com.android.build.gradle.internal.VariantManager$8.call()Ljava/lang/Object;+1
j  com.android.builder.profile.ThreadRecorder$1.record(Lcom/android/builder/profile/ExecutionType;Lcom/android/builder/profile/Recorder$Block;[Lcom/android/builder/profile/Recorder$Property;)Ljava/lang/Object;+1
j  com.android.builder.profile.Recorder$record.call(Ljava/lang/Object;[Ljava/lang/Object;)Ljava/lang/Object;+31
j  org.codehaus.groovy.runtime.callsite.CallSiteArray.defaultCall(Lorg/codehaus/groovy/runtime/callsite/CallSite;Ljava/lang/Object;[Ljava/lang/Object;)Ljava/lang/Object;+8
j  org.codehaus.groovy.runtime.callsite.AbstractCallSite.call(Ljava/lang/Object;[Ljava/lang/Object;)Ljava/lang/Object;+3
j  org.codehaus.groovy.runtime.callsite.AbstractCallSite.call(Ljava/lang/Object;Ljava/lang/Object;Ljava/lang/Object;Ljava/lang/Object;)Ljava/lang/Object;+9
j  com.android.build.gradle.internal.profile.SpanRecorders.record(Lorg/gradle/api/Project;Lcom/android/builder/profile/ExecutionType;Lcom/android/builder/profile/Recorder$Block;[Lcom/android/builder/profile/Recorder$Property;)Ljava/lang/Object;+158
j  com.android.build.gradle.internal.VariantManager.createVariantData(Lcom/android/builder/model/BuildType;Ljava/util/List;)Lcom/android/build/gradle/internal/variant/BaseVariantData;+653
j  com.android.build.gradle.internal.VariantManager.createVariantDataForProductFlavors(Ljava/util/List;)V+180
j  com.android.build.gradle.internal.VariantManager.populateVariantDataList()V+23
j  com.android.build.gradle.internal.VariantManager.createAndroidTasks()V+43
j  com.android.build.gradle.BasePlugin$_createAndroidTasks_closure15.doCall(Ljava/lang/Object;)Ljava/lang/Object;+11
j  com.android.build.gradle.BasePlugin$_createAndroidTasks_closure15.doCall()Ljava/lang/Object;+2
v  ~StubRoutines::call_stub
j  sun.reflect.NativeMethodAccessorImpl.invoke0(Ljava/lang/reflect/Method;Ljava/lang/Object;[Ljava/lang/Object;)Ljava/lang/Object;+0
j  sun.reflect.NativeMethodAccessorImpl.invoke(Ljava/lang/Object;[Ljava/lang/Object;)Ljava/lang/Object;+87
j  sun.reflect.DelegatingMethodAccessorImpl.invoke(Ljava/lang/Object;[Ljava/lang/Object;)Ljava/lang/Object;+6
j  java.lang.reflect.Method.invoke(Ljava/lang/Object;[Ljava/lang/Object;)Ljava/lang/Object;+57
j  org.codehaus.groovy.reflection.CachedMethod.invoke(Ljava/lang/Object;[Ljava/lang/Object;)Ljava/lang/Object;+6
j  groovy.lang.MetaMethod.doMethodInvoke(Ljava/lang/Object;[Ljava/lang/Object;)Ljava/lang/Object;+9
j  org.codehaus.groovy.runtime.metaclass.ClosureMetaClass.invokeMethod(Ljava/lang/Class;Ljava/lang/Object;Ljava/lang/String;[Ljava/lang/Object;ZZ)Ljava/lang/Object;+241
j  groovy.lang.MetaClassImpl.invokeMethod(Ljava/lang/Object;Ljava/lang/String;[Ljava/lang/Object;)Ljava/lang/Object;+10
j  org.codehaus.groovy.runtime.callsite.PogoMetaClassSite.call(Ljava/lang/Object;[Ljava/lang/Object;)Ljava/lang/Object;+18
j  org.codehaus.groovy.runtime.callsite.CallSiteArray.defaultCall(Lorg/codehaus/groovy/runtime/callsite/CallSite;Ljava/lang/Object;[Ljava/lang/Object;)Ljava/lang/Object;+8
j  org.codehaus.groovy.runtime.callsite.PogoMetaClassSite.call(Ljava/lang/Object;[Ljava/lang/Object;)Ljava/lang/Object;+91
j  org.codehaus.groovy.runtime.callsite.AbstractCallSite.call(Ljava/lang/Object;)Ljava/lang/Object;+5
j  com.android.build.gradle.internal.profile.SpanRecorders$2.call()Ljava/lang/Object;+15
j  com.android.builder.profile.ThreadRecorder$1.record(Lcom/android/builder/profile/ExecutionType;Lcom/android/builder/profile/Recorder$Block;[Lcom/android/builder/profile/Recorder$Property;)Ljava/lang/Object;+1
v  ~StubRoutines::call_stub
j  sun.reflect.NativeMethodAccessorImpl.invoke0(Ljava/lang/reflect/Method;Ljava/lang/Object;[Ljava/lang/Object;)Ljava/lang/Object;+0
j  sun.reflect.NativeMethodAccessorImpl.invoke(Ljava/lang/Object;[Ljava/lang/Object;)Ljava/lang/Object;+87
j  sun.reflect.DelegatingMethodAccessorImpl.invoke(Ljava/lang/Object;[Ljava/lang/Object;)Ljava/lang/Object;+6
j  java.lang.reflect.Method.invoke(Ljava/lang/Object;[Ljava/lang/Object;)Ljava/lang/Object;+57
j  org.codehaus.groovy.runtime.callsite.PojoMetaMethodSite$PojoCachedMethodSite.invoke(Ljava/lang/Object;[Ljava/lang/Object;)Ljava/lang/Object;+19
j  org.codehaus.groovy.runtime.callsite.PojoMetaMethodSite.call(Ljava/lang/Object;[Ljava/lang/Object;)Ljava/lang/Object;+12
j  org.codehaus.groovy.runtime.callsite.AbstractCallSite.call(Ljava/lang/Object;Ljava/lang/Object;Ljava/lang/Object;Ljava/lang/Object;)Ljava/lang/Object;+9
j  com.android.build.gradle.internal.profile.SpanRecorders.record(Lorg/gradle/api/Project;Lcom/android/builder/profile/ExecutionType;Lgroovy/lang/Closure;)Ljava/lang/Object;+69
j  com.android.build.gradle.BasePlugin.createAndroidTasks(Z)V+276
j  com.android.build.gradle.BasePlugin$_createTasks_closure13_closure17.doCall(Ljava/lang/Object;)Ljava/lang/Object;+17
j  com.android.build.gradle.BasePlugin$_createTasks_closure13_closure17.doCall()Ljava/lang/Object;+2
v  ~StubRoutines::call_stub
j  sun.reflect.NativeMethodAccessorImpl.invoke0(Ljava/lang/reflect/Method;Ljava/lang/Object;[Ljava/lang/Object;)Ljava/lang/Object;+0
j  sun.reflect.NativeMethodAccessorImpl.invoke(Ljava/lang/Object;[Ljava/lang/Object;)Ljava/lang/Object;+87
j  sun.reflect.DelegatingMethodAccessorImpl.invoke(Ljava/lang/Object;[Ljava/lang/Object;)Ljava/lang/Object;+6
j  java.lang.reflect.Method.invoke(Ljava/lang/Object;[Ljava/lang/Object;)Ljava/lang/Object;+57
j  org.codehaus.groovy.reflection.CachedMethod.invoke(Ljava/lang/Object;[Ljava/lang/Object;)Ljava/lang/Object;+6
j  groovy.lang.MetaMethod.doMethodInvoke(Ljava/lang/Object;[Ljava/lang/Object;)Ljava/lang/Object;+9
j  org.codehaus.groovy.runtime.metaclass.ClosureMetaClass.invokeMethod(Ljava/lang/Class;Ljava/lang/Object;Ljava/lang/String;[Ljava/lang/Object;ZZ)Ljava/lang/Object;+241
j  groovy.lang.MetaClassImpl.invokeMethod(Ljava/lang/Object;Ljava/lang/String;[Ljava/lang/Object;)Ljava/lang/Object;+10
j  org.codehaus.groovy.runtime.callsite.PogoMetaClassSite.call(Ljava/lang/Object;[Ljava/lang/Object;)Ljava/lang/Object;+18
j  org.codehaus.groovy.runtime.callsite.CallSiteArray.defaultCall(Lorg/codehaus/groovy/runtime/callsite/CallSite;Ljava/lang/Object;[Ljava/lang/Object;)Ljava/lang/Object;+8
j  org.codehaus.groovy.runtime.callsite.PogoMetaClassSite.call(Ljava/lang/Object;[Ljava/lang/Object;)Ljava/lang/Object;+91
j  org.codehaus.groovy.runtime.callsite.AbstractCallSite.call(Ljava/lang/Object;)Ljava/lang/Object;+5
j  com.android.build.gradle.internal.profile.SpanRecorders$2.call()Ljava/lang/Object;+15
j  com.android.builder.profile.ThreadRecorder$1.record(Lcom/android/builder/profile/ExecutionType;Lcom/android/builder/profile/Recorder$Block;[Lcom/android/builder/profile/Recorder$Property;)Ljava/lang/Object;+1
v  ~StubRoutines::call_stub
j  sun.reflect.NativeMethodAccessorImpl.invoke0(Ljava/lang/reflect/Method;Ljava/lang/Object;[Ljava/lang/Object;)Ljava/lang/Object;+0
j  sun.reflect.NativeMethodAccessorImpl.invoke(Ljava/lang/Object;[Ljava/lang/Object;)Ljava/lang/Object;+87
j  sun.reflect.DelegatingMethodAccessorImpl.invoke(Ljava/lang/Object;[Ljava/lang/Object;)Ljava/lang/Object;+6
j  java.lang.reflect.Method.invoke(Ljava/lang/Object;[Ljava/lang/Object;)Ljava/lang/Object;+57
j  org.codehaus.groovy.runtime.callsite.PojoMetaMethodSite$PojoCachedMethodSite.invoke(Ljava/lang/Object;[Ljava/lang/Object;)Ljava/lang/Object;+19
j  org.codehaus.groovy.runtime.callsite.PojoMetaMethodSite.call(Ljava/lang/Object;[Ljava/lang/Object;)Ljava/lang/Object;+12
j  org.codehaus.groovy.runtime.callsite.AbstractCallSite.call(Ljava/lang/Object;Ljava/lang/Object;Ljava/lang/Object;Ljava/lang/Object;)Ljava/lang/Object;+9
j  com.android.build.gradle.internal.profile.SpanRecorders.record(Lorg/gradle/api/Project;Lcom/android/builder/profile/ExecutionType;Lgroovy/lang/Closure;)Ljava/lang/Object;+69
j  com.android.build.gradle.BasePlugin$_createTasks_closure13.doCall(Ljava/lang/Object;)Ljava/lang/Object;+48
v  ~StubRoutines::call_stub
j  sun.reflect.NativeMethodAccessorImpl.invoke0(Ljava/lang/reflect/Method;Ljava/lang/Object;[Ljava/lang/Object;)Ljava/lang/Object;+0
j  sun.reflect.NativeMethodAccessorImpl.invoke(Ljava/lang/Object;[Ljava/lang/Object;)Ljava/lang/Object;+87
j  sun.reflect.DelegatingMethodAccessorImpl.invoke(Ljava/lang/Object;[Ljava/lang/Object;)Ljava/lang/Object;+6
j  java.lang.reflect.Method.invoke(Ljava/lang/Object;[Ljava/lang/Object;)Ljava/lang/Object;+57
j  org.codehaus.groovy.reflection.CachedMethod.invoke(Ljava/lang/Object;[Ljava/lang/Object;)Ljava/lang/Object;+6
j  groovy.lang.MetaMethod.doMethodInvoke(Ljava/lang/Object;[Ljava/lang/Object;)Ljava/lang/Object;+9
j  org.codehaus.groovy.runtime.metaclass.ClosureMetaClass.invokeMethod(Ljava/lang/Class;Ljava/lang/Object;Ljava/lang/String;[Ljava/lang/Object;ZZ)Ljava/lang/Object;+241
j  groovy.lang.MetaClassImpl.invokeMethod(Ljava/lang/Object;Ljava/lang/String;[Ljava/lang/Object;)Ljava/lang/Object;+10
j  groovy.lang.Closure.call([Ljava/lang/Object;)Ljava/lang/Object;+8
j  org.gradle.listener.ClosureBackedMethodInvocationDispatch.dispatch(Lorg/gradle/messaging/dispatch/MethodInvocation;)V+62
j  org.gradle.listener.ClosureBackedMethodInvocationDispatch.dispatch(Ljava/lang/Object;)V+5
j  org.gradle.internal.event.BroadcastDispatch.dispatch(Lorg/gradle/messaging/dispatch/MethodInvocation;)V+51
j  org.gradle.internal.event.BroadcastDispatch.dispatch(Ljava/lang/Object;)V+5
j  org.gradle.messaging.dispatch.ProxyDispatchAdapter$DispatchingInvocationHandler.invoke(Ljava/lang/Object;Ljava/lang/reflect/Method;[Ljava/lang/Object;)Ljava/lang/Object;+172
j  com.sun.proxy.$Proxy10.afterEvaluate(Lorg/gradle/api/Project;Lorg/gradle/api/ProjectState;)V+20
j  org.gradle.configuration.project.LifecycleProjectEvaluator.notifyAfterEvaluate(Lorg/gradle/api/ProjectEvaluationListener;Lorg/gradle/api/internal/project/ProjectInternal;Lorg/gradle/api/internal/project/ProjectStateInternal;)V+3
j  org.gradle.configuration.project.LifecycleProjectEvaluator.evaluate(Lorg/gradle/api/internal/project/ProjectInternal;Lorg/gradle/api/internal/project/ProjectStateInternal;)V+72
j  org.gradle.api.internal.project.AbstractProject.evaluate()Lorg/gradle/api/internal/project/AbstractProject;+9
j  org.gradle.api.internal.project.AbstractProject.evaluate()Lorg/gradle/api/Project;+1
j  org.gradle.execution.TaskPathProjectEvaluator.configureHierarchy(Lorg/gradle/api/internal/project/ProjectInternal;)V+82
j  org.gradle.configuration.DefaultBuildConfigurer.configure(Lorg/gradle/api/internal/GradleInternal;)V+50
j  org.gradle.initialization.DefaultGradleLauncher.doBuildStages(Lorg/gradle/initialization/DefaultGradleLauncher$Stage;)V+85
j  org.gradle.initialization.DefaultGradleLauncher.doBuild(Lorg/gradle/initialization/DefaultGradleLauncher$Stage;)Lorg/gradle/BuildResult;+27
j  org.gradle.initialization.DefaultGradleLauncher.getBuildAnalysis()Lorg/gradle/BuildResult;+4
j  org.gradle.launcher.exec.InProcessBuildActionExecuter$DefaultBuildController.configure()Lorg/gradle/api/internal/GradleInternal;+5
j  org.gradle.tooling.internal.provider.runner.ClientProvidedBuildActionRunner.run(Lorg/gradle/internal/invocation/BuildAction;Lorg/gradle/internal/invocation/BuildController;)V+56
j  org.gradle.launcher.exec.ChainingBuildActionRunner.run(Lorg/gradle/internal/invocation/BuildAction;Lorg/gradle/internal/invocation/BuildController;)V+34
j  org.gradle.launcher.exec.InProcessBuildActionExecuter.execute(Lorg/gradle/internal/invocation/BuildAction;Lorg/gradle/initialization/BuildRequestContext;Lorg/gradle/launcher/exec/BuildActionParameters;)Ljava/lang/Object;+39
j  org.gradle.launcher.exec.InProcessBuildActionExecuter.execute(Lorg/gradle/internal/invocation/BuildAction;Lorg/gradle/initialization/BuildRequestContext;Ljava/lang/Object;)Ljava/lang/Object;+7
j  org.gradle.launcher.daemon.server.exec.ExecuteBuild.doBuild(Lorg/gradle/launcher/daemon/server/api/DaemonCommandExecution;Lorg/gradle/launcher/daemon/protocol/Build;)V+70
j  org.gradle.launcher.daemon.server.exec.BuildCommandOnly.execute(Lorg/gradle/launcher/daemon/server/api/DaemonCommandExecution;)V+49
j  org.gradle.launcher.daemon.server.api.DaemonCommandExecution.proceed()Z+28
j  org.gradle.launcher.daemon.server.exec.WatchForDisconnection.execute(Lorg/gradle/launcher/daemon/server/api/DaemonCommandExecution;)V+19
j  org.gradle.launcher.daemon.server.api.DaemonCommandExecution.proceed()Z+28
j  org.gradle.launcher.daemon.server.exec.ResetDeprecationLogger.execute(Lorg/gradle/launcher/daemon/server/api/DaemonCommandExecution;)V+4
j  org.gradle.launcher.daemon.server.api.DaemonCommandExecution.proceed()Z+28
j  org.gradle.launcher.daemon.server.exec.RequestStopIfSingleUsedDaemon.execute(Lorg/gradle/launcher/daemon/server/api/DaemonCommandExecution;)V+31
j  org.gradle.launcher.daemon.server.api.DaemonCommandExecution.proceed()Z+28
j  org.gradle.launcher.daemon.server.exec.ForwardClientInput$2.call()Ljava/lang/Void;+4
j  org.gradle.launcher.daemon.server.exec.ForwardClientInput$2.call()Ljava/lang/Object;+1
j  org.gradle.util.Swapper.swap(Ljava/lang/Object;Ljava/util/concurrent/Callable;)Ljava/lang/Object;+21
j  org.gradle.launcher.daemon.server.exec.ForwardClientInput.execute(Lorg/gradle/launcher/daemon/server/api/DaemonCommandExecution;)V+63
j  org.gradle.launcher.daemon.server.api.DaemonCommandExecution.proceed()Z+28
j  org.gradle.launcher.daemon.server.health.DaemonHealthTracker.execute(Lorg/gradle/launcher/daemon/server/api/DaemonCommandExecution;)V+35
j  org.gradle.launcher.daemon.server.api.DaemonCommandExecution.proceed()Z+28
j  org.gradle.launcher.daemon.server.exec.LogToClient.doBuild(Lorg/gradle/launcher/daemon/server/api/DaemonCommandExecution;Lorg/gradle/launcher/daemon/protocol/Build;)V+106
j  org.gradle.launcher.daemon.server.exec.BuildCommandOnly.execute(Lorg/gradle/launcher/daemon/server/api/DaemonCommandExecution;)V+49
j  org.gradle.launcher.daemon.server.api.DaemonCommandExecution.proceed()Z+28
j  org.gradle.launcher.daemon.server.exec.EstablishBuildEnvironment.doBuild(Lorg/gradle/launcher/daemon/server/api/DaemonCommandExecution;Lorg/gradle/launcher/daemon/protocol/Build;)V+243
j  org.gradle.launcher.daemon.server.exec.BuildCommandOnly.execute(Lorg/gradle/launcher/daemon/server/api/DaemonCommandExecution;)V+49
j  org.gradle.launcher.daemon.server.api.DaemonCommandExecution.proceed()Z+28
j  org.gradle.launcher.daemon.server.health.HintGCAfterBuild.execute(Lorg/gradle/launcher/daemon/server/api/DaemonCommandExecution;)V+1
j  org.gradle.launcher.daemon.server.api.DaemonCommandExecution.proceed()Z+28
j  org.gradle.launcher.daemon.server.exec.StartBuildOrRespondWithBusy$1.run()V+44
j  org.gradle.launcher.daemon.server.DaemonStateCoordinator$1.run()V+4
j  org.gradle.internal.concurrent.ExecutorPolicy$CatchAndRecordFailures.onExecute(Ljava/lang/Runnable;)V+1
j  org.gradle.internal.concurrent.StoppableExecutorImpl$1.run()V+25
j  java.util.concurrent.ThreadPoolExecutor.runWorker(Ljava/util/concurrent/ThreadPoolExecutor$Worker;)V+95
j  java.util.concurrent.ThreadPoolExecutor$Worker.run()V+5
j  java.lang.Thread.run()V+11
v  ~StubRoutines::call_stub

---------------  P R O C E S S  ---------------

Java Threads: ( => current thread )
  0x000000000bbf2000 JavaThread "File lock request listener" [_thread_in_native, id=16600, stack(0x000000000df70000,0x000000000e070000)]
  0x000000000b878800 JavaThread "Stdin handler" [_thread_blocked, id=13776, stack(0x000000000cea0000,0x000000000cfa0000)]
=>0x000000000b9cf800 JavaThread "Daemon worker" [_thread_in_native, id=11492, stack(0x000000000cda0000,0x000000000cea0000)]
  0x000000000974d000 JavaThread "Cancel handler" [_thread_blocked, id=12508, stack(0x000000000cca0000,0x000000000cda0000)]
  0x000000000b869800 JavaThread "Handler for socket connection from /127.0.0.1:60483 to /127.0.0.1:60484" [_thread_in_native, id=8404, stack(0x000000000cba0000,0x000000000cca0000)]
  0x000000000b14b800 JavaThread "Daemon" [_thread_blocked, id=8264, stack(0x000000000caa0000,0x000000000cba0000)]
  0x000000000b1d2000 JavaThread "Incoming local TCP Connector on port 60483" [_thread_in_native, id=15388, stack(0x000000000c3a0000,0x000000000c4a0000)]
  0x000000000971e800 JavaThread "Service Thread" daemon [_thread_blocked, id=17172, stack(0x000000000ae70000,0x000000000af70000)]
  0x000000000971c000 JavaThread "C2 CompilerThread1" daemon [_thread_in_native, id=2708, stack(0x000000000ad70000,0x000000000ae70000)]
  0x000000000970e800 JavaThread "C2 CompilerThread0" daemon [_thread_in_native, id=8092, stack(0x000000000ac70000,0x000000000ad70000)]
  0x000000000970d800 JavaThread "Attach Listener" daemon [_thread_blocked, id=7872, stack(0x000000000ab70000,0x000000000ac70000)]
  0x000000000970a800 JavaThread "Signal Dispatcher" daemon [_thread_blocked, id=13268, stack(0x000000000aa70000,0x000000000ab70000)]
  0x00000000096b9000 JavaThread "Finalizer" daemon [_thread_blocked, id=6740, stack(0x000000000a970000,0x000000000aa70000)]
  0x00000000096b5800 JavaThread "Reference Handler" daemon [_thread_blocked, id=8740, stack(0x000000000a870000,0x000000000a970000)]
  0x00000000030c0800 JavaThread "main" [_thread_blocked, id=396, stack(0x0000000002f60000,0x0000000003060000)]

Other Threads:
  0x00000000096b2000 VMThread [stack: 0x000000000a770000,0x000000000a870000] [id=2080]
  0x000000000972d000 WatcherThread [stack: 0x000000000af70000,0x000000000b070000] [id=10268]

VM state:not at safepoint (normal execution)

VM Mutex/Monitor currently owned by a thread: None

Heap
 PSYoungGen      total 223744K, used 203355K [0x00000000eaa80000, 0x0000000100000000, 0x0000000100000000)
  eden space 212480K, 93% used [0x00000000eaa80000,0x00000000f6c458e8,0x00000000f7a00000)
  from space 11264K, 43% used [0x00000000f7a00000,0x00000000f7ed13f0,0x00000000f8500000)
  to   space 11264K, 0% used [0x00000000ff500000,0x00000000ff500000,0x0000000100000000)
 ParOldGen       total 86016K, used 21357K [0x00000000c0000000, 0x00000000c5400000, 0x00000000eaa80000)
  object space 86016K, 24% used [0x00000000c0000000,0x00000000c14db4d0,0x00000000c5400000)
 PSPermGen       total 40448K, used 40282K [0x00000000b0000000, 0x00000000b2780000, 0x00000000c0000000)
  object space 40448K, 99% used [0x00000000b0000000,0x00000000b2756af8,0x00000000b2780000)

Card table byte_map: [0x0000000006280000,0x0000000006510000] byte_map_base: 0x0000000005d00000

Polling page: 0x0000000001190000

Code Cache  [0x00000000031c0000, 0x0000000003510000, 0x00000000061c0000)
 total_blobs=1240 nmethods=610 adapters=582 free_code_cache=45851Kb largest_free_block=46897728

Compilation events (10 events):
Event: 33.801 Thread 0x000000000970e800 nmethod 633 0x00000000034b3210 code [0x00000000034b3360, 0x00000000034b3528]
Event: 33.801 Thread 0x000000000970e800  634             java.util.HashSet::iterator (13 bytes)
Event: 33.813 Thread 0x000000000970e800 nmethod 634 0x00000000033bf250 code [0x00000000033bf3c0, 0x00000000033bf6d8]
Event: 33.813 Thread 0x000000000970e800  635             java.lang.Class$MethodArray::compactAndTrim (69 bytes)
Event: 33.823 Thread 0x000000000970e800 nmethod 635 0x0000000003286890 code [0x00000000032869e0, 0x0000000003286cd8]
Event: 33.824 Thread 0x000000000970e800  636             org.codehaus.groovy.util.AbstractConcurrentMap$Segment::getOrPut (121 bytes)
Event: 33.838 Thread 0x000000000970e800 nmethod 636 0x00000000034e1a10 code [0x00000000034e1ba0, 0x00000000034e1f88]
Event: 33.838 Thread 0x000000000970e800  637             org.codehaus.groovy.reflection.CachedMethod::getReturnType (8 bytes)
Event: 33.839 Thread 0x000000000970e800 nmethod 637 0x0000000003286650 code [0x0000000003286780, 0x00000000032867f8]
Event: 33.839 Thread 0x000000000970e800  638             java.lang.Class::privateGetPublicMethods (247 bytes)

GC Heap History (10 events):
Event: 17.888 GC heap before
{Heap before GC invocations=7 (full 0):
 PSYoungGen      total 77312K, used 71868K [0x00000000eaa80000, 0x00000000f0080000, 0x0000000100000000)
  eden space 66560K, 100% used [0x00000000eaa80000,0x00000000eeb80000,0x00000000eeb80000)
  from space 10752K, 49% used [0x00000000ef600000,0x00000000efb2f110,0x00000000f0080000)
  to   space 10752K, 0% used [0x00000000eeb80000,0x00000000eeb80000,0x00000000ef600000)
 ParOldGen       total 86016K, used 9652K [0x00000000c0000000, 0x00000000c5400000, 0x00000000eaa80000)
  object space 86016K, 11% used [0x00000000c0000000,0x00000000c096d278,0x00000000c5400000)
 PSPermGen       total 21504K, used 21490K [0x00000000b0000000, 0x00000000b1500000, 0x00000000c0000000)
  object space 21504K, 99% used [0x00000000b0000000,0x00000000b14fc988,0x00000000b1500000)
Event: 17.916 GC heap after
Heap after GC invocations=7 (full 0):
 PSYoungGen      total 77312K, used 2852K [0x00000000eaa80000, 0x00000000f4180000, 0x0000000100000000)
  eden space 66560K, 0% used [0x00000000eaa80000,0x00000000eaa80000,0x00000000eeb80000)
  from space 10752K, 26% used [0x00000000eeb80000,0x00000000eee490e0,0x00000000ef600000)
  to   space 10752K, 0% used [0x00000000f3700000,0x00000000f3700000,0x00000000f4180000)
 ParOldGen       total 86016K, used 12634K [0x00000000c0000000, 0x00000000c5400000, 0x00000000eaa80000)
  object space 86016K, 14% used [0x00000000c0000000,0x00000000c0c56828,0x00000000c5400000)
 PSPermGen       total 21504K, used 21490K [0x00000000b0000000, 0x00000000b1500000, 0x00000000c0000000)
  object space 21504K, 99% used [0x00000000b0000000,0x00000000b14fc988,0x00000000b1500000)
}
Event: 19.218 GC heap before
{Heap before GC invocations=8 (full 0):
 PSYoungGen      total 77312K, used 69412K [0x00000000eaa80000, 0x00000000f4180000, 0x0000000100000000)
  eden space 66560K, 100% used [0x00000000eaa80000,0x00000000eeb80000,0x00000000eeb80000)
  from space 10752K, 26% used [0x00000000eeb80000,0x00000000eee490e0,0x00000000ef600000)
  to   space 10752K, 0% used [0x00000000f3700000,0x00000000f3700000,0x00000000f4180000)
 ParOldGen       total 86016K, used 12634K [0x00000000c0000000, 0x00000000c5400000, 0x00000000eaa80000)
  object space 86016K, 14% used [0x00000000c0000000,0x00000000c0c56828,0x00000000c5400000)
 PSPermGen       total 21504K, used 21494K [0x00000000b0000000, 0x00000000b1500000, 0x00000000c0000000)
  object space 21504K, 99% used [0x00000000b0000000,0x00000000b14fd850,0x00000000b1500000)
Event: 19.290 GC heap after
Heap after GC invocations=8 (full 0):
 PSYoungGen      total 143360K, used 1072K [0x00000000eaa80000, 0x00000000f4280000, 0x0000000100000000)
  eden space 132608K, 0% used [0x00000000eaa80000,0x00000000eaa80000,0x00000000f2c00000)
  from space 10752K, 9% used [0x00000000f3700000,0x00000000f380c010,0x00000000f4180000)
  to   space 11264K, 0% used [0x00000000f2c00000,0x00000000f2c00000,0x00000000f3700000)
 ParOldGen       total 86016K, used 14605K [0x00000000c0000000, 0x00000000c5400000, 0x00000000eaa80000)
  object space 86016K, 16% used [0x00000000c0000000,0x00000000c0e434a8,0x00000000c5400000)
 PSPermGen       total 21504K, used 21494K [0x00000000b0000000, 0x00000000b1500000, 0x00000000c0000000)
  object space 21504K, 99% used [0x00000000b0000000,0x00000000b14fd850,0x00000000b1500000)
}
Event: 23.376 GC heap before
{Heap before GC invocations=9 (full 0):
 PSYoungGen      total 143360K, used 133680K [0x00000000eaa80000, 0x00000000f4280000, 0x0000000100000000)
  eden space 132608K, 100% used [0x00000000eaa80000,0x00000000f2c00000,0x00000000f2c00000)
  from space 10752K, 9% used [0x00000000f3700000,0x00000000f380c010,0x00000000f4180000)
  to   space 11264K, 0% used [0x00000000f2c00000,0x00000000f2c00000,0x00000000f3700000)
 ParOldGen       total 86016K, used 14605K [0x00000000c0000000, 0x00000000c5400000, 0x00000000eaa80000)
  object space 86016K, 16% used [0x00000000c0000000,0x00000000c0e434a8,0x00000000c5400000)
 PSPermGen       total 23040K, used 22944K [0x00000000b0000000, 0x00000000b1680000, 0x00000000c0000000)
  object space 23040K, 99% used [0x00000000b0000000,0x00000000b16680c0,0x00000000b1680000)
Event: 23.423 GC heap after
Heap after GC invocations=9 (full 0):
 PSYoungGen      total 143872K, used 4184K [0x00000000eaa80000, 0x00000000f9000000, 0x0000000100000000)
  eden space 132608K, 0% used [0x00000000eaa80000,0x00000000eaa80000,0x00000000f2c00000)
  from space 11264K, 37% used [0x00000000f2c00000,0x00000000f3016000,0x00000000f3700000)
  to   space 11264K, 0% used [0x00000000f8500000,0x00000000f8500000,0x00000000f9000000)
 ParOldGen       total 86016K, used 14917K [0x00000000c0000000, 0x00000000c5400000, 0x00000000eaa80000)
  object space 86016K, 17% used [0x00000000c0000000,0x00000000c0e914a8,0x00000000c5400000)
 PSPermGen       total 23040K, used 22944K [0x00000000b0000000, 0x00000000b1680000, 0x00000000c0000000)
  object space 23040K, 99% used [0x00000000b0000000,0x00000000b16680c0,0x00000000b1680000)
}
Event: 25.740 GC heap before
{Heap before GC invocations=10 (full 0):
 PSYoungGen      total 143872K, used 136792K [0x00000000eaa80000, 0x00000000f9000000, 0x0000000100000000)
  eden space 132608K, 100% used [0x00000000eaa80000,0x00000000f2c00000,0x00000000f2c00000)
  from space 11264K, 37% used [0x00000000f2c00000,0x00000000f3016000,0x00000000f3700000)
  to   space 11264K, 0% used [0x00000000f8500000,0x00000000f8500000,0x00000000f9000000)
 ParOldGen       total 86016K, used 14917K [0x00000000c0000000, 0x00000000c5400000, 0x00000000eaa80000)
  object space 86016K, 17% used [0x00000000c0000000,0x00000000c0e914a8,0x00000000c5400000)
 PSPermGen       total 25600K, used 25100K [0x00000000b0000000, 0x00000000b1900000, 0x00000000c0000000)
  object space 25600K, 98% used [0x00000000b0000000,0x00000000b1883198,0x00000000b1900000)
Event: 25.766 GC heap after
Heap after GC invocations=10 (full 0):
 PSYoungGen      total 223744K, used 7996K [0x00000000eaa80000, 0x00000000f9000000, 0x0000000100000000)
  eden space 212480K, 0% used [0x00000000eaa80000,0x00000000eaa80000,0x00000000f7a00000)
  from space 11264K, 70% used [0x00000000f8500000,0x00000000f8ccf020,0x00000000f9000000)
  to   space 11264K, 0% used [0x00000000f7a00000,0x00000000f7a00000,0x00000000f8500000)
 ParOldGen       total 86016K, used 15597K [0x00000000c0000000, 0x00000000c5400000, 0x00000000eaa80000)
  object space 86016K, 18% used [0x00000000c0000000,0x00000000c0f3b4a8,0x00000000c5400000)
 PSPermGen       total 25600K, used 25100K [0x00000000b0000000, 0x00000000b1900000, 0x00000000c0000000)
  object space 25600K, 98% used [0x00000000b0000000,0x00000000b1883198,0x00000000b1900000)
}
Event: 30.160 GC heap before
{Heap before GC invocations=11 (full 0):
 PSYoungGen      total 223744K, used 220476K [0x00000000eaa80000, 0x00000000f9000000, 0x0000000100000000)
  eden space 212480K, 100% used [0x00000000eaa80000,0x00000000f7a00000,0x00000000f7a00000)
  from space 11264K, 70% used [0x00000000f8500000,0x00000000f8ccf020,0x00000000f9000000)
  to   space 11264K, 0% used [0x00000000f7a00000,0x00000000f7a00000,0x00000000f8500000)
 ParOldGen       total 86016K, used 15597K [0x00000000c0000000, 0x00000000c5400000, 0x00000000eaa80000)
  object space 86016K, 18% used [0x00000000c0000000,0x00000000c0f3b4a8,0x00000000c5400000)
 PSPermGen       total 29184K, used 28790K [0x00000000b0000000, 0x00000000b1c80000, 0x00000000c0000000)
  object space 29184K, 98% used [0x00000000b0000000,0x00000000b1c1d928,0x00000000b1c80000)
Event: 30.182 GC heap after
Heap after GC invocations=11 (full 0):
 PSYoungGen      total 223744K, used 4932K [0x00000000eaa80000, 0x0000000100000000, 0x0000000100000000)
  eden space 212480K, 0% used [0x00000000eaa80000,0x00000000eaa80000,0x00000000f7a00000)
  from space 11264K, 43% used [0x00000000f7a00000,0x00000000f7ed13f0,0x00000000f8500000)
  to   space 11264K, 0% used [0x00000000ff500000,0x00000000ff500000,0x0000000100000000)
 ParOldGen       total 86016K, used 21357K [0x00000000c0000000, 0x00000000c5400000, 0x00000000eaa80000)
  object space 86016K, 24% used [0x00000000c0000000,0x00000000c14db4d0,0x00000000c5400000)
 PSPermGen       total 29184K, used 28790K [0x00000000b0000000, 0x00000000b1c80000, 0x00000000c0000000)
  object space 29184K, 98% used [0x00000000b0000000,0x00000000b1c1d928,0x00000000b1c80000)
}

Deoptimization events (10 events):
Event: 33.004 Thread 0x000000000b9cf800 Uncommon trap: reason=class_check action=maybe_recompile pc=0x00000000033ce1ec method=org.codehaus.groovy.runtime.metaclass.MetaMethodIndex.addMethodToList(Ljava/lang/Object;Lgroovy/lang/MetaMethod;)Ljava/lang/Object; @ 218
Event: 34.084 Thread 0x000000000b9cf800 Uncommon trap: reason=class_check action=maybe_recompile pc=0x00000000033ce1ec method=org.codehaus.groovy.runtime.metaclass.MetaMethodIndex.addMethodToList(Ljava/lang/Object;Lgroovy/lang/MetaMethod;)Ljava/lang/Object; @ 218
Event: 34.302 Thread 0x000000000b9cf800 Uncommon trap: reason=bimorphic action=maybe_recompile pc=0x0000000003245c78 method=java.util.HashMap.<init>(IF)V @ 115
Event: 34.404 Thread 0x000000000b9cf800 Uncommon trap: reason=bimorphic action=maybe_recompile pc=0x0000000003245c78 method=java.util.HashMap.<init>(IF)V @ 115
Event: 34.860 Thread 0x000000000b9cf800 Uncommon trap: reason=class_check action=maybe_recompile pc=0x00000000032886dc method=java.util.regex.Matcher.search(I)Z @ 86
Event: 34.860 Thread 0x000000000b9cf800 Uncommon trap: reason=class_check action=maybe_recompile pc=0x00000000032886dc method=java.util.regex.Matcher.search(I)Z @ 86
Event: 34.860 Thread 0x000000000b9cf800 Uncommon trap: reason=class_check action=maybe_recompile pc=0x00000000032886dc method=java.util.regex.Matcher.search(I)Z @ 86
Event: 34.860 Thread 0x000000000b9cf800 Uncommon trap: reason=class_check action=maybe_recompile pc=0x00000000032886dc method=java.util.regex.Matcher.search(I)Z @ 86
Event: 35.369 Thread 0x000000000b9cf800 Uncommon trap: reason=unloaded action=reinterpret pc=0x00000000034da494 method=groovy.lang.MetaClassImpl.checkIfStdMethod(Lgroovy/lang/MetaMethod;)V @ 171
Event: 36.478 Thread 0x000000000b9cf800 Uncommon trap: reason=unreached action=reinterpret pc=0x00000000033cc680 method=java.lang.Integer.parseInt(Ljava/lang/String;I)I @ 1

Internal exceptions (10 events):
Event: 36.463 Thread 0x000000000b9cf800 Threw 0x00000000f6b72bc0 at C:\re\jdk7u79\2331\hotspot\src\share\vm\prims\jvm.cpp:1304
Event: 36.463 Thread 0x000000000b9cf800 Threw 0x00000000f6b73e88 at C:\re\jdk7u79\2331\hotspot\src\share\vm\prims\jvm.cpp:1304
Event: 36.464 Thread 0x000000000b9cf800 Threw 0x00000000f6b799a8 at C:\re\jdk7u79\2331\hotspot\src\share\vm\prims\jvm.cpp:1304
Event: 36.467 Thread 0x000000000b9cf800 Threw 0x00000000f6b831b0 at C:\re\jdk7u79\2331\hotspot\src\share\vm\prims\jvm.cpp:1304
Event: 36.467 Thread 0x000000000b9cf800 Threw 0x00000000f6b843c0 at C:\re\jdk7u79\2331\hotspot\src\share\vm\prims\jvm.cpp:1304
Event: 36.467 Thread 0x000000000b9cf800 Threw 0x00000000f6b89180 at C:\re\jdk7u79\2331\hotspot\src\share\vm\prims\jvm.cpp:1304
Event: 36.472 Thread 0x000000000b9cf800 Threw 0x00000000f6b92e00 at C:\re\jdk7u79\2331\hotspot\src\share\vm\prims\jvm.cpp:1304
Event: 36.473 Thread 0x000000000b9cf800 Threw 0x00000000f6b940e0 at C:\re\jdk7u79\2331\hotspot\src\share\vm\prims\jvm.cpp:1304
Event: 36.473 Thread 0x000000000b9cf800 Threw 0x00000000f6b99d80 at C:\re\jdk7u79\2331\hotspot\src\share\vm\prims\jvm.cpp:1304
Event: 36.478 Thread 0x000000000b9cf800 Implicit null exception at 0x00000000033cc392 to 0x00000000033cc671

Events (10 events):
Event: 36.531 loading class 0x000000000b1a5be0
Event: 36.532 loading class 0x000000000b1a5be0 done
Event: 36.532 loading class 0x000000000b1a88b0
Event: 36.538 loading class 0x000000000b1a88b0 done
Event: 36.548 loading class 0x000000000d5a8350
Event: 36.549 loading class 0x000000000d5a8350 done
Event: 36.549 loading class 0x000000000b1a9b00
Event: 36.549 loading class 0x000000000b1a9b00 done
Event: 36.550 loading class 0x000000000b1a9a90
Event: 36.550 loading class 0x000000000b1a9a90 done


Dynamic libraries:
0x00007ff60b550000 - 0x00007ff60b583000 	C:\Program Files\Java\jdk1.7.0_79\bin\java.exe
0x00007ffe34b10000 - 0x00007ffe34cd1000 	C:\WINDOWS\SYSTEM32\ntdll.dll
0x00007ffe327b0000 - 0x00007ffe3285d000 	C:\WINDOWS\system32\KERNEL32.DLL
0x00007ffe32000000 - 0x00007ffe321dd000 	C:\WINDOWS\system32\KERNELBASE.dll
0x00007ffe349b0000 - 0x00007ffe34a56000 	C:\WINDOWS\system32\ADVAPI32.dll
0x00007ffe32200000 - 0x00007ffe3229d000 	C:\WINDOWS\system32\msvcrt.dll
0x00007ffe347c0000 - 0x00007ffe3481b000 	C:\WINDOWS\system32\sechost.dll
0x00007ffe34880000 - 0x00007ffe349a6000 	C:\WINDOWS\system32\RPCRT4.dll
0x00007ffe34570000 - 0x00007ffe346be000 	C:\WINDOWS\system32\USER32.dll
0x00007ffe32360000 - 0x00007ffe324e6000 	C:\WINDOWS\system32\GDI32.dll
0x00007ffe214f0000 - 0x00007ffe21764000 	C:\WINDOWS\WinSxS\amd64_microsoft.windows.common-controls_6595b64144ccf1df_6.0.10240.16384_none_f41f7b285750ef43\COMCTL32.dll
0x00007ffe346c0000 - 0x00007ffe346f6000 	C:\WINDOWS\system32\IMM32.DLL
0x00007ffe32b60000 - 0x00007ffe32cbc000 	C:\WINDOWS\system32\MSCTF.dll
0x0000000180000000 - 0x00000001800e7000 	C:\Program Files (x86)\MacType\MacType64.dll
0x00007ffe1db00000 - 0x00007ffe1db21000 	C:\Program Files (x86)\MacType\EasyHK64.dll
0x00007ffe32570000 - 0x00007ffe32578000 	C:\WINDOWS\system32\PSAPI.DLL
0x00000000618e0000 - 0x00000000619b2000 	C:\Program Files\Java\jdk1.7.0_79\jre\bin\msvcr100.dll
0x0000000061cd0000 - 0x00000000624a5000 	C:\Program Files\Java\jdk1.7.0_79\jre\bin\server\jvm.dll
0x00007ffe2fbf0000 - 0x00007ffe2fbf9000 	C:\WINDOWS\SYSTEM32\WSOCK32.dll
0x0000000002ef0000 - 0x0000000002f59000 	C:\WINDOWS\system32\WS2_32.dll
0x0000000001160000 - 0x0000000001168000 	C:\WINDOWS\system32\NSI.dll
0x00007ffe2f5f0000 - 0x00007ffe2f613000 	C:\WINDOWS\SYSTEM32\WINMM.dll
0x00007ffe2f5a0000 - 0x00007ffe2f5cc000 	C:\WINDOWS\SYSTEM32\WINMMBASE.dll
0x00007ffe31640000 - 0x00007ffe31684000 	C:\WINDOWS\system32\cfgmgr32.dll
0x00007ffe2fe20000 - 0x00007ffe2fe47000 	C:\WINDOWS\SYSTEM32\DEVOBJ.dll
0x0000000064a00000 - 0x0000000064a0f000 	C:\Program Files\Java\jdk1.7.0_79\jre\bin\verify.dll
0x00000000649d0000 - 0x00000000649f8000 	C:\Program Files\Java\jdk1.7.0_79\jre\bin\java.dll
0x00000000649b0000 - 0x00000000649c5000 	C:\Program Files\Java\jdk1.7.0_79\jre\bin\zip.dll
0x0000000064990000 - 0x00000000649aa000 	C:\Program Files\Java\jdk1.7.0_79\jre\bin\net.dll
0x000000000bc70000 - 0x000000000bce8000 	C:\windows\system32\ASProxy64.dll
0x00007ffe32660000 - 0x00007ffe327a1000 	C:\WINDOWS\system32\ole32.dll
0x00007ffe32870000 - 0x00007ffe32aec000 	C:\WINDOWS\system32\combase.dll
0x00007ffe34700000 - 0x00007ffe347be000 	C:\WINDOWS\system32\OLEAUT32.dll
0x00007ffe30300000 - 0x00007ffe30338000 	C:\WINDOWS\SYSTEM32\IPHLPAPI.DLL
0x00007ffe30db0000 - 0x00007ffe30e0d000 	C:\WINDOWS\SYSTEM32\MSWSOCK.dll
0x00007ffe302e0000 - 0x00007ffe302ea000 	C:\WINDOWS\SYSTEM32\VERSION.dll
0x00007ffe302f0000 - 0x00007ffe302fb000 	C:\WINDOWS\SYSTEM32\WINNSI.DLL
0x00007ffe31160000 - 0x00007ffe3118c000 	C:\WINDOWS\SYSTEM32\SspiCli.dll
0x00007ffe315d0000 - 0x00007ffe315df000 	C:\WINDOWS\system32\kernel.appcore.dll
0x00007ffe31360000 - 0x00007ffe313cb000 	C:\WINDOWS\SYSTEM32\bcryptPrimitives.dll
0x00007ffe2fd80000 - 0x00007ffe2fe16000 	C:\WINDOWS\system32\uxtheme.dll
0x00007ffe20e50000 - 0x00007ffe20ef2000 	C:\Program Files\Common Files\microsoft shared\ink\tiptsf.dll
0x00007ffe34a60000 - 0x00007ffe34b05000 	C:\WINDOWS\system32\clbcatq.dll
0x00007ffe30e10000 - 0x00007ffe30e27000 	C:\WINDOWS\SYSTEM32\cryptsp.dll
0x00007ffe31470000 - 0x00007ffe31498000 	C:\WINDOWS\SYSTEM32\bcrypt.dll
0x00007ffe30a60000 - 0x00007ffe30a93000 	C:\WINDOWS\system32\rsaenh.dll
0x00007ffe30f80000 - 0x00007ffe30f8b000 	C:\WINDOWS\SYSTEM32\CRYPTBASE.dll
0x00007ffe313d0000 - 0x00007ffe31468000 	C:\WINDOWS\SYSTEM32\sxs.dll
0x0000000064970000 - 0x0000000064981000 	C:\Program Files\Java\jdk1.7.0_79\jre\bin\nio.dll
0x00007ffe1feb0000 - 0x00007ffe1fec2000 	C:\Users\David\.gradle\native\19\windows-amd64\native-platform.dll
0x00007ffe34820000 - 0x00007ffe34871000 	C:\WINDOWS\system32\SHLWAPI.dll
0x00007ffe2aa50000 - 0x00007ffe2aa66000 	C:\WINDOWS\SYSTEM32\dhcpcsvc6.DLL
0x00007ffe2c0a0000 - 0x00007ffe2c0ba000 	C:\WINDOWS\SYSTEM32\dhcpcsvc.DLL
0x00007ffe30b90000 - 0x00007ffe30baf000 	C:\WINDOWS\SYSTEM32\USERENV.dll
0x00007ffe31540000 - 0x00007ffe31553000 	C:\WINDOWS\system32\profapi.dll
0x0000000061a00000 - 0x0000000061a24000 	C:\Program Files\Java\jdk1.7.0_79\jre\bin\sunec.dll
0x00000000619f0000 - 0x00000000619fb000 	C:\Program Files\Java\jdk1.7.0_79\jre\bin\sunmscapi.dll
0x0000000010540000 - 0x0000000010701000 	C:\WINDOWS\system32\CRYPT32.dll
0x00007ffe315b0000 - 0x00007ffe315c1000 	C:\WINDOWS\system32\MSASN1.dll
0x00007ffe1db50000 - 0x00007ffe1db65000 	C:\WINDOWS\system32\napinsp.dll
0x00007ffe1db30000 - 0x00007ffe1db4a000 	C:\WINDOWS\system32\pnrpnsp.dll
0x00007ffe2ddd0000 - 0x00007ffe2dde8000 	C:\WINDOWS\system32\NLAapi.dll
0x00007ffe30bb0000 - 0x00007ffe30c58000 	C:\WINDOWS\SYSTEM32\DNSAPI.dll
0x00007ffe1ec40000 - 0x00007ffe1ec4d000 	C:\WINDOWS\System32\winrnr.dll
0x00007ffe2cd80000 - 0x00007ffe2cd95000 	C:\WINDOWS\system32\wshbth.dll
0x00007ffe23fc0000 - 0x00007ffe23fca000 	C:\Windows\System32\rasadhlp.dll
0x00007ffe2a670000 - 0x00007ffe2a6d8000 	C:\WINDOWS\System32\fwpuclnt.dll
0x00007ffe2a6e0000 - 0x00007ffe2a86a000 	C:\WINDOWS\SYSTEM32\dbghelp.dll

VM Arguments:
jvm_args: -XX:MaxPermSize=256m -XX:+HeapDumpOnOutOfMemoryError -Xmx1024m -Dfile.encoding=GBK -Duser.country=CN -Duser.language=zh -Duser.variant 
java_command: org.gradle.launcher.daemon.bootstrap.GradleDaemon 2.4 C:\Users\David\.gradle C:\Users\David\.gradle\daemon 10800000 aeecfcf9-8289-4700-8341-18cdfe20abf3 -XX:MaxPermSize=256m -XX:+HeapDumpOnOutOfMemoryError -Xmx1024m -Dfile.encoding=GBK -Duser.country=CN -Duser.language=zh -Duser.variant
Launcher Type: SUN_STANDARD

Environment Variables:
JAVA_HOME=C:\Program Files\Java\jdk1.7.0_79
CLASSPATH=.;C:\Program Files (x86)\QuickTime\QTSystem\QTJava.zip
PATH=C:\Program Files (x86)\MacType\;C:\WINDOWS\system32;C:\WINDOWS;C:\WINDOWS\System32\Wbem;C:\WINDOWS\System32\WindowsPowerShell\v1.0\;C:\Program Files\nodejs\;C:\Program Files (x86)\Microsoft SQL Server\100\Tools\Binn\;C:\Program Files\Microsoft SQL Server\100\Tools\Binn\;C:\Program Files\Microsoft SQL Server\100\DTS\Binn\;C:\Program Files (x86)\QuickTime\QTSystem\;C:\Users\David\AppData\Roaming\npm;C:\Program Files\nodejs;C:\Users\David\AppData\Local\.meteor\;C:\Program Files\Java\jdk1.7.0_79\bin;C:\Program Files\Java\jdk1.7.0_79\jre\bin;;C:\Program Files (x86)\MacType
USERNAME=David
OS=Windows_NT
PROCESSOR_IDENTIFIER=Intel64 Family 6 Model 69 Stepping 1, GenuineIntel



---------------  S Y S T E M  ---------------

OS: Windows 8.1 , 64 bit Build 9600 

CPU:total 4 (2 cores per cpu, 2 threads per core) family 6 model 69 stepping 1, cmov, cx8, fxsr, mmx, sse, sse2, sse3, ssse3, sse4.1, sse4.2, popcnt, avx, avx2, aes, erms, ht, tsc, tscinvbit

Memory: 4k page, physical 8291400k(3380200k free), swap 15893576k(8430064k free)

vm_info: Java HotSpot(TM) 64-Bit Server VM (24.79-b02) for windows-amd64 JRE (1.7.0_79-b15), built on Apr 10 2015 12:36:16 by "java_re" with unknown MS VC++:1600

time: Sat Aug 15 20:14:52 2015
elapsed time: 36 seconds

